[2.093s] Invoking command in '/root/ros2_frws/src/basic_comms': PYTHONPATH=/root/ros2_frws/build/basic_comms/prefix_override:/root/ros2_frws/install/basic_comms/lib/python3.10/site-packages:${PYTHONPATH} /usr/bin/python3 setup.py egg_info --egg-base ../../build/basic_comms build --build-base /root/ros2_frws/build/basic_comms/build install --record /root/ros2_frws/build/basic_comms/install.log --single-version-externally-managed
[2.363s] running egg_info
[2.382s] writing ../../build/basic_comms/basic_comms.egg-info/PKG-INFO
[2.382s] writing dependency_links to ../../build/basic_comms/basic_comms.egg-info/dependency_links.txt
[2.383s] writing entry points to ../../build/basic_comms/basic_comms.egg-info/entry_points.txt
[2.384s] writing requirements to ../../build/basic_comms/basic_comms.egg-info/requires.txt
[2.384s] writing top-level names to ../../build/basic_comms/basic_comms.egg-info/top_level.txt
[2.422s] reading manifest file '../../build/basic_comms/basic_comms.egg-info/SOURCES.txt'
[2.423s] writing manifest file '../../build/basic_comms/basic_comms.egg-info/SOURCES.txt'
[2.423s] running build
[2.423s] running build_py
[2.424s] running install
[2.424s] /root/.local/lib/python3.10/site-packages/setuptools/_distutils/cmd.py:66: SetuptoolsDeprecationWarning: setup.py install is deprecated.
[2.424s] !!
[2.424s] 
[2.425s]         ********************************************************************************
[2.425s]         Please avoid running ``setup.py`` directly.
[2.425s]         Instead, use pypa/build, pypa/installer or other
[2.425s]         standards-based tools.
[2.425s] 
[2.425s]         See https://blog.ganssle.io/articles/2021/10/setup-py-deprecated.html for details.
[2.425s]         ********************************************************************************
[2.425s] 
[2.425s] !!
[2.425s]   self.initialize_options()
[2.432s] running install_lib
[2.453s] running install_data
[2.470s] running install_egg_info
[2.486s] removing '/root/ros2_frws/install/basic_comms/lib/python3.10/site-packages/basic_comms-0.0.0-py3.10.egg-info' (and everything under it)
[2.487s] Copying ../../build/basic_comms/basic_comms.egg-info to /root/ros2_frws/install/basic_comms/lib/python3.10/site-packages/basic_comms-0.0.0-py3.10.egg-info
[2.488s] running install_scripts
[2.682s] Installing subscriber script to /root/ros2_frws/install/basic_comms/lib/basic_comms
[2.683s] Installing talker script to /root/ros2_frws/install/basic_comms/lib/basic_comms
[2.683s] writing list of installed files to '/root/ros2_frws/build/basic_comms/install.log'
[2.874s] Invoked command in '/root/ros2_frws/src/basic_comms' returned '0': PYTHONPATH=/root/ros2_frws/build/basic_comms/prefix_override:/root/ros2_frws/install/basic_comms/lib/python3.10/site-packages:${PYTHONPATH} /usr/bin/python3 setup.py egg_info --egg-base ../../build/basic_comms build --build-base /root/ros2_frws/build/basic_comms/build install --record /root/ros2_frws/build/basic_comms/install.log --single-version-externally-managed
