[5.148s] Invoking command in '/root/ros2_frws/src/challenge_2': PYTHONPATH=/root/ros2_frws/build/challenge_2/prefix_override:/root/ros2_frws/install/challenge_2/lib/python3.10/site-packages:${PYTHONPATH} /usr/bin/python3 setup.py egg_info --egg-base ../../build/challenge_2 build --build-base /root/ros2_frws/build/challenge_2/build install --record /root/ros2_frws/build/challenge_2/install.log --single-version-externally-managed
[5.557s] running egg_info
[5.579s] writing ../../build/challenge_2/challenge_2.egg-info/PKG-INFO
[5.580s] writing dependency_links to ../../build/challenge_2/challenge_2.egg-info/dependency_links.txt
[5.580s] writing entry points to ../../build/challenge_2/challenge_2.egg-info/entry_points.txt
[5.580s] writing requirements to ../../build/challenge_2/challenge_2.egg-info/requires.txt
[5.581s] writing top-level names to ../../build/challenge_2/challenge_2.egg-info/top_level.txt
[5.645s] reading manifest file '../../build/challenge_2/challenge_2.egg-info/SOURCES.txt'
[5.646s] adding license file 'LICENSE'
[5.647s] writing manifest file '../../build/challenge_2/challenge_2.egg-info/SOURCES.txt'
[5.647s] running build
[5.647s] running build_py
[5.648s] running install
[5.648s] /root/.local/lib/python3.10/site-packages/setuptools/_distutils/cmd.py:66: SetuptoolsDeprecationWarning: setup.py install is deprecated.
[5.648s] !!
[5.648s] 
[5.649s]         ********************************************************************************
[5.649s]         Please avoid running ``setup.py`` directly.
[5.649s]         Instead, use pypa/build, pypa/installer or other
[5.649s]         standards-based tools.
[5.649s] 
[5.649s]         See https://blog.ganssle.io/articles/2021/10/setup-py-deprecated.html for details.
[5.649s]         ********************************************************************************
[5.649s] 
[5.649s] !!
[5.649s]   self.initialize_options()
[5.658s] running install_lib
[5.692s] running install_data
[5.733s] running install_egg_info
[5.765s] removing '/root/ros2_frws/install/challenge_2/lib/python3.10/site-packages/challenge_2-0.0.0-py3.10.egg-info' (and everything under it)
[5.766s] Copying ../../build/challenge_2/challenge_2.egg-info to /root/ros2_frws/install/challenge_2/lib/python3.10/site-packages/challenge_2-0.0.0-py3.10.egg-info
[5.769s] running install_scripts
[5.998s] Installing signal_generator script to /root/ros2_frws/install/challenge_2/lib/challenge_2
[5.999s] writing list of installed files to '/root/ros2_frws/build/challenge_2/install.log'
[6.218s] Invoked command in '/root/ros2_frws/src/challenge_2' returned '0': PYTHONPATH=/root/ros2_frws/build/challenge_2/prefix_override:/root/ros2_frws/install/challenge_2/lib/python3.10/site-packages:${PYTHONPATH} /usr/bin/python3 setup.py egg_info --egg-base ../../build/challenge_2 build --build-base /root/ros2_frws/build/challenge_2/build install --record /root/ros2_frws/build/challenge_2/install.log --single-version-externally-managed
