[0.767s] Invoking command in '/root/ros2_frws/src/challenge_2': CMAKE_PREFIX_PATH=/root/ros2_frws/install/my_msg_interfaces:/root/ros2_frws/install/xarm_planner:/root/ros2_frws/install/xarm_moveit_servo:/root/ros2_frws/install/xarm_moveit_config:/root/ros2_frws/install/xarm_gazebo:/root/ros2_frws/install/xarm_controller:/root/ros2_frws/install/xarm_api:/root/ros2_frws/install/xarm_sdk:/root/ros2_frws/install/xarm_msgs:/root/ros2_frws/install/xarm_description:/root/ros2_frws/install/tutorial_interfaces:/root/ros2_frws/install/realsense_gazebo_plugin:/root/ros2_frws/install/moveit_resources_prbt_support:/root/ros2_frws/install/moveit_resources:/root/ros2_frws/install/moveit_resources_pr2_description:/root/ros2_frws/install/moveit_resources_panda_moveit_config:/root/ros2_frws/install/moveit_resources_panda_description:/root/ros2_frws/install/moveit_resources_fanuc_moveit_config:/root/ros2_frws/install/moveit_resources_fanuc_description:/root/ros2_frws/install/moveit_common LD_LIBRARY_PATH=/root/ros2_frws/install/my_msg_interfaces/lib:/root/ros2_frws/install/xarm_planner/lib:/root/ros2_frws/install/xarm_moveit_servo/lib:/root/ros2_frws/install/xarm_gazebo/lib:/root/ros2_frws/install/xarm_controller/lib:/root/ros2_frws/install/xarm_api/lib:/root/ros2_frws/install/xarm_sdk/lib:/root/ros2_frws/install/xarm_msgs/lib:/root/ros2_frws/install/realsense_gazebo_plugin/lib:/usr/lib/x86_64-linux-gnu/gazebo-11/plugins:/opt/ros/humble/opt/rviz_ogre_vendor/lib:/opt/ros/humble/lib/x86_64-linux-gnu:/opt/ros/humble/lib PYTHONPATH=/root/ros2_frws/build/challenge_2/prefix_override:/root/ros2_frws/install/challenge_2/lib/python3.10/site-packages:${PYTHONPATH} /usr/bin/python3 setup.py egg_info --egg-base ../../build/challenge_2 build --build-base /root/ros2_frws/build/challenge_2/build install --record /root/ros2_frws/build/challenge_2/install.log --single-version-externally-managed
[0.942s] running egg_info
[0.954s] writing ../../build/challenge_2/challenge_2.egg-info/PKG-INFO
[0.954s] writing dependency_links to ../../build/challenge_2/challenge_2.egg-info/dependency_links.txt
[0.954s] writing entry points to ../../build/challenge_2/challenge_2.egg-info/entry_points.txt
[0.954s] writing requirements to ../../build/challenge_2/challenge_2.egg-info/requires.txt
[0.955s] writing top-level names to ../../build/challenge_2/challenge_2.egg-info/top_level.txt
[0.977s] reading manifest file '../../build/challenge_2/challenge_2.egg-info/SOURCES.txt'
[0.978s] adding license file 'LICENSE'
[0.978s] writing manifest file '../../build/challenge_2/challenge_2.egg-info/SOURCES.txt'
[0.978s] running build
[0.978s] running build_py
[0.978s] copying challenge_2/signal_generator.py -> /root/ros2_frws/build/challenge_2/build/lib/challenge_2
[0.979s] running install
[0.979s] /root/.local/lib/python3.10/site-packages/setuptools/_distutils/cmd.py:66: SetuptoolsDeprecationWarning: setup.py install is deprecated.
[0.979s] !!
[0.979s] 
[0.979s]         ********************************************************************************
[0.979s]         Please avoid running ``setup.py`` directly.
[0.979s]         Instead, use pypa/build, pypa/installer or other
[0.979s]         standards-based tools.
[0.979s] 
[0.980s]         See https://blog.ganssle.io/articles/2021/10/setup-py-deprecated.html for details.
[0.980s]         ********************************************************************************
[0.980s] 
[0.980s] !!
[0.980s]   self.initialize_options()
[0.984s] running install_lib
[0.996s] copying /root/ros2_frws/build/challenge_2/build/lib/challenge_2/signal_generator.py -> /root/ros2_frws/install/challenge_2/lib/python3.10/site-packages/challenge_2
[0.997s] byte-compiling /root/ros2_frws/install/challenge_2/lib/python3.10/site-packages/challenge_2/signal_generator.py to signal_generator.cpython-310.pyc
[0.997s] running install_data
[1.008s] running install_egg_info
[1.035s] removing '/root/ros2_frws/install/challenge_2/lib/python3.10/site-packages/challenge_2-0.0.0-py3.10.egg-info' (and everything under it)
[1.036s] Copying ../../build/challenge_2/challenge_2.egg-info to /root/ros2_frws/install/challenge_2/lib/python3.10/site-packages/challenge_2-0.0.0-py3.10.egg-info
[1.040s] running install_scripts
[1.169s] Installing signal_generator script to /root/ros2_frws/install/challenge_2/lib/challenge_2
[1.170s] writing list of installed files to '/root/ros2_frws/build/challenge_2/install.log'
[1.190s] Invoked command in '/root/ros2_frws/src/challenge_2' returned '0': CMAKE_PREFIX_PATH=/root/ros2_frws/install/my_msg_interfaces:/root/ros2_frws/install/xarm_planner:/root/ros2_frws/install/xarm_moveit_servo:/root/ros2_frws/install/xarm_moveit_config:/root/ros2_frws/install/xarm_gazebo:/root/ros2_frws/install/xarm_controller:/root/ros2_frws/install/xarm_api:/root/ros2_frws/install/xarm_sdk:/root/ros2_frws/install/xarm_msgs:/root/ros2_frws/install/xarm_description:/root/ros2_frws/install/tutorial_interfaces:/root/ros2_frws/install/realsense_gazebo_plugin:/root/ros2_frws/install/moveit_resources_prbt_support:/root/ros2_frws/install/moveit_resources:/root/ros2_frws/install/moveit_resources_pr2_description:/root/ros2_frws/install/moveit_resources_panda_moveit_config:/root/ros2_frws/install/moveit_resources_panda_description:/root/ros2_frws/install/moveit_resources_fanuc_moveit_config:/root/ros2_frws/install/moveit_resources_fanuc_description:/root/ros2_frws/install/moveit_common LD_LIBRARY_PATH=/root/ros2_frws/install/my_msg_interfaces/lib:/root/ros2_frws/install/xarm_planner/lib:/root/ros2_frws/install/xarm_moveit_servo/lib:/root/ros2_frws/install/xarm_gazebo/lib:/root/ros2_frws/install/xarm_controller/lib:/root/ros2_frws/install/xarm_api/lib:/root/ros2_frws/install/xarm_sdk/lib:/root/ros2_frws/install/xarm_msgs/lib:/root/ros2_frws/install/realsense_gazebo_plugin/lib:/usr/lib/x86_64-linux-gnu/gazebo-11/plugins:/opt/ros/humble/opt/rviz_ogre_vendor/lib:/opt/ros/humble/lib/x86_64-linux-gnu:/opt/ros/humble/lib PYTHONPATH=/root/ros2_frws/build/challenge_2/prefix_override:/root/ros2_frws/install/challenge_2/lib/python3.10/site-packages:${PYTHONPATH} /usr/bin/python3 setup.py egg_info --egg-base ../../build/challenge_2 build --build-base /root/ros2_frws/build/challenge_2/build install --record /root/ros2_frws/build/challenge_2/install.log --single-version-externally-managed
