[0.075s] Invoking command in '/root/ros2_frws/build/xarm_gazebo': AMENT_PREFIX_PATH=/root/ros2_frws/install/xarm_controller:/root/ros2_frws/install/xarm_api:/root/ros2_frws/install/xarm_sdk:/root/ros2_frws/install/xarm_msgs:/root/ros2_frws/install/xarm_description:${AMENT_PREFIX_PATH} CMAKE_PREFIX_PATH=/root/ros2_frws/install/xarm_controller:/root/ros2_frws/install/xarm_api:/root/ros2_frws/install/xarm_sdk:/root/ros2_frws/install/xarm_msgs:/root/ros2_frws/install/xarm_description:/opt/ros/humble LD_LIBRARY_PATH=/root/ros2_frws/install/xarm_controller/lib:/root/ros2_frws/install/xarm_api/lib:/root/ros2_frws/install/xarm_sdk/lib:/root/ros2_frws/install/xarm_msgs/lib:${LD_LIBRARY_PATH} PYTHONPATH=/root/ros2_frws/install/xarm_msgs/local/lib/python3.10/dist-packages:${PYTHONPATH} /usr/bin/cmake --build /root/ros2_frws/build/xarm_gazebo -- -j16 -l16
[0.165s] [100%] Built target gazebo_mimic_joint_plugin
[0.177s] Invoked command in '/root/ros2_frws/build/xarm_gazebo' returned '0': AMENT_PREFIX_PATH=/root/ros2_frws/install/xarm_controller:/root/ros2_frws/install/xarm_api:/root/ros2_frws/install/xarm_sdk:/root/ros2_frws/install/xarm_msgs:/root/ros2_frws/install/xarm_description:${AMENT_PREFIX_PATH} CMAKE_PREFIX_PATH=/root/ros2_frws/install/xarm_controller:/root/ros2_frws/install/xarm_api:/root/ros2_frws/install/xarm_sdk:/root/ros2_frws/install/xarm_msgs:/root/ros2_frws/install/xarm_description:/opt/ros/humble LD_LIBRARY_PATH=/root/ros2_frws/install/xarm_controller/lib:/root/ros2_frws/install/xarm_api/lib:/root/ros2_frws/install/xarm_sdk/lib:/root/ros2_frws/install/xarm_msgs/lib:${LD_LIBRARY_PATH} PYTHONPATH=/root/ros2_frws/install/xarm_msgs/local/lib/python3.10/dist-packages:${PYTHONPATH} /usr/bin/cmake --build /root/ros2_frws/build/xarm_gazebo -- -j16 -l16
[0.282s] Invoking command in '/root/ros2_frws/build/xarm_gazebo': AMENT_PREFIX_PATH=/root/ros2_frws/install/xarm_controller:/root/ros2_frws/install/xarm_api:/root/ros2_frws/install/xarm_sdk:/root/ros2_frws/install/xarm_msgs:/root/ros2_frws/install/xarm_description:${AMENT_PREFIX_PATH} CMAKE_PREFIX_PATH=/root/ros2_frws/install/xarm_controller:/root/ros2_frws/install/xarm_api:/root/ros2_frws/install/xarm_sdk:/root/ros2_frws/install/xarm_msgs:/root/ros2_frws/install/xarm_description:/opt/ros/humble LD_LIBRARY_PATH=/root/ros2_frws/install/xarm_controller/lib:/root/ros2_frws/install/xarm_api/lib:/root/ros2_frws/install/xarm_sdk/lib:/root/ros2_frws/install/xarm_msgs/lib:${LD_LIBRARY_PATH} PYTHONPATH=/root/ros2_frws/install/xarm_msgs/local/lib/python3.10/dist-packages:${PYTHONPATH} /usr/bin/cmake --install /root/ros2_frws/build/xarm_gazebo
[0.289s] -- Install configuration: ""
[0.289s] -- Up-to-date: /root/ros2_frws/install/xarm_gazebo/include
[0.289s] -- Up-to-date: /root/ros2_frws/install/xarm_gazebo/include/xarm_gazebo
[0.289s] -- Up-to-date: /root/ros2_frws/install/xarm_gazebo/include/xarm_gazebo/mimic_joint_plugin.h
[0.290s] -- Up-to-date: /root/ros2_frws/install/xarm_gazebo/lib/libgazebo_mimic_joint_plugin.so
[0.291s] -- Up-to-date: /root/ros2_frws/install/xarm_gazebo/share/xarm_gazebo//worlds
[0.291s] -- Up-to-date: /root/ros2_frws/install/xarm_gazebo/share/xarm_gazebo//worlds/table.world
[0.291s] -- Up-to-date: /root/ros2_frws/install/xarm_gazebo/share/xarm_gazebo//launch
[0.292s] -- Up-to-date: /root/ros2_frws/install/xarm_gazebo/share/xarm_gazebo//launch/xarm7_mirror_beside_table_gazebo.launch.py
[0.292s] -- Up-to-date: /root/ros2_frws/install/xarm_gazebo/share/xarm_gazebo//launch/_dual_robot_beside_table_gazebo.launch.py
[0.292s] -- Up-to-date: /root/ros2_frws/install/xarm_gazebo/share/xarm_gazebo//launch/uf850_beside_table_gazebo.launch.py
[0.292s] -- Up-to-date: /root/ros2_frws/install/xarm_gazebo/share/xarm_gazebo//launch/xarm5_beside_table_gazebo.launch.py
[0.292s] -- Up-to-date: /root/ros2_frws/install/xarm_gazebo/share/xarm_gazebo//launch/lite6_beside_table_gazebo.launch.py
[0.292s] -- Up-to-date: /root/ros2_frws/install/xarm_gazebo/share/xarm_gazebo//launch/xarm7_beside_table_gazebo.launch.py
[0.293s] -- Up-to-date: /root/ros2_frws/install/xarm_gazebo/share/xarm_gazebo//launch/xarm6_beside_table_gazebo.launch.py
[0.293s] -- Up-to-date: /root/ros2_frws/install/xarm_gazebo/share/xarm_gazebo//launch/_robot_beside_table_gazebo.launch.py
[0.293s] -- Up-to-date: /root/ros2_frws/install/xarm_gazebo/share/ament_index/resource_index/package_run_dependencies/xarm_gazebo
[0.293s] -- Up-to-date: /root/ros2_frws/install/xarm_gazebo/share/ament_index/resource_index/parent_prefix_path/xarm_gazebo
[0.293s] -- Up-to-date: /root/ros2_frws/install/xarm_gazebo/share/xarm_gazebo/environment/ament_prefix_path.sh
[0.293s] -- Up-to-date: /root/ros2_frws/install/xarm_gazebo/share/xarm_gazebo/environment/ament_prefix_path.dsv
[0.294s] -- Up-to-date: /root/ros2_frws/install/xarm_gazebo/share/xarm_gazebo/environment/path.sh
[0.294s] -- Up-to-date: /root/ros2_frws/install/xarm_gazebo/share/xarm_gazebo/environment/path.dsv
[0.294s] -- Up-to-date: /root/ros2_frws/install/xarm_gazebo/share/xarm_gazebo/local_setup.bash
[0.295s] -- Up-to-date: /root/ros2_frws/install/xarm_gazebo/share/xarm_gazebo/local_setup.sh
[0.296s] -- Up-to-date: /root/ros2_frws/install/xarm_gazebo/share/xarm_gazebo/local_setup.zsh
[0.297s] -- Up-to-date: /root/ros2_frws/install/xarm_gazebo/share/xarm_gazebo/local_setup.dsv
[0.297s] -- Installing: /root/ros2_frws/install/xarm_gazebo/share/xarm_gazebo/package.dsv
[0.297s] -- Up-to-date: /root/ros2_frws/install/xarm_gazebo/share/ament_index/resource_index/packages/xarm_gazebo
[0.297s] -- Up-to-date: /root/ros2_frws/install/xarm_gazebo/share/xarm_gazebo/cmake/xarm_gazeboConfig.cmake
[0.298s] -- Up-to-date: /root/ros2_frws/install/xarm_gazebo/share/xarm_gazebo/cmake/xarm_gazeboConfig-version.cmake
[0.299s] -- Up-to-date: /root/ros2_frws/install/xarm_gazebo/share/xarm_gazebo/package.xml
[0.299s] Invoked command in '/root/ros2_frws/build/xarm_gazebo' returned '0': AMENT_PREFIX_PATH=/root/ros2_frws/install/xarm_controller:/root/ros2_frws/install/xarm_api:/root/ros2_frws/install/xarm_sdk:/root/ros2_frws/install/xarm_msgs:/root/ros2_frws/install/xarm_description:${AMENT_PREFIX_PATH} CMAKE_PREFIX_PATH=/root/ros2_frws/install/xarm_controller:/root/ros2_frws/install/xarm_api:/root/ros2_frws/install/xarm_sdk:/root/ros2_frws/install/xarm_msgs:/root/ros2_frws/install/xarm_description:/opt/ros/humble LD_LIBRARY_PATH=/root/ros2_frws/install/xarm_controller/lib:/root/ros2_frws/install/xarm_api/lib:/root/ros2_frws/install/xarm_sdk/lib:/root/ros2_frws/install/xarm_msgs/lib:${LD_LIBRARY_PATH} PYTHONPATH=/root/ros2_frws/install/xarm_msgs/local/lib/python3.10/dist-packages:${PYTHONPATH} /usr/bin/cmake --install /root/ros2_frws/build/xarm_gazebo
