[3.911s] Invoking command in '/root/ros2_frws/src/basic_comms': PYTHONPATH=/root/ros2_frws/build/basic_comms/prefix_override:/root/ros2_frws/install/basic_comms/lib/python3.10/site-packages:${PYTHONPATH} /usr/bin/python3 setup.py egg_info --egg-base ../../build/basic_comms build --build-base /root/ros2_frws/build/basic_comms/build install --record /root/ros2_frws/build/basic_comms/install.log --single-version-externally-managed
[4.323s] running egg_info
[4.353s] writing ../../build/basic_comms/basic_comms.egg-info/PKG-INFO
[4.354s] writing dependency_links to ../../build/basic_comms/basic_comms.egg-info/dependency_links.txt
[4.354s] writing entry points to ../../build/basic_comms/basic_comms.egg-info/entry_points.txt
[4.355s] writing requirements to ../../build/basic_comms/basic_comms.egg-info/requires.txt
[4.355s] writing top-level names to ../../build/basic_comms/basic_comms.egg-info/top_level.txt
[4.412s] reading manifest file '../../build/basic_comms/basic_comms.egg-info/SOURCES.txt'
[4.414s] writing manifest file '../../build/basic_comms/basic_comms.egg-info/SOURCES.txt'
[4.414s] running build
[4.414s] running build_py
[4.415s] running install
[4.416s] /root/.local/lib/python3.10/site-packages/setuptools/_distutils/cmd.py:66: SetuptoolsDeprecationWarning: setup.py install is deprecated.
[4.416s] !!
[4.416s] 
[4.417s]         ********************************************************************************
[4.417s]         Please avoid running ``setup.py`` directly.
[4.417s]         Instead, use pypa/build, pypa/installer or other
[4.417s]         standards-based tools.
[4.417s] 
[4.417s]         See https://blog.ganssle.io/articles/2021/10/setup-py-deprecated.html for details.
[4.418s]         ********************************************************************************
[4.418s] 
[4.418s] !!
[4.418s]   self.initialize_options()
[4.428s] running install_lib
[4.453s] running install_data
[4.478s] running install_egg_info
[4.504s] removing '/root/ros2_frws/install/basic_comms/lib/python3.10/site-packages/basic_comms-0.0.0-py3.10.egg-info' (and everything under it)
[4.505s] Copying ../../build/basic_comms/basic_comms.egg-info to /root/ros2_frws/install/basic_comms/lib/python3.10/site-packages/basic_comms-0.0.0-py3.10.egg-info
[4.509s] running install_scripts
[4.798s] Installing subscriber script to /root/ros2_frws/install/basic_comms/lib/basic_comms
[4.798s] Installing talker script to /root/ros2_frws/install/basic_comms/lib/basic_comms
[4.799s] writing list of installed files to '/root/ros2_frws/build/basic_comms/install.log'
[4.960s] Invoked command in '/root/ros2_frws/src/basic_comms' returned '0': PYTHONPATH=/root/ros2_frws/build/basic_comms/prefix_override:/root/ros2_frws/install/basic_comms/lib/python3.10/site-packages:${PYTHONPATH} /usr/bin/python3 setup.py egg_info --egg-base ../../build/basic_comms build --build-base /root/ros2_frws/build/basic_comms/build install --record /root/ros2_frws/build/basic_comms/install.log --single-version-externally-managed
