[1.755s] Invoking command in '/root/ros2_frws/src/course_works': PYTHONPATH=/root/ros2_frws/build/course_works/prefix_override:/root/ros2_frws/install/course_works/lib/python3.10/site-packages:${PYTHONPATH} /usr/bin/python3 setup.py egg_info --egg-base ../../build/course_works build --build-base /root/ros2_frws/build/course_works/build install --record /root/ros2_frws/build/course_works/install.log --single-version-externally-managed
[1.980s] running egg_info
[1.996s] writing ../../build/course_works/course_works.egg-info/PKG-INFO
[1.998s] writing dependency_links to ../../build/course_works/course_works.egg-info/dependency_links.txt
[1.998s] writing entry points to ../../build/course_works/course_works.egg-info/entry_points.txt
[1.999s] writing requirements to ../../build/course_works/course_works.egg-info/requires.txt
[1.999s] writing top-level names to ../../build/course_works/course_works.egg-info/top_level.txt
[2.035s] reading manifest file '../../build/course_works/course_works.egg-info/SOURCES.txt'
[2.035s] adding license file 'LICENSE'
[2.036s] writing manifest file '../../build/course_works/course_works.egg-info/SOURCES.txt'
[2.036s] running build
[2.037s] running build_py
[2.037s] /root/.local/lib/python3.10/site-packages/setuptools/_distutils/cmd.py:66: SetuptoolsDeprecationWarning: setup.py install is deprecated.
[2.037s] !!
[2.038s] 
[2.039s]         ********************************************************************************
[2.039s]         Please avoid running ``setup.py`` directly.
[2.039s]         Instead, use pypa/build, pypa/installer or other
[2.039s]         standards-based tools.
[2.039s] 
[2.039s]         See https://blog.ganssle.io/articles/2021/10/setup-py-deprecated.html for details.
[2.040s]         ********************************************************************************
[2.040s] 
[2.040s] !!
[2.041s]   self.initialize_options()
[2.041s] running install
[2.042s] running install_lib
[2.058s] running install_data
[2.070s] running install_egg_info
[2.085s] removing '/root/ros2_frws/install/course_works/lib/python3.10/site-packages/course_works-0.0.0-py3.10.egg-info' (and everything under it)
[2.086s] Copying ../../build/course_works/course_works.egg-info to /root/ros2_frws/install/course_works/lib/python3.10/site-packages/course_works-0.0.0-py3.10.egg-info
[2.088s] running install_scripts
[2.217s] Installing process_node script to /root/ros2_frws/install/course_works/lib/course_works
[2.217s] Installing signal_generator script to /root/ros2_frws/install/course_works/lib/course_works
[2.217s] writing list of installed files to '/root/ros2_frws/build/course_works/install.log'
[2.350s] Invoked command in '/root/ros2_frws/src/course_works' returned '0': PYTHONPATH=/root/ros2_frws/build/course_works/prefix_override:/root/ros2_frws/install/course_works/lib/python3.10/site-packages:${PYTHONPATH} /usr/bin/python3 setup.py egg_info --egg-base ../../build/course_works build --build-base /root/ros2_frws/build/course_works/build install --record /root/ros2_frws/build/course_works/install.log --single-version-externally-managed
