[0.837s] Invoking command in '/root/ros2_frws/build/realsense_gazebo_plugin': CMAKE_PREFIX_PATH=${CMAKE_PREFIX_PATH}:/root/ros2_frws/install/challenge_2:/root/ros2_frws/install/course_works:/root/ros2_frws/install/basic_comms_param:/root/ros2_frws/install/basic_comms:/opt/ros/humble /usr/bin/cmake --build /root/ros2_frws/build/realsense_gazebo_plugin -- -j16 -l16
[0.930s] [100%] Built target realsense_gazebo_plugin
[0.986s] Invoked command in '/root/ros2_frws/build/realsense_gazebo_plugin' returned '0': CMAKE_PREFIX_PATH=${CMAKE_PREFIX_PATH}:/root/ros2_frws/install/challenge_2:/root/ros2_frws/install/course_works:/root/ros2_frws/install/basic_comms_param:/root/ros2_frws/install/basic_comms:/opt/ros/humble /usr/bin/cmake --build /root/ros2_frws/build/realsense_gazebo_plugin -- -j16 -l16
[1.149s] Invoking command in '/root/ros2_frws/build/realsense_gazebo_plugin': CMAKE_PREFIX_PATH=${CMAKE_PREFIX_PATH}:/root/ros2_frws/install/challenge_2:/root/ros2_frws/install/course_works:/root/ros2_frws/install/basic_comms_param:/root/ros2_frws/install/basic_comms:/opt/ros/humble /usr/bin/cmake --install /root/ros2_frws/build/realsense_gazebo_plugin
[1.154s] -- Install configuration: ""
[1.155s] -- Up-to-date: /root/ros2_frws/install/realsense_gazebo_plugin/lib/librealsense_gazebo_plugin.so
[1.155s] -- Up-to-date: /root/ros2_frws/install/realsense_gazebo_plugin/include/
[1.155s] -- Up-to-date: /root/ros2_frws/install/realsense_gazebo_plugin/include//realsense_gazebo_plugin
[1.155s] -- Up-to-date: /root/ros2_frws/install/realsense_gazebo_plugin/include//realsense_gazebo_plugin/RealSensePlugin.h
[1.155s] -- Up-to-date: /root/ros2_frws/install/realsense_gazebo_plugin/include//realsense_gazebo_plugin/gazebo_ros_realsense.h
[1.155s] -- Up-to-date: /root/ros2_frws/install/realsense_gazebo_plugin/share/realsense_gazebo_plugin/environment/library_path.sh
[1.155s] -- Up-to-date: /root/ros2_frws/install/realsense_gazebo_plugin/share/realsense_gazebo_plugin/environment/library_path.dsv
[1.156s] -- Up-to-date: /root/ros2_frws/install/realsense_gazebo_plugin/share/ament_index/resource_index/package_run_dependencies/realsense_gazebo_plugin
[1.156s] -- Up-to-date: /root/ros2_frws/install/realsense_gazebo_plugin/share/ament_index/resource_index/parent_prefix_path/realsense_gazebo_plugin
[1.157s] -- Up-to-date: /root/ros2_frws/install/realsense_gazebo_plugin/share/realsense_gazebo_plugin/environment/ament_prefix_path.sh
[1.158s] -- Up-to-date: /root/ros2_frws/install/realsense_gazebo_plugin/share/realsense_gazebo_plugin/environment/ament_prefix_path.dsv
[1.158s] -- Up-to-date: /root/ros2_frws/install/realsense_gazebo_plugin/share/realsense_gazebo_plugin/environment/path.sh
[1.158s] -- Up-to-date: /root/ros2_frws/install/realsense_gazebo_plugin/share/realsense_gazebo_plugin/environment/path.dsv
[1.158s] -- Up-to-date: /root/ros2_frws/install/realsense_gazebo_plugin/share/realsense_gazebo_plugin/local_setup.bash
[1.158s] -- Up-to-date: /root/ros2_frws/install/realsense_gazebo_plugin/share/realsense_gazebo_plugin/local_setup.sh
[1.158s] -- Up-to-date: /root/ros2_frws/install/realsense_gazebo_plugin/share/realsense_gazebo_plugin/local_setup.zsh
[1.158s] -- Up-to-date: /root/ros2_frws/install/realsense_gazebo_plugin/share/realsense_gazebo_plugin/local_setup.dsv
[1.159s] -- Installing: /root/ros2_frws/install/realsense_gazebo_plugin/share/realsense_gazebo_plugin/package.dsv
[1.159s] -- Up-to-date: /root/ros2_frws/install/realsense_gazebo_plugin/share/ament_index/resource_index/packages/realsense_gazebo_plugin
[1.159s] -- Up-to-date: /root/ros2_frws/install/realsense_gazebo_plugin/share/realsense_gazebo_plugin/cmake/ament_cmake_export_include_directories-extras.cmake
[1.159s] -- Up-to-date: /root/ros2_frws/install/realsense_gazebo_plugin/share/realsense_gazebo_plugin/cmake/ament_cmake_export_libraries-extras.cmake
[1.159s] -- Up-to-date: /root/ros2_frws/install/realsense_gazebo_plugin/share/realsense_gazebo_plugin/cmake/realsense_gazebo_pluginConfig.cmake
[1.159s] -- Up-to-date: /root/ros2_frws/install/realsense_gazebo_plugin/share/realsense_gazebo_plugin/cmake/realsense_gazebo_pluginConfig-version.cmake
[1.159s] -- Up-to-date: /root/ros2_frws/install/realsense_gazebo_plugin/share/realsense_gazebo_plugin/package.xml
[1.309s] Invoked command in '/root/ros2_frws/build/realsense_gazebo_plugin' returned '0': CMAKE_PREFIX_PATH=${CMAKE_PREFIX_PATH}:/root/ros2_frws/install/challenge_2:/root/ros2_frws/install/course_works:/root/ros2_frws/install/basic_comms_param:/root/ros2_frws/install/basic_comms:/opt/ros/humble /usr/bin/cmake --install /root/ros2_frws/build/realsense_gazebo_plugin
