[1.003s] Invoking command in '/root/ros2_frws/src/basic_comms': PYTHONPATH=/root/ros2_frws/build/basic_comms/prefix_override:/root/ros2_frws/install/basic_comms/lib/python3.10/site-packages:${PYTHONPATH} /usr/bin/python3 setup.py egg_info --egg-base ../../build/basic_comms build --build-base /root/ros2_frws/build/basic_comms/build install --record /root/ros2_frws/build/basic_comms/install.log --single-version-externally-managed
[1.177s] running egg_info
[1.189s] writing ../../build/basic_comms/basic_comms.egg-info/PKG-INFO
[1.189s] writing dependency_links to ../../build/basic_comms/basic_comms.egg-info/dependency_links.txt
[1.190s] writing entry points to ../../build/basic_comms/basic_comms.egg-info/entry_points.txt
[1.190s] writing requirements to ../../build/basic_comms/basic_comms.egg-info/requires.txt
[1.190s] writing top-level names to ../../build/basic_comms/basic_comms.egg-info/top_level.txt
[1.214s] reading manifest file '../../build/basic_comms/basic_comms.egg-info/SOURCES.txt'
[1.215s] writing manifest file '../../build/basic_comms/basic_comms.egg-info/SOURCES.txt'
[1.215s] running build
[1.215s] running build_py
[1.215s] running install
[1.216s] /root/.local/lib/python3.10/site-packages/setuptools/_distutils/cmd.py:66: SetuptoolsDeprecationWarning: setup.py install is deprecated.
[1.216s] !!
[1.216s] 
[1.216s]         ********************************************************************************
[1.216s]         Please avoid running ``setup.py`` directly.
[1.216s]         Instead, use pypa/build, pypa/installer or other
[1.216s]         standards-based tools.
[1.216s] 
[1.216s]         See https://blog.ganssle.io/articles/2021/10/setup-py-deprecated.html for details.
[1.216s]         ********************************************************************************
[1.216s] 
[1.216s] !!
[1.216s]   self.initialize_options()
[1.221s] running install_lib
[1.233s] running install_data
[1.245s] copying launch/chit_chat_launch.py -> /root/ros2_frws/install/basic_comms/share/basic_comms/launch
[1.245s] running install_egg_info
[1.258s] removing '/root/ros2_frws/install/basic_comms/lib/python3.10/site-packages/basic_comms-0.0.0-py3.10.egg-info' (and everything under it)
[1.258s] Copying ../../build/basic_comms/basic_comms.egg-info to /root/ros2_frws/install/basic_comms/lib/python3.10/site-packages/basic_comms-0.0.0-py3.10.egg-info
[1.260s] running install_scripts
[1.364s] Installing subscriber script to /root/ros2_frws/install/basic_comms/lib/basic_comms
[1.365s] Installing talker script to /root/ros2_frws/install/basic_comms/lib/basic_comms
[1.365s] writing list of installed files to '/root/ros2_frws/build/basic_comms/install.log'
[1.394s] Invoked command in '/root/ros2_frws/src/basic_comms' returned '0': PYTHONPATH=/root/ros2_frws/build/basic_comms/prefix_override:/root/ros2_frws/install/basic_comms/lib/python3.10/site-packages:${PYTHONPATH} /usr/bin/python3 setup.py egg_info --egg-base ../../build/basic_comms build --build-base /root/ros2_frws/build/basic_comms/build install --record /root/ros2_frws/build/basic_comms/install.log --single-version-externally-managed
