[0.972s] Invoking command in '/root/ros2_frws/build/my_msg_interfaces': CMAKE_PREFIX_PATH=/opt/ros/humble /usr/bin/cmake --build /root/ros2_frws/build/my_msg_interfaces -- -j16 -l16
[3.120s] [  3%] Built target my_msg_interfaces__cpp
[3.121s] [ 12%] Built target my_msg_interfaces__rosidl_generator_c
[3.121s] [ 12%] Built target ament_cmake_python_copy_my_msg_interfaces
[3.121s] [ 22%] Built target my_msg_interfaces__rosidl_typesupport_cpp
[3.121s] [ 32%] Built target my_msg_interfaces__rosidl_typesupport_introspection_cpp
[3.121s] [ 41%] Built target my_msg_interfaces__rosidl_typesupport_fastrtps_cpp
[3.121s] [ 51%] Built target my_msg_interfaces__rosidl_typesupport_introspection_c
[3.121s] [ 70%] Built target my_msg_interfaces__rosidl_typesupport_c
[3.122s] [ 70%] Built target my_msg_interfaces__rosidl_typesupport_fastrtps_c
[3.122s] [ 70%] Built target my_msg_interfaces
[3.122s] [ 74%] Built target my_msg_interfaces__py
[3.122s] [ 80%] Built target my_msg_interfaces__rosidl_generator_py
[3.122s] [ 87%] Built target my_msg_interfaces__rosidl_typesupport_introspection_c__pyext
[3.122s] [ 93%] Built target my_msg_interfaces__rosidl_typesupport_c__pyext
[3.122s] [100%] Built target my_msg_interfaces__rosidl_typesupport_fastrtps_c__pyext
[3.122s] running egg_info
[3.122s] writing my_msg_interfaces.egg-info/PKG-INFO
[3.123s] writing dependency_links to my_msg_interfaces.egg-info/dependency_links.txt
[3.123s] writing top-level names to my_msg_interfaces.egg-info/top_level.txt
[3.123s] reading manifest file 'my_msg_interfaces.egg-info/SOURCES.txt'
[3.123s] writing manifest file 'my_msg_interfaces.egg-info/SOURCES.txt'
[3.123s] [100%] Built target ament_cmake_python_build_my_msg_interfaces_egg
[3.137s] Invoked command in '/root/ros2_frws/build/my_msg_interfaces' returned '0': CMAKE_PREFIX_PATH=/opt/ros/humble /usr/bin/cmake --build /root/ros2_frws/build/my_msg_interfaces -- -j16 -l16
[3.546s] Invoking command in '/root/ros2_frws/build/my_msg_interfaces': CMAKE_PREFIX_PATH=/opt/ros/humble /usr/bin/cmake --install /root/ros2_frws/build/my_msg_interfaces
[3.559s] -- Install configuration: ""
[3.559s] -- Up-to-date: /root/ros2_frws/install/my_msg_interfaces/share/ament_index/resource_index/rosidl_interfaces/my_msg_interfaces
[3.559s] -- Up-to-date: /root/ros2_frws/install/my_msg_interfaces/include/my_msg_interfaces/my_msg_interfaces
[3.559s] -- Up-to-date: /root/ros2_frws/install/my_msg_interfaces/include/my_msg_interfaces/my_msg_interfaces/msg
[3.560s] -- Up-to-date: /root/ros2_frws/install/my_msg_interfaces/include/my_msg_interfaces/my_msg_interfaces/msg/rosidl_generator_c__visibility_control.h
[3.560s] -- Up-to-date: /root/ros2_frws/install/my_msg_interfaces/include/my_msg_interfaces/my_msg_interfaces/msg/detail
[3.560s] -- Up-to-date: /root/ros2_frws/install/my_msg_interfaces/include/my_msg_interfaces/my_msg_interfaces/msg/detail/my_parameter__struct.h
[3.562s] -- Up-to-date: /root/ros2_frws/install/my_msg_interfaces/include/my_msg_interfaces/my_msg_interfaces/msg/detail/my_parameter__type_support.h
[3.562s] -- Up-to-date: /root/ros2_frws/install/my_msg_interfaces/include/my_msg_interfaces/my_msg_interfaces/msg/detail/my_parameter__functions.h
[3.563s] -- Up-to-date: /root/ros2_frws/install/my_msg_interfaces/include/my_msg_interfaces/my_msg_interfaces/msg/detail/my_parameter__functions.c
[3.563s] -- Up-to-date: /root/ros2_frws/install/my_msg_interfaces/include/my_msg_interfaces/my_msg_interfaces/msg/my_parameter.h
[3.563s] -- Up-to-date: /root/ros2_frws/install/my_msg_interfaces/share/my_msg_interfaces/environment/library_path.sh
[3.563s] -- Up-to-date: /root/ros2_frws/install/my_msg_interfaces/share/my_msg_interfaces/environment/library_path.dsv
[3.563s] -- Up-to-date: /root/ros2_frws/install/my_msg_interfaces/lib/libmy_msg_interfaces__rosidl_generator_c.so
[3.564s] -- Up-to-date: /root/ros2_frws/install/my_msg_interfaces/include/my_msg_interfaces/my_msg_interfaces
[3.564s] -- Up-to-date: /root/ros2_frws/install/my_msg_interfaces/include/my_msg_interfaces/my_msg_interfaces/msg
[3.564s] -- Up-to-date: /root/ros2_frws/install/my_msg_interfaces/include/my_msg_interfaces/my_msg_interfaces/msg/rosidl_typesupport_fastrtps_c__visibility_control.h
[3.564s] -- Up-to-date: /root/ros2_frws/install/my_msg_interfaces/include/my_msg_interfaces/my_msg_interfaces/msg/detail
[3.564s] -- Up-to-date: /root/ros2_frws/install/my_msg_interfaces/include/my_msg_interfaces/my_msg_interfaces/msg/detail/my_parameter__rosidl_typesupport_fastrtps_c.h
[3.565s] -- Up-to-date: /root/ros2_frws/install/my_msg_interfaces/lib/libmy_msg_interfaces__rosidl_typesupport_fastrtps_c.so
[3.565s] -- Up-to-date: /root/ros2_frws/install/my_msg_interfaces/include/my_msg_interfaces/my_msg_interfaces
[3.565s] -- Up-to-date: /root/ros2_frws/install/my_msg_interfaces/include/my_msg_interfaces/my_msg_interfaces/msg
[3.565s] -- Up-to-date: /root/ros2_frws/install/my_msg_interfaces/include/my_msg_interfaces/my_msg_interfaces/msg/detail
[3.565s] -- Up-to-date: /root/ros2_frws/install/my_msg_interfaces/include/my_msg_interfaces/my_msg_interfaces/msg/detail/my_parameter__traits.hpp
[3.565s] -- Up-to-date: /root/ros2_frws/install/my_msg_interfaces/include/my_msg_interfaces/my_msg_interfaces/msg/detail/my_parameter__builder.hpp
[3.566s] -- Up-to-date: /root/ros2_frws/install/my_msg_interfaces/include/my_msg_interfaces/my_msg_interfaces/msg/detail/my_parameter__struct.hpp
[3.566s] -- Up-to-date: /root/ros2_frws/install/my_msg_interfaces/include/my_msg_interfaces/my_msg_interfaces/msg/my_parameter.hpp
[3.566s] -- Up-to-date: /root/ros2_frws/install/my_msg_interfaces/include/my_msg_interfaces/my_msg_interfaces
[3.566s] -- Up-to-date: /root/ros2_frws/install/my_msg_interfaces/include/my_msg_interfaces/my_msg_interfaces/msg
[3.567s] -- Up-to-date: /root/ros2_frws/install/my_msg_interfaces/include/my_msg_interfaces/my_msg_interfaces/msg/detail
[3.567s] -- Up-to-date: /root/ros2_frws/install/my_msg_interfaces/include/my_msg_interfaces/my_msg_interfaces/msg/detail/dds_fastrtps
[3.567s] -- Up-to-date: /root/ros2_frws/install/my_msg_interfaces/include/my_msg_interfaces/my_msg_interfaces/msg/detail/my_parameter__rosidl_typesupport_fastrtps_cpp.hpp
[3.568s] -- Up-to-date: /root/ros2_frws/install/my_msg_interfaces/include/my_msg_interfaces/my_msg_interfaces/msg/rosidl_typesupport_fastrtps_cpp__visibility_control.h
[3.568s] -- Up-to-date: /root/ros2_frws/install/my_msg_interfaces/lib/libmy_msg_interfaces__rosidl_typesupport_fastrtps_cpp.so
[3.568s] -- Up-to-date: /root/ros2_frws/install/my_msg_interfaces/include/my_msg_interfaces/my_msg_interfaces
[3.568s] -- Up-to-date: /root/ros2_frws/install/my_msg_interfaces/include/my_msg_interfaces/my_msg_interfaces/msg
[3.568s] -- Up-to-date: /root/ros2_frws/install/my_msg_interfaces/include/my_msg_interfaces/my_msg_interfaces/msg/rosidl_typesupport_introspection_c__visibility_control.h
[3.568s] -- Up-to-date: /root/ros2_frws/install/my_msg_interfaces/include/my_msg_interfaces/my_msg_interfaces/msg/detail
[3.569s] -- Up-to-date: /root/ros2_frws/install/my_msg_interfaces/include/my_msg_interfaces/my_msg_interfaces/msg/detail/my_parameter__rosidl_typesupport_introspection_c.h
[3.569s] -- Up-to-date: /root/ros2_frws/install/my_msg_interfaces/include/my_msg_interfaces/my_msg_interfaces/msg/detail/my_parameter__type_support.c
[3.569s] -- Up-to-date: /root/ros2_frws/install/my_msg_interfaces/lib/libmy_msg_interfaces__rosidl_typesupport_introspection_c.so
[3.569s] -- Up-to-date: /root/ros2_frws/install/my_msg_interfaces/lib/libmy_msg_interfaces__rosidl_typesupport_c.so
[3.614s] -- Up-to-date: /root/ros2_frws/install/my_msg_interfaces/include/my_msg_interfaces/my_msg_interfaces
[3.614s] -- Up-to-date: /root/ros2_frws/install/my_msg_interfaces/include/my_msg_interfaces/my_msg_interfaces/msg
[3.614s] -- Up-to-date: /root/ros2_frws/install/my_msg_interfaces/include/my_msg_interfaces/my_msg_interfaces/msg/detail
[3.615s] -- Up-to-date: /root/ros2_frws/install/my_msg_interfaces/include/my_msg_interfaces/my_msg_interfaces/msg/detail/my_parameter__type_support.cpp
[3.615s] -- Up-to-date: /root/ros2_frws/install/my_msg_interfaces/include/my_msg_interfaces/my_msg_interfaces/msg/detail/my_parameter__rosidl_typesupport_introspection_cpp.hpp
[3.616s] -- Up-to-date: /root/ros2_frws/install/my_msg_interfaces/lib/libmy_msg_interfaces__rosidl_typesupport_introspection_cpp.so
[3.616s] -- Up-to-date: /root/ros2_frws/install/my_msg_interfaces/lib/libmy_msg_interfaces__rosidl_typesupport_cpp.so
[3.616s] -- Up-to-date: /root/ros2_frws/install/my_msg_interfaces/share/my_msg_interfaces/environment/pythonpath.sh
[3.621s] -- Up-to-date: /root/ros2_frws/install/my_msg_interfaces/share/my_msg_interfaces/environment/pythonpath.dsv
[3.621s] -- Up-to-date: /root/ros2_frws/install/my_msg_interfaces/local/lib/python3.10/dist-packages/my_msg_interfaces-0.0.0-py3.10.egg-info
[3.622s] -- Installing: /root/ros2_frws/install/my_msg_interfaces/local/lib/python3.10/dist-packages/my_msg_interfaces-0.0.0-py3.10.egg-info/PKG-INFO
[3.622s] -- Installing: /root/ros2_frws/install/my_msg_interfaces/local/lib/python3.10/dist-packages/my_msg_interfaces-0.0.0-py3.10.egg-info/dependency_links.txt
[3.622s] -- Installing: /root/ros2_frws/install/my_msg_interfaces/local/lib/python3.10/dist-packages/my_msg_interfaces-0.0.0-py3.10.egg-info/SOURCES.txt
[3.623s] -- Installing: /root/ros2_frws/install/my_msg_interfaces/local/lib/python3.10/dist-packages/my_msg_interfaces-0.0.0-py3.10.egg-info/top_level.txt
[3.623s] -- Up-to-date: /root/ros2_frws/install/my_msg_interfaces/local/lib/python3.10/dist-packages/my_msg_interfaces
[3.624s] -- Up-to-date: /root/ros2_frws/install/my_msg_interfaces/local/lib/python3.10/dist-packages/my_msg_interfaces/my_msg_interfaces_s__rosidl_typesupport_introspection_c.cpython-310-x86_64-linux-gnu.so
[3.625s] -- Up-to-date: /root/ros2_frws/install/my_msg_interfaces/local/lib/python3.10/dist-packages/my_msg_interfaces/my_msg_interfaces_s__rosidl_typesupport_c.cpython-310-x86_64-linux-gnu.so
[3.626s] -- Up-to-date: /root/ros2_frws/install/my_msg_interfaces/local/lib/python3.10/dist-packages/my_msg_interfaces/_my_msg_interfaces_s.ep.rosidl_typesupport_c.c
[3.629s] -- Up-to-date: /root/ros2_frws/install/my_msg_interfaces/local/lib/python3.10/dist-packages/my_msg_interfaces/my_msg_interfaces_s__rosidl_typesupport_fastrtps_c.cpython-310-x86_64-linux-gnu.so
[3.629s] -- Up-to-date: /root/ros2_frws/install/my_msg_interfaces/local/lib/python3.10/dist-packages/my_msg_interfaces/_my_msg_interfaces_s.ep.rosidl_typesupport_fastrtps_c.c
[3.629s] -- Up-to-date: /root/ros2_frws/install/my_msg_interfaces/local/lib/python3.10/dist-packages/my_msg_interfaces/libmy_msg_interfaces__rosidl_generator_py.so
[3.629s] -- Up-to-date: /root/ros2_frws/install/my_msg_interfaces/local/lib/python3.10/dist-packages/my_msg_interfaces/_my_msg_interfaces_s.ep.rosidl_typesupport_introspection_c.c
[3.629s] -- Up-to-date: /root/ros2_frws/install/my_msg_interfaces/local/lib/python3.10/dist-packages/my_msg_interfaces/__init__.py
[3.630s] -- Up-to-date: /root/ros2_frws/install/my_msg_interfaces/local/lib/python3.10/dist-packages/my_msg_interfaces/msg
[3.645s] -- Up-to-date: /root/ros2_frws/install/my_msg_interfaces/local/lib/python3.10/dist-packages/my_msg_interfaces/msg/_my_parameter_s.c
[3.646s] -- Up-to-date: /root/ros2_frws/install/my_msg_interfaces/local/lib/python3.10/dist-packages/my_msg_interfaces/msg/__init__.py
[3.646s] -- Up-to-date: /root/ros2_frws/install/my_msg_interfaces/local/lib/python3.10/dist-packages/my_msg_interfaces/msg/_my_parameter.py
[3.660s] Listing '/root/ros2_frws/install/my_msg_interfaces/local/lib/python3.10/dist-packages/my_msg_interfaces'...
[3.660s] Listing '/root/ros2_frws/install/my_msg_interfaces/local/lib/python3.10/dist-packages/my_msg_interfaces/msg'...
[3.679s] -- Up-to-date: /root/ros2_frws/install/my_msg_interfaces/local/lib/python3.10/dist-packages/my_msg_interfaces/my_msg_interfaces_s__rosidl_typesupport_fastrtps_c.cpython-310-x86_64-linux-gnu.so
[3.680s] -- Up-to-date: /root/ros2_frws/install/my_msg_interfaces/local/lib/python3.10/dist-packages/my_msg_interfaces/my_msg_interfaces_s__rosidl_typesupport_introspection_c.cpython-310-x86_64-linux-gnu.so
[3.681s] -- Up-to-date: /root/ros2_frws/install/my_msg_interfaces/local/lib/python3.10/dist-packages/my_msg_interfaces/my_msg_interfaces_s__rosidl_typesupport_c.cpython-310-x86_64-linux-gnu.so
[3.681s] -- Up-to-date: /root/ros2_frws/install/my_msg_interfaces/lib/libmy_msg_interfaces__rosidl_generator_py.so
[3.683s] -- Up-to-date: /root/ros2_frws/install/my_msg_interfaces/share/my_msg_interfaces/msg/MyParameter.idl
[3.683s] -- Up-to-date: /root/ros2_frws/install/my_msg_interfaces/share/my_msg_interfaces/msg/MyParameter.msg
[3.684s] -- Up-to-date: /root/ros2_frws/install/my_msg_interfaces/share/ament_index/resource_index/package_run_dependencies/my_msg_interfaces
[3.684s] -- Up-to-date: /root/ros2_frws/install/my_msg_interfaces/share/ament_index/resource_index/parent_prefix_path/my_msg_interfaces
[3.684s] -- Up-to-date: /root/ros2_frws/install/my_msg_interfaces/share/my_msg_interfaces/environment/ament_prefix_path.sh
[3.684s] -- Up-to-date: /root/ros2_frws/install/my_msg_interfaces/share/my_msg_interfaces/environment/ament_prefix_path.dsv
[3.685s] -- Up-to-date: /root/ros2_frws/install/my_msg_interfaces/share/my_msg_interfaces/environment/path.sh
[3.685s] -- Up-to-date: /root/ros2_frws/install/my_msg_interfaces/share/my_msg_interfaces/environment/path.dsv
[3.685s] -- Up-to-date: /root/ros2_frws/install/my_msg_interfaces/share/my_msg_interfaces/local_setup.bash
[3.685s] -- Up-to-date: /root/ros2_frws/install/my_msg_interfaces/share/my_msg_interfaces/local_setup.sh
[3.685s] -- Up-to-date: /root/ros2_frws/install/my_msg_interfaces/share/my_msg_interfaces/local_setup.zsh
[3.685s] -- Up-to-date: /root/ros2_frws/install/my_msg_interfaces/share/my_msg_interfaces/local_setup.dsv
[3.685s] -- Installing: /root/ros2_frws/install/my_msg_interfaces/share/my_msg_interfaces/package.dsv
[3.686s] -- Up-to-date: /root/ros2_frws/install/my_msg_interfaces/share/ament_index/resource_index/packages/my_msg_interfaces
[3.686s] -- Up-to-date: /root/ros2_frws/install/my_msg_interfaces/share/my_msg_interfaces/cmake/export_my_msg_interfaces__rosidl_generator_cExport.cmake
[3.686s] -- Up-to-date: /root/ros2_frws/install/my_msg_interfaces/share/my_msg_interfaces/cmake/export_my_msg_interfaces__rosidl_generator_cExport-noconfig.cmake
[3.686s] -- Up-to-date: /root/ros2_frws/install/my_msg_interfaces/share/my_msg_interfaces/cmake/export_my_msg_interfaces__rosidl_typesupport_fastrtps_cExport.cmake
[3.686s] -- Up-to-date: /root/ros2_frws/install/my_msg_interfaces/share/my_msg_interfaces/cmake/export_my_msg_interfaces__rosidl_typesupport_fastrtps_cExport-noconfig.cmake
[3.686s] -- Up-to-date: /root/ros2_frws/install/my_msg_interfaces/share/my_msg_interfaces/cmake/export_my_msg_interfaces__rosidl_generator_cppExport.cmake
[3.687s] -- Up-to-date: /root/ros2_frws/install/my_msg_interfaces/share/my_msg_interfaces/cmake/export_my_msg_interfaces__rosidl_typesupport_fastrtps_cppExport.cmake
[3.687s] -- Up-to-date: /root/ros2_frws/install/my_msg_interfaces/share/my_msg_interfaces/cmake/export_my_msg_interfaces__rosidl_typesupport_fastrtps_cppExport-noconfig.cmake
[3.687s] -- Up-to-date: /root/ros2_frws/install/my_msg_interfaces/share/my_msg_interfaces/cmake/my_msg_interfaces__rosidl_typesupport_introspection_cExport.cmake
[3.688s] -- Up-to-date: /root/ros2_frws/install/my_msg_interfaces/share/my_msg_interfaces/cmake/my_msg_interfaces__rosidl_typesupport_introspection_cExport-noconfig.cmake
[3.688s] -- Up-to-date: /root/ros2_frws/install/my_msg_interfaces/share/my_msg_interfaces/cmake/my_msg_interfaces__rosidl_typesupport_cExport.cmake
[3.688s] -- Up-to-date: /root/ros2_frws/install/my_msg_interfaces/share/my_msg_interfaces/cmake/my_msg_interfaces__rosidl_typesupport_cExport-noconfig.cmake
[3.688s] -- Up-to-date: /root/ros2_frws/install/my_msg_interfaces/share/my_msg_interfaces/cmake/my_msg_interfaces__rosidl_typesupport_introspection_cppExport.cmake
[3.688s] -- Up-to-date: /root/ros2_frws/install/my_msg_interfaces/share/my_msg_interfaces/cmake/my_msg_interfaces__rosidl_typesupport_introspection_cppExport-noconfig.cmake
[3.688s] -- Up-to-date: /root/ros2_frws/install/my_msg_interfaces/share/my_msg_interfaces/cmake/my_msg_interfaces__rosidl_typesupport_cppExport.cmake
[3.689s] -- Up-to-date: /root/ros2_frws/install/my_msg_interfaces/share/my_msg_interfaces/cmake/my_msg_interfaces__rosidl_typesupport_cppExport-noconfig.cmake
[3.689s] -- Up-to-date: /root/ros2_frws/install/my_msg_interfaces/share/my_msg_interfaces/cmake/export_my_msg_interfaces__rosidl_generator_pyExport.cmake
[3.689s] -- Up-to-date: /root/ros2_frws/install/my_msg_interfaces/share/my_msg_interfaces/cmake/export_my_msg_interfaces__rosidl_generator_pyExport-noconfig.cmake
[3.689s] -- Up-to-date: /root/ros2_frws/install/my_msg_interfaces/share/my_msg_interfaces/cmake/rosidl_cmake-extras.cmake
[3.689s] -- Up-to-date: /root/ros2_frws/install/my_msg_interfaces/share/my_msg_interfaces/cmake/ament_cmake_export_dependencies-extras.cmake
[3.689s] -- Up-to-date: /root/ros2_frws/install/my_msg_interfaces/share/my_msg_interfaces/cmake/ament_cmake_export_include_directories-extras.cmake
[3.689s] -- Up-to-date: /root/ros2_frws/install/my_msg_interfaces/share/my_msg_interfaces/cmake/ament_cmake_export_libraries-extras.cmake
[3.691s] -- Up-to-date: /root/ros2_frws/install/my_msg_interfaces/share/my_msg_interfaces/cmake/ament_cmake_export_targets-extras.cmake
[3.691s] -- Up-to-date: /root/ros2_frws/install/my_msg_interfaces/share/my_msg_interfaces/cmake/rosidl_cmake_export_typesupport_targets-extras.cmake
[3.691s] -- Up-to-date: /root/ros2_frws/install/my_msg_interfaces/share/my_msg_interfaces/cmake/rosidl_cmake_export_typesupport_libraries-extras.cmake
[3.691s] -- Up-to-date: /root/ros2_frws/install/my_msg_interfaces/share/my_msg_interfaces/cmake/my_msg_interfacesConfig.cmake
[3.691s] -- Up-to-date: /root/ros2_frws/install/my_msg_interfaces/share/my_msg_interfaces/cmake/my_msg_interfacesConfig-version.cmake
[3.692s] -- Up-to-date: /root/ros2_frws/install/my_msg_interfaces/share/my_msg_interfaces/package.xml
[3.891s] Invoked command in '/root/ros2_frws/build/my_msg_interfaces' returned '0': CMAKE_PREFIX_PATH=/opt/ros/humble /usr/bin/cmake --install /root/ros2_frws/build/my_msg_interfaces
