[1.594s] Invoking command in '/root/ros2_frws/src/basic_comms': PYTHONPATH=/root/ros2_frws/build/basic_comms/prefix_override:/root/ros2_frws/install/basic_comms/lib/python3.10/site-packages:${PYTHONPATH} /usr/bin/python3 setup.py egg_info --egg-base ../../build/basic_comms build --build-base /root/ros2_frws/build/basic_comms/build install --record /root/ros2_frws/build/basic_comms/install.log --single-version-externally-managed
[1.814s] running egg_info
[1.831s] writing ../../build/basic_comms/basic_comms.egg-info/PKG-INFO
[1.832s] writing dependency_links to ../../build/basic_comms/basic_comms.egg-info/dependency_links.txt
[1.832s] writing entry points to ../../build/basic_comms/basic_comms.egg-info/entry_points.txt
[1.832s] writing requirements to ../../build/basic_comms/basic_comms.egg-info/requires.txt
[1.832s] writing top-level names to ../../build/basic_comms/basic_comms.egg-info/top_level.txt
[1.860s] reading manifest file '../../build/basic_comms/basic_comms.egg-info/SOURCES.txt'
[1.861s] writing manifest file '../../build/basic_comms/basic_comms.egg-info/SOURCES.txt'
[1.862s] /root/.local/lib/python3.10/site-packages/setuptools/_distutils/cmd.py:66: SetuptoolsDeprecationWarning: setup.py install is deprecated.
[1.862s] !!
[1.862s] 
[1.862s]         ********************************************************************************
[1.862s]         Please avoid running ``setup.py`` directly.
[1.862s]         Instead, use pypa/build, pypa/installer or other
[1.862s]         standards-based tools.
[1.862s] 
[1.863s]         See https://blog.ganssle.io/articles/2021/10/setup-py-deprecated.html for details.
[1.863s]         ********************************************************************************
[1.863s] 
[1.863s] !!
[1.863s]   self.initialize_options()
[1.863s] running build
[1.863s] running build_py
[1.863s] running install
[1.869s] running install_lib
[1.878s] running install_data
[1.888s] running install_egg_info
[1.900s] removing '/root/ros2_frws/install/basic_comms/lib/python3.10/site-packages/basic_comms-0.0.0-py3.10.egg-info' (and everything under it)
[1.900s] Copying ../../build/basic_comms/basic_comms.egg-info to /root/ros2_frws/install/basic_comms/lib/python3.10/site-packages/basic_comms-0.0.0-py3.10.egg-info
[1.901s] running install_scripts
[2.046s] Installing subscriber script to /root/ros2_frws/install/basic_comms/lib/basic_comms
[2.046s] Installing talker script to /root/ros2_frws/install/basic_comms/lib/basic_comms
[2.047s] writing list of installed files to '/root/ros2_frws/build/basic_comms/install.log'
[2.148s] Invoked command in '/root/ros2_frws/src/basic_comms' returned '0': PYTHONPATH=/root/ros2_frws/build/basic_comms/prefix_override:/root/ros2_frws/install/basic_comms/lib/python3.10/site-packages:${PYTHONPATH} /usr/bin/python3 setup.py egg_info --egg-base ../../build/basic_comms build --build-base /root/ros2_frws/build/basic_comms/build install --record /root/ros2_frws/build/basic_comms/install.log --single-version-externally-managed
