[2.261s] Invoking command in '/root/ros2_frws/src/basic_comms_param': PYTHONPATH=/root/ros2_frws/build/basic_comms_param/prefix_override:/root/ros2_frws/install/basic_comms_param/lib/python3.10/site-packages:${PYTHONPATH} /usr/bin/python3 setup.py egg_info --egg-base ../../build/basic_comms_param build --build-base /root/ros2_frws/build/basic_comms_param/build install --record /root/ros2_frws/build/basic_comms_param/install.log --single-version-externally-managed
[2.507s] running egg_info
[2.525s] writing ../../build/basic_comms_param/basic_comms_param.egg-info/PKG-INFO
[2.527s] writing dependency_links to ../../build/basic_comms_param/basic_comms_param.egg-info/dependency_links.txt
[2.527s] writing entry points to ../../build/basic_comms_param/basic_comms_param.egg-info/entry_points.txt
[2.528s] writing requirements to ../../build/basic_comms_param/basic_comms_param.egg-info/requires.txt
[2.528s] writing top-level names to ../../build/basic_comms_param/basic_comms_param.egg-info/top_level.txt
[2.562s] reading manifest file '../../build/basic_comms_param/basic_comms_param.egg-info/SOURCES.txt'
[2.562s] adding license file 'LICENSE'
[2.563s] writing manifest file '../../build/basic_comms_param/basic_comms_param.egg-info/SOURCES.txt'
[2.563s] running build
[2.563s] running build_py
[2.563s] running install
[2.563s] /root/.local/lib/python3.10/site-packages/setuptools/_distutils/cmd.py:66: SetuptoolsDeprecationWarning: setup.py install is deprecated.
[2.563s] !!
[2.564s] 
[2.564s]         ********************************************************************************
[2.564s]         Please avoid running ``setup.py`` directly.
[2.564s]         Instead, use pypa/build, pypa/installer or other
[2.564s]         standards-based tools.
[2.564s] 
[2.564s]         See https://blog.ganssle.io/articles/2021/10/setup-py-deprecated.html for details.
[2.565s]         ********************************************************************************
[2.565s] 
[2.565s] !!
[2.566s]   self.initialize_options()
[2.568s] running install_lib
[2.583s] running install_data
[2.596s] running install_egg_info
[2.650s] removing '/root/ros2_frws/install/basic_comms_param/lib/python3.10/site-packages/basic_comms_param-0.0.0-py3.10.egg-info' (and everything under it)
[2.650s] Copying ../../build/basic_comms_param/basic_comms_param.egg-info to /root/ros2_frws/install/basic_comms_param/lib/python3.10/site-packages/basic_comms_param-0.0.0-py3.10.egg-info
[2.654s] running install_scripts
[2.821s] Installing talker_params script to /root/ros2_frws/install/basic_comms_param/lib/basic_comms_param
[2.822s] writing list of installed files to '/root/ros2_frws/build/basic_comms_param/install.log'
[2.951s] Invoked command in '/root/ros2_frws/src/basic_comms_param' returned '0': PYTHONPATH=/root/ros2_frws/build/basic_comms_param/prefix_override:/root/ros2_frws/install/basic_comms_param/lib/python3.10/site-packages:${PYTHONPATH} /usr/bin/python3 setup.py egg_info --egg-base ../../build/basic_comms_param build --build-base /root/ros2_frws/build/basic_comms_param/build install --record /root/ros2_frws/build/basic_comms_param/install.log --single-version-externally-managed
