[1.653s] Invoking command in '/root/ros2_frws/src/basic_comms': PYTHONPATH=/root/ros2_frws/build/basic_comms/prefix_override:/root/ros2_frws/install/basic_comms/lib/python3.10/site-packages:${PYTHONPATH} /usr/bin/python3 setup.py egg_info --egg-base ../../build/basic_comms build --build-base /root/ros2_frws/build/basic_comms/build install --record /root/ros2_frws/build/basic_comms/install.log --single-version-externally-managed
[1.862s] running egg_info
[1.876s] writing ../../build/basic_comms/basic_comms.egg-info/PKG-INFO
[1.876s] writing dependency_links to ../../build/basic_comms/basic_comms.egg-info/dependency_links.txt
[1.877s] writing entry points to ../../build/basic_comms/basic_comms.egg-info/entry_points.txt
[1.877s] writing requirements to ../../build/basic_comms/basic_comms.egg-info/requires.txt
[1.877s] writing top-level names to ../../build/basic_comms/basic_comms.egg-info/top_level.txt
[1.906s] reading manifest file '../../build/basic_comms/basic_comms.egg-info/SOURCES.txt'
[1.906s] writing manifest file '../../build/basic_comms/basic_comms.egg-info/SOURCES.txt'
[1.907s] running build
[1.907s] running build_py
[1.908s] running install
[1.909s] /root/.local/lib/python3.10/site-packages/setuptools/_distutils/cmd.py:66: SetuptoolsDeprecationWarning: setup.py install is deprecated.
[1.909s] !!
[1.909s] 
[1.909s]         ********************************************************************************
[1.909s]         Please avoid running ``setup.py`` directly.
[1.909s]         Instead, use pypa/build, pypa/installer or other
[1.909s]         standards-based tools.
[1.909s] 
[1.909s]         See https://blog.ganssle.io/articles/2021/10/setup-py-deprecated.html for details.
[1.910s]         ********************************************************************************
[1.910s] 
[1.911s] !!
[1.911s]   self.initialize_options()
[1.914s] running install_lib
[1.930s] running install_data
[1.942s] running install_egg_info
[1.953s] removing '/root/ros2_frws/install/basic_comms/lib/python3.10/site-packages/basic_comms-0.0.0-py3.10.egg-info' (and everything under it)
[1.953s] Copying ../../build/basic_comms/basic_comms.egg-info to /root/ros2_frws/install/basic_comms/lib/python3.10/site-packages/basic_comms-0.0.0-py3.10.egg-info
[1.954s] running install_scripts
[2.109s] Installing subscriber script to /root/ros2_frws/install/basic_comms/lib/basic_comms
[2.109s] Installing talker script to /root/ros2_frws/install/basic_comms/lib/basic_comms
[2.109s] writing list of installed files to '/root/ros2_frws/build/basic_comms/install.log'
[2.210s] Invoked command in '/root/ros2_frws/src/basic_comms' returned '0': PYTHONPATH=/root/ros2_frws/build/basic_comms/prefix_override:/root/ros2_frws/install/basic_comms/lib/python3.10/site-packages:${PYTHONPATH} /usr/bin/python3 setup.py egg_info --egg-base ../../build/basic_comms build --build-base /root/ros2_frws/build/basic_comms/build install --record /root/ros2_frws/build/basic_comms/install.log --single-version-externally-managed
