[2.446s] Invoking command in '/root/ros2_frws/src/basic_comms': PYTHONPATH=/root/ros2_frws/build/basic_comms/prefix_override:/root/ros2_frws/install/basic_comms/lib/python3.10/site-packages:${PYTHONPATH} /usr/bin/python3 setup.py egg_info --egg-base ../../build/basic_comms build --build-base /root/ros2_frws/build/basic_comms/build install --record /root/ros2_frws/build/basic_comms/install.log --single-version-externally-managed
[2.720s] running egg_info
[2.737s] writing ../../build/basic_comms/basic_comms.egg-info/PKG-INFO
[2.737s] writing dependency_links to ../../build/basic_comms/basic_comms.egg-info/dependency_links.txt
[2.738s] writing entry points to ../../build/basic_comms/basic_comms.egg-info/entry_points.txt
[2.738s] writing requirements to ../../build/basic_comms/basic_comms.egg-info/requires.txt
[2.738s] writing top-level names to ../../build/basic_comms/basic_comms.egg-info/top_level.txt
[2.775s] reading manifest file '../../build/basic_comms/basic_comms.egg-info/SOURCES.txt'
[2.775s] writing manifest file '../../build/basic_comms/basic_comms.egg-info/SOURCES.txt'
[2.775s] running build
[2.775s] running build_py
[2.776s] /root/.local/lib/python3.10/site-packages/setuptools/_distutils/cmd.py:66: SetuptoolsDeprecationWarning: setup.py install is deprecated.
[2.776s] !!
[2.776s] 
[2.776s]         ********************************************************************************
[2.776s]         Please avoid running ``setup.py`` directly.
[2.776s]         Instead, use pypa/build, pypa/installer or other
[2.776s]         standards-based tools.
[2.776s] 
[2.776s]         See https://blog.ganssle.io/articles/2021/10/setup-py-deprecated.html for details.
[2.776s]         ********************************************************************************
[2.777s] 
[2.777s] !!
[2.777s]   self.initialize_options()
[2.777s] running install
[2.781s] running install_lib
[2.795s] running install_data
[2.817s] running install_egg_info
[2.872s] removing '/root/ros2_frws/install/basic_comms/lib/python3.10/site-packages/basic_comms-0.0.0-py3.10.egg-info' (and everything under it)
[2.872s] Copying ../../build/basic_comms/basic_comms.egg-info to /root/ros2_frws/install/basic_comms/lib/python3.10/site-packages/basic_comms-0.0.0-py3.10.egg-info
[2.875s] running install_scripts
[3.013s] Installing subscriber script to /root/ros2_frws/install/basic_comms/lib/basic_comms
[3.014s] Installing talker script to /root/ros2_frws/install/basic_comms/lib/basic_comms
[3.014s] writing list of installed files to '/root/ros2_frws/build/basic_comms/install.log'
[3.155s] Invoked command in '/root/ros2_frws/src/basic_comms' returned '0': PYTHONPATH=/root/ros2_frws/build/basic_comms/prefix_override:/root/ros2_frws/install/basic_comms/lib/python3.10/site-packages:${PYTHONPATH} /usr/bin/python3 setup.py egg_info --egg-base ../../build/basic_comms build --build-base /root/ros2_frws/build/basic_comms/build install --record /root/ros2_frws/build/basic_comms/install.log --single-version-externally-managed
