[2.124s] Invoking command in '/root/ros2_frws/src/basic_comms_param': PYTHONPATH=/root/ros2_frws/build/basic_comms_param/prefix_override:/root/ros2_frws/install/basic_comms_param/lib/python3.10/site-packages:${PYTHONPATH} /usr/bin/python3 setup.py egg_info --egg-base ../../build/basic_comms_param build --build-base /root/ros2_frws/build/basic_comms_param/build install --record /root/ros2_frws/build/basic_comms_param/install.log --single-version-externally-managed
[2.362s] running egg_info
[2.376s] writing ../../build/basic_comms_param/basic_comms_param.egg-info/PKG-INFO
[2.377s] writing dependency_links to ../../build/basic_comms_param/basic_comms_param.egg-info/dependency_links.txt
[2.377s] writing entry points to ../../build/basic_comms_param/basic_comms_param.egg-info/entry_points.txt
[2.377s] writing requirements to ../../build/basic_comms_param/basic_comms_param.egg-info/requires.txt
[2.378s] writing top-level names to ../../build/basic_comms_param/basic_comms_param.egg-info/top_level.txt
[2.408s] reading manifest file '../../build/basic_comms_param/basic_comms_param.egg-info/SOURCES.txt'
[2.408s] adding license file 'LICENSE'
[2.409s] writing manifest file '../../build/basic_comms_param/basic_comms_param.egg-info/SOURCES.txt'
[2.409s] running build
[2.409s] running build_py
[2.410s] running install
[2.410s] /root/.local/lib/python3.10/site-packages/setuptools/_distutils/cmd.py:66: SetuptoolsDeprecationWarning: setup.py install is deprecated.
[2.410s] !!
[2.410s] 
[2.410s]         ********************************************************************************
[2.410s]         Please avoid running ``setup.py`` directly.
[2.410s]         Instead, use pypa/build, pypa/installer or other
[2.410s]         standards-based tools.
[2.410s] 
[2.411s]         See https://blog.ganssle.io/articles/2021/10/setup-py-deprecated.html for details.
[2.411s]         ********************************************************************************
[2.411s] 
[2.411s] !!
[2.411s]   self.initialize_options()
[2.417s] running install_lib
[2.431s] running install_data
[2.444s] running install_egg_info
[2.460s] removing '/root/ros2_frws/install/basic_comms_param/lib/python3.10/site-packages/basic_comms_param-0.0.0-py3.10.egg-info' (and everything under it)
[2.460s] Copying ../../build/basic_comms_param/basic_comms_param.egg-info to /root/ros2_frws/install/basic_comms_param/lib/python3.10/site-packages/basic_comms_param-0.0.0-py3.10.egg-info
[2.461s] running install_scripts
[2.623s] Installing talker_params script to /root/ros2_frws/install/basic_comms_param/lib/basic_comms_param
[2.623s] writing list of installed files to '/root/ros2_frws/build/basic_comms_param/install.log'
[2.728s] Invoked command in '/root/ros2_frws/src/basic_comms_param' returned '0': PYTHONPATH=/root/ros2_frws/build/basic_comms_param/prefix_override:/root/ros2_frws/install/basic_comms_param/lib/python3.10/site-packages:${PYTHONPATH} /usr/bin/python3 setup.py egg_info --egg-base ../../build/basic_comms_param build --build-base /root/ros2_frws/build/basic_comms_param/build install --record /root/ros2_frws/build/basic_comms_param/install.log --single-version-externally-managed
