[1.701s] Invoking command in '/root/ros2_frws/src/basic_comms_param': PYTHONPATH=/root/ros2_frws/build/basic_comms_param/prefix_override:/root/ros2_frws/install/basic_comms_param/lib/python3.10/site-packages:${PYTHONPATH} /usr/bin/python3 setup.py egg_info --egg-base ../../build/basic_comms_param build --build-base /root/ros2_frws/build/basic_comms_param/build install --record /root/ros2_frws/build/basic_comms_param/install.log --single-version-externally-managed
[1.890s] running egg_info
[1.902s] writing ../../build/basic_comms_param/basic_comms_param.egg-info/PKG-INFO
[1.903s] writing dependency_links to ../../build/basic_comms_param/basic_comms_param.egg-info/dependency_links.txt
[1.903s] writing entry points to ../../build/basic_comms_param/basic_comms_param.egg-info/entry_points.txt
[1.903s] writing requirements to ../../build/basic_comms_param/basic_comms_param.egg-info/requires.txt
[1.903s] writing top-level names to ../../build/basic_comms_param/basic_comms_param.egg-info/top_level.txt
[1.927s] reading manifest file '../../build/basic_comms_param/basic_comms_param.egg-info/SOURCES.txt'
[1.927s] adding license file 'LICENSE'
[1.927s] writing manifest file '../../build/basic_comms_param/basic_comms_param.egg-info/SOURCES.txt'
[1.927s] running build
[1.927s] running build_py
[1.928s] running install
[1.928s] /root/.local/lib/python3.10/site-packages/setuptools/_distutils/cmd.py:66: SetuptoolsDeprecationWarning: setup.py install is deprecated.
[1.928s] !!
[1.928s] 
[1.929s]         ********************************************************************************
[1.929s]         Please avoid running ``setup.py`` directly.
[1.929s]         Instead, use pypa/build, pypa/installer or other
[1.929s]         standards-based tools.
[1.929s] 
[1.929s]         See https://blog.ganssle.io/articles/2021/10/setup-py-deprecated.html for details.
[1.929s]         ********************************************************************************
[1.930s] 
[1.930s] !!
[1.930s]   self.initialize_options()
[1.933s] running install_lib
[1.947s] running install_data
[1.961s] running install_egg_info
[1.996s] removing '/root/ros2_frws/install/basic_comms_param/lib/python3.10/site-packages/basic_comms_param-0.0.0-py3.10.egg-info' (and everything under it)
[1.997s] Copying ../../build/basic_comms_param/basic_comms_param.egg-info to /root/ros2_frws/install/basic_comms_param/lib/python3.10/site-packages/basic_comms_param-0.0.0-py3.10.egg-info
[2.000s] running install_scripts
[2.119s] Installing talker_params script to /root/ros2_frws/install/basic_comms_param/lib/basic_comms_param
[2.120s] writing list of installed files to '/root/ros2_frws/build/basic_comms_param/install.log'
[2.194s] Invoked command in '/root/ros2_frws/src/basic_comms_param' returned '0': PYTHONPATH=/root/ros2_frws/build/basic_comms_param/prefix_override:/root/ros2_frws/install/basic_comms_param/lib/python3.10/site-packages:${PYTHONPATH} /usr/bin/python3 setup.py egg_info --egg-base ../../build/basic_comms_param build --build-base /root/ros2_frws/build/basic_comms_param/build install --record /root/ros2_frws/build/basic_comms_param/install.log --single-version-externally-managed
