running egg_info
writing ../../build/basic_comms/basic_comms.egg-info/PKG-INFO
writing dependency_links to ../../build/basic_comms/basic_comms.egg-info/dependency_links.txt
writing entry points to ../../build/basic_comms/basic_comms.egg-info/entry_points.txt
writing requirements to ../../build/basic_comms/basic_comms.egg-info/requires.txt
writing top-level names to ../../build/basic_comms/basic_comms.egg-info/top_level.txt
reading manifest file '../../build/basic_comms/basic_comms.egg-info/SOURCES.txt'
writing manifest file '../../build/basic_comms/basic_comms.egg-info/SOURCES.txt'
running build
running build_py
copying basic_comms/talker.py -> /root/ros2_frws/build/basic_comms/build/lib/basic_comms
copying basic_comms/subscriber.py -> /root/ros2_frws/build/basic_comms/build/lib/basic_comms
running install
running install_lib
copying /root/ros2_frws/build/basic_comms/build/lib/basic_comms/talker.py -> /root/ros2_frws/install/basic_comms/lib/python3.10/site-packages/basic_comms
copying /root/ros2_frws/build/basic_comms/build/lib/basic_comms/subscriber.py -> /root/ros2_frws/install/basic_comms/lib/python3.10/site-packages/basic_comms
byte-compiling /root/ros2_frws/install/basic_comms/lib/python3.10/site-packages/basic_comms/talker.py to talker.cpython-310.pyc
byte-compiling /root/ros2_frws/install/basic_comms/lib/python3.10/site-packages/basic_comms/subscriber.py to subscriber.cpython-310.pyc
running install_data
running install_egg_info
removing '/root/ros2_frws/install/basic_comms/lib/python3.10/site-packages/basic_comms-0.0.0-py3.10.egg-info' (and everything under it)
Copying ../../build/basic_comms/basic_comms.egg-info to /root/ros2_frws/install/basic_comms/lib/python3.10/site-packages/basic_comms-0.0.0-py3.10.egg-info
running install_scripts
Installing subscriber script to /root/ros2_frws/install/basic_comms/lib/basic_comms
Installing talker script to /root/ros2_frws/install/basic_comms/lib/basic_comms
writing list of installed files to '/root/ros2_frws/build/basic_comms/install.log'
