[2.237s] Invoking command in '/root/ros2_frws/src/basic_comms_params': PYTHONPATH=/root/ros2_frws/build/basic_comms_params/prefix_override:/root/ros2_frws/install/basic_comms_params/lib/python3.10/site-packages:${PYTHONPATH} /usr/bin/python3 setup.py egg_info --egg-base ../../build/basic_comms_params build --build-base /root/ros2_frws/build/basic_comms_params/build install --record /root/ros2_frws/build/basic_comms_params/install.log --single-version-externally-managed
[2.560s] running egg_info
[2.582s] writing ../../build/basic_comms_params/basic_comms_params.egg-info/PKG-INFO
[2.582s] writing dependency_links to ../../build/basic_comms_params/basic_comms_params.egg-info/dependency_links.txt
[2.582s] writing entry points to ../../build/basic_comms_params/basic_comms_params.egg-info/entry_points.txt
[2.583s] writing requirements to ../../build/basic_comms_params/basic_comms_params.egg-info/requires.txt
[2.585s] writing top-level names to ../../build/basic_comms_params/basic_comms_params.egg-info/top_level.txt
[2.608s] reading manifest file '../../build/basic_comms_params/basic_comms_params.egg-info/SOURCES.txt'
[2.609s] writing manifest file '../../build/basic_comms_params/basic_comms_params.egg-info/SOURCES.txt'
[2.609s] running build
[2.610s] running build_py
[2.610s] running install
[2.610s] /root/.local/lib/python3.10/site-packages/setuptools/_distutils/cmd.py:66: SetuptoolsDeprecationWarning: setup.py install is deprecated.
[2.610s] !!
[2.610s] 
[2.611s]         ********************************************************************************
[2.611s]         Please avoid running ``setup.py`` directly.
[2.611s]         Instead, use pypa/build, pypa/installer or other
[2.611s]         standards-based tools.
[2.611s] 
[2.611s]         See https://blog.ganssle.io/articles/2021/10/setup-py-deprecated.html for details.
[2.611s]         ********************************************************************************
[2.611s] 
[2.611s] !!
[2.611s]   self.initialize_options()
[2.616s] running install_lib
[2.632s] running install_data
[2.661s] running install_egg_info
[2.686s] removing '/root/ros2_frws/install/basic_comms_params/lib/python3.10/site-packages/basic_comms_params-0.0.0-py3.10.egg-info' (and everything under it)
[2.686s] Copying ../../build/basic_comms_params/basic_comms_params.egg-info to /root/ros2_frws/install/basic_comms_params/lib/python3.10/site-packages/basic_comms_params-0.0.0-py3.10.egg-info
[2.688s] running install_scripts
[2.838s] Installing talker_params script to /root/ros2_frws/install/basic_comms_params/lib/basic_comms_params
[2.838s] writing list of installed files to '/root/ros2_frws/build/basic_comms_params/install.log'
[2.918s] Invoked command in '/root/ros2_frws/src/basic_comms_params' returned '0': PYTHONPATH=/root/ros2_frws/build/basic_comms_params/prefix_override:/root/ros2_frws/install/basic_comms_params/lib/python3.10/site-packages:${PYTHONPATH} /usr/bin/python3 setup.py egg_info --egg-base ../../build/basic_comms_params build --build-base /root/ros2_frws/build/basic_comms_params/build install --record /root/ros2_frws/build/basic_comms_params/install.log --single-version-externally-managed
