[1.018s] Invoking command in '/root/ros2_frws/build/moveit_resources_panda_description': CMAKE_PREFIX_PATH=/opt/ros/humble /usr/bin/cmake /root/ros2_frws/src/moveit_resources/panda_description -DCMAKE_INSTALL_PREFIX=/root/ros2_frws/install/moveit_resources_panda_description
[2.318s] -- The C compiler identification is GNU 11.4.0
[2.318s] -- The CXX compiler identification is GNU 11.4.0
[2.318s] -- Detecting C compiler ABI info
[2.318s] -- Detecting C compiler ABI info - done
[2.318s] -- Check for working C compiler: /usr/bin/cc - skipped
[2.318s] -- Detecting C compile features
[2.318s] -- Detecting C compile features - done
[2.318s] -- Detecting CXX compiler ABI info
[2.318s] -- Detecting CXX compiler ABI info - done
[2.319s] -- Check for working CXX compiler: /usr/bin/c++ - skipped
[2.319s] -- Detecting CXX compile features
[2.319s] -- Detecting CXX compile features - done
[2.319s] -- Found ament_cmake: 1.3.8 (/opt/ros/humble/share/ament_cmake/cmake)
[2.319s] -- Found Python3: /usr/bin/python3 (found version "3.10.12") found components: Interpreter 
[2.319s] -- Configuring done
[2.319s] -- Generating done
[2.320s] -- Build files have been written to: /root/ros2_frws/build/moveit_resources_panda_description
[2.353s] Invoked command in '/root/ros2_frws/build/moveit_resources_panda_description' returned '0': CMAKE_PREFIX_PATH=/opt/ros/humble /usr/bin/cmake /root/ros2_frws/src/moveit_resources/panda_description -DCMAKE_INSTALL_PREFIX=/root/ros2_frws/install/moveit_resources_panda_description
[2.358s] Invoking command in '/root/ros2_frws/build/moveit_resources_panda_description': CMAKE_PREFIX_PATH=/opt/ros/humble /usr/bin/cmake --build /root/ros2_frws/build/moveit_resources_panda_description -- -j16 -l16
[2.421s] Invoked command in '/root/ros2_frws/build/moveit_resources_panda_description' returned '0': CMAKE_PREFIX_PATH=/opt/ros/humble /usr/bin/cmake --build /root/ros2_frws/build/moveit_resources_panda_description -- -j16 -l16
[2.570s] Invoking command in '/root/ros2_frws/build/moveit_resources_panda_description': CMAKE_PREFIX_PATH=/opt/ros/humble /usr/bin/cmake --install /root/ros2_frws/build/moveit_resources_panda_description
[2.613s] -- Install configuration: ""
[2.614s] -- Installing: /root/ros2_frws/install/moveit_resources_panda_description/share/ament_index/resource_index/package_run_dependencies/moveit_resources_panda_description
[2.615s] -- Installing: /root/ros2_frws/install/moveit_resources_panda_description/share/ament_index/resource_index/parent_prefix_path/moveit_resources_panda_description
[2.615s] -- Installing: /root/ros2_frws/install/moveit_resources_panda_description/share/moveit_resources_panda_description/environment/ament_prefix_path.sh
[2.615s] -- Installing: /root/ros2_frws/install/moveit_resources_panda_description/share/moveit_resources_panda_description/environment/ament_prefix_path.dsv
[2.616s] -- Installing: /root/ros2_frws/install/moveit_resources_panda_description/share/moveit_resources_panda_description/environment/path.sh
[2.616s] -- Installing: /root/ros2_frws/install/moveit_resources_panda_description/share/moveit_resources_panda_description/environment/path.dsv
[2.616s] -- Installing: /root/ros2_frws/install/moveit_resources_panda_description/share/moveit_resources_panda_description/local_setup.bash
[2.616s] -- Installing: /root/ros2_frws/install/moveit_resources_panda_description/share/moveit_resources_panda_description/local_setup.sh
[2.616s] -- Installing: /root/ros2_frws/install/moveit_resources_panda_description/share/moveit_resources_panda_description/local_setup.zsh
[2.617s] -- Installing: /root/ros2_frws/install/moveit_resources_panda_description/share/moveit_resources_panda_description/local_setup.dsv
[2.617s] -- Installing: /root/ros2_frws/install/moveit_resources_panda_description/share/moveit_resources_panda_description/package.dsv
[2.618s] -- Installing: /root/ros2_frws/install/moveit_resources_panda_description/share/ament_index/resource_index/packages/moveit_resources_panda_description
[2.618s] -- Installing: /root/ros2_frws/install/moveit_resources_panda_description/share/moveit_resources_panda_description/cmake/moveit_resources_panda_descriptionConfig.cmake
[2.618s] -- Installing: /root/ros2_frws/install/moveit_resources_panda_description/share/moveit_resources_panda_description/cmake/moveit_resources_panda_descriptionConfig-version.cmake
[2.619s] -- Installing: /root/ros2_frws/install/moveit_resources_panda_description/share/moveit_resources_panda_description/package.xml
[2.619s] -- Installing: /root/ros2_frws/install/moveit_resources_panda_description/share/moveit_resources_panda_description/meshes
[2.619s] -- Installing: /root/ros2_frws/install/moveit_resources_panda_description/share/moveit_resources_panda_description/meshes/visual
[2.620s] -- Installing: /root/ros2_frws/install/moveit_resources_panda_description/share/moveit_resources_panda_description/meshes/visual/link6.dae
[2.620s] -- Installing: /root/ros2_frws/install/moveit_resources_panda_description/share/moveit_resources_panda_description/meshes/visual/hand.dae
[2.620s] -- Installing: /root/ros2_frws/install/moveit_resources_panda_description/share/moveit_resources_panda_description/meshes/visual/link4.dae
[2.620s] -- Installing: /root/ros2_frws/install/moveit_resources_panda_description/share/moveit_resources_panda_description/meshes/visual/link3.dae
[2.621s] -- Installing: /root/ros2_frws/install/moveit_resources_panda_description/share/moveit_resources_panda_description/meshes/visual/finger.dae
[2.621s] -- Installing: /root/ros2_frws/install/moveit_resources_panda_description/share/moveit_resources_panda_description/meshes/visual/link7.dae
[2.621s] -- Installing: /root/ros2_frws/install/moveit_resources_panda_description/share/moveit_resources_panda_description/meshes/visual/link1.dae
[2.621s] -- Installing: /root/ros2_frws/install/moveit_resources_panda_description/share/moveit_resources_panda_description/meshes/visual/link5.dae
[2.622s] -- Installing: /root/ros2_frws/install/moveit_resources_panda_description/share/moveit_resources_panda_description/meshes/visual/link2.dae
[2.625s] -- Installing: /root/ros2_frws/install/moveit_resources_panda_description/share/moveit_resources_panda_description/meshes/visual/link0.dae
[2.643s] -- Installing: /root/ros2_frws/install/moveit_resources_panda_description/share/moveit_resources_panda_description/meshes/collision
[2.643s] -- Installing: /root/ros2_frws/install/moveit_resources_panda_description/share/moveit_resources_panda_description/meshes/collision/link4.stl
[2.644s] -- Installing: /root/ros2_frws/install/moveit_resources_panda_description/share/moveit_resources_panda_description/meshes/collision/link6.stl
[2.645s] -- Installing: /root/ros2_frws/install/moveit_resources_panda_description/share/moveit_resources_panda_description/meshes/collision/finger.stl
[2.645s] -- Installing: /root/ros2_frws/install/moveit_resources_panda_description/share/moveit_resources_panda_description/meshes/collision/hand.stl
[2.645s] -- Installing: /root/ros2_frws/install/moveit_resources_panda_description/share/moveit_resources_panda_description/meshes/collision/link2.stl
[2.647s] -- Installing: /root/ros2_frws/install/moveit_resources_panda_description/share/moveit_resources_panda_description/meshes/collision/link5.stl
[2.647s] -- Installing: /root/ros2_frws/install/moveit_resources_panda_description/share/moveit_resources_panda_description/meshes/collision/link1.stl
[2.647s] -- Installing: /root/ros2_frws/install/moveit_resources_panda_description/share/moveit_resources_panda_description/meshes/collision/link0.stl
[2.647s] -- Installing: /root/ros2_frws/install/moveit_resources_panda_description/share/moveit_resources_panda_description/meshes/collision/link3.stl
[2.647s] -- Installing: /root/ros2_frws/install/moveit_resources_panda_description/share/moveit_resources_panda_description/meshes/collision/link7.stl
[2.648s] -- Installing: /root/ros2_frws/install/moveit_resources_panda_description/share/moveit_resources_panda_description/urdf
[2.648s] -- Installing: /root/ros2_frws/install/moveit_resources_panda_description/share/moveit_resources_panda_description/urdf/panda.urdf
