[1.220s] Invoking command in '/root/ros2_frws/src/course_works': PYTHONPATH=/root/ros2_frws/build/course_works/prefix_override:/root/ros2_frws/install/course_works/lib/python3.10/site-packages:${PYTHONPATH} /usr/bin/python3 setup.py egg_info --egg-base ../../build/course_works build --build-base /root/ros2_frws/build/course_works/build install --record /root/ros2_frws/build/course_works/install.log --single-version-externally-managed
[1.449s] running egg_info
[1.465s] writing ../../build/course_works/course_works.egg-info/PKG-INFO
[1.465s] writing dependency_links to ../../build/course_works/course_works.egg-info/dependency_links.txt
[1.465s] writing entry points to ../../build/course_works/course_works.egg-info/entry_points.txt
[1.466s] writing requirements to ../../build/course_works/course_works.egg-info/requires.txt
[1.466s] writing top-level names to ../../build/course_works/course_works.egg-info/top_level.txt
[1.498s] reading manifest file '../../build/course_works/course_works.egg-info/SOURCES.txt'
[1.498s] adding license file 'LICENSE'
[1.499s] writing manifest file '../../build/course_works/course_works.egg-info/SOURCES.txt'
[1.499s] running build
[1.499s] running build_py
[1.499s] copying course_works/process_node.py -> /root/ros2_frws/build/course_works/build/lib/course_works
[1.499s] running install
[1.500s] /root/.local/lib/python3.10/site-packages/setuptools/_distutils/cmd.py:66: SetuptoolsDeprecationWarning: setup.py install is deprecated.
[1.500s] !!
[1.500s] 
[1.500s]         ********************************************************************************
[1.500s]         Please avoid running ``setup.py`` directly.
[1.500s]         Instead, use pypa/build, pypa/installer or other
[1.500s]         standards-based tools.
[1.500s] 
[1.500s]         See https://blog.ganssle.io/articles/2021/10/setup-py-deprecated.html for details.
[1.500s]         ********************************************************************************
[1.500s] 
[1.500s] !!
[1.501s]   self.initialize_options()
[1.506s] running install_lib
[1.518s] copying /root/ros2_frws/build/course_works/build/lib/course_works/process_node.py -> /root/ros2_frws/install/course_works/lib/python3.10/site-packages/course_works
[1.519s] byte-compiling /root/ros2_frws/install/course_works/lib/python3.10/site-packages/course_works/process_node.py to process_node.cpython-310.pyc
[1.520s] running install_data
[1.532s] running install_egg_info
[1.549s] removing '/root/ros2_frws/install/course_works/lib/python3.10/site-packages/course_works-0.0.0-py3.10.egg-info' (and everything under it)
[1.550s] Copying ../../build/course_works/course_works.egg-info to /root/ros2_frws/install/course_works/lib/python3.10/site-packages/course_works-0.0.0-py3.10.egg-info
[1.550s] running install_scripts
[1.667s] Installing process_node script to /root/ros2_frws/install/course_works/lib/course_works
[1.668s] Installing signal_generator script to /root/ros2_frws/install/course_works/lib/course_works
[1.668s] writing list of installed files to '/root/ros2_frws/build/course_works/install.log'
[1.744s] Invoked command in '/root/ros2_frws/src/course_works' returned '0': PYTHONPATH=/root/ros2_frws/build/course_works/prefix_override:/root/ros2_frws/install/course_works/lib/python3.10/site-packages:${PYTHONPATH} /usr/bin/python3 setup.py egg_info --egg-base ../../build/course_works build --build-base /root/ros2_frws/build/course_works/build install --record /root/ros2_frws/build/course_works/install.log --single-version-externally-managed
