[1.338s] Invoking command in '/root/ros2_frws/build/realsense_gazebo_plugin': CMAKE_PREFIX_PATH=${CMAKE_PREFIX_PATH}:/root/ros2_frws/install/moveit_configs_utils:/root/ros2_frws/install/course_works:/root/ros2_frws/install/challenge_2:/root/ros2_frws/install/basic_comms_params:/root/ros2_frws/install/basic_comms_param:/root/ros2_frws/install/basic_comms:/opt/ros/humble /usr/bin/cmake --build /root/ros2_frws/build/realsense_gazebo_plugin -- -j16 -l16
[1.574s] [35m[1mConsolidate compiler generated dependencies of target realsense_gazebo_plugin[0m
[2.546s] [100%] Built target realsense_gazebo_plugin
[2.660s] Invoked command in '/root/ros2_frws/build/realsense_gazebo_plugin' returned '0': CMAKE_PREFIX_PATH=${CMAKE_PREFIX_PATH}:/root/ros2_frws/install/moveit_configs_utils:/root/ros2_frws/install/course_works:/root/ros2_frws/install/challenge_2:/root/ros2_frws/install/basic_comms_params:/root/ros2_frws/install/basic_comms_param:/root/ros2_frws/install/basic_comms:/opt/ros/humble /usr/bin/cmake --build /root/ros2_frws/build/realsense_gazebo_plugin -- -j16 -l16
[2.736s] Invoking command in '/root/ros2_frws/build/realsense_gazebo_plugin': CMAKE_PREFIX_PATH=${CMAKE_PREFIX_PATH}:/root/ros2_frws/install/moveit_configs_utils:/root/ros2_frws/install/course_works:/root/ros2_frws/install/challenge_2:/root/ros2_frws/install/basic_comms_params:/root/ros2_frws/install/basic_comms_param:/root/ros2_frws/install/basic_comms:/opt/ros/humble /usr/bin/cmake --install /root/ros2_frws/build/realsense_gazebo_plugin
[2.741s] -- Install configuration: "Release"
[2.744s] -- Up-to-date: /root/ros2_frws/install/realsense_gazebo_plugin/lib/librealsense_gazebo_plugin.so
[2.744s] -- Up-to-date: /root/ros2_frws/install/realsense_gazebo_plugin/include/
[2.745s] -- Up-to-date: /root/ros2_frws/install/realsense_gazebo_plugin/include//realsense_gazebo_plugin
[2.745s] -- Up-to-date: /root/ros2_frws/install/realsense_gazebo_plugin/include//realsense_gazebo_plugin/RealSensePlugin.h
[2.746s] -- Up-to-date: /root/ros2_frws/install/realsense_gazebo_plugin/include//realsense_gazebo_plugin/gazebo_ros_realsense.h
[2.746s] -- Up-to-date: /root/ros2_frws/install/realsense_gazebo_plugin/share/realsense_gazebo_plugin/environment/library_path.sh
[2.746s] -- Up-to-date: /root/ros2_frws/install/realsense_gazebo_plugin/share/realsense_gazebo_plugin/environment/library_path.dsv
[2.746s] -- Up-to-date: /root/ros2_frws/install/realsense_gazebo_plugin/share/ament_index/resource_index/package_run_dependencies/realsense_gazebo_plugin
[2.746s] -- Up-to-date: /root/ros2_frws/install/realsense_gazebo_plugin/share/ament_index/resource_index/parent_prefix_path/realsense_gazebo_plugin
[2.746s] -- Up-to-date: /root/ros2_frws/install/realsense_gazebo_plugin/share/realsense_gazebo_plugin/environment/ament_prefix_path.sh
[2.747s] -- Up-to-date: /root/ros2_frws/install/realsense_gazebo_plugin/share/realsense_gazebo_plugin/environment/ament_prefix_path.dsv
[2.747s] -- Up-to-date: /root/ros2_frws/install/realsense_gazebo_plugin/share/realsense_gazebo_plugin/environment/path.sh
[2.747s] -- Up-to-date: /root/ros2_frws/install/realsense_gazebo_plugin/share/realsense_gazebo_plugin/environment/path.dsv
[2.747s] -- Up-to-date: /root/ros2_frws/install/realsense_gazebo_plugin/share/realsense_gazebo_plugin/local_setup.bash
[2.747s] -- Up-to-date: /root/ros2_frws/install/realsense_gazebo_plugin/share/realsense_gazebo_plugin/local_setup.sh
[2.748s] -- Up-to-date: /root/ros2_frws/install/realsense_gazebo_plugin/share/realsense_gazebo_plugin/local_setup.zsh
[2.748s] -- Up-to-date: /root/ros2_frws/install/realsense_gazebo_plugin/share/realsense_gazebo_plugin/local_setup.dsv
[2.748s] -- Installing: /root/ros2_frws/install/realsense_gazebo_plugin/share/realsense_gazebo_plugin/package.dsv
[2.750s] -- Up-to-date: /root/ros2_frws/install/realsense_gazebo_plugin/share/ament_index/resource_index/packages/realsense_gazebo_plugin
[2.750s] -- Up-to-date: /root/ros2_frws/install/realsense_gazebo_plugin/share/realsense_gazebo_plugin/cmake/ament_cmake_export_include_directories-extras.cmake
[2.750s] -- Up-to-date: /root/ros2_frws/install/realsense_gazebo_plugin/share/realsense_gazebo_plugin/cmake/ament_cmake_export_libraries-extras.cmake
[2.751s] -- Up-to-date: /root/ros2_frws/install/realsense_gazebo_plugin/share/realsense_gazebo_plugin/cmake/realsense_gazebo_pluginConfig.cmake
[2.751s] -- Up-to-date: /root/ros2_frws/install/realsense_gazebo_plugin/share/realsense_gazebo_plugin/cmake/realsense_gazebo_pluginConfig-version.cmake
[2.751s] -- Up-to-date: /root/ros2_frws/install/realsense_gazebo_plugin/share/realsense_gazebo_plugin/package.xml
[2.754s] Invoked command in '/root/ros2_frws/build/realsense_gazebo_plugin' returned '0': CMAKE_PREFIX_PATH=${CMAKE_PREFIX_PATH}:/root/ros2_frws/install/moveit_configs_utils:/root/ros2_frws/install/course_works:/root/ros2_frws/install/challenge_2:/root/ros2_frws/install/basic_comms_params:/root/ros2_frws/install/basic_comms_param:/root/ros2_frws/install/basic_comms:/opt/ros/humble /usr/bin/cmake --install /root/ros2_frws/build/realsense_gazebo_plugin
