[2.068s] Invoking command in '/root/ros2_frws/src/basic_comms': PYTHONPATH=/root/ros2_frws/build/basic_comms/prefix_override:/root/ros2_frws/install/basic_comms/lib/python3.10/site-packages:${PYTHONPATH} /usr/bin/python3 setup.py egg_info --egg-base ../../build/basic_comms build --build-base /root/ros2_frws/build/basic_comms/build install --record /root/ros2_frws/build/basic_comms/install.log --single-version-externally-managed
[2.286s] running egg_info
[2.300s] writing ../../build/basic_comms/basic_comms.egg-info/PKG-INFO
[2.301s] writing dependency_links to ../../build/basic_comms/basic_comms.egg-info/dependency_links.txt
[2.301s] writing entry points to ../../build/basic_comms/basic_comms.egg-info/entry_points.txt
[2.301s] writing requirements to ../../build/basic_comms/basic_comms.egg-info/requires.txt
[2.301s] writing top-level names to ../../build/basic_comms/basic_comms.egg-info/top_level.txt
[2.332s] reading manifest file '../../build/basic_comms/basic_comms.egg-info/SOURCES.txt'
[2.333s] writing manifest file '../../build/basic_comms/basic_comms.egg-info/SOURCES.txt'
[2.333s] running build
[2.333s] running build_py
[2.334s] running install
[2.334s] /root/.local/lib/python3.10/site-packages/setuptools/_distutils/cmd.py:66: SetuptoolsDeprecationWarning: setup.py install is deprecated.
[2.334s] !!
[2.334s] 
[2.334s]         ********************************************************************************
[2.334s]         Please avoid running ``setup.py`` directly.
[2.334s]         Instead, use pypa/build, pypa/installer or other
[2.334s]         standards-based tools.
[2.334s] 
[2.335s]         See https://blog.ganssle.io/articles/2021/10/setup-py-deprecated.html for details.
[2.335s]         ********************************************************************************
[2.335s] 
[2.335s] !!
[2.335s]   self.initialize_options()
[2.340s] running install_lib
[2.358s] running install_data
[2.374s] running install_egg_info
[2.388s] removing '/root/ros2_frws/install/basic_comms/lib/python3.10/site-packages/basic_comms-0.0.0-py3.10.egg-info' (and everything under it)
[2.389s] Copying ../../build/basic_comms/basic_comms.egg-info to /root/ros2_frws/install/basic_comms/lib/python3.10/site-packages/basic_comms-0.0.0-py3.10.egg-info
[2.390s] running install_scripts
[2.572s] Installing subscriber script to /root/ros2_frws/install/basic_comms/lib/basic_comms
[2.572s] Installing talker script to /root/ros2_frws/install/basic_comms/lib/basic_comms
[2.572s] writing list of installed files to '/root/ros2_frws/build/basic_comms/install.log'
[2.662s] Invoked command in '/root/ros2_frws/src/basic_comms' returned '0': PYTHONPATH=/root/ros2_frws/build/basic_comms/prefix_override:/root/ros2_frws/install/basic_comms/lib/python3.10/site-packages:${PYTHONPATH} /usr/bin/python3 setup.py egg_info --egg-base ../../build/basic_comms build --build-base /root/ros2_frws/build/basic_comms/build install --record /root/ros2_frws/build/basic_comms/install.log --single-version-externally-managed
