[0.048s] Invoking command in '/root/ros2_frws/build/xarm_planner': AMENT_PREFIX_PATH=/root/ros2_frws/install/xarm_moveit_config:/root/ros2_frws/install/xarm_gazebo:/root/ros2_frws/install/xarm_controller:/root/ros2_frws/install/xarm_api:/root/ros2_frws/install/xarm_sdk:/root/ros2_frws/install/xarm_msgs:/root/ros2_frws/install/xarm_description:${AMENT_PREFIX_PATH} CMAKE_PREFIX_PATH=/root/ros2_frws/install/xarm_moveit_config:/root/ros2_frws/install/xarm_gazebo:/root/ros2_frws/install/xarm_controller:/root/ros2_frws/install/xarm_api:/root/ros2_frws/install/xarm_sdk:/root/ros2_frws/install/xarm_msgs:/root/ros2_frws/install/xarm_description:/opt/ros/humble LD_LIBRARY_PATH=/root/ros2_frws/install/xarm_gazebo/lib:/root/ros2_frws/install/xarm_controller/lib:/root/ros2_frws/install/xarm_api/lib:/root/ros2_frws/install/xarm_sdk/lib:/root/ros2_frws/install/xarm_msgs/lib:${LD_LIBRARY_PATH} PYTHONPATH=/root/ros2_frws/install/xarm_msgs/local/lib/python3.10/dist-packages:${PYTHONPATH} /usr/bin/cmake /root/ros2_frws/src/xarm_ros2/xarm_planner -DCMAKE_INSTALL_PREFIX=/root/ros2_frws/install/xarm_planner
[0.088s] -- The C compiler identification is GNU 11.4.0
[0.125s] -- The CXX compiler identification is GNU 11.4.0
[0.130s] -- Detecting C compiler ABI info
[0.183s] -- Detecting C compiler ABI info - done
[0.188s] -- Check for working C compiler: /usr/bin/cc - skipped
[0.189s] -- Detecting C compile features
[0.189s] -- Detecting C compile features - done
[0.191s] -- Detecting CXX compiler ABI info
[0.253s] -- Detecting CXX compiler ABI info - done
[0.258s] -- Check for working CXX compiler: /usr/bin/c++ - skipped
[0.258s] -- Detecting CXX compile features
[0.258s] -- Detecting CXX compile features - done
[0.261s] -- Found ament_cmake: 1.3.5 (/opt/ros/humble/share/ament_cmake/cmake)
[0.601s] -- Found Python3: /usr/bin/python3.10 (found version "3.10.12") found components: Interpreter 
[0.699s] -- Found moveit: 2.5.5 (/opt/ros/humble/share/moveit/cmake)
[0.701s] -- Found moveit_ros_planning_interface: 2.5.5 (/opt/ros/humble/share/moveit_ros_planning_interface/cmake)
[0.845s] -- Found Boost: /usr/lib/x86_64-linux-gnu/cmake/Boost-1.74.0/BoostConfig.cmake (found version "1.74.0") found components: date_time filesystem program_options system thread 
[0.901s] -- Found rosidl_generator_c: 3.1.5 (/opt/ros/humble/share/rosidl_generator_c/cmake)
[0.909s] -- Found rosidl_adapter: 3.1.5 (/opt/ros/humble/share/rosidl_adapter/cmake)
[0.920s] -- Found rosidl_generator_cpp: 3.1.5 (/opt/ros/humble/share/rosidl_generator_cpp/cmake)
[0.932s] -- Using all available rosidl_typesupport_c: rosidl_typesupport_fastrtps_c;rosidl_typesupport_introspection_c
[0.950s] -- Using all available rosidl_typesupport_cpp: rosidl_typesupport_fastrtps_cpp;rosidl_typesupport_introspection_cpp
[1.949s] -- Found Boost: /usr/lib/x86_64-linux-gnu/cmake/Boost-1.74.0/BoostConfig.cmake (found version "1.74.0") found components: chrono date_time filesystem iostreams program_options regex serialization system thread 
[1.975s] -- Found parameter_traits: 0.3.6 (/opt/ros/humble/share/parameter_traits/cmake)
[2.030s] -- Found rmw_implementation_cmake: 6.1.1 (/opt/ros/humble/share/rmw_implementation_cmake/cmake)
[2.034s] -- Found rmw_fastrtps_cpp: 6.2.4 (/opt/ros/humble/share/rmw_fastrtps_cpp/cmake)
[2.124s] -- Found OpenSSL: /usr/lib/x86_64-linux-gnu/libcrypto.so (found version "3.0.2")  
[2.150s] -- Found FastRTPS: /opt/ros/humble/include  
[2.198s] -- Using RMW implementation 'rmw_fastrtps_cpp' as default
[2.209s] -- Found Threads: TRUE  
[2.332s] -- Found rclcpp_lifecycle: 16.0.6 (/opt/ros/humble/share/rclcpp_lifecycle/cmake)
[2.372s] -- Found Boost: /usr/lib/x86_64-linux-gnu/cmake/Boost-1.74.0/BoostConfig.cmake (found version "1.74.0") found components: filesystem 
[2.479s] -- library: /usr/lib/x86_64-linux-gnu/libcurl.so
[2.621s] -- Found Eigen3: TRUE (found version "3.4.0") 
[2.621s] -- Ensuring Eigen3 include directory is part of orocos-kdl CMake target
[3.105s] -- Found Boost: /usr/lib/x86_64-linux-gnu/cmake/Boost-1.74.0/BoostConfig.cmake (found version "1.74.0") found components: system filesystem date_time program_options thread chrono 
[3.541s] -- Found Boost: /usr/lib/x86_64-linux-gnu/cmake/Boost-1.74.0/BoostConfig.cmake (found version "1.74.0") found components: thread system filesystem regex date_time program_options 
[3.752s] -- Found Boost: /usr/lib/x86_64-linux-gnu/cmake/Boost-1.74.0/BoostConfig.cmake (found version "1.74.0") found components: system filesystem date_time program_options thread 
[4.102s] -- Found xarm_msgs: 0.0.0 (/root/ros2_frws/install/xarm_msgs/share/xarm_msgs/cmake)
[4.171s] -- Found ament_lint_auto: 0.12.8 (/opt/ros/humble/share/ament_lint_auto/cmake)
[4.252s] -- Added test 'copyright' to check source files copyright and LICENSE
[4.255s] -- Added test 'cppcheck' to perform static code analysis on C / C++ code
[4.256s] -- Configured cppcheck include dirs: /root/ros2_frws/src/xarm_ros2/xarm_planner/include
[4.256s] -- Configured cppcheck exclude dirs and/or files: 
[4.257s] -- Added test 'cpplint' to check C / C++ code against the Google style
[4.258s] -- Configured cpplint exclude dirs and/or files: 
[4.259s] -- Added test 'flake8' to check Python code syntax and style conventions
[4.260s] -- Added test 'lint_cmake' to check CMake code style
[4.262s] -- Added test 'pep257' to check Python code against some of the docstring style conventions in PEP 257
[4.266s] -- Added test 'uncrustify' to check C / C++ code style
[4.266s] -- Configured uncrustify additional arguments: 
[4.268s] -- Added test 'xmllint' to check XML markup files
[4.269s] -- Configuring done
[4.422s] -- Generating done
[4.427s] -- Build files have been written to: /root/ros2_frws/build/xarm_planner
[4.454s] Invoked command in '/root/ros2_frws/build/xarm_planner' returned '0': AMENT_PREFIX_PATH=/root/ros2_frws/install/xarm_moveit_config:/root/ros2_frws/install/xarm_gazebo:/root/ros2_frws/install/xarm_controller:/root/ros2_frws/install/xarm_api:/root/ros2_frws/install/xarm_sdk:/root/ros2_frws/install/xarm_msgs:/root/ros2_frws/install/xarm_description:${AMENT_PREFIX_PATH} CMAKE_PREFIX_PATH=/root/ros2_frws/install/xarm_moveit_config:/root/ros2_frws/install/xarm_gazebo:/root/ros2_frws/install/xarm_controller:/root/ros2_frws/install/xarm_api:/root/ros2_frws/install/xarm_sdk:/root/ros2_frws/install/xarm_msgs:/root/ros2_frws/install/xarm_description:/opt/ros/humble LD_LIBRARY_PATH=/root/ros2_frws/install/xarm_gazebo/lib:/root/ros2_frws/install/xarm_controller/lib:/root/ros2_frws/install/xarm_api/lib:/root/ros2_frws/install/xarm_sdk/lib:/root/ros2_frws/install/xarm_msgs/lib:${LD_LIBRARY_PATH} PYTHONPATH=/root/ros2_frws/install/xarm_msgs/local/lib/python3.10/dist-packages:${PYTHONPATH} /usr/bin/cmake /root/ros2_frws/src/xarm_ros2/xarm_planner -DCMAKE_INSTALL_PREFIX=/root/ros2_frws/install/xarm_planner
[4.456s] Invoking command in '/root/ros2_frws/build/xarm_planner': AMENT_PREFIX_PATH=/root/ros2_frws/install/xarm_moveit_config:/root/ros2_frws/install/xarm_gazebo:/root/ros2_frws/install/xarm_controller:/root/ros2_frws/install/xarm_api:/root/ros2_frws/install/xarm_sdk:/root/ros2_frws/install/xarm_msgs:/root/ros2_frws/install/xarm_description:${AMENT_PREFIX_PATH} CMAKE_PREFIX_PATH=/root/ros2_frws/install/xarm_moveit_config:/root/ros2_frws/install/xarm_gazebo:/root/ros2_frws/install/xarm_controller:/root/ros2_frws/install/xarm_api:/root/ros2_frws/install/xarm_sdk:/root/ros2_frws/install/xarm_msgs:/root/ros2_frws/install/xarm_description:/opt/ros/humble LD_LIBRARY_PATH=/root/ros2_frws/install/xarm_gazebo/lib:/root/ros2_frws/install/xarm_controller/lib:/root/ros2_frws/install/xarm_api/lib:/root/ros2_frws/install/xarm_sdk/lib:/root/ros2_frws/install/xarm_msgs/lib:${LD_LIBRARY_PATH} PYTHONPATH=/root/ros2_frws/install/xarm_msgs/local/lib/python3.10/dist-packages:${PYTHONPATH} /usr/bin/cmake --build /root/ros2_frws/build/xarm_planner -- -j16 -l16
[4.505s] [ 22%] [32mBuilding CXX object CMakeFiles/test_lite_gripper_realmove.dir/test/test_lite_gripper_realmove.cpp.o[0m
[4.505s] [ 22%] [32mBuilding CXX object CMakeFiles/test_xarm_planner_client_pose.dir/test/test_xarm_planner_client_pose.cpp.o[0m
[4.505s] [ 22%] [32mBuilding CXX object CMakeFiles/test_xarm_planner_client_joint.dir/test/test_xarm_planner_client_joint.cpp.o[0m
[4.505s] [ 22%] [32mBuilding CXX object CMakeFiles/xarm_planner.dir/src/xarm_planner.cpp.o[0m
[4.506s] [ 22%] [32mBuilding CXX object CMakeFiles/test_xarm_gripper_planner_client_joint.dir/test/test_xarm_gripper_planner_client_joint.cpp.o[0m
[9.714s] [ 27%] [32m[1mLinking CXX executable test_lite_gripper_realmove[0m
[10.294s] [ 27%] Built target test_lite_gripper_realmove
[10.734s] [ 31%] [32m[1mLinking CXX executable test_xarm_gripper_planner_client_joint[0m
[10.863s] [ 36%] [32m[1mLinking CXX executable test_xarm_planner_client_joint[0m
[10.986s] [ 40%] [32m[1mLinking CXX executable test_xarm_planner_client_pose[0m
[11.161s] [ 40%] Built target test_xarm_gripper_planner_client_joint
[11.276s] [ 40%] Built target test_xarm_planner_client_joint
[11.416s] [ 40%] Built target test_xarm_planner_client_pose
[15.963s] [ 45%] [32m[1mLinking CXX shared library libxarm_planner.so[0m
[16.136s] [ 45%] Built target xarm_planner
[16.156s] [ 68%] [32mBuilding CXX object CMakeFiles/test_xarm_planner_api_pose.dir/test/test_xarm_planner_api_pose.cpp.o[0m
[16.157s] [ 68%] [32mBuilding CXX object CMakeFiles/xarm_planner_node.dir/src/xarm_planner_node.cpp.o[0m
[16.157s] [ 72%] [32mBuilding CXX object CMakeFiles/test_dual_xarm_planner_api_joint.dir/test/test_dual_xarm_planner_api_joint.cpp.o[0m
[16.157s] [ 72%] [32mBuilding CXX object CMakeFiles/xarm_gripper_planner_node.dir/src/xarm_gripper_planner_node.cpp.o[0m
[16.157s] [ 72%] [32mBuilding CXX object CMakeFiles/test_xarm_gripper_planner_api_joint.dir/test/test_xarm_gripper_planner_api_joint.cpp.o[0m
[16.157s] [ 72%] [32mBuilding CXX object CMakeFiles/test_xarm_planner_api_joint.dir/test/test_xarm_planner_api_joint.cpp.o[0m
[29.955s] [ 90%] [32m[1mLinking CXX executable test_xarm_planner_api_joint[0m
[29.957s] [ 90%] [32m[1mLinking CXX executable test_xarm_gripper_planner_api_joint[0m
[29.957s] [ 90%] [32m[1mLinking CXX executable test_dual_xarm_planner_api_joint[0m
[29.957s] [ 90%] [32m[1mLinking CXX executable test_xarm_planner_api_pose[0m
[30.511s] [ 90%] Built target test_dual_xarm_planner_api_joint
[30.517s] [ 90%] Built target test_xarm_planner_api_pose
[30.517s] [ 90%] Built target test_xarm_gripper_planner_api_joint
[30.529s] [ 90%] Built target test_xarm_planner_api_joint
[31.194s] [ 95%] [32m[1mLinking CXX executable xarm_gripper_planner_node[0m
[31.512s] [ 95%] Built target xarm_gripper_planner_node
[31.728s] [100%] [32m[1mLinking CXX executable xarm_planner_node[0m
[32.101s] [100%] Built target xarm_planner_node
[32.131s] Invoked command in '/root/ros2_frws/build/xarm_planner' returned '0': AMENT_PREFIX_PATH=/root/ros2_frws/install/xarm_moveit_config:/root/ros2_frws/install/xarm_gazebo:/root/ros2_frws/install/xarm_controller:/root/ros2_frws/install/xarm_api:/root/ros2_frws/install/xarm_sdk:/root/ros2_frws/install/xarm_msgs:/root/ros2_frws/install/xarm_description:${AMENT_PREFIX_PATH} CMAKE_PREFIX_PATH=/root/ros2_frws/install/xarm_moveit_config:/root/ros2_frws/install/xarm_gazebo:/root/ros2_frws/install/xarm_controller:/root/ros2_frws/install/xarm_api:/root/ros2_frws/install/xarm_sdk:/root/ros2_frws/install/xarm_msgs:/root/ros2_frws/install/xarm_description:/opt/ros/humble LD_LIBRARY_PATH=/root/ros2_frws/install/xarm_gazebo/lib:/root/ros2_frws/install/xarm_controller/lib:/root/ros2_frws/install/xarm_api/lib:/root/ros2_frws/install/xarm_sdk/lib:/root/ros2_frws/install/xarm_msgs/lib:${LD_LIBRARY_PATH} PYTHONPATH=/root/ros2_frws/install/xarm_msgs/local/lib/python3.10/dist-packages:${PYTHONPATH} /usr/bin/cmake --build /root/ros2_frws/build/xarm_planner -- -j16 -l16
[32.179s] Invoking command in '/root/ros2_frws/build/xarm_planner': AMENT_PREFIX_PATH=/root/ros2_frws/install/xarm_moveit_config:/root/ros2_frws/install/xarm_gazebo:/root/ros2_frws/install/xarm_controller:/root/ros2_frws/install/xarm_api:/root/ros2_frws/install/xarm_sdk:/root/ros2_frws/install/xarm_msgs:/root/ros2_frws/install/xarm_description:${AMENT_PREFIX_PATH} CMAKE_PREFIX_PATH=/root/ros2_frws/install/xarm_moveit_config:/root/ros2_frws/install/xarm_gazebo:/root/ros2_frws/install/xarm_controller:/root/ros2_frws/install/xarm_api:/root/ros2_frws/install/xarm_sdk:/root/ros2_frws/install/xarm_msgs:/root/ros2_frws/install/xarm_description:/opt/ros/humble LD_LIBRARY_PATH=/root/ros2_frws/install/xarm_gazebo/lib:/root/ros2_frws/install/xarm_controller/lib:/root/ros2_frws/install/xarm_api/lib:/root/ros2_frws/install/xarm_sdk/lib:/root/ros2_frws/install/xarm_msgs/lib:${LD_LIBRARY_PATH} PYTHONPATH=/root/ros2_frws/install/xarm_msgs/local/lib/python3.10/dist-packages:${PYTHONPATH} /usr/bin/cmake --install /root/ros2_frws/build/xarm_planner
[32.187s] -- Install configuration: ""
[32.188s] -- Installing: /root/ros2_frws/install/xarm_planner/include
[32.189s] -- Installing: /root/ros2_frws/install/xarm_planner/include/xarm_planner
[32.191s] -- Installing: /root/ros2_frws/install/xarm_planner/include/xarm_planner/xarm_planner.h
[32.192s] -- Installing: /root/ros2_frws/install/xarm_planner/lib/libxarm_planner.so
[32.194s] -- Set runtime path of "/root/ros2_frws/install/xarm_planner/lib/libxarm_planner.so" to ""
[32.194s] -- Installing: /root/ros2_frws/install/xarm_planner/lib/xarm_planner/xarm_planner_node
[32.196s] -- Set runtime path of "/root/ros2_frws/install/xarm_planner/lib/xarm_planner/xarm_planner_node" to ""
[32.196s] -- Installing: /root/ros2_frws/install/xarm_planner/lib/xarm_planner/xarm_gripper_planner_node
[32.197s] -- Set runtime path of "/root/ros2_frws/install/xarm_planner/lib/xarm_planner/xarm_gripper_planner_node" to ""
[32.197s] -- Installing: /root/ros2_frws/install/xarm_planner/lib/xarm_planner/test_xarm_planner_api_joint
[32.197s] -- Set runtime path of "/root/ros2_frws/install/xarm_planner/lib/xarm_planner/test_xarm_planner_api_joint" to ""
[32.197s] -- Installing: /root/ros2_frws/install/xarm_planner/lib/xarm_planner/test_dual_xarm_planner_api_joint
[32.198s] -- Set runtime path of "/root/ros2_frws/install/xarm_planner/lib/xarm_planner/test_dual_xarm_planner_api_joint" to ""
[32.198s] -- Installing: /root/ros2_frws/install/xarm_planner/lib/xarm_planner/test_xarm_planner_api_pose
[32.198s] -- Set runtime path of "/root/ros2_frws/install/xarm_planner/lib/xarm_planner/test_xarm_planner_api_pose" to ""
[32.198s] -- Installing: /root/ros2_frws/install/xarm_planner/lib/xarm_planner/test_xarm_gripper_planner_api_joint
[32.199s] -- Set runtime path of "/root/ros2_frws/install/xarm_planner/lib/xarm_planner/test_xarm_gripper_planner_api_joint" to ""
[32.199s] -- Installing: /root/ros2_frws/install/xarm_planner/lib/xarm_planner/test_xarm_planner_client_joint
[32.201s] -- Set runtime path of "/root/ros2_frws/install/xarm_planner/lib/xarm_planner/test_xarm_planner_client_joint" to ""
[32.201s] -- Installing: /root/ros2_frws/install/xarm_planner/lib/xarm_planner/test_xarm_planner_client_pose
[32.204s] -- Set runtime path of "/root/ros2_frws/install/xarm_planner/lib/xarm_planner/test_xarm_planner_client_pose" to ""
[32.204s] -- Installing: /root/ros2_frws/install/xarm_planner/lib/xarm_planner/test_xarm_gripper_planner_client_joint
[32.207s] -- Set runtime path of "/root/ros2_frws/install/xarm_planner/lib/xarm_planner/test_xarm_gripper_planner_client_joint" to ""
[32.207s] -- Installing: /root/ros2_frws/install/xarm_planner/lib/xarm_planner/test_lite_gripper_realmove
[32.208s] -- Set runtime path of "/root/ros2_frws/install/xarm_planner/lib/xarm_planner/test_lite_gripper_realmove" to ""
[32.208s] -- Installing: /root/ros2_frws/install/xarm_planner/share/xarm_planner//launch
[32.210s] -- Installing: /root/ros2_frws/install/xarm_planner/share/xarm_planner//launch/test_xarm_gripper_planner_api_joint.launch.py
[32.210s] -- Installing: /root/ros2_frws/install/xarm_planner/share/xarm_planner//launch/xarm7_planner_gazebo.launch.py
[32.211s] -- Installing: /root/ros2_frws/install/xarm_planner/share/xarm_planner//launch/lite6_planner_fake.launch.py
[32.211s] -- Installing: /root/ros2_frws/install/xarm_planner/share/xarm_planner//launch/xarm7_mirror_planner_gazebo.launch.py
[32.212s] -- Installing: /root/ros2_frws/install/xarm_planner/share/xarm_planner//launch/xarm5_planner_fake.launch.py
[32.212s] -- Installing: /root/ros2_frws/install/xarm_planner/share/xarm_planner//launch/test_move_group.launch.py
[32.212s] -- Installing: /root/ros2_frws/install/xarm_planner/share/xarm_planner//launch/test_dual_xarm_planner_api_joint.launch.py
[32.213s] -- Installing: /root/ros2_frws/install/xarm_planner/share/xarm_planner//launch/uf850_planner_realmove.launch.py
[32.213s] -- Installing: /root/ros2_frws/install/xarm_planner/share/xarm_planner//launch/test_xarm_planner_client_joint.launch.py
[32.213s] -- Installing: /root/ros2_frws/install/xarm_planner/share/xarm_planner//launch/lite6_planner_gazebo.launch.py
[32.214s] -- Installing: /root/ros2_frws/install/xarm_planner/share/xarm_planner//launch/test_xarm_planner_api_pose.launch.py
[32.215s] -- Installing: /root/ros2_frws/install/xarm_planner/share/xarm_planner//launch/_dual_robot_planner.launch.py
[32.216s] -- Installing: /root/ros2_frws/install/xarm_planner/share/xarm_planner//launch/xarm6_planner_gazebo.launch.py
[32.216s] -- Installing: /root/ros2_frws/install/xarm_planner/share/xarm_planner//launch/xarm7_planner_fake.launch.py
[32.216s] -- Installing: /root/ros2_frws/install/xarm_planner/share/xarm_planner//launch/test_xarm_planner_api_joint.launch.py
[32.217s] -- Installing: /root/ros2_frws/install/xarm_planner/share/xarm_planner//launch/xarm6_planner_fake.launch.py
[32.217s] -- Installing: /root/ros2_frws/install/xarm_planner/share/xarm_planner//launch/xarm6_planner_realmove.launch.py
[32.217s] -- Installing: /root/ros2_frws/install/xarm_planner/share/xarm_planner//launch/xarm7_mirror_planner_realmove.launch.py
[32.217s] -- Installing: /root/ros2_frws/install/xarm_planner/share/xarm_planner//launch/uf850_planner_gazebo.launch.py
[32.218s] -- Installing: /root/ros2_frws/install/xarm_planner/share/xarm_planner//launch/test_lite_gripper_realmove.launch.py
[32.218s] -- Installing: /root/ros2_frws/install/xarm_planner/share/xarm_planner//launch/uf850_planner_fake.launch.py
[32.218s] -- Installing: /root/ros2_frws/install/xarm_planner/share/xarm_planner//launch/test_xarm_planner_client_pose.launch.py
[32.219s] -- Installing: /root/ros2_frws/install/xarm_planner/share/xarm_planner//launch/xarm5_planner_realmove.launch.py
[32.219s] -- Installing: /root/ros2_frws/install/xarm_planner/share/xarm_planner//launch/xarm5_planner_gazebo.launch.py
[32.220s] -- Installing: /root/ros2_frws/install/xarm_planner/share/xarm_planner//launch/xarm7_mirror_planner_fake.launch.py
[32.220s] -- Installing: /root/ros2_frws/install/xarm_planner/share/xarm_planner//launch/_robot_planner.launch.py
[32.221s] -- Installing: /root/ros2_frws/install/xarm_planner/share/xarm_planner//launch/xarm7_planner_realmove.launch.py
[32.221s] -- Installing: /root/ros2_frws/install/xarm_planner/share/xarm_planner//launch/lite6_planner_realmove.launch.py
[32.222s] -- Installing: /root/ros2_frws/install/xarm_planner/share/xarm_planner//launch/test_xarm_gripper_planner_client_joint.launch.py
[32.224s] -- Installing: /root/ros2_frws/install/xarm_planner/share/ament_index/resource_index/package_run_dependencies/xarm_planner
[32.224s] -- Installing: /root/ros2_frws/install/xarm_planner/share/ament_index/resource_index/parent_prefix_path/xarm_planner
[32.227s] -- Installing: /root/ros2_frws/install/xarm_planner/share/xarm_planner/environment/ament_prefix_path.sh
[32.228s] -- Installing: /root/ros2_frws/install/xarm_planner/share/xarm_planner/environment/ament_prefix_path.dsv
[32.228s] -- Installing: /root/ros2_frws/install/xarm_planner/share/xarm_planner/environment/path.sh
[32.229s] -- Installing: /root/ros2_frws/install/xarm_planner/share/xarm_planner/environment/path.dsv
[32.229s] -- Installing: /root/ros2_frws/install/xarm_planner/share/xarm_planner/local_setup.bash
[32.230s] -- Installing: /root/ros2_frws/install/xarm_planner/share/xarm_planner/local_setup.sh
[32.230s] -- Installing: /root/ros2_frws/install/xarm_planner/share/xarm_planner/local_setup.zsh
[32.230s] -- Installing: /root/ros2_frws/install/xarm_planner/share/xarm_planner/local_setup.dsv
[32.231s] -- Installing: /root/ros2_frws/install/xarm_planner/share/xarm_planner/package.dsv
[32.231s] -- Installing: /root/ros2_frws/install/xarm_planner/share/ament_index/resource_index/packages/xarm_planner
[32.232s] -- Installing: /root/ros2_frws/install/xarm_planner/share/xarm_planner/cmake/xarm_plannerConfig.cmake
[32.232s] -- Installing: /root/ros2_frws/install/xarm_planner/share/xarm_planner/cmake/xarm_plannerConfig-version.cmake
[32.233s] -- Installing: /root/ros2_frws/install/xarm_planner/share/xarm_planner/package.xml
[32.237s] Invoked command in '/root/ros2_frws/build/xarm_planner' returned '0': AMENT_PREFIX_PATH=/root/ros2_frws/install/xarm_moveit_config:/root/ros2_frws/install/xarm_gazebo:/root/ros2_frws/install/xarm_controller:/root/ros2_frws/install/xarm_api:/root/ros2_frws/install/xarm_sdk:/root/ros2_frws/install/xarm_msgs:/root/ros2_frws/install/xarm_description:${AMENT_PREFIX_PATH} CMAKE_PREFIX_PATH=/root/ros2_frws/install/xarm_moveit_config:/root/ros2_frws/install/xarm_gazebo:/root/ros2_frws/install/xarm_controller:/root/ros2_frws/install/xarm_api:/root/ros2_frws/install/xarm_sdk:/root/ros2_frws/install/xarm_msgs:/root/ros2_frws/install/xarm_description:/opt/ros/humble LD_LIBRARY_PATH=/root/ros2_frws/install/xarm_gazebo/lib:/root/ros2_frws/install/xarm_controller/lib:/root/ros2_frws/install/xarm_api/lib:/root/ros2_frws/install/xarm_sdk/lib:/root/ros2_frws/install/xarm_msgs/lib:${LD_LIBRARY_PATH} PYTHONPATH=/root/ros2_frws/install/xarm_msgs/local/lib/python3.10/dist-packages:${PYTHONPATH} /usr/bin/cmake --install /root/ros2_frws/build/xarm_planner
