-- Found ament_cmake: 1.3.8 (/opt/ros/humble/share/ament_cmake/cmake)
-- Found ament_lint_auto: 0.12.10 (/opt/ros/humble/share/ament_lint_auto/cmake)
-- Found rclcpp: 16.0.8 (/opt/ros/humble/share/rclcpp/cmake)
-- Found rosidl_generator_c: 3.1.5 (/opt/ros/humble/share/rosidl_generator_c/cmake)
-- Found rosidl_adapter: 3.1.5 (/opt/ros/humble/share/rosidl_adapter/cmake)
-- Found rosidl_generator_cpp: 3.1.5 (/opt/ros/humble/share/rosidl_generator_cpp/cmake)
-- Using all available rosidl_typesupport_c: rosidl_typesupport_fastrtps_c;rosidl_typesupport_introspection_c
-- Using all available rosidl_typesupport_cpp: rosidl_typesupport_fastrtps_cpp;rosidl_typesupport_introspection_cpp
-- Found rmw_implementation_cmake: 6.1.1 (/opt/ros/humble/share/rmw_implementation_cmake/cmake)
-- Found rmw_cyclonedds_cpp: 1.3.4 (/opt/ros/humble/share/rmw_cyclonedds_cpp/cmake)
-- Using RMW implementation 'rmw_cyclonedds_cpp' as default
-- Found rclcpp_action: 16.0.8 (/opt/ros/humble/share/rclcpp_action/cmake)
-- Found sensor_msgs: 4.2.3 (/opt/ros/humble/share/sensor_msgs/cmake)
-- Found control_msgs: 4.4.0 (/opt/ros/humble/share/control_msgs/cmake)
-- Found xarm_msgs: 0.0.0 (/root/ros2_frws/install/xarm_msgs/share/xarm_msgs/cmake)
-- Found xarm_sdk: 0.0.0 (/root/ros2_frws/install/xarm_sdk/share/xarm_sdk/cmake)
-- Added test 'copyright' to check source files copyright and LICENSE
-- Added test 'cppcheck' to perform static code analysis on C / C++ code
-- Configured cppcheck include dirs: /root/ros2_frws/src/xarm_ros2/xarm_api/include
-- Configured cppcheck exclude dirs and/or files: 
-- Added test 'cpplint' to check C / C++ code against the Google style
-- Configured cpplint exclude dirs and/or files: 
-- Added test 'flake8' to check Python code syntax and style conventions
-- Added test 'lint_cmake' to check CMake code style
-- Added test 'pep257' to check Python code against some of the docstring style conventions in PEP 257
-- Added test 'uncrustify' to check C / C++ code style
-- Configured uncrustify additional arguments: 
-- Added test 'xmllint' to check XML markup files
-- Configuring done
-- Generating done
-- Build files have been written to: /root/ros2_frws/build/xarm_api
[35m[1mConsolidate compiler generated dependencies of target xarm_ros_client[0m
[35m[1mConsolidate compiler generated dependencies of target test_robot_states[0m
[35m[1mConsolidate compiler generated dependencies of target xarm_ros_driver[0m
[  7%] [32mBuilding CXX object CMakeFiles/xarm_ros_client.dir/src/xarm_ros_client.cpp.o[0m
[ 15%] [32mBuilding CXX object CMakeFiles/test_robot_states.dir/test/test_robot_states.cpp.o[0m
[ 30%] [32mBuilding CXX object CMakeFiles/xarm_ros_driver.dir/src/xarm_driver.cpp.o[0m
[ 30%] [32mBuilding CXX object CMakeFiles/xarm_ros_driver.dir/src/xarm_driver_service.cpp.o[0m
[ 38%] [32m[1mLinking CXX executable test_robot_states[0m
[ 38%] Built target test_robot_states
[ 46%] [32m[1mLinking CXX shared library libxarm_ros_client.so[0m
[ 46%] Built target xarm_ros_client
[35m[1mConsolidate compiler generated dependencies of target test_xarm_ros_client[0m
[35m[1mConsolidate compiler generated dependencies of target test_xarm_velo_move[0m
[ 53%] [32mBuilding CXX object CMakeFiles/test_xarm_velo_move.dir/test/test_xarm_velo_move.cpp.o[0m
[ 61%] [32mBuilding CXX object CMakeFiles/test_xarm_ros_client.dir/test/test_xarm_ros_client.cpp.o[0m
[ 69%] [32m[1mLinking CXX shared library libxarm_ros_driver.so[0m
[ 69%] Built target xarm_ros_driver
[35m[1mConsolidate compiler generated dependencies of target xarm_driver_node[0m
[ 76%] [32mBuilding CXX object CMakeFiles/xarm_driver_node.dir/src/xarm_driver_node.cpp.o[0m
[ 84%] [32m[1mLinking CXX executable test_xarm_ros_client[0m
[ 84%] Built target test_xarm_ros_client
[ 92%] [32m[1mLinking CXX executable test_xarm_velo_move[0m
[ 92%] Built target test_xarm_velo_move
[100%] [32m[1mLinking CXX executable xarm_driver_node[0m
[100%] Built target xarm_driver_node
-- Install configuration: "Release"
-- Up-to-date: /root/ros2_frws/install/xarm_api/share/xarm_api/environment/library_path.sh
-- Installing: /root/ros2_frws/install/xarm_api/share/xarm_api/environment/library_path.dsv
-- Up-to-date: /root/ros2_frws/install/xarm_api/include
-- Up-to-date: /root/ros2_frws/install/xarm_api/include/xarm_api
-- Up-to-date: /root/ros2_frws/install/xarm_api/include/xarm_api/visibility_control.h
-- Up-to-date: /root/ros2_frws/install/xarm_api/include/xarm_api/xarm_driver.h
-- Up-to-date: /root/ros2_frws/install/xarm_api/include/xarm_api/xarm_msgs.h
-- Up-to-date: /root/ros2_frws/install/xarm_api/include/xarm_api/xarm_ros_client.h
-- Installing: /root/ros2_frws/install/xarm_api/lib/libxarm_ros_driver.so
-- Set runtime path of "/root/ros2_frws/install/xarm_api/lib/libxarm_ros_driver.so" to ""
-- Installing: /root/ros2_frws/install/xarm_api/lib/libxarm_ros_client.so
-- Set runtime path of "/root/ros2_frws/install/xarm_api/lib/libxarm_ros_client.so" to ""
-- Installing: /root/ros2_frws/install/xarm_api/lib/xarm_api/xarm_driver_node
-- Set runtime path of "/root/ros2_frws/install/xarm_api/lib/xarm_api/xarm_driver_node" to ""
-- Installing: /root/ros2_frws/install/xarm_api/lib/xarm_api/test_xarm_ros_client
-- Set runtime path of "/root/ros2_frws/install/xarm_api/lib/xarm_api/test_xarm_ros_client" to ""
-- Installing: /root/ros2_frws/install/xarm_api/lib/xarm_api/test_xarm_velo_move
-- Set runtime path of "/root/ros2_frws/install/xarm_api/lib/xarm_api/test_xarm_velo_move" to ""
-- Installing: /root/ros2_frws/install/xarm_api/lib/xarm_api/test_robot_states
-- Set runtime path of "/root/ros2_frws/install/xarm_api/lib/xarm_api/test_robot_states" to ""
-- Up-to-date: /root/ros2_frws/install/xarm_api/share/xarm_api//launch
-- Up-to-date: /root/ros2_frws/install/xarm_api/share/xarm_api//launch/_robot_driver.launch.py
-- Up-to-date: /root/ros2_frws/install/xarm_api/share/xarm_api//launch/lib
-- Up-to-date: /root/ros2_frws/install/xarm_api/share/xarm_api//launch/lib/robot_api_lib.py
-- Up-to-date: /root/ros2_frws/install/xarm_api/share/xarm_api//launch/uf850_driver.launch.py
-- Up-to-date: /root/ros2_frws/install/xarm_api/share/xarm_api//launch/xarm6_driver.launch.py
-- Up-to-date: /root/ros2_frws/install/xarm_api/share/xarm_api//launch/lite6_driver.launch.py
-- Up-to-date: /root/ros2_frws/install/xarm_api/share/xarm_api//launch/xarm7_driver.launch.py
-- Up-to-date: /root/ros2_frws/install/xarm_api/share/xarm_api//launch/xarm5_driver.launch.py
-- Up-to-date: /root/ros2_frws/install/xarm_api/share/xarm_api//config
-- Up-to-date: /root/ros2_frws/install/xarm_api/share/xarm_api//config/xarm_params.yaml
-- Up-to-date: /root/ros2_frws/install/xarm_api/share/ament_index/resource_index/package_run_dependencies/xarm_api
-- Up-to-date: /root/ros2_frws/install/xarm_api/share/ament_index/resource_index/parent_prefix_path/xarm_api
-- Up-to-date: /root/ros2_frws/install/xarm_api/share/xarm_api/environment/ament_prefix_path.sh
-- Installing: /root/ros2_frws/install/xarm_api/share/xarm_api/environment/ament_prefix_path.dsv
-- Up-to-date: /root/ros2_frws/install/xarm_api/share/xarm_api/environment/path.sh
-- Installing: /root/ros2_frws/install/xarm_api/share/xarm_api/environment/path.dsv
-- Up-to-date: /root/ros2_frws/install/xarm_api/share/xarm_api/local_setup.bash
-- Up-to-date: /root/ros2_frws/install/xarm_api/share/xarm_api/local_setup.sh
-- Up-to-date: /root/ros2_frws/install/xarm_api/share/xarm_api/local_setup.zsh
-- Installing: /root/ros2_frws/install/xarm_api/share/xarm_api/local_setup.dsv
-- Installing: /root/ros2_frws/install/xarm_api/share/xarm_api/package.dsv
-- Up-to-date: /root/ros2_frws/install/xarm_api/share/ament_index/resource_index/packages/xarm_api
-- Up-to-date: /root/ros2_frws/install/xarm_api/share/xarm_api/cmake/ament_cmake_export_libraries-extras.cmake
-- Up-to-date: /root/ros2_frws/install/xarm_api/share/xarm_api/cmake/ament_cmake_export_include_directories-extras.cmake
-- Up-to-date: /root/ros2_frws/install/xarm_api/share/xarm_api/cmake/xarm_apiConfig.cmake
-- Up-to-date: /root/ros2_frws/install/xarm_api/share/xarm_api/cmake/xarm_apiConfig-version.cmake
-- Up-to-date: /root/ros2_frws/install/xarm_api/share/xarm_api/package.xml
