[0.073s] Invoking command in '/root/ros2_frws/build/xarm_api': AMENT_PREFIX_PATH=/root/ros2_frws/install/xarm_sdk:/root/ros2_frws/install/xarm_msgs:/root/ros2_frws/install/xarm_description:${AMENT_PREFIX_PATH} CMAKE_PREFIX_PATH=/root/ros2_frws/install/xarm_sdk:/root/ros2_frws/install/xarm_msgs:/root/ros2_frws/install/xarm_description:/opt/ros/humble LD_LIBRARY_PATH=/root/ros2_frws/install/xarm_sdk/lib:/root/ros2_frws/install/xarm_msgs/lib:${LD_LIBRARY_PATH} PYTHONPATH=/root/ros2_frws/install/xarm_msgs/local/lib/python3.10/dist-packages:${PYTHONPATH} /usr/bin/cmake /root/ros2_frws/src/xarm_ros2/xarm_api -DCMAKE_INSTALL_PREFIX=/root/ros2_frws/install/xarm_api
[0.087s] -- Found ament_cmake: 1.3.8 (/opt/ros/humble/share/ament_cmake/cmake)
[0.227s] -- Found ament_lint_auto: 0.12.10 (/opt/ros/humble/share/ament_lint_auto/cmake)
[0.297s] -- Found rclcpp: 16.0.8 (/opt/ros/humble/share/rclcpp/cmake)
[0.325s] -- Found rosidl_generator_c: 3.1.5 (/opt/ros/humble/share/rosidl_generator_c/cmake)
[0.327s] -- Found rosidl_adapter: 3.1.5 (/opt/ros/humble/share/rosidl_adapter/cmake)
[0.332s] -- Found rosidl_generator_cpp: 3.1.5 (/opt/ros/humble/share/rosidl_generator_cpp/cmake)
[0.340s] -- Using all available rosidl_typesupport_c: rosidl_typesupport_fastrtps_c;rosidl_typesupport_introspection_c
[0.352s] -- Using all available rosidl_typesupport_cpp: rosidl_typesupport_fastrtps_cpp;rosidl_typesupport_introspection_cpp
[0.406s] -- Found rmw_implementation_cmake: 6.1.1 (/opt/ros/humble/share/rmw_implementation_cmake/cmake)
[0.407s] -- Found rmw_cyclonedds_cpp: 1.3.4 (/opt/ros/humble/share/rmw_cyclonedds_cpp/cmake)
[0.432s] -- Using RMW implementation 'rmw_cyclonedds_cpp' as default
[0.568s] -- Found rclcpp_action: 16.0.8 (/opt/ros/humble/share/rclcpp_action/cmake)
[0.699s] -- Found sensor_msgs: 4.2.3 (/opt/ros/humble/share/sensor_msgs/cmake)
[0.831s] -- Found control_msgs: 4.4.0 (/opt/ros/humble/share/control_msgs/cmake)
[1.120s] -- Found xarm_msgs: 0.0.0 (/root/ros2_frws/install/xarm_msgs/share/xarm_msgs/cmake)
[1.205s] -- Found xarm_sdk: 0.0.0 (/root/ros2_frws/install/xarm_sdk/share/xarm_sdk/cmake)
[1.226s] -- Added test 'copyright' to check source files copyright and LICENSE
[1.228s] -- Added test 'cppcheck' to perform static code analysis on C / C++ code
[1.228s] -- Configured cppcheck include dirs: /root/ros2_frws/src/xarm_ros2/xarm_api/include
[1.228s] -- Configured cppcheck exclude dirs and/or files: 
[1.229s] -- Added test 'cpplint' to check C / C++ code against the Google style
[1.229s] -- Configured cpplint exclude dirs and/or files: 
[1.229s] -- Added test 'flake8' to check Python code syntax and style conventions
[1.230s] -- Added test 'lint_cmake' to check CMake code style
[1.230s] -- Added test 'pep257' to check Python code against some of the docstring style conventions in PEP 257
[1.231s] -- Added test 'uncrustify' to check C / C++ code style
[1.231s] -- Configured uncrustify additional arguments: 
[1.231s] -- Added test 'xmllint' to check XML markup files
[1.236s] -- Configuring done
[1.289s] -- Generating done
[1.293s] -- Build files have been written to: /root/ros2_frws/build/xarm_api
[1.302s] Invoked command in '/root/ros2_frws/build/xarm_api' returned '0': AMENT_PREFIX_PATH=/root/ros2_frws/install/xarm_sdk:/root/ros2_frws/install/xarm_msgs:/root/ros2_frws/install/xarm_description:${AMENT_PREFIX_PATH} CMAKE_PREFIX_PATH=/root/ros2_frws/install/xarm_sdk:/root/ros2_frws/install/xarm_msgs:/root/ros2_frws/install/xarm_description:/opt/ros/humble LD_LIBRARY_PATH=/root/ros2_frws/install/xarm_sdk/lib:/root/ros2_frws/install/xarm_msgs/lib:${LD_LIBRARY_PATH} PYTHONPATH=/root/ros2_frws/install/xarm_msgs/local/lib/python3.10/dist-packages:${PYTHONPATH} /usr/bin/cmake /root/ros2_frws/src/xarm_ros2/xarm_api -DCMAKE_INSTALL_PREFIX=/root/ros2_frws/install/xarm_api
[1.304s] Invoking command in '/root/ros2_frws/build/xarm_api': AMENT_PREFIX_PATH=/root/ros2_frws/install/xarm_sdk:/root/ros2_frws/install/xarm_msgs:/root/ros2_frws/install/xarm_description:${AMENT_PREFIX_PATH} CMAKE_PREFIX_PATH=/root/ros2_frws/install/xarm_sdk:/root/ros2_frws/install/xarm_msgs:/root/ros2_frws/install/xarm_description:/opt/ros/humble LD_LIBRARY_PATH=/root/ros2_frws/install/xarm_sdk/lib:/root/ros2_frws/install/xarm_msgs/lib:${LD_LIBRARY_PATH} PYTHONPATH=/root/ros2_frws/install/xarm_msgs/local/lib/python3.10/dist-packages:${PYTHONPATH} /usr/bin/cmake --build /root/ros2_frws/build/xarm_api -- -j16 -l16
[1.344s] [35m[1mConsolidate compiler generated dependencies of target xarm_ros_client[0m
[1.344s] [35m[1mConsolidate compiler generated dependencies of target test_robot_states[0m
[1.346s] [35m[1mConsolidate compiler generated dependencies of target xarm_ros_driver[0m
[1.366s] [  7%] [32mBuilding CXX object CMakeFiles/xarm_ros_client.dir/src/xarm_ros_client.cpp.o[0m
[1.366s] [ 15%] [32mBuilding CXX object CMakeFiles/test_robot_states.dir/test/test_robot_states.cpp.o[0m
[1.384s] [ 30%] [32mBuilding CXX object CMakeFiles/xarm_ros_driver.dir/src/xarm_driver.cpp.o[0m
[1.384s] [ 30%] [32mBuilding CXX object CMakeFiles/xarm_ros_driver.dir/src/xarm_driver_service.cpp.o[0m
[31.688s] [ 38%] [32m[1mLinking CXX executable test_robot_states[0m
[32.164s] [ 38%] Built target test_robot_states
[57.083s] [ 46%] [32m[1mLinking CXX shared library libxarm_ros_client.so[0m
[57.296s] [ 46%] Built target xarm_ros_client
[57.315s] [35m[1mConsolidate compiler generated dependencies of target test_xarm_ros_client[0m
[57.315s] [35m[1mConsolidate compiler generated dependencies of target test_xarm_velo_move[0m
[57.367s] [ 53%] [32mBuilding CXX object CMakeFiles/test_xarm_velo_move.dir/test/test_xarm_velo_move.cpp.o[0m
[57.367s] [ 61%] [32mBuilding CXX object CMakeFiles/test_xarm_ros_client.dir/test/test_xarm_ros_client.cpp.o[0m
[62.175s] [ 69%] [32m[1mLinking CXX shared library libxarm_ros_driver.so[0m
[62.580s] [ 69%] Built target xarm_ros_driver
[62.594s] [35m[1mConsolidate compiler generated dependencies of target xarm_driver_node[0m
[62.625s] [ 76%] [32mBuilding CXX object CMakeFiles/xarm_driver_node.dir/src/xarm_driver_node.cpp.o[0m
[64.654s] [ 84%] [32m[1mLinking CXX executable test_xarm_ros_client[0m
[64.820s] [ 84%] Built target test_xarm_ros_client
[64.860s] [ 92%] [32m[1mLinking CXX executable test_xarm_velo_move[0m
[65.011s] [ 92%] Built target test_xarm_velo_move
[68.363s] [100%] [32m[1mLinking CXX executable xarm_driver_node[0m
[68.500s] [100%] Built target xarm_driver_node
[68.555s] Invoked command in '/root/ros2_frws/build/xarm_api' returned '0': AMENT_PREFIX_PATH=/root/ros2_frws/install/xarm_sdk:/root/ros2_frws/install/xarm_msgs:/root/ros2_frws/install/xarm_description:${AMENT_PREFIX_PATH} CMAKE_PREFIX_PATH=/root/ros2_frws/install/xarm_sdk:/root/ros2_frws/install/xarm_msgs:/root/ros2_frws/install/xarm_description:/opt/ros/humble LD_LIBRARY_PATH=/root/ros2_frws/install/xarm_sdk/lib:/root/ros2_frws/install/xarm_msgs/lib:${LD_LIBRARY_PATH} PYTHONPATH=/root/ros2_frws/install/xarm_msgs/local/lib/python3.10/dist-packages:${PYTHONPATH} /usr/bin/cmake --build /root/ros2_frws/build/xarm_api -- -j16 -l16
[68.595s] Invoking command in '/root/ros2_frws/build/xarm_api': AMENT_PREFIX_PATH=/root/ros2_frws/install/xarm_sdk:/root/ros2_frws/install/xarm_msgs:/root/ros2_frws/install/xarm_description:${AMENT_PREFIX_PATH} CMAKE_PREFIX_PATH=/root/ros2_frws/install/xarm_sdk:/root/ros2_frws/install/xarm_msgs:/root/ros2_frws/install/xarm_description:/opt/ros/humble LD_LIBRARY_PATH=/root/ros2_frws/install/xarm_sdk/lib:/root/ros2_frws/install/xarm_msgs/lib:${LD_LIBRARY_PATH} PYTHONPATH=/root/ros2_frws/install/xarm_msgs/local/lib/python3.10/dist-packages:${PYTHONPATH} /usr/bin/cmake --install /root/ros2_frws/build/xarm_api
[68.602s] -- Install configuration: "Release"
[68.602s] -- Up-to-date: /root/ros2_frws/install/xarm_api/share/xarm_api/environment/library_path.sh
[68.603s] -- Installing: /root/ros2_frws/install/xarm_api/share/xarm_api/environment/library_path.dsv
[68.604s] -- Up-to-date: /root/ros2_frws/install/xarm_api/include
[68.604s] -- Up-to-date: /root/ros2_frws/install/xarm_api/include/xarm_api
[68.604s] -- Up-to-date: /root/ros2_frws/install/xarm_api/include/xarm_api/visibility_control.h
[68.604s] -- Up-to-date: /root/ros2_frws/install/xarm_api/include/xarm_api/xarm_driver.h
[68.604s] -- Up-to-date: /root/ros2_frws/install/xarm_api/include/xarm_api/xarm_msgs.h
[68.604s] -- Up-to-date: /root/ros2_frws/install/xarm_api/include/xarm_api/xarm_ros_client.h
[68.606s] -- Installing: /root/ros2_frws/install/xarm_api/lib/libxarm_ros_driver.so
[68.613s] -- Set runtime path of "/root/ros2_frws/install/xarm_api/lib/libxarm_ros_driver.so" to ""
[68.614s] -- Installing: /root/ros2_frws/install/xarm_api/lib/libxarm_ros_client.so
[68.617s] -- Set runtime path of "/root/ros2_frws/install/xarm_api/lib/libxarm_ros_client.so" to ""
[68.619s] -- Installing: /root/ros2_frws/install/xarm_api/lib/xarm_api/xarm_driver_node
[68.620s] -- Set runtime path of "/root/ros2_frws/install/xarm_api/lib/xarm_api/xarm_driver_node" to ""
[68.621s] -- Installing: /root/ros2_frws/install/xarm_api/lib/xarm_api/test_xarm_ros_client
[68.621s] -- Set runtime path of "/root/ros2_frws/install/xarm_api/lib/xarm_api/test_xarm_ros_client" to ""
[68.622s] -- Installing: /root/ros2_frws/install/xarm_api/lib/xarm_api/test_xarm_velo_move
[68.623s] -- Set runtime path of "/root/ros2_frws/install/xarm_api/lib/xarm_api/test_xarm_velo_move" to ""
[68.624s] -- Installing: /root/ros2_frws/install/xarm_api/lib/xarm_api/test_robot_states
[68.627s] -- Set runtime path of "/root/ros2_frws/install/xarm_api/lib/xarm_api/test_robot_states" to ""
[68.627s] -- Up-to-date: /root/ros2_frws/install/xarm_api/share/xarm_api//launch
[68.627s] -- Up-to-date: /root/ros2_frws/install/xarm_api/share/xarm_api//launch/_robot_driver.launch.py
[68.628s] -- Up-to-date: /root/ros2_frws/install/xarm_api/share/xarm_api//launch/lib
[68.628s] -- Up-to-date: /root/ros2_frws/install/xarm_api/share/xarm_api//launch/lib/robot_api_lib.py
[68.629s] -- Up-to-date: /root/ros2_frws/install/xarm_api/share/xarm_api//launch/uf850_driver.launch.py
[68.629s] -- Up-to-date: /root/ros2_frws/install/xarm_api/share/xarm_api//launch/xarm6_driver.launch.py
[68.629s] -- Up-to-date: /root/ros2_frws/install/xarm_api/share/xarm_api//launch/lite6_driver.launch.py
[68.629s] -- Up-to-date: /root/ros2_frws/install/xarm_api/share/xarm_api//launch/xarm7_driver.launch.py
[68.629s] -- Up-to-date: /root/ros2_frws/install/xarm_api/share/xarm_api//launch/xarm5_driver.launch.py
[68.629s] -- Up-to-date: /root/ros2_frws/install/xarm_api/share/xarm_api//config
[68.630s] -- Up-to-date: /root/ros2_frws/install/xarm_api/share/xarm_api//config/xarm_params.yaml
[68.631s] -- Up-to-date: /root/ros2_frws/install/xarm_api/share/ament_index/resource_index/package_run_dependencies/xarm_api
[68.631s] -- Up-to-date: /root/ros2_frws/install/xarm_api/share/ament_index/resource_index/parent_prefix_path/xarm_api
[68.631s] -- Up-to-date: /root/ros2_frws/install/xarm_api/share/xarm_api/environment/ament_prefix_path.sh
[68.632s] -- Installing: /root/ros2_frws/install/xarm_api/share/xarm_api/environment/ament_prefix_path.dsv
[68.632s] -- Up-to-date: /root/ros2_frws/install/xarm_api/share/xarm_api/environment/path.sh
[68.632s] -- Installing: /root/ros2_frws/install/xarm_api/share/xarm_api/environment/path.dsv
[68.633s] -- Up-to-date: /root/ros2_frws/install/xarm_api/share/xarm_api/local_setup.bash
[68.634s] -- Up-to-date: /root/ros2_frws/install/xarm_api/share/xarm_api/local_setup.sh
[68.634s] -- Up-to-date: /root/ros2_frws/install/xarm_api/share/xarm_api/local_setup.zsh
[68.634s] -- Installing: /root/ros2_frws/install/xarm_api/share/xarm_api/local_setup.dsv
[68.634s] -- Installing: /root/ros2_frws/install/xarm_api/share/xarm_api/package.dsv
[68.636s] -- Up-to-date: /root/ros2_frws/install/xarm_api/share/ament_index/resource_index/packages/xarm_api
[68.636s] -- Up-to-date: /root/ros2_frws/install/xarm_api/share/xarm_api/cmake/ament_cmake_export_libraries-extras.cmake
[68.637s] -- Up-to-date: /root/ros2_frws/install/xarm_api/share/xarm_api/cmake/ament_cmake_export_include_directories-extras.cmake
[68.637s] -- Up-to-date: /root/ros2_frws/install/xarm_api/share/xarm_api/cmake/xarm_apiConfig.cmake
[68.637s] -- Up-to-date: /root/ros2_frws/install/xarm_api/share/xarm_api/cmake/xarm_apiConfig-version.cmake
[68.638s] -- Up-to-date: /root/ros2_frws/install/xarm_api/share/xarm_api/package.xml
[68.640s] Invoked command in '/root/ros2_frws/build/xarm_api' returned '0': AMENT_PREFIX_PATH=/root/ros2_frws/install/xarm_sdk:/root/ros2_frws/install/xarm_msgs:/root/ros2_frws/install/xarm_description:${AMENT_PREFIX_PATH} CMAKE_PREFIX_PATH=/root/ros2_frws/install/xarm_sdk:/root/ros2_frws/install/xarm_msgs:/root/ros2_frws/install/xarm_description:/opt/ros/humble LD_LIBRARY_PATH=/root/ros2_frws/install/xarm_sdk/lib:/root/ros2_frws/install/xarm_msgs/lib:${LD_LIBRARY_PATH} PYTHONPATH=/root/ros2_frws/install/xarm_msgs/local/lib/python3.10/dist-packages:${PYTHONPATH} /usr/bin/cmake --install /root/ros2_frws/build/xarm_api
