[2.636s] Invoking command in '/root/ros2_frws/src/basic_comms': PYTHONPATH=/root/ros2_frws/build/basic_comms/prefix_override:/root/ros2_frws/install/basic_comms/lib/python3.10/site-packages:${PYTHONPATH} /usr/bin/python3 setup.py egg_info --egg-base ../../build/basic_comms build --build-base /root/ros2_frws/build/basic_comms/build install --record /root/ros2_frws/build/basic_comms/install.log --single-version-externally-managed
[2.985s] running egg_info
[2.986s] writing ../../build/basic_comms/basic_comms.egg-info/PKG-INFO
[2.986s] writing dependency_links to ../../build/basic_comms/basic_comms.egg-info/dependency_links.txt
[2.986s] writing entry points to ../../build/basic_comms/basic_comms.egg-info/entry_points.txt
[2.987s] writing requirements to ../../build/basic_comms/basic_comms.egg-info/requires.txt
[2.988s] writing top-level names to ../../build/basic_comms/basic_comms.egg-info/top_level.txt
[2.988s] reading manifest file '../../build/basic_comms/basic_comms.egg-info/SOURCES.txt'
[2.990s] writing manifest file '../../build/basic_comms/basic_comms.egg-info/SOURCES.txt'
[2.990s] running build
[2.990s] running build_py
[2.990s] running install
[2.990s] running install_lib
[2.992s] /root/.local/lib/python3.10/site-packages/setuptools/_distutils/cmd.py:66: SetuptoolsDeprecationWarning: setup.py install is deprecated.
[2.992s] !!
[2.992s] 
[2.992s]         ********************************************************************************
[2.992s]         Please avoid running ``setup.py`` directly.
[2.992s]         Instead, use pypa/build, pypa/installer or other
[2.992s]         standards-based tools.
[2.992s] 
[2.992s]         See https://blog.ganssle.io/articles/2021/10/setup-py-deprecated.html for details.
[2.992s]         ********************************************************************************
[2.992s] 
[2.992s] !!
[2.993s]   self.initialize_options()
[3.020s] running install_data
[3.059s] running install_egg_info
[3.089s] removing '/root/ros2_frws/install/basic_comms/lib/python3.10/site-packages/basic_comms-0.0.0-py3.10.egg-info' (and everything under it)
[3.092s] Copying ../../build/basic_comms/basic_comms.egg-info to /root/ros2_frws/install/basic_comms/lib/python3.10/site-packages/basic_comms-0.0.0-py3.10.egg-info
[3.095s] running install_scripts
[3.364s] Installing subscriber script to /root/ros2_frws/install/basic_comms/lib/basic_comms
[3.365s] Installing talker script to /root/ros2_frws/install/basic_comms/lib/basic_comms
[3.366s] writing list of installed files to '/root/ros2_frws/build/basic_comms/install.log'
[3.432s] Invoked command in '/root/ros2_frws/src/basic_comms' returned '0': PYTHONPATH=/root/ros2_frws/build/basic_comms/prefix_override:/root/ros2_frws/install/basic_comms/lib/python3.10/site-packages:${PYTHONPATH} /usr/bin/python3 setup.py egg_info --egg-base ../../build/basic_comms build --build-base /root/ros2_frws/build/basic_comms/build install --record /root/ros2_frws/build/basic_comms/install.log --single-version-externally-managed
