[0.076s] Invoking command in '/root/ros2_frws/build/tutorial_interfaces': CMAKE_PREFIX_PATH=/opt/ros/humble /usr/bin/cmake --build /root/ros2_frws/build/tutorial_interfaces -- -j16 -l16
[0.097s] -- Found ament_cmake: 1.3.8 (/opt/ros/humble/share/ament_cmake/cmake)
[0.240s] -- Found rosidl_default_generators: 1.2.0 (/opt/ros/humble/share/rosidl_default_generators/cmake)
[0.240s] -- Using all available rosidl_typesupport_c: rosidl_typesupport_fastrtps_c;rosidl_typesupport_introspection_c
[0.243s] -- Found rosidl_adapter: 3.1.5 (/opt/ros/humble/share/rosidl_adapter/cmake)
[0.273s] -- Using all available rosidl_typesupport_cpp: rosidl_typesupport_fastrtps_cpp;rosidl_typesupport_introspection_cpp
[0.421s] [31mCMake Error at /opt/ros/humble/share/rosidl_adapter/cmake/rosidl_adapt_interfaces.cmake:59 (message):
[0.421s]   execute_process(/usr/bin/python3 -m rosidl_adapter --package-name
[0.421s]   tutorial_interfaces --arguments-file
[0.421s]   /root/ros2_frws/build/tutorial_interfaces/rosidl_adapter__arguments__tutorial_interfaces.json
[0.421s]   --output-dir
[0.421s]   /root/ros2_frws/build/tutorial_interfaces/rosidl_adapter/tutorial_interfaces
[0.421s]   --output-file
[0.421s]   /root/ros2_frws/build/tutorial_interfaces/rosidl_adapter/tutorial_interfaces.idls)
[0.421s]   returned error code 1:
[0.421s] 
[0.421s]   Traceback (most recent call last):
[0.421s] 
[0.421s]     File "/usr/lib/python3.10/runpy.py", line 196, in _run_module_as_main
[0.421s]       return _run_code(code, main_globals, None,
[0.421s]     File "/usr/lib/python3.10/runpy.py", line 86, in _run_code
[0.422s]       exec(code, run_globals)
[0.422s]     File "/opt/ros/humble/local/lib/python3.10/dist-packages/rosidl_adapter/__main__.py", line 19, in <module>
[0.422s]       sys.exit(main())
[0.422s]     File "/opt/ros/humble/local/lib/python3.10/dist-packages/rosidl_adapter/main.py", line 53, in main
[0.422s]       abs_idl_file = convert_to_idl(
[0.422s]     File "/opt/ros/humble/local/lib/python3.10/dist-packages/rosidl_adapter/__init__.py", line 19, in convert_to_idl
[0.422s]       return convert_msg_to_idl(
[0.422s]     File "/opt/ros/humble/local/lib/python3.10/dist-packages/rosidl_adapter/msg/__init__.py", line 28, in convert_msg_to_idl
[0.422s]       msg = parse_message_string(package_name, input_file.stem, content)
[0.422s]     File "/opt/ros/humble/local/lib/python3.10/dist-packages/rosidl_adapter/parser.py", line 544, in parse_message_string
[0.422s]       msg = MessageSpecification(pkg_name, msg_name, fields, constants)
[0.422s]     File "/opt/ros/humble/local/lib/python3.10/dist-packages/rosidl_adapter/parser.py", line 388, in __init__
[0.422s]       self.base_type = BaseType(
[0.422s]     File "/opt/ros/humble/local/lib/python3.10/dist-packages/rosidl_adapter/parser.py", line 205, in __init__
[0.422s]       raise InvalidResourceName(
[0.422s] 
[0.422s]   rosidl_adapter.parser.InvalidResourceName: 'signaParams' is an invalid
[0.422s]   message name.  It should have the pattern '^[A-Z][A-Za-z0-9]*$'
[0.423s] 
[0.423s] Call Stack (most recent call first):
[0.423s]   /opt/ros/humble/share/rosidl_cmake/cmake/rosidl_generate_interfaces.cmake:130 (rosidl_adapt_interfaces)
[0.423s]   CMakeLists.txt:13 (rosidl_generate_interfaces)
[0.423s] 
[0.423s] [0m
[0.423s] -- Configuring incomplete, errors occurred!
[0.423s] See also "/root/ros2_frws/build/tutorial_interfaces/CMakeFiles/CMakeOutput.log".
[0.426s] gmake: *** [Makefile:226: cmake_check_build_system] Error 1
[0.430s] Invoked command in '/root/ros2_frws/build/tutorial_interfaces' returned '2': CMAKE_PREFIX_PATH=/opt/ros/humble /usr/bin/cmake --build /root/ros2_frws/build/tutorial_interfaces -- -j16 -l16
