running egg_info
creating ../../build/challenge_2/challenge_2.egg-info
writing ../../build/challenge_2/challenge_2.egg-info/PKG-INFO
writing dependency_links to ../../build/challenge_2/challenge_2.egg-info/dependency_links.txt
writing entry points to ../../build/challenge_2/challenge_2.egg-info/entry_points.txt
writing requirements to ../../build/challenge_2/challenge_2.egg-info/requires.txt
writing top-level names to ../../build/challenge_2/challenge_2.egg-info/top_level.txt
writing manifest file '../../build/challenge_2/challenge_2.egg-info/SOURCES.txt'
reading manifest file '../../build/challenge_2/challenge_2.egg-info/SOURCES.txt'
adding license file 'LICENSE'
writing manifest file '../../build/challenge_2/challenge_2.egg-info/SOURCES.txt'
running build
running build_py
creating /root/ros2_frws/build/challenge_2/build
creating /root/ros2_frws/build/challenge_2/build/lib
creating /root/ros2_frws/build/challenge_2/build/lib/challenge_2
copying challenge_2/reconstructor_node.py -> /root/ros2_frws/build/challenge_2/build/lib/challenge_2
copying challenge_2/signal_generator.py -> /root/ros2_frws/build/challenge_2/build/lib/challenge_2
copying challenge_2/__init__.py -> /root/ros2_frws/build/challenge_2/build/lib/challenge_2
running install
/root/.local/lib/python3.10/site-packages/setuptools/_distutils/cmd.py:66: SetuptoolsDeprecationWarning: setup.py install is deprecated.
!!

        ********************************************************************************
        Please avoid running ``setup.py`` directly.
        Instead, use pypa/build, pypa/installer or other
        standards-based tools.

        See https://blog.ganssle.io/articles/2021/10/setup-py-deprecated.html for details.
        ********************************************************************************

!!
  self.initialize_options()
running install_lib
creating /root/ros2_frws/install/challenge_2/lib/python3.10/site-packages/challenge_2
copying /root/ros2_frws/build/challenge_2/build/lib/challenge_2/reconstructor_node.py -> /root/ros2_frws/install/challenge_2/lib/python3.10/site-packages/challenge_2
copying /root/ros2_frws/build/challenge_2/build/lib/challenge_2/signal_generator.py -> /root/ros2_frws/install/challenge_2/lib/python3.10/site-packages/challenge_2
copying /root/ros2_frws/build/challenge_2/build/lib/challenge_2/__init__.py -> /root/ros2_frws/install/challenge_2/lib/python3.10/site-packages/challenge_2
byte-compiling /root/ros2_frws/install/challenge_2/lib/python3.10/site-packages/challenge_2/reconstructor_node.py to reconstructor_node.cpython-310.pyc
byte-compiling /root/ros2_frws/install/challenge_2/lib/python3.10/site-packages/challenge_2/signal_generator.py to signal_generator.cpython-310.pyc
byte-compiling /root/ros2_frws/install/challenge_2/lib/python3.10/site-packages/challenge_2/__init__.py to __init__.cpython-310.pyc
running install_data
creating /root/ros2_frws/install/challenge_2/share/ament_index
creating /root/ros2_frws/install/challenge_2/share/ament_index/resource_index
creating /root/ros2_frws/install/challenge_2/share/ament_index/resource_index/packages
copying resource/challenge_2 -> /root/ros2_frws/install/challenge_2/share/ament_index/resource_index/packages
copying package.xml -> /root/ros2_frws/install/challenge_2/share/challenge_2
running install_egg_info
Copying ../../build/challenge_2/challenge_2.egg-info to /root/ros2_frws/install/challenge_2/lib/python3.10/site-packages/challenge_2-0.0.0-py3.10.egg-info
running install_scripts
Installing signal_generator script to /root/ros2_frws/install/challenge_2/lib/challenge_2
writing list of installed files to '/root/ros2_frws/build/challenge_2/install.log'
