[1.847s] Invoking command in '/root/ros2_frws/src/basic_comms_param': PYTHONPATH=/root/ros2_frws/build/basic_comms_param/prefix_override:/root/ros2_frws/install/basic_comms_param/lib/python3.10/site-packages:${PYTHONPATH} /usr/bin/python3 setup.py egg_info --egg-base ../../build/basic_comms_param build --build-base /root/ros2_frws/build/basic_comms_param/build install --record /root/ros2_frws/build/basic_comms_param/install.log --single-version-externally-managed
[2.124s] running egg_info
[2.137s] writing ../../build/basic_comms_param/basic_comms_param.egg-info/PKG-INFO
[2.139s] writing dependency_links to ../../build/basic_comms_param/basic_comms_param.egg-info/dependency_links.txt
[2.139s] writing entry points to ../../build/basic_comms_param/basic_comms_param.egg-info/entry_points.txt
[2.140s] writing requirements to ../../build/basic_comms_param/basic_comms_param.egg-info/requires.txt
[2.141s] writing top-level names to ../../build/basic_comms_param/basic_comms_param.egg-info/top_level.txt
[2.168s] reading manifest file '../../build/basic_comms_param/basic_comms_param.egg-info/SOURCES.txt'
[2.169s] adding license file 'LICENSE'
[2.169s] writing manifest file '../../build/basic_comms_param/basic_comms_param.egg-info/SOURCES.txt'
[2.169s] running build
[2.169s] running build_py
[2.169s] running install
[2.171s] /root/.local/lib/python3.10/site-packages/setuptools/_distutils/cmd.py:66: SetuptoolsDeprecationWarning: setup.py install is deprecated.
[2.171s] !!
[2.171s] 
[2.171s]         ********************************************************************************
[2.171s]         Please avoid running ``setup.py`` directly.
[2.171s]         Instead, use pypa/build, pypa/installer or other
[2.171s]         standards-based tools.
[2.171s] 
[2.172s]         See https://blog.ganssle.io/articles/2021/10/setup-py-deprecated.html for details.
[2.172s]         ********************************************************************************
[2.172s] 
[2.172s] !!
[2.172s]   self.initialize_options()
[2.177s] running install_lib
[2.194s] running install_data
[2.209s] running install_egg_info
[2.227s] removing '/root/ros2_frws/install/basic_comms_param/lib/python3.10/site-packages/basic_comms_param-0.0.0-py3.10.egg-info' (and everything under it)
[2.228s] Copying ../../build/basic_comms_param/basic_comms_param.egg-info to /root/ros2_frws/install/basic_comms_param/lib/python3.10/site-packages/basic_comms_param-0.0.0-py3.10.egg-info
[2.230s] running install_scripts
[2.422s] Installing talker_params script to /root/ros2_frws/install/basic_comms_param/lib/basic_comms_param
[2.423s] writing list of installed files to '/root/ros2_frws/build/basic_comms_param/install.log'
[2.482s] Invoked command in '/root/ros2_frws/src/basic_comms_param' returned '0': PYTHONPATH=/root/ros2_frws/build/basic_comms_param/prefix_override:/root/ros2_frws/install/basic_comms_param/lib/python3.10/site-packages:${PYTHONPATH} /usr/bin/python3 setup.py egg_info --egg-base ../../build/basic_comms_param build --build-base /root/ros2_frws/build/basic_comms_param/build install --record /root/ros2_frws/build/basic_comms_param/install.log --single-version-externally-managed
