[0.511s] Invoking command in '/root/ros2_frws/build/xarm_sdk': CMAKE_PREFIX_PATH=${CMAKE_PREFIX_PATH}:/root/ros2_frws/install/challenge_2:/root/ros2_frws/install/moveit_configs_utils:/root/ros2_frws/install/course_works:/root/ros2_frws/install/basic_comms_params:/root/ros2_frws/install/basic_comms_param:/root/ros2_frws/install/basic_comms:/opt/ros/humble /usr/bin/cmake /root/ros2_frws/src/xarm_ros2/xarm_sdk -DAMENT_CMAKE_SYMLINK_INSTALL=1 -DCMAKE_INSTALL_PREFIX=/root/ros2_frws/install/xarm_sdk
[1.462s] -- Found ament_cmake: 1.3.8 (/opt/ros/humble/share/ament_cmake/cmake)
[1.464s] -- Override CMake install command with custom implementation using symlinks instead of copying resources
[1.464s] -- Found ament_lint_auto: 0.12.10 (/opt/ros/humble/share/ament_lint_auto/cmake)
[1.464s] -- Added test 'copyright' to check source files copyright and LICENSE
[1.464s] -- Added test 'cppcheck' to perform static code analysis on C / C++ code
[1.465s] -- Configured cppcheck include dirs: /root/ros2_frws/src/xarm_ros2/xarm_sdk/cxx/include
[1.465s] -- Configured cppcheck exclude dirs and/or files: 
[1.465s] -- Added test 'cpplint' to check C / C++ code against the Google style
[1.465s] -- Configured cpplint exclude dirs and/or files: 
[1.465s] -- Added test 'lint_cmake' to check CMake code style
[1.465s] -- Added test 'uncrustify' to check C / C++ code style
[1.465s] -- Configured uncrustify additional arguments: 
[1.465s] -- Added test 'xmllint' to check XML markup files
[1.466s] -- Configuring done
[1.466s] -- Generating done
[1.466s] -- Build files have been written to: /root/ros2_frws/build/xarm_sdk
[1.476s] Invoked command in '/root/ros2_frws/build/xarm_sdk' returned '0': CMAKE_PREFIX_PATH=${CMAKE_PREFIX_PATH}:/root/ros2_frws/install/challenge_2:/root/ros2_frws/install/moveit_configs_utils:/root/ros2_frws/install/course_works:/root/ros2_frws/install/basic_comms_params:/root/ros2_frws/install/basic_comms_param:/root/ros2_frws/install/basic_comms:/opt/ros/humble /usr/bin/cmake /root/ros2_frws/src/xarm_ros2/xarm_sdk -DAMENT_CMAKE_SYMLINK_INSTALL=1 -DCMAKE_INSTALL_PREFIX=/root/ros2_frws/install/xarm_sdk
[1.477s] Invoking command in '/root/ros2_frws/build/xarm_sdk': CMAKE_PREFIX_PATH=${CMAKE_PREFIX_PATH}:/root/ros2_frws/install/challenge_2:/root/ros2_frws/install/moveit_configs_utils:/root/ros2_frws/install/course_works:/root/ros2_frws/install/basic_comms_params:/root/ros2_frws/install/basic_comms_param:/root/ros2_frws/install/basic_comms:/opt/ros/humble /usr/bin/cmake --build /root/ros2_frws/build/xarm_sdk -- -j16 -l16
[1.525s] [35m[1mConsolidate compiler generated dependencies of target xarm_cxx_sdk[0m
[1.584s] [100%] Built target xarm_cxx_sdk
[1.620s] Invoked command in '/root/ros2_frws/build/xarm_sdk' returned '0': CMAKE_PREFIX_PATH=${CMAKE_PREFIX_PATH}:/root/ros2_frws/install/challenge_2:/root/ros2_frws/install/moveit_configs_utils:/root/ros2_frws/install/course_works:/root/ros2_frws/install/basic_comms_params:/root/ros2_frws/install/basic_comms_param:/root/ros2_frws/install/basic_comms:/opt/ros/humble /usr/bin/cmake --build /root/ros2_frws/build/xarm_sdk -- -j16 -l16
[1.713s] Invoking command in '/root/ros2_frws/build/xarm_sdk': CMAKE_PREFIX_PATH=${CMAKE_PREFIX_PATH}:/root/ros2_frws/install/challenge_2:/root/ros2_frws/install/moveit_configs_utils:/root/ros2_frws/install/course_works:/root/ros2_frws/install/basic_comms_params:/root/ros2_frws/install/basic_comms_param:/root/ros2_frws/install/basic_comms:/opt/ros/humble /usr/bin/cmake --install /root/ros2_frws/build/xarm_sdk
[1.720s] -- Install configuration: "Release"
[1.721s] -- Execute custom install script
[1.721s] -- Up-to-date symlink: /root/ros2_frws/install/xarm_sdk/share/xarm_sdk/environment/library_path.sh
[1.722s] -- Up-to-date symlink: /root/ros2_frws/install/xarm_sdk/share/xarm_sdk/environment/library_path.dsv
[1.723s] -- Up-to-date symlink: /root/ros2_frws/install/xarm_sdk/cxx/include/serial/impl/unix.h
[1.723s] -- Up-to-date symlink: /root/ros2_frws/install/xarm_sdk/cxx/include/serial/impl/win.h
[1.724s] -- Up-to-date symlink: /root/ros2_frws/install/xarm_sdk/cxx/include/serial/serial.h
[1.724s] -- Up-to-date symlink: /root/ros2_frws/install/xarm_sdk/cxx/include/serial/v8stdint.h
[1.724s] -- Up-to-date symlink: /root/ros2_frws/install/xarm_sdk/cxx/include/xarm/core/common/crc16.h
[1.725s] -- Up-to-date symlink: /root/ros2_frws/install/xarm_sdk/cxx/include/xarm/core/common/data_type.h
[1.725s] -- Up-to-date symlink: /root/ros2_frws/install/xarm_sdk/cxx/include/xarm/core/common/queue_memcpy.h
[1.725s] -- Up-to-date symlink: /root/ros2_frws/install/xarm_sdk/cxx/include/xarm/core/connect.h
[1.725s] -- Up-to-date symlink: /root/ros2_frws/install/xarm_sdk/cxx/include/xarm/core/debug/debug_print.h
[1.726s] -- Up-to-date symlink: /root/ros2_frws/install/xarm_sdk/cxx/include/xarm/core/instruction/servo3_config.h
[1.727s] -- Up-to-date symlink: /root/ros2_frws/install/xarm_sdk/cxx/include/xarm/core/instruction/uxbus_cmd.h
[1.728s] -- Up-to-date symlink: /root/ros2_frws/install/xarm_sdk/cxx/include/xarm/core/instruction/uxbus_cmd_config.h
[1.728s] -- Up-to-date symlink: /root/ros2_frws/install/xarm_sdk/cxx/include/xarm/core/instruction/uxbus_cmd_ser.h
[1.728s] -- Up-to-date symlink: /root/ros2_frws/install/xarm_sdk/cxx/include/xarm/core/instruction/uxbus_cmd_tcp.h
[1.729s] -- Up-to-date symlink: /root/ros2_frws/install/xarm_sdk/cxx/include/xarm/core/os/bak/thread.h
[1.729s] -- Up-to-date symlink: /root/ros2_frws/install/xarm_sdk/cxx/include/xarm/core/os/network.h
[1.729s] -- Up-to-date symlink: /root/ros2_frws/install/xarm_sdk/cxx/include/xarm/core/port/ser.h
[1.729s] -- Up-to-date symlink: /root/ros2_frws/install/xarm_sdk/cxx/include/xarm/core/port/socket.h
[1.730s] -- Up-to-date symlink: /root/ros2_frws/install/xarm_sdk/cxx/include/xarm/core/report_data.h
[1.730s] -- Up-to-date symlink: /root/ros2_frws/install/xarm_sdk/cxx/include/xarm/core/xarm_config.h
[1.730s] -- Up-to-date symlink: /root/ros2_frws/install/xarm_sdk/cxx/include/xarm/wrapper/common/timer.h
[1.730s] -- Up-to-date symlink: /root/ros2_frws/install/xarm_sdk/cxx/include/xarm/wrapper/common/utils.h
[1.730s] -- Up-to-date symlink: /root/ros2_frws/install/xarm_sdk/cxx/include/xarm/wrapper/xarm_api.h
[1.731s] -- Up-to-date symlink: /root/ros2_frws/install/xarm_sdk/lib/libxarm_cxx_sdk.so
[1.731s] -- Up-to-date symlink: /root/ros2_frws/install/xarm_sdk/share/ament_index/resource_index/package_run_dependencies/xarm_sdk
[1.731s] -- Up-to-date symlink: /root/ros2_frws/install/xarm_sdk/share/ament_index/resource_index/parent_prefix_path/xarm_sdk
[1.731s] -- Up-to-date symlink: /root/ros2_frws/install/xarm_sdk/share/xarm_sdk/environment/ament_prefix_path.sh
[1.732s] -- Up-to-date symlink: /root/ros2_frws/install/xarm_sdk/share/xarm_sdk/environment/ament_prefix_path.dsv
[1.732s] -- Up-to-date symlink: /root/ros2_frws/install/xarm_sdk/share/xarm_sdk/environment/path.sh
[1.732s] -- Up-to-date symlink: /root/ros2_frws/install/xarm_sdk/share/xarm_sdk/environment/path.dsv
[1.732s] -- Up-to-date symlink: /root/ros2_frws/install/xarm_sdk/share/xarm_sdk/local_setup.bash
[1.733s] -- Up-to-date symlink: /root/ros2_frws/install/xarm_sdk/share/xarm_sdk/local_setup.sh
[1.733s] -- Up-to-date symlink: /root/ros2_frws/install/xarm_sdk/share/xarm_sdk/local_setup.zsh
[1.733s] -- Up-to-date symlink: /root/ros2_frws/install/xarm_sdk/share/xarm_sdk/local_setup.dsv
[1.734s] -- Symlinking: /root/ros2_frws/install/xarm_sdk/share/xarm_sdk/package.dsv
[1.738s] -- Up-to-date symlink: /root/ros2_frws/install/xarm_sdk/share/ament_index/resource_index/packages/xarm_sdk
[1.738s] -- Up-to-date symlink: /root/ros2_frws/install/xarm_sdk/share/xarm_sdk/cmake/ament_cmake_export_libraries-extras.cmake
[1.738s] -- Up-to-date symlink: /root/ros2_frws/install/xarm_sdk/share/xarm_sdk/cmake/ament_cmake_export_include_directories-extras.cmake
[1.738s] -- Up-to-date symlink: /root/ros2_frws/install/xarm_sdk/share/xarm_sdk/cmake/xarm_sdkConfig.cmake
[1.739s] -- Up-to-date symlink: /root/ros2_frws/install/xarm_sdk/share/xarm_sdk/cmake/xarm_sdkConfig-version.cmake
[1.739s] -- Up-to-date symlink: /root/ros2_frws/install/xarm_sdk/share/xarm_sdk/package.xml
[1.813s] Invoked command in '/root/ros2_frws/build/xarm_sdk' returned '0': CMAKE_PREFIX_PATH=${CMAKE_PREFIX_PATH}:/root/ros2_frws/install/challenge_2:/root/ros2_frws/install/moveit_configs_utils:/root/ros2_frws/install/course_works:/root/ros2_frws/install/basic_comms_params:/root/ros2_frws/install/basic_comms_param:/root/ros2_frws/install/basic_comms:/opt/ros/humble /usr/bin/cmake --install /root/ros2_frws/build/xarm_sdk
