[2.886s] Invoking command in '/root/ros2_frws/src/course_works': PYTHONPATH=/root/ros2_frws/build/course_works/prefix_override:/root/ros2_frws/install/course_works/lib/python3.10/site-packages:${PYTHONPATH} /usr/bin/python3 setup.py egg_info --egg-base ../../build/course_works build --build-base /root/ros2_frws/build/course_works/build install --record /root/ros2_frws/build/course_works/install.log --single-version-externally-managed
[3.296s] running egg_info
[3.332s] writing ../../build/course_works/course_works.egg-info/PKG-INFO
[3.332s] writing dependency_links to ../../build/course_works/course_works.egg-info/dependency_links.txt
[3.332s] writing entry points to ../../build/course_works/course_works.egg-info/entry_points.txt
[3.333s] writing requirements to ../../build/course_works/course_works.egg-info/requires.txt
[3.333s] writing top-level names to ../../build/course_works/course_works.egg-info/top_level.txt
[3.381s] reading manifest file '../../build/course_works/course_works.egg-info/SOURCES.txt'
[3.382s] adding license file 'LICENSE'
[3.382s] writing manifest file '../../build/course_works/course_works.egg-info/SOURCES.txt'
[3.382s] running build
[3.382s] running build_py
[3.384s] /root/.local/lib/python3.10/site-packages/setuptools/_distutils/cmd.py:66: SetuptoolsDeprecationWarning: setup.py install is deprecated.
[3.384s] !!
[3.384s] 
[3.384s]         ********************************************************************************
[3.384s]         Please avoid running ``setup.py`` directly.
[3.384s]         Instead, use pypa/build, pypa/installer or other
[3.385s]         standards-based tools.
[3.385s] 
[3.386s]         See https://blog.ganssle.io/articles/2021/10/setup-py-deprecated.html for details.
[3.386s]         ********************************************************************************
[3.386s] 
[3.386s] !!
[3.387s]   self.initialize_options()
[3.387s] running install
[3.396s] running install_lib
[3.425s] running install_data
[3.455s] running install_egg_info
[3.487s] removing '/root/ros2_frws/install/course_works/lib/python3.10/site-packages/course_works-0.0.0-py3.10.egg-info' (and everything under it)
[3.487s] Copying ../../build/course_works/course_works.egg-info to /root/ros2_frws/install/course_works/lib/python3.10/site-packages/course_works-0.0.0-py3.10.egg-info
[3.488s] running install_scripts
[3.802s] Installing process_node script to /root/ros2_frws/install/course_works/lib/course_works
[3.802s] Installing signal_generator script to /root/ros2_frws/install/course_works/lib/course_works
[3.802s] writing list of installed files to '/root/ros2_frws/build/course_works/install.log'
[4.095s] Invoked command in '/root/ros2_frws/src/course_works' returned '0': PYTHONPATH=/root/ros2_frws/build/course_works/prefix_override:/root/ros2_frws/install/course_works/lib/python3.10/site-packages:${PYTHONPATH} /usr/bin/python3 setup.py egg_info --egg-base ../../build/course_works build --build-base /root/ros2_frws/build/course_works/build install --record /root/ros2_frws/build/course_works/install.log --single-version-externally-managed
