[3.228s] Invoking command in '/root/ros2_frws/src/basic_comms_param': PYTHONPATH=/root/ros2_frws/build/basic_comms_param/prefix_override:/root/ros2_frws/install/basic_comms_param/lib/python3.10/site-packages:${PYTHONPATH} /usr/bin/python3 setup.py egg_info --egg-base ../../build/basic_comms_param build --build-base /root/ros2_frws/build/basic_comms_param/build install --record /root/ros2_frws/build/basic_comms_param/install.log --single-version-externally-managed
[3.611s] running egg_info
[3.632s] writing ../../build/basic_comms_param/basic_comms_param.egg-info/PKG-INFO
[3.633s] writing dependency_links to ../../build/basic_comms_param/basic_comms_param.egg-info/dependency_links.txt
[3.634s] writing entry points to ../../build/basic_comms_param/basic_comms_param.egg-info/entry_points.txt
[3.634s] writing requirements to ../../build/basic_comms_param/basic_comms_param.egg-info/requires.txt
[3.634s] writing top-level names to ../../build/basic_comms_param/basic_comms_param.egg-info/top_level.txt
[3.688s] reading manifest file '../../build/basic_comms_param/basic_comms_param.egg-info/SOURCES.txt'
[3.690s] adding license file 'LICENSE'
[3.690s] writing manifest file '../../build/basic_comms_param/basic_comms_param.egg-info/SOURCES.txt'
[3.690s] running build
[3.691s] running build_py
[3.691s] running install
[3.693s] /root/.local/lib/python3.10/site-packages/setuptools/_distutils/cmd.py:66: SetuptoolsDeprecationWarning: setup.py install is deprecated.
[3.693s] !!
[3.694s] 
[3.695s]         ********************************************************************************
[3.695s]         Please avoid running ``setup.py`` directly.
[3.695s]         Instead, use pypa/build, pypa/installer or other
[3.696s]         standards-based tools.
[3.696s] 
[3.697s]         See https://blog.ganssle.io/articles/2021/10/setup-py-deprecated.html for details.
[3.698s]         ********************************************************************************
[3.698s] 
[3.699s] !!
[3.699s]   self.initialize_options()
[3.700s] running install_lib
[3.730s] running install_data
[3.816s] running install_egg_info
[3.876s] removing '/root/ros2_frws/install/basic_comms_param/lib/python3.10/site-packages/basic_comms_param-0.0.0-py3.10.egg-info' (and everything under it)
[3.877s] Copying ../../build/basic_comms_param/basic_comms_param.egg-info to /root/ros2_frws/install/basic_comms_param/lib/python3.10/site-packages/basic_comms_param-0.0.0-py3.10.egg-info
[3.878s] running install_scripts
[4.065s] Installing talker_params script to /root/ros2_frws/install/basic_comms_param/lib/basic_comms_param
[4.066s] writing list of installed files to '/root/ros2_frws/build/basic_comms_param/install.log'
[4.122s] Invoked command in '/root/ros2_frws/src/basic_comms_param' returned '0': PYTHONPATH=/root/ros2_frws/build/basic_comms_param/prefix_override:/root/ros2_frws/install/basic_comms_param/lib/python3.10/site-packages:${PYTHONPATH} /usr/bin/python3 setup.py egg_info --egg-base ../../build/basic_comms_param build --build-base /root/ros2_frws/build/basic_comms_param/build install --record /root/ros2_frws/build/basic_comms_param/install.log --single-version-externally-managed
