[1.104s] Invoking command in '/root/ros2_frws/src/challenge_2': AMENT_PREFIX_PATH=/root/ros2_frws/install/my_msg_interfaces:${AMENT_PREFIX_PATH} CMAKE_PREFIX_PATH=/root/ros2_frws/install/my_msg_interfaces LD_LIBRARY_PATH=/root/ros2_frws/install/my_msg_interfaces/lib:${LD_LIBRARY_PATH} PYTHONPATH=/root/ros2_frws/build/challenge_2/prefix_override:/root/ros2_frws/install/challenge_2/lib/python3.10/site-packages:/root/ros2_frws/install/my_msg_interfaces/local/lib/python3.10/dist-packages:${PYTHONPATH} /usr/bin/python3 setup.py egg_info --egg-base ../../build/challenge_2 build --build-base /root/ros2_frws/build/challenge_2/build install --record /root/ros2_frws/build/challenge_2/install.log --single-version-externally-managed
[1.345s] running egg_info
[1.362s] writing ../../build/challenge_2/challenge_2.egg-info/PKG-INFO
[1.363s] writing dependency_links to ../../build/challenge_2/challenge_2.egg-info/dependency_links.txt
[1.364s] writing entry points to ../../build/challenge_2/challenge_2.egg-info/entry_points.txt
[1.364s] writing requirements to ../../build/challenge_2/challenge_2.egg-info/requires.txt
[1.364s] writing top-level names to ../../build/challenge_2/challenge_2.egg-info/top_level.txt
[1.398s] reading manifest file '../../build/challenge_2/challenge_2.egg-info/SOURCES.txt'
[1.400s] adding license file 'LICENSE'
[1.400s] writing manifest file '../../build/challenge_2/challenge_2.egg-info/SOURCES.txt'
[1.401s] running build
[1.401s] running build_py
[1.401s] copying challenge_2/reconstructor_node.py -> /root/ros2_frws/build/challenge_2/build/lib/challenge_2
[1.402s] running install
[1.402s] /root/.local/lib/python3.10/site-packages/setuptools/_distutils/cmd.py:66: SetuptoolsDeprecationWarning: setup.py install is deprecated.
[1.402s] !!
[1.402s] 
[1.402s]         ********************************************************************************
[1.402s]         Please avoid running ``setup.py`` directly.
[1.403s]         Instead, use pypa/build, pypa/installer or other
[1.403s]         standards-based tools.
[1.403s] 
[1.403s]         See https://blog.ganssle.io/articles/2021/10/setup-py-deprecated.html for details.
[1.403s]         ********************************************************************************
[1.403s] 
[1.403s] !!
[1.403s]   self.initialize_options()
[1.409s] running install_lib
[1.423s] copying /root/ros2_frws/build/challenge_2/build/lib/challenge_2/reconstructor_node.py -> /root/ros2_frws/install/challenge_2/lib/python3.10/site-packages/challenge_2
[1.424s] byte-compiling /root/ros2_frws/install/challenge_2/lib/python3.10/site-packages/challenge_2/reconstructor_node.py to reconstructor_node.cpython-310.pyc
[1.425s] running install_data
[1.443s] running install_egg_info
[1.457s] removing '/root/ros2_frws/install/challenge_2/lib/python3.10/site-packages/challenge_2-0.0.0-py3.10.egg-info' (and everything under it)
[1.458s] Copying ../../build/challenge_2/challenge_2.egg-info to /root/ros2_frws/install/challenge_2/lib/python3.10/site-packages/challenge_2-0.0.0-py3.10.egg-info
[1.460s] running install_scripts
[1.609s] Installing signal_generator script to /root/ros2_frws/install/challenge_2/lib/challenge_2
[1.613s] writing list of installed files to '/root/ros2_frws/build/challenge_2/install.log'
[1.721s] Invoked command in '/root/ros2_frws/src/challenge_2' returned '0': AMENT_PREFIX_PATH=/root/ros2_frws/install/my_msg_interfaces:${AMENT_PREFIX_PATH} CMAKE_PREFIX_PATH=/root/ros2_frws/install/my_msg_interfaces LD_LIBRARY_PATH=/root/ros2_frws/install/my_msg_interfaces/lib:${LD_LIBRARY_PATH} PYTHONPATH=/root/ros2_frws/build/challenge_2/prefix_override:/root/ros2_frws/install/challenge_2/lib/python3.10/site-packages:/root/ros2_frws/install/my_msg_interfaces/local/lib/python3.10/dist-packages:${PYTHONPATH} /usr/bin/python3 setup.py egg_info --egg-base ../../build/challenge_2 build --build-base /root/ros2_frws/build/challenge_2/build install --record /root/ros2_frws/build/challenge_2/install.log --single-version-externally-managed
