[1.625s] Invoking command in '/root/ros2_frws/src/basic_comms': PYTHONPATH=/root/ros2_frws/build/basic_comms/prefix_override:/root/ros2_frws/install/basic_comms/lib/python3.10/site-packages:${PYTHONPATH} /usr/bin/python3 setup.py egg_info --egg-base ../../build/basic_comms build --build-base /root/ros2_frws/build/basic_comms/build install --record /root/ros2_frws/build/basic_comms/install.log --single-version-externally-managed
[1.833s] running egg_info
[1.849s] writing ../../build/basic_comms/basic_comms.egg-info/PKG-INFO
[1.850s] writing dependency_links to ../../build/basic_comms/basic_comms.egg-info/dependency_links.txt
[1.850s] writing entry points to ../../build/basic_comms/basic_comms.egg-info/entry_points.txt
[1.850s] writing requirements to ../../build/basic_comms/basic_comms.egg-info/requires.txt
[1.850s] writing top-level names to ../../build/basic_comms/basic_comms.egg-info/top_level.txt
[1.879s] reading manifest file '../../build/basic_comms/basic_comms.egg-info/SOURCES.txt'
[1.880s] writing manifest file '../../build/basic_comms/basic_comms.egg-info/SOURCES.txt'
[1.881s] running build
[1.881s] running build_py
[1.881s] /root/.local/lib/python3.10/site-packages/setuptools/_distutils/cmd.py:66: SetuptoolsDeprecationWarning: setup.py install is deprecated.
[1.881s] !!
[1.881s] 
[1.883s]         ********************************************************************************
[1.884s]         Please avoid running ``setup.py`` directly.
[1.884s]         Instead, use pypa/build, pypa/installer or other
[1.884s]         standards-based tools.
[1.885s] 
[1.885s]         See https://blog.ganssle.io/articles/2021/10/setup-py-deprecated.html for details.
[1.886s]         ********************************************************************************
[1.886s] 
[1.886s] !!
[1.886s]   self.initialize_options()
[1.886s] running install
[1.886s] running install_lib
[1.899s] running install_data
[1.913s] running install_egg_info
[1.930s] removing '/root/ros2_frws/install/basic_comms/lib/python3.10/site-packages/basic_comms-0.0.0-py3.10.egg-info' (and everything under it)
[1.930s] Copying ../../build/basic_comms/basic_comms.egg-info to /root/ros2_frws/install/basic_comms/lib/python3.10/site-packages/basic_comms-0.0.0-py3.10.egg-info
[1.930s] running install_scripts
[2.074s] Installing subscriber script to /root/ros2_frws/install/basic_comms/lib/basic_comms
[2.074s] Installing talker script to /root/ros2_frws/install/basic_comms/lib/basic_comms
[2.075s] writing list of installed files to '/root/ros2_frws/build/basic_comms/install.log'
[2.268s] Invoked command in '/root/ros2_frws/src/basic_comms' returned '0': PYTHONPATH=/root/ros2_frws/build/basic_comms/prefix_override:/root/ros2_frws/install/basic_comms/lib/python3.10/site-packages:${PYTHONPATH} /usr/bin/python3 setup.py egg_info --egg-base ../../build/basic_comms build --build-base /root/ros2_frws/build/basic_comms/build install --record /root/ros2_frws/build/basic_comms/install.log --single-version-externally-managed
