[0.096s] Invoking command in '/root/ros2_frws/build/xarm_planner': CMAKE_PREFIX_PATH=/root/ros2_frws/install/xarm_moveit_config:/root/ros2_frws/install/xarm_gazebo:/root/ros2_frws/install/xarm_controller:/root/ros2_frws/install/xarm_api:/root/ros2_frws/install/xarm_sdk:/root/ros2_frws/install/xarm_msgs:/root/ros2_frws/install/xarm_description:/root/ros2_frws/install/xarm_planner:/root/ros2_frws/install/xarm_moveit_servo:/root/ros2_frws/install/realsense_gazebo_plugin:/root/ros2_frws/install/my_msg_interfaces:/root/ros2_frws/install/challenge_2:/root/ros2_frws/install/course_works:/root/ros2_frws/install/basic_comms_param:/root/ros2_frws/install/basic_comms:/opt/ros/humble LD_LIBRARY_PATH=/root/ros2_frws/install/xarm_gazebo/lib:/root/ros2_frws/install/xarm_controller/lib:/root/ros2_frws/install/xarm_api/lib:/root/ros2_frws/install/xarm_sdk/lib:/root/ros2_frws/install/xarm_msgs/lib:/root/ros2_frws/install/xarm_planner/lib:/root/ros2_frws/install/xarm_moveit_servo/lib:/root/ros2_frws/install/realsense_gazebo_plugin/lib:/root/ros2_frws/install/my_msg_interfaces/lib:/usr/lib/x86_64-linux-gnu/gazebo-11/plugins:/opt/ros/humble/opt/rviz_ogre_vendor/lib:/opt/ros/humble/lib/x86_64-linux-gnu:/opt/ros/humble/lib /usr/bin/cmake --build /root/ros2_frws/build/xarm_planner -- -j16 -l16
[0.157s] [ 27%] Built target test_xarm_planner_client_joint
[0.157s] [ 27%] Built target test_xarm_planner_client_pose
[0.157s] [ 27%] Built target test_lite_gripper_realmove
[0.158s] [ 36%] Built target test_xarm_gripper_planner_client_joint
[0.161s] [ 45%] Built target xarm_planner
[0.197s] [ 54%] Built target xarm_gripper_planner_node
[0.197s] [ 63%] Built target test_xarm_gripper_planner_api_joint
[0.198s] [ 68%] [32mBuilding CXX object CMakeFiles/test_xarm_planner_api_pose.dir/test/test_xarm_planner_api_pose.cpp.o[0m
[0.198s] [ 77%] Built target xarm_planner_node
[0.200s] [ 86%] Built target test_dual_xarm_planner_api_joint
[0.212s] [ 95%] Built target test_xarm_planner_api_joint
[4.809s] [01m[K/root/ros2_frws/src/xarm_ros2/xarm_planner/test/test_xarm_planner_api_pose.cpp:[m[K In function ‘[01m[Kint main(int, char**)[m[K’:
[4.809s] [01m[K/root/ros2_frws/src/xarm_ros2/xarm_planner/test/test_xarm_planner_api_pose.cpp:74:30:[m[K [01;31m[Kerror: [m[Kredeclaration of ‘[01m[Kgeometry_msgs::msg::Pose target_pose4[m[K’
[4.809s]    74 |     geometry_msgs::msg::Pose [01;31m[Ktarget_pose4[m[K;
[4.809s]       |                              [01;31m[K^~~~~~~~~~~~[m[K
[4.809s] [01m[K/root/ros2_frws/src/xarm_ros2/xarm_planner/test/test_xarm_planner_api_pose.cpp:65:30:[m[K [01;36m[Knote: [m[K‘[01m[Kgeometry_msgs::msg::Pose target_pose4[m[K’ previously declared here
[4.809s]    65 |     geometry_msgs::msg::Pose [01;36m[Ktarget_pose4[m[K;
[4.809s]       |                              [01;36m[K^~~~~~~~~~~~[m[K
[7.495s] gmake[2]: *** [CMakeFiles/test_xarm_planner_api_pose.dir/build.make:76: CMakeFiles/test_xarm_planner_api_pose.dir/test/test_xarm_planner_api_pose.cpp.o] Error 1
[7.496s] gmake[1]: *** [CMakeFiles/Makefile2:287: CMakeFiles/test_xarm_planner_api_pose.dir/all] Error 2
[7.496s] gmake: *** [Makefile:146: all] Error 2
[7.498s] Invoked command in '/root/ros2_frws/build/xarm_planner' returned '2': CMAKE_PREFIX_PATH=/root/ros2_frws/install/xarm_moveit_config:/root/ros2_frws/install/xarm_gazebo:/root/ros2_frws/install/xarm_controller:/root/ros2_frws/install/xarm_api:/root/ros2_frws/install/xarm_sdk:/root/ros2_frws/install/xarm_msgs:/root/ros2_frws/install/xarm_description:/root/ros2_frws/install/xarm_planner:/root/ros2_frws/install/xarm_moveit_servo:/root/ros2_frws/install/realsense_gazebo_plugin:/root/ros2_frws/install/my_msg_interfaces:/root/ros2_frws/install/challenge_2:/root/ros2_frws/install/course_works:/root/ros2_frws/install/basic_comms_param:/root/ros2_frws/install/basic_comms:/opt/ros/humble LD_LIBRARY_PATH=/root/ros2_frws/install/xarm_gazebo/lib:/root/ros2_frws/install/xarm_controller/lib:/root/ros2_frws/install/xarm_api/lib:/root/ros2_frws/install/xarm_sdk/lib:/root/ros2_frws/install/xarm_msgs/lib:/root/ros2_frws/install/xarm_planner/lib:/root/ros2_frws/install/xarm_moveit_servo/lib:/root/ros2_frws/install/realsense_gazebo_plugin/lib:/root/ros2_frws/install/my_msg_interfaces/lib:/usr/lib/x86_64-linux-gnu/gazebo-11/plugins:/opt/ros/humble/opt/rviz_ogre_vendor/lib:/opt/ros/humble/lib/x86_64-linux-gnu:/opt/ros/humble/lib /usr/bin/cmake --build /root/ros2_frws/build/xarm_planner -- -j16 -l16
