[2.841s] Invoking command in '/root/ros2_frws/src/basic_comms_param': PYTHONPATH=/root/ros2_frws/build/basic_comms_param/prefix_override:/root/ros2_frws/install/basic_comms_param/lib/python3.10/site-packages:${PYTHONPATH} /usr/bin/python3 setup.py egg_info --egg-base ../../build/basic_comms_param build --build-base /root/ros2_frws/build/basic_comms_param/build install --record /root/ros2_frws/build/basic_comms_param/install.log --single-version-externally-managed
[3.209s] running egg_info
[3.223s] writing ../../build/basic_comms_param/basic_comms_param.egg-info/PKG-INFO
[3.224s] writing dependency_links to ../../build/basic_comms_param/basic_comms_param.egg-info/dependency_links.txt
[3.224s] writing entry points to ../../build/basic_comms_param/basic_comms_param.egg-info/entry_points.txt
[3.225s] writing requirements to ../../build/basic_comms_param/basic_comms_param.egg-info/requires.txt
[3.225s] writing top-level names to ../../build/basic_comms_param/basic_comms_param.egg-info/top_level.txt
[3.272s] reading manifest file '../../build/basic_comms_param/basic_comms_param.egg-info/SOURCES.txt'
[3.272s] adding license file 'LICENSE'
[3.274s] writing manifest file '../../build/basic_comms_param/basic_comms_param.egg-info/SOURCES.txt'
[3.274s] running build
[3.274s] running build_py
[3.274s] running install
[3.275s] /root/.local/lib/python3.10/site-packages/setuptools/_distutils/cmd.py:66: SetuptoolsDeprecationWarning: setup.py install is deprecated.
[3.275s] !!
[3.275s] 
[3.275s]         ********************************************************************************
[3.275s]         Please avoid running ``setup.py`` directly.
[3.275s]         Instead, use pypa/build, pypa/installer or other
[3.275s]         standards-based tools.
[3.275s] 
[3.275s]         See https://blog.ganssle.io/articles/2021/10/setup-py-deprecated.html for details.
[3.275s]         ********************************************************************************
[3.275s] 
[3.276s] !!
[3.276s]   self.initialize_options()
[3.284s] running install_lib
[3.307s] running install_data
[3.325s] running install_egg_info
[3.341s] removing '/root/ros2_frws/install/basic_comms_param/lib/python3.10/site-packages/basic_comms_param-0.0.0-py3.10.egg-info' (and everything under it)
[3.342s] Copying ../../build/basic_comms_param/basic_comms_param.egg-info to /root/ros2_frws/install/basic_comms_param/lib/python3.10/site-packages/basic_comms_param-0.0.0-py3.10.egg-info
[3.344s] running install_scripts
[3.513s] Installing talker_params script to /root/ros2_frws/install/basic_comms_param/lib/basic_comms_param
[3.513s] writing list of installed files to '/root/ros2_frws/build/basic_comms_param/install.log'
[3.557s] Invoked command in '/root/ros2_frws/src/basic_comms_param' returned '0': PYTHONPATH=/root/ros2_frws/build/basic_comms_param/prefix_override:/root/ros2_frws/install/basic_comms_param/lib/python3.10/site-packages:${PYTHONPATH} /usr/bin/python3 setup.py egg_info --egg-base ../../build/basic_comms_param build --build-base /root/ros2_frws/build/basic_comms_param/build install --record /root/ros2_frws/build/basic_comms_param/install.log --single-version-externally-managed
