[3.055s] Invoking command in '/root/ros2_frws/src/basic_comms_param': PYTHONPATH=/root/ros2_frws/build/basic_comms_param/prefix_override:/root/ros2_frws/install/basic_comms_param/lib/python3.10/site-packages:${PYTHONPATH} /usr/bin/python3 setup.py egg_info --egg-base ../../build/basic_comms_param build --build-base /root/ros2_frws/build/basic_comms_param/build install --record /root/ros2_frws/build/basic_comms_param/install.log --single-version-externally-managed
[3.483s] running egg_info
[3.510s] writing ../../build/basic_comms_param/basic_comms_param.egg-info/PKG-INFO
[3.512s] writing dependency_links to ../../build/basic_comms_param/basic_comms_param.egg-info/dependency_links.txt
[3.512s] writing entry points to ../../build/basic_comms_param/basic_comms_param.egg-info/entry_points.txt
[3.512s] writing requirements to ../../build/basic_comms_param/basic_comms_param.egg-info/requires.txt
[3.513s] writing top-level names to ../../build/basic_comms_param/basic_comms_param.egg-info/top_level.txt
[3.606s] reading manifest file '../../build/basic_comms_param/basic_comms_param.egg-info/SOURCES.txt'
[3.606s] adding license file 'LICENSE'
[3.609s] writing manifest file '../../build/basic_comms_param/basic_comms_param.egg-info/SOURCES.txt'
[3.609s] running build
[3.609s] running build_py
[3.609s] running install
[3.610s] /root/.local/lib/python3.10/site-packages/setuptools/_distutils/cmd.py:66: SetuptoolsDeprecationWarning: setup.py install is deprecated.
[3.611s] !!
[3.611s] 
[3.611s]         ********************************************************************************
[3.611s]         Please avoid running ``setup.py`` directly.
[3.612s]         Instead, use pypa/build, pypa/installer or other
[3.612s]         standards-based tools.
[3.612s] 
[3.613s]         See https://blog.ganssle.io/articles/2021/10/setup-py-deprecated.html for details.
[3.613s]         ********************************************************************************
[3.613s] 
[3.614s] !!
[3.614s]   self.initialize_options()
[3.637s] running install_lib
[3.675s] running install_data
[3.692s] running install_egg_info
[3.692s] removing '/root/ros2_frws/install/basic_comms_param/lib/python3.10/site-packages/basic_comms_param-0.0.0-py3.10.egg-info' (and everything under it)
[3.693s] Copying ../../build/basic_comms_param/basic_comms_param.egg-info to /root/ros2_frws/install/basic_comms_param/lib/python3.10/site-packages/basic_comms_param-0.0.0-py3.10.egg-info
[3.693s] running install_scripts
[3.913s] Installing talker_params script to /root/ros2_frws/install/basic_comms_param/lib/basic_comms_param
[3.914s] writing list of installed files to '/root/ros2_frws/build/basic_comms_param/install.log'
[4.061s] Invoked command in '/root/ros2_frws/src/basic_comms_param' returned '0': PYTHONPATH=/root/ros2_frws/build/basic_comms_param/prefix_override:/root/ros2_frws/install/basic_comms_param/lib/python3.10/site-packages:${PYTHONPATH} /usr/bin/python3 setup.py egg_info --egg-base ../../build/basic_comms_param build --build-base /root/ros2_frws/build/basic_comms_param/build install --record /root/ros2_frws/build/basic_comms_param/install.log --single-version-externally-managed
