[0.796s] Invoking command in '/root/ros2_frws/build/xarm_sdk': CMAKE_PREFIX_PATH=${CMAKE_PREFIX_PATH}:/root/ros2_frws/install/challenge_2:/root/ros2_frws/install/moveit_configs_utils:/root/ros2_frws/install/course_works:/root/ros2_frws/install/basic_comms_params:/root/ros2_frws/install/basic_comms_param:/root/ros2_frws/install/basic_comms:/opt/ros/humble /usr/bin/cmake --build /root/ros2_frws/build/xarm_sdk -- -j16 -l16
[2.288s] [100%] Built target xarm_cxx_sdk
[2.304s] Invoked command in '/root/ros2_frws/build/xarm_sdk' returned '0': CMAKE_PREFIX_PATH=${CMAKE_PREFIX_PATH}:/root/ros2_frws/install/challenge_2:/root/ros2_frws/install/moveit_configs_utils:/root/ros2_frws/install/course_works:/root/ros2_frws/install/basic_comms_params:/root/ros2_frws/install/basic_comms_param:/root/ros2_frws/install/basic_comms:/opt/ros/humble /usr/bin/cmake --build /root/ros2_frws/build/xarm_sdk -- -j16 -l16
[2.552s] Invoking command in '/root/ros2_frws/build/xarm_sdk': CMAKE_PREFIX_PATH=${CMAKE_PREFIX_PATH}:/root/ros2_frws/install/challenge_2:/root/ros2_frws/install/moveit_configs_utils:/root/ros2_frws/install/course_works:/root/ros2_frws/install/basic_comms_params:/root/ros2_frws/install/basic_comms_param:/root/ros2_frws/install/basic_comms:/opt/ros/humble /usr/bin/cmake --install /root/ros2_frws/build/xarm_sdk
[2.565s] -- Install configuration: "Release"
[2.566s] -- Up-to-date: /root/ros2_frws/install/xarm_sdk/share/xarm_sdk/environment/library_path.sh
[2.566s] -- Up-to-date: /root/ros2_frws/install/xarm_sdk/share/xarm_sdk/environment/library_path.dsv
[2.567s] -- Up-to-date: /root/ros2_frws/install/xarm_sdk/cxx/include
[2.568s] -- Up-to-date: /root/ros2_frws/install/xarm_sdk/cxx/include/serial
[2.569s] -- Up-to-date: /root/ros2_frws/install/xarm_sdk/cxx/include/serial/serial.h
[2.569s] -- Up-to-date: /root/ros2_frws/install/xarm_sdk/cxx/include/serial/v8stdint.h
[2.569s] -- Up-to-date: /root/ros2_frws/install/xarm_sdk/cxx/include/serial/impl
[2.569s] -- Up-to-date: /root/ros2_frws/install/xarm_sdk/cxx/include/serial/impl/unix.h
[2.569s] -- Up-to-date: /root/ros2_frws/install/xarm_sdk/cxx/include/serial/impl/win.h
[2.570s] -- Up-to-date: /root/ros2_frws/install/xarm_sdk/cxx/include/xarm
[2.570s] -- Up-to-date: /root/ros2_frws/install/xarm_sdk/cxx/include/xarm/core
[2.570s] -- Up-to-date: /root/ros2_frws/install/xarm_sdk/cxx/include/xarm/core/instruction
[2.571s] -- Up-to-date: /root/ros2_frws/install/xarm_sdk/cxx/include/xarm/core/instruction/uxbus_cmd.h
[2.572s] -- Up-to-date: /root/ros2_frws/install/xarm_sdk/cxx/include/xarm/core/instruction/uxbus_cmd_ser.h
[2.573s] -- Up-to-date: /root/ros2_frws/install/xarm_sdk/cxx/include/xarm/core/instruction/uxbus_cmd_tcp.h
[2.573s] -- Up-to-date: /root/ros2_frws/install/xarm_sdk/cxx/include/xarm/core/instruction/uxbus_cmd_config.h
[2.573s] -- Up-to-date: /root/ros2_frws/install/xarm_sdk/cxx/include/xarm/core/instruction/servo3_config.h
[2.573s] -- Up-to-date: /root/ros2_frws/install/xarm_sdk/cxx/include/xarm/core/common
[2.574s] -- Up-to-date: /root/ros2_frws/install/xarm_sdk/cxx/include/xarm/core/common/crc16.h
[2.574s] -- Up-to-date: /root/ros2_frws/install/xarm_sdk/cxx/include/xarm/core/common/queue_memcpy.h
[2.574s] -- Up-to-date: /root/ros2_frws/install/xarm_sdk/cxx/include/xarm/core/common/data_type.h
[2.574s] -- Up-to-date: /root/ros2_frws/install/xarm_sdk/cxx/include/xarm/core/report_data.h
[2.574s] -- Up-to-date: /root/ros2_frws/install/xarm_sdk/cxx/include/xarm/core/xarm_config.h
[2.575s] -- Up-to-date: /root/ros2_frws/install/xarm_sdk/cxx/include/xarm/core/debug
[2.575s] -- Up-to-date: /root/ros2_frws/install/xarm_sdk/cxx/include/xarm/core/debug/debug_print.h
[2.576s] -- Up-to-date: /root/ros2_frws/install/xarm_sdk/cxx/include/xarm/core/os
[2.576s] -- Up-to-date: /root/ros2_frws/install/xarm_sdk/cxx/include/xarm/core/os/bak
[2.576s] -- Up-to-date: /root/ros2_frws/install/xarm_sdk/cxx/include/xarm/core/os/bak/thread.h
[2.577s] -- Up-to-date: /root/ros2_frws/install/xarm_sdk/cxx/include/xarm/core/os/network.h
[2.578s] -- Up-to-date: /root/ros2_frws/install/xarm_sdk/cxx/include/xarm/core/connect.h
[2.578s] -- Up-to-date: /root/ros2_frws/install/xarm_sdk/cxx/include/xarm/core/port
[2.579s] -- Up-to-date: /root/ros2_frws/install/xarm_sdk/cxx/include/xarm/core/port/ser.h
[2.579s] -- Up-to-date: /root/ros2_frws/install/xarm_sdk/cxx/include/xarm/core/port/socket.h
[2.579s] -- Up-to-date: /root/ros2_frws/install/xarm_sdk/cxx/include/xarm/wrapper
[2.580s] -- Up-to-date: /root/ros2_frws/install/xarm_sdk/cxx/include/xarm/wrapper/xarm_api.h
[2.580s] -- Up-to-date: /root/ros2_frws/install/xarm_sdk/cxx/include/xarm/wrapper/common
[2.580s] -- Up-to-date: /root/ros2_frws/install/xarm_sdk/cxx/include/xarm/wrapper/common/utils.h
[2.580s] -- Up-to-date: /root/ros2_frws/install/xarm_sdk/cxx/include/xarm/wrapper/common/timer.h
[2.581s] -- Up-to-date: /root/ros2_frws/install/xarm_sdk/lib/libxarm_cxx_sdk.so
[2.581s] -- Up-to-date: /root/ros2_frws/install/xarm_sdk/share/ament_index/resource_index/package_run_dependencies/xarm_sdk
[2.582s] -- Up-to-date: /root/ros2_frws/install/xarm_sdk/share/ament_index/resource_index/parent_prefix_path/xarm_sdk
[2.582s] -- Up-to-date: /root/ros2_frws/install/xarm_sdk/share/xarm_sdk/environment/ament_prefix_path.sh
[2.583s] -- Up-to-date: /root/ros2_frws/install/xarm_sdk/share/xarm_sdk/environment/ament_prefix_path.dsv
[2.583s] -- Up-to-date: /root/ros2_frws/install/xarm_sdk/share/xarm_sdk/environment/path.sh
[2.584s] -- Up-to-date: /root/ros2_frws/install/xarm_sdk/share/xarm_sdk/environment/path.dsv
[2.584s] -- Up-to-date: /root/ros2_frws/install/xarm_sdk/share/xarm_sdk/local_setup.bash
[2.585s] -- Up-to-date: /root/ros2_frws/install/xarm_sdk/share/xarm_sdk/local_setup.sh
[2.585s] -- Up-to-date: /root/ros2_frws/install/xarm_sdk/share/xarm_sdk/local_setup.zsh
[2.586s] -- Up-to-date: /root/ros2_frws/install/xarm_sdk/share/xarm_sdk/local_setup.dsv
[2.586s] -- Installing: /root/ros2_frws/install/xarm_sdk/share/xarm_sdk/package.dsv
[2.586s] -- Up-to-date: /root/ros2_frws/install/xarm_sdk/share/ament_index/resource_index/packages/xarm_sdk
[2.587s] -- Up-to-date: /root/ros2_frws/install/xarm_sdk/share/xarm_sdk/cmake/ament_cmake_export_libraries-extras.cmake
[2.587s] -- Up-to-date: /root/ros2_frws/install/xarm_sdk/share/xarm_sdk/cmake/ament_cmake_export_include_directories-extras.cmake
[2.588s] -- Up-to-date: /root/ros2_frws/install/xarm_sdk/share/xarm_sdk/cmake/xarm_sdkConfig.cmake
[2.588s] -- Up-to-date: /root/ros2_frws/install/xarm_sdk/share/xarm_sdk/cmake/xarm_sdkConfig-version.cmake
[2.588s] -- Up-to-date: /root/ros2_frws/install/xarm_sdk/share/xarm_sdk/package.xml
[2.589s] Invoked command in '/root/ros2_frws/build/xarm_sdk' returned '0': CMAKE_PREFIX_PATH=${CMAKE_PREFIX_PATH}:/root/ros2_frws/install/challenge_2:/root/ros2_frws/install/moveit_configs_utils:/root/ros2_frws/install/course_works:/root/ros2_frws/install/basic_comms_params:/root/ros2_frws/install/basic_comms_param:/root/ros2_frws/install/basic_comms:/opt/ros/humble /usr/bin/cmake --install /root/ros2_frws/build/xarm_sdk
