[1.979s] Invoking command in '/root/ros2_frws/src/basic_comms': PYTHONPATH=/root/ros2_frws/build/basic_comms/prefix_override:/root/ros2_frws/install/basic_comms/lib/python3.10/site-packages:${PYTHONPATH} /usr/bin/python3 setup.py egg_info --egg-base ../../build/basic_comms build --build-base /root/ros2_frws/build/basic_comms/build install --record /root/ros2_frws/build/basic_comms/install.log --single-version-externally-managed
[2.304s] running egg_info
[2.328s] writing ../../build/basic_comms/basic_comms.egg-info/PKG-INFO
[2.329s] writing dependency_links to ../../build/basic_comms/basic_comms.egg-info/dependency_links.txt
[2.329s] writing entry points to ../../build/basic_comms/basic_comms.egg-info/entry_points.txt
[2.330s] writing requirements to ../../build/basic_comms/basic_comms.egg-info/requires.txt
[2.330s] writing top-level names to ../../build/basic_comms/basic_comms.egg-info/top_level.txt
[2.377s] reading manifest file '../../build/basic_comms/basic_comms.egg-info/SOURCES.txt'
[2.379s] writing manifest file '../../build/basic_comms/basic_comms.egg-info/SOURCES.txt'
[2.379s] running build
[2.380s] running build_py
[2.380s] running install
[2.380s] /root/.local/lib/python3.10/site-packages/setuptools/_distutils/cmd.py:66: SetuptoolsDeprecationWarning: setup.py install is deprecated.
[2.381s] !!
[2.381s] 
[2.381s]         ********************************************************************************
[2.381s]         Please avoid running ``setup.py`` directly.
[2.381s]         Instead, use pypa/build, pypa/installer or other
[2.381s]         standards-based tools.
[2.381s] 
[2.381s]         See https://blog.ganssle.io/articles/2021/10/setup-py-deprecated.html for details.
[2.381s]         ********************************************************************************
[2.381s] 
[2.381s] !!
[2.381s]   self.initialize_options()
[2.391s] running install_lib
[2.416s] running install_data
[2.438s] copying launch/chit_chat_launch.py -> /root/ros2_frws/install/basic_comms/share/basic_comms/launch
[2.438s] running install_egg_info
[2.475s] removing '/root/ros2_frws/install/basic_comms/lib/python3.10/site-packages/basic_comms-0.0.0-py3.10.egg-info' (and everything under it)
[2.476s] Copying ../../build/basic_comms/basic_comms.egg-info to /root/ros2_frws/install/basic_comms/lib/python3.10/site-packages/basic_comms-0.0.0-py3.10.egg-info
[2.480s] running install_scripts
[2.688s] Installing subscriber script to /root/ros2_frws/install/basic_comms/lib/basic_comms
[2.688s] Installing talker script to /root/ros2_frws/install/basic_comms/lib/basic_comms
[2.688s] writing list of installed files to '/root/ros2_frws/build/basic_comms/install.log'
[2.795s] Invoked command in '/root/ros2_frws/src/basic_comms' returned '0': PYTHONPATH=/root/ros2_frws/build/basic_comms/prefix_override:/root/ros2_frws/install/basic_comms/lib/python3.10/site-packages:${PYTHONPATH} /usr/bin/python3 setup.py egg_info --egg-base ../../build/basic_comms build --build-base /root/ros2_frws/build/basic_comms/build install --record /root/ros2_frws/build/basic_comms/install.log --single-version-externally-managed
