[1.750s] Invoking command in '/root/ros2_frws/src/basic_comms_param': PYTHONPATH=/root/ros2_frws/build/basic_comms_param/prefix_override:/root/ros2_frws/install/basic_comms_param/lib/python3.10/site-packages:${PYTHONPATH} /usr/bin/python3 setup.py egg_info --egg-base ../../build/basic_comms_param build --build-base /root/ros2_frws/build/basic_comms_param/build install --record /root/ros2_frws/build/basic_comms_param/install.log --single-version-externally-managed
[1.970s] running egg_info
[1.986s] writing ../../build/basic_comms_param/basic_comms_param.egg-info/PKG-INFO
[1.986s] writing dependency_links to ../../build/basic_comms_param/basic_comms_param.egg-info/dependency_links.txt
[1.986s] writing entry points to ../../build/basic_comms_param/basic_comms_param.egg-info/entry_points.txt
[1.987s] writing requirements to ../../build/basic_comms_param/basic_comms_param.egg-info/requires.txt
[1.987s] writing top-level names to ../../build/basic_comms_param/basic_comms_param.egg-info/top_level.txt
[2.016s] reading manifest file '../../build/basic_comms_param/basic_comms_param.egg-info/SOURCES.txt'
[2.017s] adding license file 'LICENSE'
[2.017s] writing manifest file '../../build/basic_comms_param/basic_comms_param.egg-info/SOURCES.txt'
[2.018s] running build
[2.018s] running build_py
[2.018s] running install
[2.018s] /root/.local/lib/python3.10/site-packages/setuptools/_distutils/cmd.py:66: SetuptoolsDeprecationWarning: setup.py install is deprecated.
[2.018s] !!
[2.018s] 
[2.019s]         ********************************************************************************
[2.019s]         Please avoid running ``setup.py`` directly.
[2.019s]         Instead, use pypa/build, pypa/installer or other
[2.019s]         standards-based tools.
[2.019s] 
[2.019s]         See https://blog.ganssle.io/articles/2021/10/setup-py-deprecated.html for details.
[2.019s]         ********************************************************************************
[2.019s] 
[2.019s] !!
[2.019s]   self.initialize_options()
[2.026s] running install_lib
[2.040s] running install_data
[2.051s] running install_egg_info
[2.065s] removing '/root/ros2_frws/install/basic_comms_param/lib/python3.10/site-packages/basic_comms_param-0.0.0-py3.10.egg-info' (and everything under it)
[2.065s] Copying ../../build/basic_comms_param/basic_comms_param.egg-info to /root/ros2_frws/install/basic_comms_param/lib/python3.10/site-packages/basic_comms_param-0.0.0-py3.10.egg-info
[2.065s] running install_scripts
[2.215s] Installing talker_params script to /root/ros2_frws/install/basic_comms_param/lib/basic_comms_param
[2.218s] writing list of installed files to '/root/ros2_frws/build/basic_comms_param/install.log'
[2.337s] Invoked command in '/root/ros2_frws/src/basic_comms_param' returned '0': PYTHONPATH=/root/ros2_frws/build/basic_comms_param/prefix_override:/root/ros2_frws/install/basic_comms_param/lib/python3.10/site-packages:${PYTHONPATH} /usr/bin/python3 setup.py egg_info --egg-base ../../build/basic_comms_param build --build-base /root/ros2_frws/build/basic_comms_param/build install --record /root/ros2_frws/build/basic_comms_param/install.log --single-version-externally-managed
