[0.097s] Invoking command in '/root/ros2_frws/build/xarm_planner': CMAKE_PREFIX_PATH=/root/ros2_frws/install/xarm_moveit_config:/root/ros2_frws/install/xarm_gazebo:/root/ros2_frws/install/xarm_controller:/root/ros2_frws/install/xarm_api:/root/ros2_frws/install/xarm_sdk:/root/ros2_frws/install/xarm_msgs:/root/ros2_frws/install/xarm_description:/root/ros2_frws/install/xarm_planner:/root/ros2_frws/install/xarm_moveit_servo:/root/ros2_frws/install/tutorial_interfaces:/root/ros2_frws/install/realsense_gazebo_plugin:/root/ros2_frws/install/my_msg_interfaces:/root/ros2_frws/install/moveit_resources_prbt_support:/root/ros2_frws/install/moveit_resources:/root/ros2_frws/install/moveit_resources_pr2_description:/root/ros2_frws/install/moveit_resources_panda_moveit_config:/root/ros2_frws/install/moveit_resources_panda_description:/root/ros2_frws/install/moveit_resources_fanuc_moveit_config:/root/ros2_frws/install/moveit_resources_fanuc_description:/root/ros2_frws/install/moveit_common:/root/ros2_frws/install/challenge_2:/root/ros2_frws/install/moveit_configs_utils:/root/ros2_frws/install/course_works:/root/ros2_frws/install/basic_comms_params:/root/ros2_frws/install/basic_comms_param:/root/ros2_frws/install/basic_comms:/opt/ros/humble LD_LIBRARY_PATH=/root/ros2_frws/install/xarm_gazebo/lib:/root/ros2_frws/install/xarm_controller/lib:/root/ros2_frws/install/xarm_api/lib:/root/ros2_frws/install/xarm_sdk/lib:/root/ros2_frws/install/xarm_msgs/lib:/root/ros2_frws/install/xarm_planner/lib:/root/ros2_frws/install/xarm_moveit_servo/lib:/root/ros2_frws/install/realsense_gazebo_plugin/lib:/root/ros2_frws/install/my_msg_interfaces/lib:/usr/lib/x86_64-linux-gnu/gazebo-11/plugins:/opt/ros/humble/opt/rviz_ogre_vendor/lib:/opt/ros/humble/lib/x86_64-linux-gnu:/opt/ros/humble/lib /usr/bin/cmake --build /root/ros2_frws/build/xarm_planner -- -j16 -l16
[0.160s] [ 18%] Built target test_xarm_gripper_planner_client_joint
[0.160s] [ 18%] Built target test_xarm_planner_client_pose
[0.162s] [ 27%] Built target test_xarm_planner_client_joint
[0.168s] [ 36%] Built target test_lite_gripper_realmove
[0.168s] [ 45%] Built target xarm_planner
[0.185s] [35m[1mConsolidate compiler generated dependencies of target test_xarm_planner_api_pose[0m
[0.206s] [ 54%] Built target test_xarm_planner_api_joint
[0.206s] [ 72%] Built target xarm_gripper_planner_node
[0.207s] [ 72%] Built target xarm_planner_node
[0.207s] [ 81%] Built target test_dual_xarm_planner_api_joint
[0.208s] [ 90%] Built target test_xarm_gripper_planner_api_joint
[0.219s] [ 95%] [32mBuilding CXX object CMakeFiles/test_xarm_planner_api_pose.dir/test/test_xarm_planner_api_pose.cpp.o[0m
[5.110s] [01m[K/root/ros2_frws/src/xarm_ros2/xarm_planner/test/test_xarm_planner_api_pose.cpp:75:5:[m[K [01;31m[Kerror: [m[Kexpected unqualified-id before ‘[01m[Kwhile[m[K’
[5.110s]    75 |     [01;31m[Kwhile[m[K (rclcpp::ok())
[5.110s]       |     [01;31m[K^~~~~[m[K
[7.924s] gmake[2]: *** [CMakeFiles/test_xarm_planner_api_pose.dir/build.make:76: CMakeFiles/test_xarm_planner_api_pose.dir/test/test_xarm_planner_api_pose.cpp.o] Error 1
[7.924s] gmake[1]: *** [CMakeFiles/Makefile2:287: CMakeFiles/test_xarm_planner_api_pose.dir/all] Error 2
[7.924s] gmake: *** [Makefile:146: all] Error 2
[7.927s] Invoked command in '/root/ros2_frws/build/xarm_planner' returned '2': CMAKE_PREFIX_PATH=/root/ros2_frws/install/xarm_moveit_config:/root/ros2_frws/install/xarm_gazebo:/root/ros2_frws/install/xarm_controller:/root/ros2_frws/install/xarm_api:/root/ros2_frws/install/xarm_sdk:/root/ros2_frws/install/xarm_msgs:/root/ros2_frws/install/xarm_description:/root/ros2_frws/install/xarm_planner:/root/ros2_frws/install/xarm_moveit_servo:/root/ros2_frws/install/tutorial_interfaces:/root/ros2_frws/install/realsense_gazebo_plugin:/root/ros2_frws/install/my_msg_interfaces:/root/ros2_frws/install/moveit_resources_prbt_support:/root/ros2_frws/install/moveit_resources:/root/ros2_frws/install/moveit_resources_pr2_description:/root/ros2_frws/install/moveit_resources_panda_moveit_config:/root/ros2_frws/install/moveit_resources_panda_description:/root/ros2_frws/install/moveit_resources_fanuc_moveit_config:/root/ros2_frws/install/moveit_resources_fanuc_description:/root/ros2_frws/install/moveit_common:/root/ros2_frws/install/challenge_2:/root/ros2_frws/install/moveit_configs_utils:/root/ros2_frws/install/course_works:/root/ros2_frws/install/basic_comms_params:/root/ros2_frws/install/basic_comms_param:/root/ros2_frws/install/basic_comms:/opt/ros/humble LD_LIBRARY_PATH=/root/ros2_frws/install/xarm_gazebo/lib:/root/ros2_frws/install/xarm_controller/lib:/root/ros2_frws/install/xarm_api/lib:/root/ros2_frws/install/xarm_sdk/lib:/root/ros2_frws/install/xarm_msgs/lib:/root/ros2_frws/install/xarm_planner/lib:/root/ros2_frws/install/xarm_moveit_servo/lib:/root/ros2_frws/install/realsense_gazebo_plugin/lib:/root/ros2_frws/install/my_msg_interfaces/lib:/usr/lib/x86_64-linux-gnu/gazebo-11/plugins:/opt/ros/humble/opt/rviz_ogre_vendor/lib:/opt/ros/humble/lib/x86_64-linux-gnu:/opt/ros/humble/lib /usr/bin/cmake --build /root/ros2_frws/build/xarm_planner -- -j16 -l16
