[  0%] Built target xarm_msgs__cpp
[35m[1mConsolidate compiler generated dependencies of target xarm_msgs__rosidl_generator_c[0m
[35m[1mConsolidate compiler generated dependencies of target xarm_msgs__rosidl_typesupport_introspection_cpp[0m
[35m[1mConsolidate compiler generated dependencies of target xarm_msgs__rosidl_typesupport_cpp[0m
[ 12%] Built target xarm_msgs__rosidl_generator_c
[35m[1mConsolidate compiler generated dependencies of target xarm_msgs__rosidl_typesupport_fastrtps_cpp[0m
[35m[1mConsolidate compiler generated dependencies of target xarm_msgs__rosidl_typesupport_c[0m
[35m[1mConsolidate compiler generated dependencies of target xarm_msgs__rosidl_typesupport_introspection_c[0m
[35m[1mConsolidate compiler generated dependencies of target xarm_msgs__rosidl_typesupport_fastrtps_c[0m
[ 13%] Built target ament_cmake_python_copy_xarm_msgs
[ 25%] Built target xarm_msgs__rosidl_typesupport_introspection_cpp
[ 38%] Built target xarm_msgs__rosidl_typesupport_c
[ 50%] Built target xarm_msgs__rosidl_typesupport_cpp
[ 63%] Built target xarm_msgs__rosidl_typesupport_introspection_c
[ 75%] Built target xarm_msgs__rosidl_typesupport_fastrtps_cpp
[ 88%] Built target xarm_msgs__rosidl_typesupport_fastrtps_c
[ 88%] Built target xarm_msgs
[ 88%] Built target xarm_msgs__py
[35m[1mConsolidate compiler generated dependencies of target xarm_msgs__rosidl_generator_py[0m
[100%] Built target xarm_msgs__rosidl_generator_py
running egg_info
[35m[1mConsolidate compiler generated dependencies of target xarm_msgs__rosidl_typesupport_fastrtps_c__pyext[0m
[35m[1mConsolidate compiler generated dependencies of target xarm_msgs__rosidl_typesupport_c__pyext[0m
[35m[1mConsolidate compiler generated dependencies of target xarm_msgs__rosidl_typesupport_introspection_c__pyext[0m
writing xarm_msgs.egg-info/PKG-INFO
writing dependency_links to xarm_msgs.egg-info/dependency_links.txt
writing top-level names to xarm_msgs.egg-info/top_level.txt
[100%] Built target xarm_msgs__rosidl_typesupport_c__pyext
[100%] Built target xarm_msgs__rosidl_typesupport_fastrtps_c__pyext
[100%] Built target xarm_msgs__rosidl_typesupport_introspection_c__pyext
reading manifest file 'xarm_msgs.egg-info/SOURCES.txt'
writing manifest file 'xarm_msgs.egg-info/SOURCES.txt'
[100%] Built target ament_cmake_python_build_xarm_msgs_egg
