[0.065s] Invoking command in '/root/ros2_frws/build/xarm_moveit_config': CMAKE_PREFIX_PATH=/root/ros2_frws/install/xarm_gazebo:/root/ros2_frws/install/xarm_controller:/root/ros2_frws/install/xarm_api:/root/ros2_frws/install/xarm_sdk:/root/ros2_frws/install/xarm_msgs:/root/ros2_frws/install/xarm_description:/root/ros2_frws/install/xarm_planner:/root/ros2_frws/install/xarm_moveit_servo:/root/ros2_frws/install/xarm_moveit_config:/root/ros2_frws/install/realsense_gazebo_plugin:/root/ros2_frws/install/my_msg_interfaces:/root/ros2_frws/install/challenge_2:/root/ros2_frws/install/course_works:/root/ros2_frws/install/basic_comms_param:/root/ros2_frws/install/basic_comms:/opt/ros/humble LD_LIBRARY_PATH=/root/ros2_frws/install/xarm_gazebo/lib:/root/ros2_frws/install/xarm_controller/lib:/root/ros2_frws/install/xarm_api/lib:/root/ros2_frws/install/xarm_sdk/lib:/root/ros2_frws/install/xarm_msgs/lib:/root/ros2_frws/install/xarm_planner/lib:/root/ros2_frws/install/xarm_moveit_servo/lib:/root/ros2_frws/install/realsense_gazebo_plugin/lib:/root/ros2_frws/install/my_msg_interfaces/lib:/usr/lib/x86_64-linux-gnu/gazebo-11/plugins:/opt/ros/humble/opt/rviz_ogre_vendor/lib:/opt/ros/humble/lib/x86_64-linux-gnu:/opt/ros/humble/lib /usr/bin/cmake --build /root/ros2_frws/build/xarm_moveit_config -- -j16 -l16
[0.095s] Invoked command in '/root/ros2_frws/build/xarm_moveit_config' returned '0': CMAKE_PREFIX_PATH=/root/ros2_frws/install/xarm_gazebo:/root/ros2_frws/install/xarm_controller:/root/ros2_frws/install/xarm_api:/root/ros2_frws/install/xarm_sdk:/root/ros2_frws/install/xarm_msgs:/root/ros2_frws/install/xarm_description:/root/ros2_frws/install/xarm_planner:/root/ros2_frws/install/xarm_moveit_servo:/root/ros2_frws/install/xarm_moveit_config:/root/ros2_frws/install/realsense_gazebo_plugin:/root/ros2_frws/install/my_msg_interfaces:/root/ros2_frws/install/challenge_2:/root/ros2_frws/install/course_works:/root/ros2_frws/install/basic_comms_param:/root/ros2_frws/install/basic_comms:/opt/ros/humble LD_LIBRARY_PATH=/root/ros2_frws/install/xarm_gazebo/lib:/root/ros2_frws/install/xarm_controller/lib:/root/ros2_frws/install/xarm_api/lib:/root/ros2_frws/install/xarm_sdk/lib:/root/ros2_frws/install/xarm_msgs/lib:/root/ros2_frws/install/xarm_planner/lib:/root/ros2_frws/install/xarm_moveit_servo/lib:/root/ros2_frws/install/realsense_gazebo_plugin/lib:/root/ros2_frws/install/my_msg_interfaces/lib:/usr/lib/x86_64-linux-gnu/gazebo-11/plugins:/opt/ros/humble/opt/rviz_ogre_vendor/lib:/opt/ros/humble/lib/x86_64-linux-gnu:/opt/ros/humble/lib /usr/bin/cmake --build /root/ros2_frws/build/xarm_moveit_config -- -j16 -l16
[0.117s] Invoking command in '/root/ros2_frws/build/xarm_moveit_config': CMAKE_PREFIX_PATH=/root/ros2_frws/install/xarm_gazebo:/root/ros2_frws/install/xarm_controller:/root/ros2_frws/install/xarm_api:/root/ros2_frws/install/xarm_sdk:/root/ros2_frws/install/xarm_msgs:/root/ros2_frws/install/xarm_description:/root/ros2_frws/install/xarm_planner:/root/ros2_frws/install/xarm_moveit_servo:/root/ros2_frws/install/xarm_moveit_config:/root/ros2_frws/install/realsense_gazebo_plugin:/root/ros2_frws/install/my_msg_interfaces:/root/ros2_frws/install/challenge_2:/root/ros2_frws/install/course_works:/root/ros2_frws/install/basic_comms_param:/root/ros2_frws/install/basic_comms:/opt/ros/humble LD_LIBRARY_PATH=/root/ros2_frws/install/xarm_gazebo/lib:/root/ros2_frws/install/xarm_controller/lib:/root/ros2_frws/install/xarm_api/lib:/root/ros2_frws/install/xarm_sdk/lib:/root/ros2_frws/install/xarm_msgs/lib:/root/ros2_frws/install/xarm_planner/lib:/root/ros2_frws/install/xarm_moveit_servo/lib:/root/ros2_frws/install/realsense_gazebo_plugin/lib:/root/ros2_frws/install/my_msg_interfaces/lib:/usr/lib/x86_64-linux-gnu/gazebo-11/plugins:/opt/ros/humble/opt/rviz_ogre_vendor/lib:/opt/ros/humble/lib/x86_64-linux-gnu:/opt/ros/humble/lib /usr/bin/cmake --install /root/ros2_frws/build/xarm_moveit_config
[0.124s] -- Install configuration: ""
[0.124s] -- Up-to-date: /root/ros2_frws/install/xarm_moveit_config/share/xarm_moveit_config//config
[0.124s] -- Up-to-date: /root/ros2_frws/install/xarm_moveit_config/share/xarm_moveit_config//config/lite6
[0.125s] -- Up-to-date: /root/ros2_frws/install/xarm_moveit_config/share/xarm_moveit_config//config/lite6/kinematics.yaml
[0.125s] -- Up-to-date: /root/ros2_frws/install/xarm_moveit_config/share/xarm_moveit_config//config/lite6/joint_limits.yaml
[0.125s] -- Up-to-date: /root/ros2_frws/install/xarm_moveit_config/share/xarm_moveit_config//config/lite6/fake_controllers.yaml
[0.125s] -- Up-to-date: /root/ros2_frws/install/xarm_moveit_config/share/xarm_moveit_config//config/lite6/controllers.yaml
[0.125s] -- Up-to-date: /root/ros2_frws/install/xarm_moveit_config/share/xarm_moveit_config//config/lite6/ompl_planning.yaml
[0.125s] -- Up-to-date: /root/ros2_frws/install/xarm_moveit_config/share/xarm_moveit_config//config/xarm7_mirror
[0.125s] -- Up-to-date: /root/ros2_frws/install/xarm_moveit_config/share/xarm_moveit_config//config/xarm7_mirror/kinematics.yaml
[0.125s] -- Up-to-date: /root/ros2_frws/install/xarm_moveit_config/share/xarm_moveit_config//config/xarm7_mirror/joint_limits.yaml
[0.125s] -- Up-to-date: /root/ros2_frws/install/xarm_moveit_config/share/xarm_moveit_config//config/xarm7_mirror/fake_controllers.yaml
[0.126s] -- Up-to-date: /root/ros2_frws/install/xarm_moveit_config/share/xarm_moveit_config//config/xarm7_mirror/controllers.yaml
[0.126s] -- Up-to-date: /root/ros2_frws/install/xarm_moveit_config/share/xarm_moveit_config//config/xarm7_mirror/ompl_planning.yaml
[0.126s] -- Up-to-date: /root/ros2_frws/install/xarm_moveit_config/share/xarm_moveit_config//config/xarm7_mirror_gripper
[0.126s] -- Up-to-date: /root/ros2_frws/install/xarm_moveit_config/share/xarm_moveit_config//config/xarm7_mirror_gripper/joint_limits.yaml
[0.126s] -- Up-to-date: /root/ros2_frws/install/xarm_moveit_config/share/xarm_moveit_config//config/xarm7_mirror_gripper/fake_controllers.yaml
[0.126s] -- Up-to-date: /root/ros2_frws/install/xarm_moveit_config/share/xarm_moveit_config//config/xarm7_mirror_gripper/controllers.yaml
[0.126s] -- Up-to-date: /root/ros2_frws/install/xarm_moveit_config/share/xarm_moveit_config//config/xarm7_mirror_gripper/ompl_planning.yaml
[0.126s] -- Up-to-date: /root/ros2_frws/install/xarm_moveit_config/share/xarm_moveit_config//config/xarm7
[0.126s] -- Up-to-date: /root/ros2_frws/install/xarm_moveit_config/share/xarm_moveit_config//config/xarm7/kinematics.yaml
[0.126s] -- Up-to-date: /root/ros2_frws/install/xarm_moveit_config/share/xarm_moveit_config//config/xarm7/joint_limits.yaml
[0.126s] -- Up-to-date: /root/ros2_frws/install/xarm_moveit_config/share/xarm_moveit_config//config/xarm7/fake_controllers.yaml
[0.127s] -- Up-to-date: /root/ros2_frws/install/xarm_moveit_config/share/xarm_moveit_config//config/xarm7/controllers.yaml
[0.127s] -- Up-to-date: /root/ros2_frws/install/xarm_moveit_config/share/xarm_moveit_config//config/xarm7/ompl_planning.yaml
[0.127s] -- Up-to-date: /root/ros2_frws/install/xarm_moveit_config/share/xarm_moveit_config//config/xarm5
[0.127s] -- Up-to-date: /root/ros2_frws/install/xarm_moveit_config/share/xarm_moveit_config//config/xarm5/kinematics.yaml
[0.127s] -- Up-to-date: /root/ros2_frws/install/xarm_moveit_config/share/xarm_moveit_config//config/xarm5/joint_limits.yaml
[0.127s] -- Up-to-date: /root/ros2_frws/install/xarm_moveit_config/share/xarm_moveit_config//config/xarm5/fake_controllers.yaml
[0.127s] -- Up-to-date: /root/ros2_frws/install/xarm_moveit_config/share/xarm_moveit_config//config/xarm5/controllers.yaml
[0.127s] -- Up-to-date: /root/ros2_frws/install/xarm_moveit_config/share/xarm_moveit_config//config/xarm5/ompl_planning.yaml
[0.127s] -- Up-to-date: /root/ros2_frws/install/xarm_moveit_config/share/xarm_moveit_config//config/uf850
[0.127s] -- Up-to-date: /root/ros2_frws/install/xarm_moveit_config/share/xarm_moveit_config//config/uf850/kinematics.yaml
[0.127s] -- Up-to-date: /root/ros2_frws/install/xarm_moveit_config/share/xarm_moveit_config//config/uf850/joint_limits.yaml
[0.127s] -- Up-to-date: /root/ros2_frws/install/xarm_moveit_config/share/xarm_moveit_config//config/uf850/fake_controllers.yaml
[0.127s] -- Up-to-date: /root/ros2_frws/install/xarm_moveit_config/share/xarm_moveit_config//config/uf850/controllers.yaml
[0.127s] -- Up-to-date: /root/ros2_frws/install/xarm_moveit_config/share/xarm_moveit_config//config/uf850/ompl_planning.yaml
[0.128s] -- Up-to-date: /root/ros2_frws/install/xarm_moveit_config/share/xarm_moveit_config//config/uf850_gripper
[0.128s] -- Up-to-date: /root/ros2_frws/install/xarm_moveit_config/share/xarm_moveit_config//config/uf850_gripper/joint_limits.yaml
[0.128s] -- Up-to-date: /root/ros2_frws/install/xarm_moveit_config/share/xarm_moveit_config//config/uf850_gripper/fake_controllers.yaml
[0.128s] -- Up-to-date: /root/ros2_frws/install/xarm_moveit_config/share/xarm_moveit_config//config/uf850_gripper/controllers.yaml
[0.128s] -- Up-to-date: /root/ros2_frws/install/xarm_moveit_config/share/xarm_moveit_config//config/uf850_gripper/ompl_planning.yaml
[0.128s] -- Up-to-date: /root/ros2_frws/install/xarm_moveit_config/share/xarm_moveit_config//config/xarm6
[0.129s] -- Up-to-date: /root/ros2_frws/install/xarm_moveit_config/share/xarm_moveit_config//config/xarm6/kinematics.yaml
[0.129s] -- Up-to-date: /root/ros2_frws/install/xarm_moveit_config/share/xarm_moveit_config//config/xarm6/joint_limits.yaml
[0.129s] -- Up-to-date: /root/ros2_frws/install/xarm_moveit_config/share/xarm_moveit_config//config/xarm6/fake_controllers.yaml
[0.129s] -- Up-to-date: /root/ros2_frws/install/xarm_moveit_config/share/xarm_moveit_config//config/xarm6/controllers.yaml
[0.129s] -- Up-to-date: /root/ros2_frws/install/xarm_moveit_config/share/xarm_moveit_config//config/xarm6/ompl_planning.yaml
[0.129s] -- Up-to-date: /root/ros2_frws/install/xarm_moveit_config/share/xarm_moveit_config//config/bio_gripper
[0.129s] -- Up-to-date: /root/ros2_frws/install/xarm_moveit_config/share/xarm_moveit_config//config/bio_gripper/joint_limits.yaml
[0.129s] -- Up-to-date: /root/ros2_frws/install/xarm_moveit_config/share/xarm_moveit_config//config/bio_gripper/fake_controllers.yaml
[0.129s] -- Up-to-date: /root/ros2_frws/install/xarm_moveit_config/share/xarm_moveit_config//config/bio_gripper/controllers.yaml
[0.130s] -- Up-to-date: /root/ros2_frws/install/xarm_moveit_config/share/xarm_moveit_config//config/bio_gripper/ompl_planning.yaml
[0.130s] -- Up-to-date: /root/ros2_frws/install/xarm_moveit_config/share/xarm_moveit_config//config/xarm_gripper
[0.130s] -- Up-to-date: /root/ros2_frws/install/xarm_moveit_config/share/xarm_moveit_config//config/xarm_gripper/joint_limits.yaml
[0.130s] -- Up-to-date: /root/ros2_frws/install/xarm_moveit_config/share/xarm_moveit_config//config/xarm_gripper/fake_controllers.yaml
[0.130s] -- Up-to-date: /root/ros2_frws/install/xarm_moveit_config/share/xarm_moveit_config//config/xarm_gripper/controllers.yaml
[0.130s] -- Up-to-date: /root/ros2_frws/install/xarm_moveit_config/share/xarm_moveit_config//config/xarm_gripper/ompl_planning.yaml
[0.130s] -- Up-to-date: /root/ros2_frws/install/xarm_moveit_config/share/xarm_moveit_config//rviz
[0.130s] -- Up-to-date: /root/ros2_frws/install/xarm_moveit_config/share/xarm_moveit_config//rviz/moveit.rviz
[0.130s] -- Up-to-date: /root/ros2_frws/install/xarm_moveit_config/share/xarm_moveit_config//rviz/dual_planner.rviz
[0.130s] -- Up-to-date: /root/ros2_frws/install/xarm_moveit_config/share/xarm_moveit_config//rviz/planner.rviz
[0.130s] -- Up-to-date: /root/ros2_frws/install/xarm_moveit_config/share/xarm_moveit_config//rviz/dual_moveit.rviz
[0.130s] -- Up-to-date: /root/ros2_frws/install/xarm_moveit_config/share/xarm_moveit_config//srdf
[0.131s] -- Up-to-date: /root/ros2_frws/install/xarm_moveit_config/share/xarm_moveit_config//srdf/_uf850_macro.srdf.xacro
[0.131s] -- Up-to-date: /root/ros2_frws/install/xarm_moveit_config/share/xarm_moveit_config//srdf/_xarm7_mirror_macro.srdf.xacro
[0.131s] -- Up-to-date: /root/ros2_frws/install/xarm_moveit_config/share/xarm_moveit_config//srdf/_xarm6_macro.srdf.xacro
[0.131s] -- Up-to-date: /root/ros2_frws/install/xarm_moveit_config/share/xarm_moveit_config//srdf/xarm.srdf.xacro
[0.131s] -- Up-to-date: /root/ros2_frws/install/xarm_moveit_config/share/xarm_moveit_config//srdf/_xarm5_macro.srdf.xacro
[0.131s] -- Up-to-date: /root/ros2_frws/install/xarm_moveit_config/share/xarm_moveit_config//srdf/xarm_macro.srdf.xacro
[0.132s] -- Up-to-date: /root/ros2_frws/install/xarm_moveit_config/share/xarm_moveit_config//srdf/_lite6_macro.srdf.xacro
[0.132s] -- Up-to-date: /root/ros2_frws/install/xarm_moveit_config/share/xarm_moveit_config//srdf/dual_xarm.srdf.xacro
[0.132s] -- Up-to-date: /root/ros2_frws/install/xarm_moveit_config/share/xarm_moveit_config//srdf/_xarm7_macro.srdf.xacro
[0.132s] -- Up-to-date: /root/ros2_frws/install/xarm_moveit_config/share/xarm_moveit_config//launch
[0.132s] -- Up-to-date: /root/ros2_frws/install/xarm_moveit_config/share/xarm_moveit_config//launch/dual_xarm5_moveit_realmove.launch.py
[0.132s] -- Up-to-date: /root/ros2_frws/install/xarm_moveit_config/share/xarm_moveit_config//launch/_robot_moveit_ignition.launch.py
[0.132s] -- Up-to-date: /root/ros2_frws/install/xarm_moveit_config/share/xarm_moveit_config//launch/dual_lite6_moveit_realmove.launch.py
[0.132s] -- Up-to-date: /root/ros2_frws/install/xarm_moveit_config/share/xarm_moveit_config//launch/dual_uf850_moveit_fake.launch.py
[0.132s] -- Up-to-date: /root/ros2_frws/install/xarm_moveit_config/share/xarm_moveit_config//launch/_dual_robot_moveit_common.launch.py
[0.132s] -- Up-to-date: /root/ros2_frws/install/xarm_moveit_config/share/xarm_moveit_config//launch/xarm6_moveit_fake.launch.py
[0.132s] -- Up-to-date: /root/ros2_frws/install/xarm_moveit_config/share/xarm_moveit_config//launch/_robot_moveit_fake.launch.py
[0.133s] -- Up-to-date: /root/ros2_frws/install/xarm_moveit_config/share/xarm_moveit_config//launch/xarm5_moveit_realmove.launch.py
[0.133s] -- Up-to-date: /root/ros2_frws/install/xarm_moveit_config/share/xarm_moveit_config//launch/uf850_moveit_realmove.launch.py
[0.133s] -- Up-to-date: /root/ros2_frws/install/xarm_moveit_config/share/xarm_moveit_config//launch/lite6_moveit_realmove.launch.py
[0.133s] -- Up-to-date: /root/ros2_frws/install/xarm_moveit_config/share/xarm_moveit_config//launch/lite6_moveit_fake.launch.py
[0.133s] -- Up-to-date: /root/ros2_frws/install/xarm_moveit_config/share/xarm_moveit_config//launch/_robot_moveit_realmove.launch.py
[0.133s] -- Up-to-date: /root/ros2_frws/install/xarm_moveit_config/share/xarm_moveit_config//launch/xarm7_moveit_gazebo.launch.py
[0.133s] -- Up-to-date: /root/ros2_frws/install/xarm_moveit_config/share/xarm_moveit_config//launch/xarm7_mirror_moveit_gazebo.launch.py
[0.133s] -- Up-to-date: /root/ros2_frws/install/xarm_moveit_config/share/xarm_moveit_config//launch/dual_xarm7_moveit_realmove.launch.py
[0.133s] -- Up-to-date: /root/ros2_frws/install/xarm_moveit_config/share/xarm_moveit_config//launch/xarm7_mirror_moveit_realmove.launch.py
[0.133s] -- Up-to-date: /root/ros2_frws/install/xarm_moveit_config/share/xarm_moveit_config//launch/dual_uf850_moveit_realmove.launch.py
[0.133s] -- Up-to-date: /root/ros2_frws/install/xarm_moveit_config/share/xarm_moveit_config//launch/lib
[0.134s] -- Up-to-date: /root/ros2_frws/install/xarm_moveit_config/share/xarm_moveit_config//launch/lib/robot_moveit_config_lib.py
[0.134s] -- Up-to-date: /root/ros2_frws/install/xarm_moveit_config/share/xarm_moveit_config//launch/xarm7_mirror_moveit_fake.launch.py
[0.134s] -- Up-to-date: /root/ros2_frws/install/xarm_moveit_config/share/xarm_moveit_config//launch/xarm7_moveit_realmove.launch.py
[0.134s] -- Up-to-date: /root/ros2_frws/install/xarm_moveit_config/share/xarm_moveit_config//launch/xarm7_moveit_fake.launch.py
[0.134s] -- Up-to-date: /root/ros2_frws/install/xarm_moveit_config/share/xarm_moveit_config//launch/xarm6_moveit_gazebo.launch.py
[0.134s] -- Up-to-date: /root/ros2_frws/install/xarm_moveit_config/share/xarm_moveit_config//launch/_robot_moveit_common.launch.py
[0.134s] -- Up-to-date: /root/ros2_frws/install/xarm_moveit_config/share/xarm_moveit_config//launch/_dual_robot_moveit_fake.launch.py
[0.134s] -- Up-to-date: /root/ros2_frws/install/xarm_moveit_config/share/xarm_moveit_config//launch/_dual_robot_moveit_gazebo.launch.py
[0.134s] -- Up-to-date: /root/ros2_frws/install/xarm_moveit_config/share/xarm_moveit_config//launch/dual_lite6_moveit_fake.launch.py
[0.134s] -- Up-to-date: /root/ros2_frws/install/xarm_moveit_config/share/xarm_moveit_config//launch/xarm6_moveit_realmove.launch.py
[0.134s] -- Up-to-date: /root/ros2_frws/install/xarm_moveit_config/share/xarm_moveit_config//launch/uf850_moveit_gazebo.launch.py
[0.134s] -- Up-to-date: /root/ros2_frws/install/xarm_moveit_config/share/xarm_moveit_config//launch/xarm5_moveit_gazebo.launch.py
[0.135s] -- Up-to-date: /root/ros2_frws/install/xarm_moveit_config/share/xarm_moveit_config//launch/uf850_moveit_fake.launch.py
[0.135s] -- Up-to-date: /root/ros2_frws/install/xarm_moveit_config/share/xarm_moveit_config//launch/dual_xarm6_moveit_fake.launch.py
[0.135s] -- Up-to-date: /root/ros2_frws/install/xarm_moveit_config/share/xarm_moveit_config//launch/xarm5_moveit_fake.launch.py
[0.135s] -- Up-to-date: /root/ros2_frws/install/xarm_moveit_config/share/xarm_moveit_config//launch/_dual_robot_moveit_realmove.launch.py
[0.135s] -- Up-to-date: /root/ros2_frws/install/xarm_moveit_config/share/xarm_moveit_config//launch/dual_xarm7_moveit_fake.launch.py
[0.135s] -- Up-to-date: /root/ros2_frws/install/xarm_moveit_config/share/xarm_moveit_config//launch/_robot_moveit_gazebo.launch.py
[0.135s] -- Up-to-date: /root/ros2_frws/install/xarm_moveit_config/share/xarm_moveit_config//launch/dual_xarm6_moveit_realmove.launch.py
[0.135s] -- Up-to-date: /root/ros2_frws/install/xarm_moveit_config/share/xarm_moveit_config//launch/dual_xarm5_moveit_fake.launch.py
[0.135s] -- Up-to-date: /root/ros2_frws/install/xarm_moveit_config/share/xarm_moveit_config//launch/lite6_moveit_gazebo.launch.py
[0.136s] -- Up-to-date: /root/ros2_frws/install/xarm_moveit_config/share/ament_index/resource_index/package_run_dependencies/xarm_moveit_config
[0.136s] -- Up-to-date: /root/ros2_frws/install/xarm_moveit_config/share/ament_index/resource_index/parent_prefix_path/xarm_moveit_config
[0.136s] -- Up-to-date: /root/ros2_frws/install/xarm_moveit_config/share/xarm_moveit_config/environment/ament_prefix_path.sh
[0.136s] -- Up-to-date: /root/ros2_frws/install/xarm_moveit_config/share/xarm_moveit_config/environment/ament_prefix_path.dsv
[0.136s] -- Up-to-date: /root/ros2_frws/install/xarm_moveit_config/share/xarm_moveit_config/environment/path.sh
[0.136s] -- Up-to-date: /root/ros2_frws/install/xarm_moveit_config/share/xarm_moveit_config/environment/path.dsv
[0.136s] -- Up-to-date: /root/ros2_frws/install/xarm_moveit_config/share/xarm_moveit_config/local_setup.bash
[0.136s] -- Up-to-date: /root/ros2_frws/install/xarm_moveit_config/share/xarm_moveit_config/local_setup.sh
[0.136s] -- Up-to-date: /root/ros2_frws/install/xarm_moveit_config/share/xarm_moveit_config/local_setup.zsh
[0.136s] -- Up-to-date: /root/ros2_frws/install/xarm_moveit_config/share/xarm_moveit_config/local_setup.dsv
[0.137s] -- Installing: /root/ros2_frws/install/xarm_moveit_config/share/xarm_moveit_config/package.dsv
[0.137s] -- Up-to-date: /root/ros2_frws/install/xarm_moveit_config/share/ament_index/resource_index/packages/xarm_moveit_config
[0.137s] -- Up-to-date: /root/ros2_frws/install/xarm_moveit_config/share/xarm_moveit_config/cmake/xarm_moveit_configConfig.cmake
[0.137s] -- Up-to-date: /root/ros2_frws/install/xarm_moveit_config/share/xarm_moveit_config/cmake/xarm_moveit_configConfig-version.cmake
[0.137s] -- Up-to-date: /root/ros2_frws/install/xarm_moveit_config/share/xarm_moveit_config/package.xml
[0.137s] Invoked command in '/root/ros2_frws/build/xarm_moveit_config' returned '0': CMAKE_PREFIX_PATH=/root/ros2_frws/install/xarm_gazebo:/root/ros2_frws/install/xarm_controller:/root/ros2_frws/install/xarm_api:/root/ros2_frws/install/xarm_sdk:/root/ros2_frws/install/xarm_msgs:/root/ros2_frws/install/xarm_description:/root/ros2_frws/install/xarm_planner:/root/ros2_frws/install/xarm_moveit_servo:/root/ros2_frws/install/xarm_moveit_config:/root/ros2_frws/install/realsense_gazebo_plugin:/root/ros2_frws/install/my_msg_interfaces:/root/ros2_frws/install/challenge_2:/root/ros2_frws/install/course_works:/root/ros2_frws/install/basic_comms_param:/root/ros2_frws/install/basic_comms:/opt/ros/humble LD_LIBRARY_PATH=/root/ros2_frws/install/xarm_gazebo/lib:/root/ros2_frws/install/xarm_controller/lib:/root/ros2_frws/install/xarm_api/lib:/root/ros2_frws/install/xarm_sdk/lib:/root/ros2_frws/install/xarm_msgs/lib:/root/ros2_frws/install/xarm_planner/lib:/root/ros2_frws/install/xarm_moveit_servo/lib:/root/ros2_frws/install/realsense_gazebo_plugin/lib:/root/ros2_frws/install/my_msg_interfaces/lib:/usr/lib/x86_64-linux-gnu/gazebo-11/plugins:/opt/ros/humble/opt/rviz_ogre_vendor/lib:/opt/ros/humble/lib/x86_64-linux-gnu:/opt/ros/humble/lib /usr/bin/cmake --install /root/ros2_frws/build/xarm_moveit_config
