[2.515s] Invoking command in '/root/ros2_frws/src/basic_comms_param': PYTHONPATH=/root/ros2_frws/build/basic_comms_param/prefix_override:/root/ros2_frws/install/basic_comms_param/lib/python3.10/site-packages:${PYTHONPATH} /usr/bin/python3 setup.py egg_info --egg-base ../../build/basic_comms_param build --build-base /root/ros2_frws/build/basic_comms_param/build install --record /root/ros2_frws/build/basic_comms_param/install.log --single-version-externally-managed
[2.826s] running egg_info
[2.851s] writing ../../build/basic_comms_param/basic_comms_param.egg-info/PKG-INFO
[2.852s] writing dependency_links to ../../build/basic_comms_param/basic_comms_param.egg-info/dependency_links.txt
[2.852s] writing entry points to ../../build/basic_comms_param/basic_comms_param.egg-info/entry_points.txt
[2.852s] writing requirements to ../../build/basic_comms_param/basic_comms_param.egg-info/requires.txt
[2.853s] writing top-level names to ../../build/basic_comms_param/basic_comms_param.egg-info/top_level.txt
[2.913s] reading manifest file '../../build/basic_comms_param/basic_comms_param.egg-info/SOURCES.txt'
[2.913s] adding license file 'LICENSE'
[2.914s] writing manifest file '../../build/basic_comms_param/basic_comms_param.egg-info/SOURCES.txt'
[2.914s] running build
[2.914s] running build_py
[2.915s] running install
[2.915s] /root/.local/lib/python3.10/site-packages/setuptools/_distutils/cmd.py:66: SetuptoolsDeprecationWarning: setup.py install is deprecated.
[2.915s] !!
[2.915s] 
[2.915s]         ********************************************************************************
[2.915s]         Please avoid running ``setup.py`` directly.
[2.915s]         Instead, use pypa/build, pypa/installer or other
[2.915s]         standards-based tools.
[2.915s] 
[2.916s]         See https://blog.ganssle.io/articles/2021/10/setup-py-deprecated.html for details.
[2.916s]         ********************************************************************************
[2.916s] 
[2.916s] !!
[2.916s]   self.initialize_options()
[2.924s] running install_lib
[2.942s] running install_data
[2.979s] running install_egg_info
[3.002s] removing '/root/ros2_frws/install/basic_comms_param/lib/python3.10/site-packages/basic_comms_param-0.0.0-py3.10.egg-info' (and everything under it)
[3.002s] Copying ../../build/basic_comms_param/basic_comms_param.egg-info to /root/ros2_frws/install/basic_comms_param/lib/python3.10/site-packages/basic_comms_param-0.0.0-py3.10.egg-info
[3.005s] running install_scripts
[3.254s] Installing talker_params script to /root/ros2_frws/install/basic_comms_param/lib/basic_comms_param
[3.256s] writing list of installed files to '/root/ros2_frws/build/basic_comms_param/install.log'
[3.508s] Invoked command in '/root/ros2_frws/src/basic_comms_param' returned '0': PYTHONPATH=/root/ros2_frws/build/basic_comms_param/prefix_override:/root/ros2_frws/install/basic_comms_param/lib/python3.10/site-packages:${PYTHONPATH} /usr/bin/python3 setup.py egg_info --egg-base ../../build/basic_comms_param build --build-base /root/ros2_frws/build/basic_comms_param/build install --record /root/ros2_frws/build/basic_comms_param/install.log --single-version-externally-managed
