[1.622s] Invoking command in '/root/ros2_frws/src/course_works': PYTHONPATH=/root/ros2_frws/build/course_works/prefix_override:/root/ros2_frws/install/course_works/lib/python3.10/site-packages:${PYTHONPATH} /usr/bin/python3 setup.py egg_info --egg-base ../../build/course_works build --build-base /root/ros2_frws/build/course_works/build install --record /root/ros2_frws/build/course_works/install.log --single-version-externally-managed
[1.822s] running egg_info
[1.836s] writing ../../build/course_works/course_works.egg-info/PKG-INFO
[1.837s] writing dependency_links to ../../build/course_works/course_works.egg-info/dependency_links.txt
[1.837s] writing entry points to ../../build/course_works/course_works.egg-info/entry_points.txt
[1.837s] writing requirements to ../../build/course_works/course_works.egg-info/requires.txt
[1.837s] writing top-level names to ../../build/course_works/course_works.egg-info/top_level.txt
[1.863s] reading manifest file '../../build/course_works/course_works.egg-info/SOURCES.txt'
[1.863s] adding license file 'LICENSE'
[1.864s] writing manifest file '../../build/course_works/course_works.egg-info/SOURCES.txt'
[1.864s] running build
[1.864s] running build_py
[1.865s] running install
[1.865s] /root/.local/lib/python3.10/site-packages/setuptools/_distutils/cmd.py:66: SetuptoolsDeprecationWarning: setup.py install is deprecated.
[1.865s] !!
[1.865s] 
[1.865s]         ********************************************************************************
[1.865s]         Please avoid running ``setup.py`` directly.
[1.865s]         Instead, use pypa/build, pypa/installer or other
[1.865s]         standards-based tools.
[1.865s] 
[1.866s]         See https://blog.ganssle.io/articles/2021/10/setup-py-deprecated.html for details.
[1.866s]         ********************************************************************************
[1.866s] 
[1.866s] !!
[1.866s]   self.initialize_options()
[1.870s] running install_lib
[1.884s] running install_data
[1.896s] running install_egg_info
[1.910s] removing '/root/ros2_frws/install/course_works/lib/python3.10/site-packages/course_works-0.0.0-py3.10.egg-info' (and everything under it)
[1.910s] Copying ../../build/course_works/course_works.egg-info to /root/ros2_frws/install/course_works/lib/python3.10/site-packages/course_works-0.0.0-py3.10.egg-info
[1.910s] running install_scripts
[2.056s] Installing process_node script to /root/ros2_frws/install/course_works/lib/course_works
[2.056s] Installing signal_generator script to /root/ros2_frws/install/course_works/lib/course_works
[2.057s] writing list of installed files to '/root/ros2_frws/build/course_works/install.log'
[2.217s] Invoked command in '/root/ros2_frws/src/course_works' returned '0': PYTHONPATH=/root/ros2_frws/build/course_works/prefix_override:/root/ros2_frws/install/course_works/lib/python3.10/site-packages:${PYTHONPATH} /usr/bin/python3 setup.py egg_info --egg-base ../../build/course_works build --build-base /root/ros2_frws/build/course_works/build install --record /root/ros2_frws/build/course_works/install.log --single-version-externally-managed
