[0.959s] Invoking command in '/root/ros2_frws/src/basic_comms': PYTHONPATH=/root/ros2_frws/build/basic_comms/prefix_override:/root/ros2_frws/install/basic_comms/lib/python3.10/site-packages:${PYTHONPATH} /usr/bin/python3 setup.py egg_info --egg-base ../../build/basic_comms build --build-base /root/ros2_frws/build/basic_comms/build install --record /root/ros2_frws/build/basic_comms/install.log --single-version-externally-managed
[1.128s] running egg_info
[1.138s] writing ../../build/basic_comms/basic_comms.egg-info/PKG-INFO
[1.139s] writing dependency_links to ../../build/basic_comms/basic_comms.egg-info/dependency_links.txt
[1.139s] writing entry points to ../../build/basic_comms/basic_comms.egg-info/entry_points.txt
[1.140s] writing requirements to ../../build/basic_comms/basic_comms.egg-info/requires.txt
[1.140s] writing top-level names to ../../build/basic_comms/basic_comms.egg-info/top_level.txt
[1.162s] reading manifest file '../../build/basic_comms/basic_comms.egg-info/SOURCES.txt'
[1.162s] writing manifest file '../../build/basic_comms/basic_comms.egg-info/SOURCES.txt'
[1.163s] running build
[1.163s] running build_py
[1.163s] running install
[1.163s] /root/.local/lib/python3.10/site-packages/setuptools/_distutils/cmd.py:66: SetuptoolsDeprecationWarning: setup.py install is deprecated.
[1.163s] !!
[1.163s] 
[1.163s]         ********************************************************************************
[1.163s]         Please avoid running ``setup.py`` directly.
[1.163s]         Instead, use pypa/build, pypa/installer or other
[1.163s]         standards-based tools.
[1.163s] 
[1.163s]         See https://blog.ganssle.io/articles/2021/10/setup-py-deprecated.html for details.
[1.163s]         ********************************************************************************
[1.164s] 
[1.164s] !!
[1.164s]   self.initialize_options()
[1.168s] running install_lib
[1.179s] running install_data
[1.190s] copying launch/chit_chat_group_launch.py -> /root/ros2_frws/install/basic_comms/share/basic_comms/launch
[1.190s] running install_egg_info
[1.202s] removing '/root/ros2_frws/install/basic_comms/lib/python3.10/site-packages/basic_comms-0.0.0-py3.10.egg-info' (and everything under it)
[1.202s] Copying ../../build/basic_comms/basic_comms.egg-info to /root/ros2_frws/install/basic_comms/lib/python3.10/site-packages/basic_comms-0.0.0-py3.10.egg-info
[1.203s] running install_scripts
[1.307s] Installing subscriber script to /root/ros2_frws/install/basic_comms/lib/basic_comms
[1.307s] Installing talker script to /root/ros2_frws/install/basic_comms/lib/basic_comms
[1.308s] writing list of installed files to '/root/ros2_frws/build/basic_comms/install.log'
[1.367s] Invoked command in '/root/ros2_frws/src/basic_comms' returned '0': PYTHONPATH=/root/ros2_frws/build/basic_comms/prefix_override:/root/ros2_frws/install/basic_comms/lib/python3.10/site-packages:${PYTHONPATH} /usr/bin/python3 setup.py egg_info --egg-base ../../build/basic_comms build --build-base /root/ros2_frws/build/basic_comms/build install --record /root/ros2_frws/build/basic_comms/install.log --single-version-externally-managed
