[4.962s] Invoking command in '/root/ros2_frws/src/course_works': PYTHONPATH=/root/ros2_frws/build/course_works/prefix_override:/root/ros2_frws/install/course_works/lib/python3.10/site-packages:${PYTHONPATH} /usr/bin/python3 setup.py egg_info --egg-base ../../build/course_works build --build-base /root/ros2_frws/build/course_works/build install --record /root/ros2_frws/build/course_works/install.log --single-version-externally-managed
[5.395s] running egg_info
[5.420s] writing ../../build/course_works/course_works.egg-info/PKG-INFO
[5.422s] writing dependency_links to ../../build/course_works/course_works.egg-info/dependency_links.txt
[5.422s] writing entry points to ../../build/course_works/course_works.egg-info/entry_points.txt
[5.422s] writing requirements to ../../build/course_works/course_works.egg-info/requires.txt
[5.423s] writing top-level names to ../../build/course_works/course_works.egg-info/top_level.txt
[5.485s] reading manifest file '../../build/course_works/course_works.egg-info/SOURCES.txt'
[5.485s] adding license file 'LICENSE'
[5.487s] writing manifest file '../../build/course_works/course_works.egg-info/SOURCES.txt'
[5.487s] running build
[5.488s] running build_py
[5.488s] running install
[5.488s] /root/.local/lib/python3.10/site-packages/setuptools/_distutils/cmd.py:66: SetuptoolsDeprecationWarning: setup.py install is deprecated.
[5.488s] !!
[5.488s] 
[5.489s]         ********************************************************************************
[5.489s]         Please avoid running ``setup.py`` directly.
[5.489s]         Instead, use pypa/build, pypa/installer or other
[5.489s]         standards-based tools.
[5.489s] 
[5.489s]         See https://blog.ganssle.io/articles/2021/10/setup-py-deprecated.html for details.
[5.489s]         ********************************************************************************
[5.489s] 
[5.489s] !!
[5.489s]   self.initialize_options()
[5.502s] running install_lib
[5.532s] running install_data
[5.562s] running install_egg_info
[5.604s] removing '/root/ros2_frws/install/course_works/lib/python3.10/site-packages/course_works-0.0.0-py3.10.egg-info' (and everything under it)
[5.605s] Copying ../../build/course_works/course_works.egg-info to /root/ros2_frws/install/course_works/lib/python3.10/site-packages/course_works-0.0.0-py3.10.egg-info
[5.607s] running install_scripts
[5.860s] Installing process_node script to /root/ros2_frws/install/course_works/lib/course_works
[5.860s] Installing signal_generator script to /root/ros2_frws/install/course_works/lib/course_works
[5.860s] writing list of installed files to '/root/ros2_frws/build/course_works/install.log'
[6.008s] Invoked command in '/root/ros2_frws/src/course_works' returned '0': PYTHONPATH=/root/ros2_frws/build/course_works/prefix_override:/root/ros2_frws/install/course_works/lib/python3.10/site-packages:${PYTHONPATH} /usr/bin/python3 setup.py egg_info --egg-base ../../build/course_works build --build-base /root/ros2_frws/build/course_works/build install --record /root/ros2_frws/build/course_works/install.log --single-version-externally-managed
