[1.946s] Invoking command in '/root/ros2_frws/src/basic_comms': PYTHONPATH=/root/ros2_frws/build/basic_comms/prefix_override:/root/ros2_frws/install/basic_comms/lib/python3.10/site-packages:${PYTHONPATH} /usr/bin/python3 setup.py egg_info --egg-base ../../build/basic_comms build --build-base /root/ros2_frws/build/basic_comms/build install --record /root/ros2_frws/build/basic_comms/install.log --single-version-externally-managed
[2.171s] running egg_info
[2.190s] writing ../../build/basic_comms/basic_comms.egg-info/PKG-INFO
[2.191s] writing dependency_links to ../../build/basic_comms/basic_comms.egg-info/dependency_links.txt
[2.191s] writing entry points to ../../build/basic_comms/basic_comms.egg-info/entry_points.txt
[2.191s] writing requirements to ../../build/basic_comms/basic_comms.egg-info/requires.txt
[2.191s] writing top-level names to ../../build/basic_comms/basic_comms.egg-info/top_level.txt
[2.221s] reading manifest file '../../build/basic_comms/basic_comms.egg-info/SOURCES.txt'
[2.223s] writing manifest file '../../build/basic_comms/basic_comms.egg-info/SOURCES.txt'
[2.223s] running build
[2.223s] running build_py
[2.223s] running install
[2.225s] /root/.local/lib/python3.10/site-packages/setuptools/_distutils/cmd.py:66: SetuptoolsDeprecationWarning: setup.py install is deprecated.
[2.225s] !!
[2.225s] 
[2.225s]         ********************************************************************************
[2.225s]         Please avoid running ``setup.py`` directly.
[2.225s]         Instead, use pypa/build, pypa/installer or other
[2.225s]         standards-based tools.
[2.225s] 
[2.225s]         See https://blog.ganssle.io/articles/2021/10/setup-py-deprecated.html for details.
[2.225s]         ********************************************************************************
[2.225s] 
[2.225s] !!
[2.225s]   self.initialize_options()
[2.232s] running install_lib
[2.251s] running install_data
[2.267s] running install_egg_info
[2.283s] removing '/root/ros2_frws/install/basic_comms/lib/python3.10/site-packages/basic_comms-0.0.0-py3.10.egg-info' (and everything under it)
[2.284s] Copying ../../build/basic_comms/basic_comms.egg-info to /root/ros2_frws/install/basic_comms/lib/python3.10/site-packages/basic_comms-0.0.0-py3.10.egg-info
[2.285s] running install_scripts
[2.441s] Installing subscriber script to /root/ros2_frws/install/basic_comms/lib/basic_comms
[2.441s] Installing talker script to /root/ros2_frws/install/basic_comms/lib/basic_comms
[2.442s] writing list of installed files to '/root/ros2_frws/build/basic_comms/install.log'
[2.544s] Invoked command in '/root/ros2_frws/src/basic_comms' returned '0': PYTHONPATH=/root/ros2_frws/build/basic_comms/prefix_override:/root/ros2_frws/install/basic_comms/lib/python3.10/site-packages:${PYTHONPATH} /usr/bin/python3 setup.py egg_info --egg-base ../../build/basic_comms build --build-base /root/ros2_frws/build/basic_comms/build install --record /root/ros2_frws/build/basic_comms/install.log --single-version-externally-managed
