[0.870s] Invoking command in '/root/ros2_frws/build/xarm_msgs': CMAKE_PREFIX_PATH=${CMAKE_PREFIX_PATH}:/root/ros2_frws/install/moveit_configs_utils:/root/ros2_frws/install/course_works:/root/ros2_frws/install/challenge_2:/root/ros2_frws/install/basic_comms_params:/root/ros2_frws/install/basic_comms_param:/root/ros2_frws/install/basic_comms:/opt/ros/humble /usr/bin/cmake --build /root/ros2_frws/build/xarm_msgs -- -j16 -l16
[2.298s] [  0%] Built target xarm_msgs__cpp
[2.301s] [ 12%] Built target xarm_msgs__rosidl_generator_c
[2.302s] [ 12%] Built target ament_cmake_python_copy_xarm_msgs
[2.302s] [ 24%] Built target xarm_msgs__rosidl_typesupport_cpp
[2.303s] [ 37%] Built target xarm_msgs__rosidl_typesupport_introspection_cpp
[2.303s] [ 52%] Built target xarm_msgs__rosidl_typesupport_c
[2.303s] [ 62%] Built target xarm_msgs__rosidl_typesupport_fastrtps_cpp
[2.303s] [ 75%] Built target xarm_msgs__rosidl_typesupport_introspection_c
[2.303s] [ 88%] Built target xarm_msgs__rosidl_typesupport_fastrtps_c
[2.303s] [ 88%] Built target xarm_msgs
[2.304s] [ 88%] Built target xarm_msgs__py
[2.304s] [100%] Built target xarm_msgs__rosidl_generator_py
[2.304s] [100%] Built target xarm_msgs__rosidl_typesupport_introspection_c__pyext
[2.304s] [100%] Built target xarm_msgs__rosidl_typesupport_c__pyext
[2.304s] [100%] Built target xarm_msgs__rosidl_typesupport_fastrtps_c__pyext
[2.304s] running egg_info
[2.305s] writing xarm_msgs.egg-info/PKG-INFO
[2.305s] writing dependency_links to xarm_msgs.egg-info/dependency_links.txt
[2.305s] writing top-level names to xarm_msgs.egg-info/top_level.txt
[2.305s] reading manifest file 'xarm_msgs.egg-info/SOURCES.txt'
[2.306s] writing manifest file 'xarm_msgs.egg-info/SOURCES.txt'
[2.306s] [100%] Built target ament_cmake_python_build_xarm_msgs_egg
[2.325s] Invoked command in '/root/ros2_frws/build/xarm_msgs' returned '0': CMAKE_PREFIX_PATH=${CMAKE_PREFIX_PATH}:/root/ros2_frws/install/moveit_configs_utils:/root/ros2_frws/install/course_works:/root/ros2_frws/install/challenge_2:/root/ros2_frws/install/basic_comms_params:/root/ros2_frws/install/basic_comms_param:/root/ros2_frws/install/basic_comms:/opt/ros/humble /usr/bin/cmake --build /root/ros2_frws/build/xarm_msgs -- -j16 -l16
