[1.620s] Invoking command in '/root/ros2_frws/src/basic_comms_param': PYTHONPATH=/root/ros2_frws/build/basic_comms_param/prefix_override:/root/ros2_frws/install/basic_comms_param/lib/python3.10/site-packages:${PYTHONPATH} /usr/bin/python3 setup.py egg_info --egg-base ../../build/basic_comms_param build --build-base /root/ros2_frws/build/basic_comms_param/build install --record /root/ros2_frws/build/basic_comms_param/install.log --single-version-externally-managed
[1.801s] running egg_info
[1.814s] writing ../../build/basic_comms_param/basic_comms_param.egg-info/PKG-INFO
[1.815s] writing dependency_links to ../../build/basic_comms_param/basic_comms_param.egg-info/dependency_links.txt
[1.815s] writing entry points to ../../build/basic_comms_param/basic_comms_param.egg-info/entry_points.txt
[1.815s] writing requirements to ../../build/basic_comms_param/basic_comms_param.egg-info/requires.txt
[1.815s] writing top-level names to ../../build/basic_comms_param/basic_comms_param.egg-info/top_level.txt
[1.847s] reading manifest file '../../build/basic_comms_param/basic_comms_param.egg-info/SOURCES.txt'
[1.847s] adding license file 'LICENSE'
[1.848s] writing manifest file '../../build/basic_comms_param/basic_comms_param.egg-info/SOURCES.txt'
[1.848s] running build
[1.849s] running build_py
[1.849s] running install
[1.850s] /root/.local/lib/python3.10/site-packages/setuptools/_distutils/cmd.py:66: SetuptoolsDeprecationWarning: setup.py install is deprecated.
[1.850s] !!
[1.850s] 
[1.850s]         ********************************************************************************
[1.850s]         Please avoid running ``setup.py`` directly.
[1.850s]         Instead, use pypa/build, pypa/installer or other
[1.850s]         standards-based tools.
[1.850s] 
[1.850s]         See https://blog.ganssle.io/articles/2021/10/setup-py-deprecated.html for details.
[1.850s]         ********************************************************************************
[1.850s] 
[1.850s] !!
[1.850s]   self.initialize_options()
[1.856s] running install_lib
[1.872s] running install_data
[1.886s] running install_egg_info
[1.898s] removing '/root/ros2_frws/install/basic_comms_param/lib/python3.10/site-packages/basic_comms_param-0.0.0-py3.10.egg-info' (and everything under it)
[1.901s] Copying ../../build/basic_comms_param/basic_comms_param.egg-info to /root/ros2_frws/install/basic_comms_param/lib/python3.10/site-packages/basic_comms_param-0.0.0-py3.10.egg-info
[1.901s] running install_scripts
[2.029s] Installing talker_params script to /root/ros2_frws/install/basic_comms_param/lib/basic_comms_param
[2.031s] writing list of installed files to '/root/ros2_frws/build/basic_comms_param/install.log'
[2.166s] Invoked command in '/root/ros2_frws/src/basic_comms_param' returned '0': PYTHONPATH=/root/ros2_frws/build/basic_comms_param/prefix_override:/root/ros2_frws/install/basic_comms_param/lib/python3.10/site-packages:${PYTHONPATH} /usr/bin/python3 setup.py egg_info --egg-base ../../build/basic_comms_param build --build-base /root/ros2_frws/build/basic_comms_param/build install --record /root/ros2_frws/build/basic_comms_param/install.log --single-version-externally-managed
