[1.524s] Invoking command in '/root/ros2_frws/src/basic_comms_param': PYTHONPATH=/root/ros2_frws/build/basic_comms_param/prefix_override:/root/ros2_frws/install/basic_comms_param/lib/python3.10/site-packages:${PYTHONPATH} /usr/bin/python3 setup.py egg_info --egg-base ../../build/basic_comms_param build --build-base /root/ros2_frws/build/basic_comms_param/build install --record /root/ros2_frws/build/basic_comms_param/install.log --single-version-externally-managed
[1.686s] running egg_info
[1.697s] writing ../../build/basic_comms_param/basic_comms_param.egg-info/PKG-INFO
[1.697s] writing dependency_links to ../../build/basic_comms_param/basic_comms_param.egg-info/dependency_links.txt
[1.697s] writing entry points to ../../build/basic_comms_param/basic_comms_param.egg-info/entry_points.txt
[1.698s] writing requirements to ../../build/basic_comms_param/basic_comms_param.egg-info/requires.txt
[1.698s] writing top-level names to ../../build/basic_comms_param/basic_comms_param.egg-info/top_level.txt
[1.719s] reading manifest file '../../build/basic_comms_param/basic_comms_param.egg-info/SOURCES.txt'
[1.719s] adding license file 'LICENSE'
[1.720s] writing manifest file '../../build/basic_comms_param/basic_comms_param.egg-info/SOURCES.txt'
[1.720s] running build
[1.720s] running build_py
[1.720s] running install
[1.720s] /root/.local/lib/python3.10/site-packages/setuptools/_distutils/cmd.py:66: SetuptoolsDeprecationWarning: setup.py install is deprecated.
[1.721s] !!
[1.721s] 
[1.721s]         ********************************************************************************
[1.721s]         Please avoid running ``setup.py`` directly.
[1.721s]         Instead, use pypa/build, pypa/installer or other
[1.721s]         standards-based tools.
[1.721s] 
[1.721s]         See https://blog.ganssle.io/articles/2021/10/setup-py-deprecated.html for details.
[1.721s]         ********************************************************************************
[1.721s] 
[1.721s] !!
[1.721s]   self.initialize_options()
[1.726s] running install_lib
[1.737s] running install_data
[1.748s] copying launch/chit_chat_param_launch.py -> /root/ros2_frws/install/basic_comms_param/share/basic_comms_param/launch
[1.749s] running install_egg_info
[1.764s] removing '/root/ros2_frws/install/basic_comms_param/lib/python3.10/site-packages/basic_comms_param-0.0.0-py3.10.egg-info' (and everything under it)
[1.765s] Copying ../../build/basic_comms_param/basic_comms_param.egg-info to /root/ros2_frws/install/basic_comms_param/lib/python3.10/site-packages/basic_comms_param-0.0.0-py3.10.egg-info
[1.768s] running install_scripts
[1.870s] Installing talker_params script to /root/ros2_frws/install/basic_comms_param/lib/basic_comms_param
[1.870s] writing list of installed files to '/root/ros2_frws/build/basic_comms_param/install.log'
[1.958s] Invoked command in '/root/ros2_frws/src/basic_comms_param' returned '0': PYTHONPATH=/root/ros2_frws/build/basic_comms_param/prefix_override:/root/ros2_frws/install/basic_comms_param/lib/python3.10/site-packages:${PYTHONPATH} /usr/bin/python3 setup.py egg_info --egg-base ../../build/basic_comms_param build --build-base /root/ros2_frws/build/basic_comms_param/build install --record /root/ros2_frws/build/basic_comms_param/install.log --single-version-externally-managed
