[0.071s] Invoking command in '/root/ros2_frws/build/xarm_gazebo': AMENT_PREFIX_PATH=/root/ros2_frws/install/xarm_controller:/root/ros2_frws/install/xarm_api:/root/ros2_frws/install/xarm_sdk:/root/ros2_frws/install/xarm_msgs:/root/ros2_frws/install/xarm_description:${AMENT_PREFIX_PATH} CMAKE_PREFIX_PATH=/root/ros2_frws/install/xarm_controller:/root/ros2_frws/install/xarm_api:/root/ros2_frws/install/xarm_sdk:/root/ros2_frws/install/xarm_msgs:/root/ros2_frws/install/xarm_description:/opt/ros/humble LD_LIBRARY_PATH=/root/ros2_frws/install/xarm_controller/lib:/root/ros2_frws/install/xarm_api/lib:/root/ros2_frws/install/xarm_sdk/lib:/root/ros2_frws/install/xarm_msgs/lib:${LD_LIBRARY_PATH} PYTHONPATH=/root/ros2_frws/install/xarm_msgs/local/lib/python3.10/dist-packages:${PYTHONPATH} /usr/bin/cmake /root/ros2_frws/src/xarm_ros2/xarm_gazebo -DCMAKE_INSTALL_PREFIX=/root/ros2_frws/install/xarm_gazebo
[0.119s] -- The C compiler identification is GNU 11.4.0
[0.173s] -- The CXX compiler identification is GNU 11.4.0
[0.179s] -- Detecting C compiler ABI info
[0.243s] -- Detecting C compiler ABI info - done
[0.250s] -- Check for working C compiler: /usr/bin/cc - skipped
[0.250s] -- Detecting C compile features
[0.251s] -- Detecting C compile features - done
[0.255s] -- Detecting CXX compiler ABI info
[0.327s] -- Detecting CXX compiler ABI info - done
[0.333s] -- Check for working CXX compiler: /usr/bin/c++ - skipped
[0.333s] -- Detecting CXX compile features
[0.333s] -- Detecting CXX compile features - done
[0.338s] -- Found ament_cmake: 1.3.8 (/opt/ros/humble/share/ament_cmake/cmake)
[0.704s] -- Found Python3: /usr/bin/python3 (found version "3.10.12") found components: Interpreter 
[0.835s] -- Found rclcpp: 16.0.8 (/opt/ros/humble/share/rclcpp/cmake)
[0.921s] -- Found rosidl_generator_c: 3.1.5 (/opt/ros/humble/share/rosidl_generator_c/cmake)
[0.933s] -- Found rosidl_adapter: 3.1.5 (/opt/ros/humble/share/rosidl_adapter/cmake)
[0.947s] -- Found rosidl_generator_cpp: 3.1.5 (/opt/ros/humble/share/rosidl_generator_cpp/cmake)
[0.969s] -- Using all available rosidl_typesupport_c: rosidl_typesupport_fastrtps_c;rosidl_typesupport_introspection_c
[1.002s] -- Using all available rosidl_typesupport_cpp: rosidl_typesupport_fastrtps_cpp;rosidl_typesupport_introspection_cpp
[1.088s] -- Found rmw_implementation_cmake: 6.1.1 (/opt/ros/humble/share/rmw_implementation_cmake/cmake)
[1.093s] -- Found rmw_fastrtps_cpp: 6.2.6 (/opt/ros/humble/share/rmw_fastrtps_cpp/cmake)
[1.202s] -- Found OpenSSL: /usr/lib/x86_64-linux-gnu/libcrypto.so (found version "3.0.2")  
[1.236s] -- Found FastRTPS: /opt/ros/humble/include  
[1.299s] -- Using RMW implementation 'rmw_fastrtps_cpp' as default
[1.315s] -- Looking for pthread.h
[1.378s] -- Looking for pthread.h - found
[1.378s] -- Performing Test CMAKE_HAVE_LIBC_PTHREAD
[1.441s] -- Performing Test CMAKE_HAVE_LIBC_PTHREAD - Success
[1.442s] -- Found Threads: TRUE  
[1.601s] -- Found control_toolbox: 3.2.0 (/opt/ros/humble/share/control_toolbox/cmake)
[2.163s] -- Found parameter_traits: 0.3.7 (/opt/ros/humble/share/parameter_traits/cmake)
[2.223s] -- Found rclcpp_lifecycle: 16.0.8 (/opt/ros/humble/share/rclcpp_lifecycle/cmake)
[2.332s] -- Found controller_manager: 2.39.1 (/opt/ros/humble/share/controller_manager/cmake)
[2.902s] -- Found gazebo_ros: 3.7.0 (/opt/ros/humble/share/gazebo_ros/cmake)
[2.927s] -- Found PkgConfig: /usr/bin/pkg-config (found version "0.29.2") 
[2.928s] -- Checking for module 'bullet>=2.82'
[2.942s] --   Found bullet, version 3.05
[3.069s] -- Found fcl: /usr/include (found suitable version "0.7.0", minimum required is "0.5.0") 
[3.126s] -- Found assimp: /usr/include (found version "5.2.0") 
[3.179s] -- Found DART: /usr/include (Required is at least version "6.6") found components: dart 
[3.260s] -- Found Boost: /usr/lib/x86_64-linux-gnu/cmake/Boost-1.74.0/BoostConfig.cmake (found suitable version "1.74.0", minimum required is "1.40.0") found components: thread system filesystem program_options regex iostreams date_time 
[3.293s] -- Found Protobuf: /usr/lib/x86_64-linux-gnu/libprotobuf.so (found version "3.12.4") 
[3.310s] -- Looking for ignition-math6 -- found version 6.15.1
[3.328s] -- Searching for dependencies of ignition-math6
[3.331s] -- Looking for OGRE...
[3.331s] -- OGRE_PREFIX_WATCH changed.
[3.338s] -- Checking for module 'OGRE'
[3.356s] --   Found OGRE, version 1.9.0
[3.400s] -- Found Ogre Ghadamon (1.9.0)
[3.408s] -- Found OGRE: optimized;/usr/lib/x86_64-linux-gnu/libOgreMain.so;debug;/usr/lib/x86_64-linux-gnu/libOgreMain.so
[3.417s] -- Looking for OGRE_Paging...
[3.423s] -- Found OGRE_Paging: optimized;/usr/lib/x86_64-linux-gnu/libOgrePaging.so;debug;/usr/lib/x86_64-linux-gnu/libOgrePaging.so
[3.423s] -- Looking for OGRE_Terrain...
[3.427s] -- Found OGRE_Terrain: optimized;/usr/lib/x86_64-linux-gnu/libOgreTerrain.so;debug;/usr/lib/x86_64-linux-gnu/libOgreTerrain.so
[3.428s] -- Looking for OGRE_Property...
[3.432s] -- Found OGRE_Property: optimized;/usr/lib/x86_64-linux-gnu/libOgreProperty.so;debug;/usr/lib/x86_64-linux-gnu/libOgreProperty.so
[3.432s] -- Looking for OGRE_RTShaderSystem...
[3.437s] -- Found OGRE_RTShaderSystem: optimized;/usr/lib/x86_64-linux-gnu/libOgreRTShaderSystem.so;debug;/usr/lib/x86_64-linux-gnu/libOgreRTShaderSystem.so
[3.437s] -- Looking for OGRE_Volume...
[3.442s] -- Found OGRE_Volume: optimized;/usr/lib/x86_64-linux-gnu/libOgreVolume.so;debug;/usr/lib/x86_64-linux-gnu/libOgreVolume.so
[3.442s] -- Looking for OGRE_Overlay...
[3.446s] -- Found OGRE_Overlay: optimized;/usr/lib/x86_64-linux-gnu/libOgreOverlay.so;debug;/usr/lib/x86_64-linux-gnu/libOgreOverlay.so
[3.547s] -- Looking for ignition-math6 -- found version 6.15.1
[3.555s] -- Looking for ignition-transport8 -- found version 8.2.1
[3.556s] -- Searching for dependencies of ignition-transport8
[3.586s] -- Found Protobuf: /usr/lib/x86_64-linux-gnu/libprotobuf.so (found suitable version "3.12.4", minimum required is "3") 
[3.609s] -- Config-file not installed for ZeroMQ -- checking for pkg-config
[3.616s] -- Checking for module 'libzmq >= 4'
[3.638s] --   Found libzmq , version 4.3.4
[3.683s] -- Found ZeroMQ: TRUE (Required is at least version "4") 
[3.692s] -- Checking for module 'uuid'
[3.707s] --   Found uuid, version 2.37.2
[3.740s] -- Found UUID: TRUE  
[3.749s] -- Looking for ignition-msgs5 -- found version 5.8.1
[3.750s] -- Searching for dependencies of ignition-msgs5
[3.786s] -- Looking for ignition-math6 -- found version 6.15.1
[3.794s] -- Checking for module 'tinyxml2'
[3.808s] --   Found tinyxml2, version 9.0.0
[3.847s] -- Looking for ignition-msgs5 -- found version 5.8.1
[3.856s] -- Looking for ignition-common3 -- found version 3.14.0
[3.858s] -- Searching for dependencies of ignition-common3
[3.858s] -- Looking for dlfcn.h - found
[3.860s] -- Looking for libdl - found
[3.861s] -- Found DL: TRUE  
[3.887s] -- Found tinyobjloader: /usr/lib/x86_64-linux-gnu/cmake/tinyobjloader/tinyobjloader-config.cmake (found version "2.0.0") 
[3.888s] -- Searching for <ignition-common3> component [graphics]
[3.896s] -- Looking for ignition-common3-graphics -- found version 3.14.0
[3.896s] -- Searching for dependencies of ignition-common3-graphics
[3.896s] -- Looking for ignition-math6 -- found version 6.15.1
[3.905s] -- Looking for ignition-fuel_tools4 -- found version 4.4.0
[3.905s] -- Searching for dependencies of ignition-fuel_tools4
[4.003s] -- Found CURL: /usr/lib/x86_64-linux-gnu/libcurl.so (found version "7.81.0")  
[4.021s] -- Checking for module 'jsoncpp'
[4.035s] --   Found jsoncpp, version 1.9.5
[4.066s] -- Found JSONCPP: TRUE  
[4.077s] -- Checking for module 'libzip'
[4.092s] --   Found libzip, version 1.7.3
[4.125s] -- Found ZIP: TRUE  
[4.125s] -- Looking for ignition-common3 -- found version 3.14.0
[4.125s] -- Looking for ignition-math6 -- found version 6.15.1
[4.126s] -- Looking for ignition-msgs5 -- found version 5.8.1
[4.137s] -- Gazebo version: 11.10
[4.137s] -- Checking for module 'tbb'
[4.152s] --   Found tbb, version 2021.5.0
[4.197s] -- Found ament_lint_auto: 0.12.10 (/opt/ros/humble/share/ament_lint_auto/cmake)
[4.608s] -- Added test 'copyright' to check source files copyright and LICENSE
[4.609s] -- Added test 'cppcheck' to perform static code analysis on C / C++ code
[4.609s] -- Configured cppcheck include dirs: /root/ros2_frws/src/xarm_ros2/xarm_gazebo/include
[4.610s] -- Configured cppcheck exclude dirs and/or files: 
[4.611s] -- Added test 'cpplint' to check C / C++ code against the Google style
[4.611s] -- Configured cpplint exclude dirs and/or files: 
[4.611s] -- Added test 'flake8' to check Python code syntax and style conventions
[4.612s] -- Added test 'lint_cmake' to check CMake code style
[4.613s] -- Added test 'pep257' to check Python code against some of the docstring style conventions in PEP 257
[4.614s] -- Added test 'uncrustify' to check C / C++ code style
[4.614s] -- Configured uncrustify additional arguments: 
[4.614s] -- Added test 'xmllint' to check XML markup files
[4.616s] -- Configuring done
[4.699s] -- Generating done
[4.702s] -- Build files have been written to: /root/ros2_frws/build/xarm_gazebo
[4.720s] Invoked command in '/root/ros2_frws/build/xarm_gazebo' returned '0': AMENT_PREFIX_PATH=/root/ros2_frws/install/xarm_controller:/root/ros2_frws/install/xarm_api:/root/ros2_frws/install/xarm_sdk:/root/ros2_frws/install/xarm_msgs:/root/ros2_frws/install/xarm_description:${AMENT_PREFIX_PATH} CMAKE_PREFIX_PATH=/root/ros2_frws/install/xarm_controller:/root/ros2_frws/install/xarm_api:/root/ros2_frws/install/xarm_sdk:/root/ros2_frws/install/xarm_msgs:/root/ros2_frws/install/xarm_description:/opt/ros/humble LD_LIBRARY_PATH=/root/ros2_frws/install/xarm_controller/lib:/root/ros2_frws/install/xarm_api/lib:/root/ros2_frws/install/xarm_sdk/lib:/root/ros2_frws/install/xarm_msgs/lib:${LD_LIBRARY_PATH} PYTHONPATH=/root/ros2_frws/install/xarm_msgs/local/lib/python3.10/dist-packages:${PYTHONPATH} /usr/bin/cmake /root/ros2_frws/src/xarm_ros2/xarm_gazebo -DCMAKE_INSTALL_PREFIX=/root/ros2_frws/install/xarm_gazebo
[4.722s] Invoking command in '/root/ros2_frws/build/xarm_gazebo': AMENT_PREFIX_PATH=/root/ros2_frws/install/xarm_controller:/root/ros2_frws/install/xarm_api:/root/ros2_frws/install/xarm_sdk:/root/ros2_frws/install/xarm_msgs:/root/ros2_frws/install/xarm_description:${AMENT_PREFIX_PATH} CMAKE_PREFIX_PATH=/root/ros2_frws/install/xarm_controller:/root/ros2_frws/install/xarm_api:/root/ros2_frws/install/xarm_sdk:/root/ros2_frws/install/xarm_msgs:/root/ros2_frws/install/xarm_description:/opt/ros/humble LD_LIBRARY_PATH=/root/ros2_frws/install/xarm_controller/lib:/root/ros2_frws/install/xarm_api/lib:/root/ros2_frws/install/xarm_sdk/lib:/root/ros2_frws/install/xarm_msgs/lib:${LD_LIBRARY_PATH} PYTHONPATH=/root/ros2_frws/install/xarm_msgs/local/lib/python3.10/dist-packages:${PYTHONPATH} /usr/bin/cmake --build /root/ros2_frws/build/xarm_gazebo -- -j16 -l16
[4.778s] [ 50%] [32mBuilding CXX object CMakeFiles/gazebo_mimic_joint_plugin.dir/src/mimic_joint_plugin.cpp.o[0m
[18.630s] [100%] [32m[1mLinking CXX shared library libgazebo_mimic_joint_plugin.so[0m
[19.234s] [100%] Built target gazebo_mimic_joint_plugin
[19.252s] Invoked command in '/root/ros2_frws/build/xarm_gazebo' returned '0': AMENT_PREFIX_PATH=/root/ros2_frws/install/xarm_controller:/root/ros2_frws/install/xarm_api:/root/ros2_frws/install/xarm_sdk:/root/ros2_frws/install/xarm_msgs:/root/ros2_frws/install/xarm_description:${AMENT_PREFIX_PATH} CMAKE_PREFIX_PATH=/root/ros2_frws/install/xarm_controller:/root/ros2_frws/install/xarm_api:/root/ros2_frws/install/xarm_sdk:/root/ros2_frws/install/xarm_msgs:/root/ros2_frws/install/xarm_description:/opt/ros/humble LD_LIBRARY_PATH=/root/ros2_frws/install/xarm_controller/lib:/root/ros2_frws/install/xarm_api/lib:/root/ros2_frws/install/xarm_sdk/lib:/root/ros2_frws/install/xarm_msgs/lib:${LD_LIBRARY_PATH} PYTHONPATH=/root/ros2_frws/install/xarm_msgs/local/lib/python3.10/dist-packages:${PYTHONPATH} /usr/bin/cmake --build /root/ros2_frws/build/xarm_gazebo -- -j16 -l16
[19.287s] Invoking command in '/root/ros2_frws/build/xarm_gazebo': AMENT_PREFIX_PATH=/root/ros2_frws/install/xarm_controller:/root/ros2_frws/install/xarm_api:/root/ros2_frws/install/xarm_sdk:/root/ros2_frws/install/xarm_msgs:/root/ros2_frws/install/xarm_description:${AMENT_PREFIX_PATH} CMAKE_PREFIX_PATH=/root/ros2_frws/install/xarm_controller:/root/ros2_frws/install/xarm_api:/root/ros2_frws/install/xarm_sdk:/root/ros2_frws/install/xarm_msgs:/root/ros2_frws/install/xarm_description:/opt/ros/humble LD_LIBRARY_PATH=/root/ros2_frws/install/xarm_controller/lib:/root/ros2_frws/install/xarm_api/lib:/root/ros2_frws/install/xarm_sdk/lib:/root/ros2_frws/install/xarm_msgs/lib:${LD_LIBRARY_PATH} PYTHONPATH=/root/ros2_frws/install/xarm_msgs/local/lib/python3.10/dist-packages:${PYTHONPATH} /usr/bin/cmake --install /root/ros2_frws/build/xarm_gazebo
[19.300s] -- Install configuration: ""
[19.301s] -- Installing: /root/ros2_frws/install/xarm_gazebo/include
[19.301s] -- Installing: /root/ros2_frws/install/xarm_gazebo/include/xarm_gazebo
[19.301s] -- Installing: /root/ros2_frws/install/xarm_gazebo/include/xarm_gazebo/mimic_joint_plugin.h
[19.301s] -- Installing: /root/ros2_frws/install/xarm_gazebo/lib/libgazebo_mimic_joint_plugin.so
[19.304s] -- Set runtime path of "/root/ros2_frws/install/xarm_gazebo/lib/libgazebo_mimic_joint_plugin.so" to ""
[19.304s] -- Installing: /root/ros2_frws/install/xarm_gazebo/share/xarm_gazebo//worlds
[19.305s] -- Installing: /root/ros2_frws/install/xarm_gazebo/share/xarm_gazebo//worlds/table.world
[19.306s] -- Installing: /root/ros2_frws/install/xarm_gazebo/share/xarm_gazebo//launch
[19.306s] -- Installing: /root/ros2_frws/install/xarm_gazebo/share/xarm_gazebo//launch/xarm7_mirror_beside_table_gazebo.launch.py
[19.306s] -- Installing: /root/ros2_frws/install/xarm_gazebo/share/xarm_gazebo//launch/_dual_robot_beside_table_gazebo.launch.py
[19.306s] -- Installing: /root/ros2_frws/install/xarm_gazebo/share/xarm_gazebo//launch/uf850_beside_table_gazebo.launch.py
[19.307s] -- Installing: /root/ros2_frws/install/xarm_gazebo/share/xarm_gazebo//launch/xarm5_beside_table_gazebo.launch.py
[19.307s] -- Installing: /root/ros2_frws/install/xarm_gazebo/share/xarm_gazebo//launch/lite6_beside_table_gazebo.launch.py
[19.307s] -- Installing: /root/ros2_frws/install/xarm_gazebo/share/xarm_gazebo//launch/xarm7_beside_table_gazebo.launch.py
[19.307s] -- Installing: /root/ros2_frws/install/xarm_gazebo/share/xarm_gazebo//launch/xarm6_beside_table_gazebo.launch.py
[19.307s] -- Installing: /root/ros2_frws/install/xarm_gazebo/share/xarm_gazebo//launch/_robot_beside_table_gazebo.launch.py
[19.308s] -- Installing: /root/ros2_frws/install/xarm_gazebo/share/ament_index/resource_index/package_run_dependencies/xarm_gazebo
[19.309s] -- Installing: /root/ros2_frws/install/xarm_gazebo/share/ament_index/resource_index/parent_prefix_path/xarm_gazebo
[19.309s] -- Installing: /root/ros2_frws/install/xarm_gazebo/share/xarm_gazebo/environment/ament_prefix_path.sh
[19.309s] -- Installing: /root/ros2_frws/install/xarm_gazebo/share/xarm_gazebo/environment/ament_prefix_path.dsv
[19.309s] -- Installing: /root/ros2_frws/install/xarm_gazebo/share/xarm_gazebo/environment/path.sh
[19.310s] -- Installing: /root/ros2_frws/install/xarm_gazebo/share/xarm_gazebo/environment/path.dsv
[19.310s] -- Installing: /root/ros2_frws/install/xarm_gazebo/share/xarm_gazebo/local_setup.bash
[19.310s] -- Installing: /root/ros2_frws/install/xarm_gazebo/share/xarm_gazebo/local_setup.sh
[19.310s] -- Installing: /root/ros2_frws/install/xarm_gazebo/share/xarm_gazebo/local_setup.zsh
[19.310s] -- Installing: /root/ros2_frws/install/xarm_gazebo/share/xarm_gazebo/local_setup.dsv
[19.311s] -- Installing: /root/ros2_frws/install/xarm_gazebo/share/xarm_gazebo/package.dsv
[19.311s] -- Installing: /root/ros2_frws/install/xarm_gazebo/share/ament_index/resource_index/packages/xarm_gazebo
[19.311s] -- Installing: /root/ros2_frws/install/xarm_gazebo/share/xarm_gazebo/cmake/xarm_gazeboConfig.cmake
[19.311s] -- Installing: /root/ros2_frws/install/xarm_gazebo/share/xarm_gazebo/cmake/xarm_gazeboConfig-version.cmake
[19.311s] -- Installing: /root/ros2_frws/install/xarm_gazebo/share/xarm_gazebo/package.xml
[19.314s] Invoked command in '/root/ros2_frws/build/xarm_gazebo' returned '0': AMENT_PREFIX_PATH=/root/ros2_frws/install/xarm_controller:/root/ros2_frws/install/xarm_api:/root/ros2_frws/install/xarm_sdk:/root/ros2_frws/install/xarm_msgs:/root/ros2_frws/install/xarm_description:${AMENT_PREFIX_PATH} CMAKE_PREFIX_PATH=/root/ros2_frws/install/xarm_controller:/root/ros2_frws/install/xarm_api:/root/ros2_frws/install/xarm_sdk:/root/ros2_frws/install/xarm_msgs:/root/ros2_frws/install/xarm_description:/opt/ros/humble LD_LIBRARY_PATH=/root/ros2_frws/install/xarm_controller/lib:/root/ros2_frws/install/xarm_api/lib:/root/ros2_frws/install/xarm_sdk/lib:/root/ros2_frws/install/xarm_msgs/lib:${LD_LIBRARY_PATH} PYTHONPATH=/root/ros2_frws/install/xarm_msgs/local/lib/python3.10/dist-packages:${PYTHONPATH} /usr/bin/cmake --install /root/ros2_frws/build/xarm_gazebo
