[0.086s] Invoking command in '/root/ros2_frws/build/my_msg_interfaces': CMAKE_PREFIX_PATH=${CMAKE_PREFIX_PATH}:/root/ros2_frws/install/moveit_configs_utils:/root/ros2_frws/install/course_works:/root/ros2_frws/install/challenge_2:/root/ros2_frws/install/basic_comms_params:/root/ros2_frws/install/basic_comms_param:/root/ros2_frws/install/basic_comms:/opt/ros/humble /usr/bin/cmake --build /root/ros2_frws/build/my_msg_interfaces -- -j16 -l16
[0.111s] -- Found ament_cmake: 1.3.8 (/opt/ros/humble/share/ament_cmake/cmake)
[0.258s] -- Found rosidl_default_generators: 1.2.0 (/opt/ros/humble/share/rosidl_default_generators/cmake)
[0.262s] -- Using all available rosidl_typesupport_c: rosidl_typesupport_fastrtps_c;rosidl_typesupport_introspection_c
[0.264s] -- Found rosidl_adapter: 3.1.5 (/opt/ros/humble/share/rosidl_adapter/cmake)
[0.291s] -- Using all available rosidl_typesupport_cpp: rosidl_typesupport_fastrtps_cpp;rosidl_typesupport_introspection_cpp
[0.564s] -- Found ament_cmake_ros: 0.10.0 (/opt/ros/humble/share/ament_cmake_ros/cmake)
[0.777s] -- Using all available rosidl_typesupport_c: rosidl_typesupport_fastrtps_c;rosidl_typesupport_introspection_c
[1.110s] -- Using all available rosidl_typesupport_cpp: rosidl_typesupport_fastrtps_cpp;rosidl_typesupport_introspection_cpp
[1.137s] -- Found python_cmake_module: 0.10.0 (/opt/ros/humble/share/python_cmake_module/cmake)
[1.159s] -- Using PYTHON_EXECUTABLE: /usr/bin/python3
[1.159s] -- Using PYTHON_INCLUDE_DIRS: /usr/include/python3.10
[1.159s] -- Using PYTHON_LIBRARIES: /usr/lib/x86_64-linux-gnu/libpython3.10.so
[1.178s] -- Configuring done
[1.208s] -- Generating done
[1.220s] -- Build files have been written to: /root/ros2_frws/build/my_msg_interfaces
[1.243s] [35m[1mConsolidate compiler generated dependencies of target my_msg_interfaces__rosidl_generator_c[0m
[1.253s] [  3%] Built target my_msg_interfaces__cpp
[1.257s] [ 12%] Built target my_msg_interfaces__rosidl_generator_c
[1.263s] [35m[1mConsolidate compiler generated dependencies of target my_msg_interfaces__rosidl_typesupport_cpp[0m
[1.263s] [35m[1mConsolidate compiler generated dependencies of target my_msg_interfaces__rosidl_typesupport_fastrtps_cpp[0m
[1.263s] [35m[1mConsolidate compiler generated dependencies of target my_msg_interfaces__rosidl_typesupport_introspection_cpp[0m
[1.266s] [35m[1mConsolidate compiler generated dependencies of target my_msg_interfaces__rosidl_typesupport_c[0m
[1.267s] [35m[1mConsolidate compiler generated dependencies of target my_msg_interfaces__rosidl_typesupport_introspection_c[0m
[1.267s] [35m[1mConsolidate compiler generated dependencies of target my_msg_interfaces__rosidl_typesupport_fastrtps_c[0m
[1.271s] [ 12%] Built target ament_cmake_python_copy_my_msg_interfaces
[1.275s] [ 32%] Built target my_msg_interfaces__rosidl_typesupport_cpp
[1.276s] [ 32%] Built target my_msg_interfaces__rosidl_typesupport_fastrtps_cpp
[1.278s] [ 45%] Built target my_msg_interfaces__rosidl_typesupport_introspection_cpp
[1.278s] [ 61%] Built target my_msg_interfaces__rosidl_typesupport_c
[1.278s] [ 61%] Built target my_msg_interfaces__rosidl_typesupport_introspection_c
[1.280s] [ 70%] Built target my_msg_interfaces__rosidl_typesupport_fastrtps_c
[1.300s] [ 70%] Built target my_msg_interfaces
[1.321s] [ 74%] Built target my_msg_interfaces__py
[1.333s] [35m[1mConsolidate compiler generated dependencies of target my_msg_interfaces__rosidl_generator_py[0m
[1.349s] [ 80%] Built target my_msg_interfaces__rosidl_generator_py
[1.359s] [35m[1mConsolidate compiler generated dependencies of target my_msg_interfaces__rosidl_typesupport_introspection_c__pyext[0m
[1.359s] [35m[1mConsolidate compiler generated dependencies of target my_msg_interfaces__rosidl_typesupport_fastrtps_c__pyext[0m
[1.359s] [35m[1mConsolidate compiler generated dependencies of target my_msg_interfaces__rosidl_typesupport_c__pyext[0m
[1.374s] [ 93%] Built target my_msg_interfaces__rosidl_typesupport_c__pyext
[1.374s] [ 96%] Built target my_msg_interfaces__rosidl_typesupport_introspection_c__pyext
[1.375s] [100%] Built target my_msg_interfaces__rosidl_typesupport_fastrtps_c__pyext
[1.480s] running egg_info
[1.494s] writing my_msg_interfaces.egg-info/PKG-INFO
[1.495s] writing dependency_links to my_msg_interfaces.egg-info/dependency_links.txt
[1.498s] writing top-level names to my_msg_interfaces.egg-info/top_level.txt
[1.540s] reading manifest file 'my_msg_interfaces.egg-info/SOURCES.txt'
[1.540s] writing manifest file 'my_msg_interfaces.egg-info/SOURCES.txt'
[1.565s] [100%] Built target ament_cmake_python_build_my_msg_interfaces_egg
[1.575s] Invoked command in '/root/ros2_frws/build/my_msg_interfaces' returned '0': CMAKE_PREFIX_PATH=${CMAKE_PREFIX_PATH}:/root/ros2_frws/install/moveit_configs_utils:/root/ros2_frws/install/course_works:/root/ros2_frws/install/challenge_2:/root/ros2_frws/install/basic_comms_params:/root/ros2_frws/install/basic_comms_param:/root/ros2_frws/install/basic_comms:/opt/ros/humble /usr/bin/cmake --build /root/ros2_frws/build/my_msg_interfaces -- -j16 -l16
[1.650s] Invoking command in '/root/ros2_frws/build/my_msg_interfaces': CMAKE_PREFIX_PATH=${CMAKE_PREFIX_PATH}:/root/ros2_frws/install/moveit_configs_utils:/root/ros2_frws/install/course_works:/root/ros2_frws/install/challenge_2:/root/ros2_frws/install/basic_comms_params:/root/ros2_frws/install/basic_comms_param:/root/ros2_frws/install/basic_comms:/opt/ros/humble /usr/bin/cmake --install /root/ros2_frws/build/my_msg_interfaces
[1.657s] -- Install configuration: ""
[1.657s] -- Up-to-date: /root/ros2_frws/install/my_msg_interfaces/share/ament_index/resource_index/rosidl_interfaces/my_msg_interfaces
[1.658s] -- Up-to-date: /root/ros2_frws/install/my_msg_interfaces/include/my_msg_interfaces/my_msg_interfaces
[1.658s] -- Up-to-date: /root/ros2_frws/install/my_msg_interfaces/include/my_msg_interfaces/my_msg_interfaces/msg
[1.658s] -- Up-to-date: /root/ros2_frws/install/my_msg_interfaces/include/my_msg_interfaces/my_msg_interfaces/msg/rosidl_generator_c__visibility_control.h
[1.658s] -- Up-to-date: /root/ros2_frws/install/my_msg_interfaces/include/my_msg_interfaces/my_msg_interfaces/msg/detail
[1.658s] -- Up-to-date: /root/ros2_frws/install/my_msg_interfaces/include/my_msg_interfaces/my_msg_interfaces/msg/detail/my_parameter__struct.h
[1.658s] -- Up-to-date: /root/ros2_frws/install/my_msg_interfaces/include/my_msg_interfaces/my_msg_interfaces/msg/detail/my_parameter__type_support.h
[1.659s] -- Up-to-date: /root/ros2_frws/install/my_msg_interfaces/include/my_msg_interfaces/my_msg_interfaces/msg/detail/my_parameter__functions.h
[1.659s] -- Up-to-date: /root/ros2_frws/install/my_msg_interfaces/include/my_msg_interfaces/my_msg_interfaces/msg/detail/my_parameter__functions.c
[1.659s] -- Up-to-date: /root/ros2_frws/install/my_msg_interfaces/include/my_msg_interfaces/my_msg_interfaces/msg/my_parameter.h
[1.659s] -- Up-to-date: /root/ros2_frws/install/my_msg_interfaces/share/my_msg_interfaces/environment/library_path.sh
[1.659s] -- Installing: /root/ros2_frws/install/my_msg_interfaces/share/my_msg_interfaces/environment/library_path.dsv
[1.659s] -- Up-to-date: /root/ros2_frws/install/my_msg_interfaces/lib/libmy_msg_interfaces__rosidl_generator_c.so
[1.659s] -- Up-to-date: /root/ros2_frws/install/my_msg_interfaces/include/my_msg_interfaces/my_msg_interfaces
[1.660s] -- Up-to-date: /root/ros2_frws/install/my_msg_interfaces/include/my_msg_interfaces/my_msg_interfaces/msg
[1.660s] -- Up-to-date: /root/ros2_frws/install/my_msg_interfaces/include/my_msg_interfaces/my_msg_interfaces/msg/rosidl_typesupport_fastrtps_c__visibility_control.h
[1.660s] -- Up-to-date: /root/ros2_frws/install/my_msg_interfaces/include/my_msg_interfaces/my_msg_interfaces/msg/detail
[1.660s] -- Up-to-date: /root/ros2_frws/install/my_msg_interfaces/include/my_msg_interfaces/my_msg_interfaces/msg/detail/my_parameter__rosidl_typesupport_fastrtps_c.h
[1.660s] -- Up-to-date: /root/ros2_frws/install/my_msg_interfaces/lib/libmy_msg_interfaces__rosidl_typesupport_fastrtps_c.so
[1.660s] -- Up-to-date: /root/ros2_frws/install/my_msg_interfaces/include/my_msg_interfaces/my_msg_interfaces
[1.660s] -- Up-to-date: /root/ros2_frws/install/my_msg_interfaces/include/my_msg_interfaces/my_msg_interfaces/msg
[1.661s] -- Up-to-date: /root/ros2_frws/install/my_msg_interfaces/include/my_msg_interfaces/my_msg_interfaces/msg/rosidl_typesupport_introspection_c__visibility_control.h
[1.661s] -- Up-to-date: /root/ros2_frws/install/my_msg_interfaces/include/my_msg_interfaces/my_msg_interfaces/msg/detail
[1.661s] -- Up-to-date: /root/ros2_frws/install/my_msg_interfaces/include/my_msg_interfaces/my_msg_interfaces/msg/detail/my_parameter__rosidl_typesupport_introspection_c.h
[1.661s] -- Up-to-date: /root/ros2_frws/install/my_msg_interfaces/include/my_msg_interfaces/my_msg_interfaces/msg/detail/my_parameter__type_support.c
[1.661s] -- Up-to-date: /root/ros2_frws/install/my_msg_interfaces/lib/libmy_msg_interfaces__rosidl_typesupport_introspection_c.so
[1.661s] -- Up-to-date: /root/ros2_frws/install/my_msg_interfaces/lib/libmy_msg_interfaces__rosidl_typesupport_c.so
[1.661s] -- Up-to-date: /root/ros2_frws/install/my_msg_interfaces/include/my_msg_interfaces/my_msg_interfaces
[1.661s] -- Up-to-date: /root/ros2_frws/install/my_msg_interfaces/include/my_msg_interfaces/my_msg_interfaces/msg
[1.661s] -- Up-to-date: /root/ros2_frws/install/my_msg_interfaces/include/my_msg_interfaces/my_msg_interfaces/msg/detail
[1.662s] -- Up-to-date: /root/ros2_frws/install/my_msg_interfaces/include/my_msg_interfaces/my_msg_interfaces/msg/detail/my_parameter__traits.hpp
[1.662s] -- Up-to-date: /root/ros2_frws/install/my_msg_interfaces/include/my_msg_interfaces/my_msg_interfaces/msg/detail/my_parameter__builder.hpp
[1.662s] -- Up-to-date: /root/ros2_frws/install/my_msg_interfaces/include/my_msg_interfaces/my_msg_interfaces/msg/detail/my_parameter__struct.hpp
[1.662s] -- Up-to-date: /root/ros2_frws/install/my_msg_interfaces/include/my_msg_interfaces/my_msg_interfaces/msg/my_parameter.hpp
[1.662s] -- Up-to-date: /root/ros2_frws/install/my_msg_interfaces/include/my_msg_interfaces/my_msg_interfaces
[1.663s] -- Up-to-date: /root/ros2_frws/install/my_msg_interfaces/include/my_msg_interfaces/my_msg_interfaces/msg
[1.663s] -- Up-to-date: /root/ros2_frws/install/my_msg_interfaces/include/my_msg_interfaces/my_msg_interfaces/msg/detail
[1.663s] -- Up-to-date: /root/ros2_frws/install/my_msg_interfaces/include/my_msg_interfaces/my_msg_interfaces/msg/detail/dds_fastrtps
[1.663s] -- Up-to-date: /root/ros2_frws/install/my_msg_interfaces/include/my_msg_interfaces/my_msg_interfaces/msg/detail/my_parameter__rosidl_typesupport_fastrtps_cpp.hpp
[1.663s] -- Up-to-date: /root/ros2_frws/install/my_msg_interfaces/include/my_msg_interfaces/my_msg_interfaces/msg/rosidl_typesupport_fastrtps_cpp__visibility_control.h
[1.663s] -- Up-to-date: /root/ros2_frws/install/my_msg_interfaces/lib/libmy_msg_interfaces__rosidl_typesupport_fastrtps_cpp.so
[1.663s] -- Up-to-date: /root/ros2_frws/install/my_msg_interfaces/include/my_msg_interfaces/my_msg_interfaces
[1.663s] -- Up-to-date: /root/ros2_frws/install/my_msg_interfaces/include/my_msg_interfaces/my_msg_interfaces/msg
[1.663s] -- Up-to-date: /root/ros2_frws/install/my_msg_interfaces/include/my_msg_interfaces/my_msg_interfaces/msg/detail
[1.663s] -- Up-to-date: /root/ros2_frws/install/my_msg_interfaces/include/my_msg_interfaces/my_msg_interfaces/msg/detail/my_parameter__type_support.cpp
[1.663s] -- Up-to-date: /root/ros2_frws/install/my_msg_interfaces/include/my_msg_interfaces/my_msg_interfaces/msg/detail/my_parameter__rosidl_typesupport_introspection_cpp.hpp
[1.664s] -- Up-to-date: /root/ros2_frws/install/my_msg_interfaces/lib/libmy_msg_interfaces__rosidl_typesupport_introspection_cpp.so
[1.664s] -- Up-to-date: /root/ros2_frws/install/my_msg_interfaces/lib/libmy_msg_interfaces__rosidl_typesupport_cpp.so
[1.664s] -- Up-to-date: /root/ros2_frws/install/my_msg_interfaces/share/my_msg_interfaces/environment/pythonpath.sh
[1.664s] -- Installing: /root/ros2_frws/install/my_msg_interfaces/share/my_msg_interfaces/environment/pythonpath.dsv
[1.664s] -- Up-to-date: /root/ros2_frws/install/my_msg_interfaces/local/lib/python3.10/dist-packages/my_msg_interfaces-0.0.0-py3.10.egg-info
[1.664s] -- Installing: /root/ros2_frws/install/my_msg_interfaces/local/lib/python3.10/dist-packages/my_msg_interfaces-0.0.0-py3.10.egg-info/PKG-INFO
[1.664s] -- Installing: /root/ros2_frws/install/my_msg_interfaces/local/lib/python3.10/dist-packages/my_msg_interfaces-0.0.0-py3.10.egg-info/dependency_links.txt
[1.664s] -- Installing: /root/ros2_frws/install/my_msg_interfaces/local/lib/python3.10/dist-packages/my_msg_interfaces-0.0.0-py3.10.egg-info/SOURCES.txt
[1.664s] -- Installing: /root/ros2_frws/install/my_msg_interfaces/local/lib/python3.10/dist-packages/my_msg_interfaces-0.0.0-py3.10.egg-info/top_level.txt
[1.664s] -- Up-to-date: /root/ros2_frws/install/my_msg_interfaces/local/lib/python3.10/dist-packages/my_msg_interfaces
[1.664s] -- Up-to-date: /root/ros2_frws/install/my_msg_interfaces/local/lib/python3.10/dist-packages/my_msg_interfaces/my_msg_interfaces_s__rosidl_typesupport_introspection_c.cpython-310-x86_64-linux-gnu.so
[1.664s] -- Up-to-date: /root/ros2_frws/install/my_msg_interfaces/local/lib/python3.10/dist-packages/my_msg_interfaces/my_msg_interfaces_s__rosidl_typesupport_c.cpython-310-x86_64-linux-gnu.so
[1.664s] -- Up-to-date: /root/ros2_frws/install/my_msg_interfaces/local/lib/python3.10/dist-packages/my_msg_interfaces/_my_msg_interfaces_s.ep.rosidl_typesupport_c.c
[1.664s] -- Up-to-date: /root/ros2_frws/install/my_msg_interfaces/local/lib/python3.10/dist-packages/my_msg_interfaces/my_msg_interfaces_s__rosidl_typesupport_fastrtps_c.cpython-310-x86_64-linux-gnu.so
[1.664s] -- Up-to-date: /root/ros2_frws/install/my_msg_interfaces/local/lib/python3.10/dist-packages/my_msg_interfaces/_my_msg_interfaces_s.ep.rosidl_typesupport_fastrtps_c.c
[1.664s] -- Up-to-date: /root/ros2_frws/install/my_msg_interfaces/local/lib/python3.10/dist-packages/my_msg_interfaces/libmy_msg_interfaces__rosidl_generator_py.so
[1.664s] -- Up-to-date: /root/ros2_frws/install/my_msg_interfaces/local/lib/python3.10/dist-packages/my_msg_interfaces/_my_msg_interfaces_s.ep.rosidl_typesupport_introspection_c.c
[1.664s] -- Installing: /root/ros2_frws/install/my_msg_interfaces/local/lib/python3.10/dist-packages/my_msg_interfaces/__init__.py
[1.665s] -- Up-to-date: /root/ros2_frws/install/my_msg_interfaces/local/lib/python3.10/dist-packages/my_msg_interfaces/msg
[1.665s] -- Up-to-date: /root/ros2_frws/install/my_msg_interfaces/local/lib/python3.10/dist-packages/my_msg_interfaces/msg/_my_parameter_s.c
[1.665s] -- Up-to-date: /root/ros2_frws/install/my_msg_interfaces/local/lib/python3.10/dist-packages/my_msg_interfaces/msg/__init__.py
[1.665s] -- Up-to-date: /root/ros2_frws/install/my_msg_interfaces/local/lib/python3.10/dist-packages/my_msg_interfaces/msg/_my_parameter.py
[1.699s] Listing '/root/ros2_frws/install/my_msg_interfaces/local/lib/python3.10/dist-packages/my_msg_interfaces'...
[1.699s] Compiling '/root/ros2_frws/install/my_msg_interfaces/local/lib/python3.10/dist-packages/my_msg_interfaces/__init__.py'...
[1.699s] Listing '/root/ros2_frws/install/my_msg_interfaces/local/lib/python3.10/dist-packages/my_msg_interfaces/msg'...
[1.703s] -- Up-to-date: /root/ros2_frws/install/my_msg_interfaces/local/lib/python3.10/dist-packages/my_msg_interfaces/my_msg_interfaces_s__rosidl_typesupport_fastrtps_c.cpython-310-x86_64-linux-gnu.so
[1.703s] -- Up-to-date: /root/ros2_frws/install/my_msg_interfaces/local/lib/python3.10/dist-packages/my_msg_interfaces/my_msg_interfaces_s__rosidl_typesupport_introspection_c.cpython-310-x86_64-linux-gnu.so
[1.704s] -- Up-to-date: /root/ros2_frws/install/my_msg_interfaces/local/lib/python3.10/dist-packages/my_msg_interfaces/my_msg_interfaces_s__rosidl_typesupport_c.cpython-310-x86_64-linux-gnu.so
[1.704s] -- Up-to-date: /root/ros2_frws/install/my_msg_interfaces/lib/libmy_msg_interfaces__rosidl_generator_py.so
[1.704s] -- Up-to-date: /root/ros2_frws/install/my_msg_interfaces/share/my_msg_interfaces/msg/MyParameter.idl
[1.704s] -- Up-to-date: /root/ros2_frws/install/my_msg_interfaces/share/my_msg_interfaces/msg/MyParameter.msg
[1.705s] -- Up-to-date: /root/ros2_frws/install/my_msg_interfaces/share/ament_index/resource_index/package_run_dependencies/my_msg_interfaces
[1.705s] -- Up-to-date: /root/ros2_frws/install/my_msg_interfaces/share/ament_index/resource_index/parent_prefix_path/my_msg_interfaces
[1.705s] -- Up-to-date: /root/ros2_frws/install/my_msg_interfaces/share/my_msg_interfaces/environment/ament_prefix_path.sh
[1.705s] -- Installing: /root/ros2_frws/install/my_msg_interfaces/share/my_msg_interfaces/environment/ament_prefix_path.dsv
[1.705s] -- Up-to-date: /root/ros2_frws/install/my_msg_interfaces/share/my_msg_interfaces/environment/path.sh
[1.705s] -- Installing: /root/ros2_frws/install/my_msg_interfaces/share/my_msg_interfaces/environment/path.dsv
[1.705s] -- Up-to-date: /root/ros2_frws/install/my_msg_interfaces/share/my_msg_interfaces/local_setup.bash
[1.705s] -- Up-to-date: /root/ros2_frws/install/my_msg_interfaces/share/my_msg_interfaces/local_setup.sh
[1.706s] -- Up-to-date: /root/ros2_frws/install/my_msg_interfaces/share/my_msg_interfaces/local_setup.zsh
[1.706s] -- Installing: /root/ros2_frws/install/my_msg_interfaces/share/my_msg_interfaces/local_setup.dsv
[1.706s] -- Installing: /root/ros2_frws/install/my_msg_interfaces/share/my_msg_interfaces/package.dsv
[1.706s] -- Up-to-date: /root/ros2_frws/install/my_msg_interfaces/share/ament_index/resource_index/packages/my_msg_interfaces
[1.706s] -- Up-to-date: /root/ros2_frws/install/my_msg_interfaces/share/my_msg_interfaces/cmake/export_my_msg_interfaces__rosidl_generator_cExport.cmake
[1.706s] -- Up-to-date: /root/ros2_frws/install/my_msg_interfaces/share/my_msg_interfaces/cmake/export_my_msg_interfaces__rosidl_generator_cExport-noconfig.cmake
[1.706s] -- Up-to-date: /root/ros2_frws/install/my_msg_interfaces/share/my_msg_interfaces/cmake/export_my_msg_interfaces__rosidl_typesupport_fastrtps_cExport.cmake
[1.706s] -- Up-to-date: /root/ros2_frws/install/my_msg_interfaces/share/my_msg_interfaces/cmake/export_my_msg_interfaces__rosidl_typesupport_fastrtps_cExport-noconfig.cmake
[1.706s] -- Up-to-date: /root/ros2_frws/install/my_msg_interfaces/share/my_msg_interfaces/cmake/my_msg_interfaces__rosidl_typesupport_introspection_cExport.cmake
[1.707s] -- Up-to-date: /root/ros2_frws/install/my_msg_interfaces/share/my_msg_interfaces/cmake/my_msg_interfaces__rosidl_typesupport_introspection_cExport-noconfig.cmake
[1.707s] -- Up-to-date: /root/ros2_frws/install/my_msg_interfaces/share/my_msg_interfaces/cmake/my_msg_interfaces__rosidl_typesupport_cExport.cmake
[1.707s] -- Up-to-date: /root/ros2_frws/install/my_msg_interfaces/share/my_msg_interfaces/cmake/my_msg_interfaces__rosidl_typesupport_cExport-noconfig.cmake
[1.707s] -- Up-to-date: /root/ros2_frws/install/my_msg_interfaces/share/my_msg_interfaces/cmake/export_my_msg_interfaces__rosidl_generator_cppExport.cmake
[1.707s] -- Up-to-date: /root/ros2_frws/install/my_msg_interfaces/share/my_msg_interfaces/cmake/export_my_msg_interfaces__rosidl_typesupport_fastrtps_cppExport.cmake
[1.707s] -- Up-to-date: /root/ros2_frws/install/my_msg_interfaces/share/my_msg_interfaces/cmake/export_my_msg_interfaces__rosidl_typesupport_fastrtps_cppExport-noconfig.cmake
[1.707s] -- Up-to-date: /root/ros2_frws/install/my_msg_interfaces/share/my_msg_interfaces/cmake/my_msg_interfaces__rosidl_typesupport_introspection_cppExport.cmake
[1.707s] -- Up-to-date: /root/ros2_frws/install/my_msg_interfaces/share/my_msg_interfaces/cmake/my_msg_interfaces__rosidl_typesupport_introspection_cppExport-noconfig.cmake
[1.708s] -- Up-to-date: /root/ros2_frws/install/my_msg_interfaces/share/my_msg_interfaces/cmake/my_msg_interfaces__rosidl_typesupport_cppExport.cmake
[1.708s] -- Up-to-date: /root/ros2_frws/install/my_msg_interfaces/share/my_msg_interfaces/cmake/my_msg_interfaces__rosidl_typesupport_cppExport-noconfig.cmake
[1.708s] -- Up-to-date: /root/ros2_frws/install/my_msg_interfaces/share/my_msg_interfaces/cmake/export_my_msg_interfaces__rosidl_generator_pyExport.cmake
[1.708s] -- Up-to-date: /root/ros2_frws/install/my_msg_interfaces/share/my_msg_interfaces/cmake/export_my_msg_interfaces__rosidl_generator_pyExport-noconfig.cmake
[1.709s] -- Up-to-date: /root/ros2_frws/install/my_msg_interfaces/share/my_msg_interfaces/cmake/rosidl_cmake-extras.cmake
[1.709s] -- Up-to-date: /root/ros2_frws/install/my_msg_interfaces/share/my_msg_interfaces/cmake/ament_cmake_export_include_directories-extras.cmake
[1.709s] -- Up-to-date: /root/ros2_frws/install/my_msg_interfaces/share/my_msg_interfaces/cmake/ament_cmake_export_libraries-extras.cmake
[1.710s] -- Up-to-date: /root/ros2_frws/install/my_msg_interfaces/share/my_msg_interfaces/cmake/ament_cmake_export_targets-extras.cmake
[1.710s] -- Up-to-date: /root/ros2_frws/install/my_msg_interfaces/share/my_msg_interfaces/cmake/rosidl_cmake_export_typesupport_targets-extras.cmake
[1.710s] -- Up-to-date: /root/ros2_frws/install/my_msg_interfaces/share/my_msg_interfaces/cmake/ament_cmake_export_dependencies-extras.cmake
[1.710s] -- Up-to-date: /root/ros2_frws/install/my_msg_interfaces/share/my_msg_interfaces/cmake/rosidl_cmake_export_typesupport_libraries-extras.cmake
[1.710s] -- Up-to-date: /root/ros2_frws/install/my_msg_interfaces/share/my_msg_interfaces/cmake/my_msg_interfacesConfig.cmake
[1.710s] -- Up-to-date: /root/ros2_frws/install/my_msg_interfaces/share/my_msg_interfaces/cmake/my_msg_interfacesConfig-version.cmake
[1.711s] -- Installing: /root/ros2_frws/install/my_msg_interfaces/share/my_msg_interfaces/package.xml
[1.711s] Invoked command in '/root/ros2_frws/build/my_msg_interfaces' returned '0': CMAKE_PREFIX_PATH=${CMAKE_PREFIX_PATH}:/root/ros2_frws/install/moveit_configs_utils:/root/ros2_frws/install/course_works:/root/ros2_frws/install/challenge_2:/root/ros2_frws/install/basic_comms_params:/root/ros2_frws/install/basic_comms_param:/root/ros2_frws/install/basic_comms:/opt/ros/humble /usr/bin/cmake --install /root/ros2_frws/build/my_msg_interfaces
