[0.157s] Invoking command in '/root/ros2_frws/build/xarm_api': AMENT_PREFIX_PATH=/root/ros2_frws/install/xarm_sdk:/root/ros2_frws/install/xarm_msgs:/root/ros2_frws/install/xarm_description:${AMENT_PREFIX_PATH} CMAKE_PREFIX_PATH=/root/ros2_frws/install/xarm_sdk:/root/ros2_frws/install/xarm_msgs:/root/ros2_frws/install/xarm_description:/opt/ros/humble LD_LIBRARY_PATH=/root/ros2_frws/install/xarm_sdk/lib:/root/ros2_frws/install/xarm_msgs/lib:${LD_LIBRARY_PATH} PYTHONPATH=/root/ros2_frws/install/xarm_msgs/local/lib/python3.10/dist-packages:${PYTHONPATH} /usr/bin/cmake /root/ros2_frws/src/xarm_ros2/xarm_api -DCMAKE_BUILD_TYPE=Release -DCMAKE_INSTALL_PREFIX=/root/ros2_frws/install/xarm_api
[0.206s] -- Found ament_cmake: 1.3.8 (/opt/ros/humble/share/ament_cmake/cmake)
[0.942s] -- Found Python3: /usr/bin/python3 (found version "3.10.12") found components: Interpreter 
[1.160s] -- Found ament_lint_auto: 0.12.10 (/opt/ros/humble/share/ament_lint_auto/cmake)
[1.303s] -- Found rclcpp: 16.0.8 (/opt/ros/humble/share/rclcpp/cmake)
[1.446s] -- Found rosidl_generator_c: 3.1.5 (/opt/ros/humble/share/rosidl_generator_c/cmake)
[1.452s] -- Found rosidl_adapter: 3.1.5 (/opt/ros/humble/share/rosidl_adapter/cmake)
[1.468s] -- Found rosidl_generator_cpp: 3.1.5 (/opt/ros/humble/share/rosidl_generator_cpp/cmake)
[1.494s] -- Using all available rosidl_typesupport_c: rosidl_typesupport_fastrtps_c;rosidl_typesupport_introspection_c
[1.524s] -- Using all available rosidl_typesupport_cpp: rosidl_typesupport_fastrtps_cpp;rosidl_typesupport_introspection_cpp
[1.654s] -- Found rmw_implementation_cmake: 6.1.1 (/opt/ros/humble/share/rmw_implementation_cmake/cmake)
[1.687s] -- Found rmw_cyclonedds_cpp: 1.3.4 (/opt/ros/humble/share/rmw_cyclonedds_cpp/cmake)
[1.755s] -- Using RMW implementation 'rmw_cyclonedds_cpp' as default
[2.821s] -- Found rclcpp_action: 16.0.8 (/opt/ros/humble/share/rclcpp_action/cmake)
[3.556s] -- Found sensor_msgs: 4.2.3 (/opt/ros/humble/share/sensor_msgs/cmake)
[3.926s] -- Found control_msgs: 4.4.0 (/opt/ros/humble/share/control_msgs/cmake)
[4.609s] -- Found xarm_msgs: 0.0.0 (/root/ros2_frws/install/xarm_msgs/share/xarm_msgs/cmake)
[4.835s] -- Found xarm_sdk: 0.0.0 (/root/ros2_frws/install/xarm_sdk/share/xarm_sdk/cmake)
[4.945s] -- Added test 'copyright' to check source files copyright and LICENSE
[4.952s] -- Added test 'cppcheck' to perform static code analysis on C / C++ code
[4.954s] -- Configured cppcheck include dirs: /root/ros2_frws/src/xarm_ros2/xarm_api/include
[4.954s] -- Configured cppcheck exclude dirs and/or files: 
[4.964s] -- Added test 'cpplint' to check C / C++ code against the Google style
[4.965s] -- Configured cpplint exclude dirs and/or files: 
[4.968s] -- Added test 'flake8' to check Python code syntax and style conventions
[4.970s] -- Added test 'lint_cmake' to check CMake code style
[4.974s] -- Added test 'pep257' to check Python code against some of the docstring style conventions in PEP 257
[4.980s] -- Added test 'uncrustify' to check C / C++ code style
[4.983s] -- Configured uncrustify additional arguments: 
[4.986s] -- Added test 'xmllint' to check XML markup files
[5.000s] -- Configuring done
[5.293s] -- Generating done
[5.320s] -- Build files have been written to: /root/ros2_frws/build/xarm_api
[5.358s] Invoked command in '/root/ros2_frws/build/xarm_api' returned '0': AMENT_PREFIX_PATH=/root/ros2_frws/install/xarm_sdk:/root/ros2_frws/install/xarm_msgs:/root/ros2_frws/install/xarm_description:${AMENT_PREFIX_PATH} CMAKE_PREFIX_PATH=/root/ros2_frws/install/xarm_sdk:/root/ros2_frws/install/xarm_msgs:/root/ros2_frws/install/xarm_description:/opt/ros/humble LD_LIBRARY_PATH=/root/ros2_frws/install/xarm_sdk/lib:/root/ros2_frws/install/xarm_msgs/lib:${LD_LIBRARY_PATH} PYTHONPATH=/root/ros2_frws/install/xarm_msgs/local/lib/python3.10/dist-packages:${PYTHONPATH} /usr/bin/cmake /root/ros2_frws/src/xarm_ros2/xarm_api -DCMAKE_BUILD_TYPE=Release -DCMAKE_INSTALL_PREFIX=/root/ros2_frws/install/xarm_api
[5.359s] Invoking command in '/root/ros2_frws/build/xarm_api': AMENT_PREFIX_PATH=/root/ros2_frws/install/xarm_sdk:/root/ros2_frws/install/xarm_msgs:/root/ros2_frws/install/xarm_description:${AMENT_PREFIX_PATH} CMAKE_PREFIX_PATH=/root/ros2_frws/install/xarm_sdk:/root/ros2_frws/install/xarm_msgs:/root/ros2_frws/install/xarm_description:/opt/ros/humble LD_LIBRARY_PATH=/root/ros2_frws/install/xarm_sdk/lib:/root/ros2_frws/install/xarm_msgs/lib:${LD_LIBRARY_PATH} PYTHONPATH=/root/ros2_frws/install/xarm_msgs/local/lib/python3.10/dist-packages:${PYTHONPATH} /usr/bin/cmake --build /root/ros2_frws/build/xarm_api -- -j16 -l16
[5.462s] [35m[1mConsolidate compiler generated dependencies of target xarm_ros_driver[0m
[5.495s] [35m[1mConsolidate compiler generated dependencies of target xarm_ros_client[0m
[5.600s] [  7%] [32mBuilding CXX object CMakeFiles/xarm_ros_client.dir/src/xarm_ros_client.cpp.o[0m
[5.633s] [ 15%] [32mBuilding CXX object CMakeFiles/xarm_ros_driver.dir/src/xarm_driver_service.cpp.o[0m
[5.650s] [ 23%] [32mBuilding CXX object CMakeFiles/xarm_ros_driver.dir/src/xarm_driver.cpp.o[0m
[91.306s] gmake[2]: *** [CMakeFiles/xarm_ros_driver.dir/build.make:76: CMakeFiles/xarm_ros_driver.dir/src/xarm_driver.cpp.o] Interrupt
[91.337s] gmake[1]: *** [CMakeFiles/Makefile2:147: CMakeFiles/xarm_ros_driver.dir/all] Interrupt
[91.346s] gmake[2]: *** [CMakeFiles/xarm_ros_client.dir/build.make:76: CMakeFiles/xarm_ros_client.dir/src/xarm_ros_client.cpp.o] Interrupt
[91.347s] gmake: *** [Makefile:146: all] Interrupt
