[1.317s] DEBUG:colcon:Command line arguments: ['/usr/bin/colcon', 'build']
[1.317s] DEBUG:colcon:Parsed command line arguments: Namespace(log_base=None, log_level=None, verb_name='build', build_base='build', install_base='install', merge_install=False, symlink_install=False, test_result_base=None, continue_on_error=False, executor='parallel', parallel_workers=16, event_handlers=None, ignore_user_meta=False, metas=['./colcon.meta'], base_paths=['.'], packages_ignore=None, packages_ignore_regex=None, paths=None, packages_up_to=None, packages_up_to_regex=None, packages_above=None, packages_above_and_dependencies=None, packages_above_depth=None, packages_select_by_dep=None, packages_skip_by_dep=None, packages_skip_up_to=None, packages_select_build_failed=False, packages_skip_build_finished=False, packages_select_test_failures=False, packages_skip_test_passed=False, packages_select=None, packages_skip=None, packages_select_regex=None, packages_skip_regex=None, packages_start=None, packages_end=None, cmake_args=None, cmake_target=None, cmake_target_skip_unavailable=False, cmake_clean_cache=False, cmake_clean_first=False, cmake_force_configure=False, ament_cmake_args=None, catkin_cmake_args=None, catkin_skip_building_tests=False, mixin_files=None, mixin=None, verb_parser=<colcon_mixin.mixin.mixin_argument.MixinArgumentDecorator object at 0x7f0fdfcae3e0>, verb_extension=<colcon_core.verb.build.BuildVerb object at 0x7f0fe01bffa0>, main=<bound method BuildVerb.main of <colcon_core.verb.build.BuildVerb object at 0x7f0fe01bffa0>>, mixin_verb=('build',))
[1.367s] Level 1:colcon.colcon_core.package_discovery:discover_packages(colcon_meta) check parameters
[1.368s] INFO:colcon.colcon_metadata.package_discovery.colcon_meta:Using configuration from '/root/.colcon/metadata/default/Gazebo.meta'
[1.369s] INFO:colcon.colcon_metadata.package_discovery.colcon_meta:Using configuration from '/root/.colcon/metadata/default/fastrtps.meta'
[1.369s] Level 1:colcon.colcon_core.package_discovery:discover_packages(recursive) check parameters
[1.369s] Level 1:colcon.colcon_core.package_discovery:discover_packages(ignore) check parameters
[1.369s] Level 1:colcon.colcon_core.package_discovery:discover_packages(path) check parameters
[1.369s] Level 1:colcon.colcon_core.package_discovery:discover_packages(colcon_meta) discover
[1.369s] Level 1:colcon.colcon_core.package_discovery:discover_packages(recursive) discover
[1.369s] INFO:colcon.colcon_core.package_discovery:Crawling recursively for packages in '/root/ros2_frws'
[1.369s] Level 1:colcon.colcon_core.package_identification:_identify(.) by extensions ['ignore', 'ignore_ament_install']
[1.369s] Level 1:colcon.colcon_core.package_identification:_identify(.) by extension 'ignore'
[1.369s] Level 1:colcon.colcon_core.package_identification:_identify(.) by extension 'ignore_ament_install'
[1.369s] Level 1:colcon.colcon_core.package_identification:_identify(.) by extensions ['colcon_pkg']
[1.369s] Level 1:colcon.colcon_core.package_identification:_identify(.) by extension 'colcon_pkg'
[1.369s] Level 1:colcon.colcon_core.package_identification:_identify(.) by extensions ['colcon_meta']
[1.369s] Level 1:colcon.colcon_core.package_identification:_identify(.) by extension 'colcon_meta'
[1.369s] Level 1:colcon.colcon_core.package_identification:_identify(.) by extensions ['ros']
[1.369s] Level 1:colcon.colcon_core.package_identification:_identify(.) by extension 'ros'
[1.382s] Level 1:colcon.colcon_core.package_identification:_identify(.) by extensions ['cmake', 'python']
[1.382s] Level 1:colcon.colcon_core.package_identification:_identify(.) by extension 'cmake'
[1.382s] Level 1:colcon.colcon_core.package_identification:_identify(.) by extension 'python'
[1.382s] Level 1:colcon.colcon_core.package_identification:_identify(.) by extensions ['python_setup_py']
[1.382s] Level 1:colcon.colcon_core.package_identification:_identify(.) by extension 'python_setup_py'
[1.383s] Level 1:colcon.colcon_core.package_identification:_identify(build) by extensions ['ignore', 'ignore_ament_install']
[1.383s] Level 1:colcon.colcon_core.package_identification:_identify(build) by extension 'ignore'
[1.383s] Level 1:colcon.colcon_core.package_identification:_identify(build) ignored
[1.383s] Level 1:colcon.colcon_core.package_identification:_identify(install) by extensions ['ignore', 'ignore_ament_install']
[1.383s] Level 1:colcon.colcon_core.package_identification:_identify(install) by extension 'ignore'
[1.383s] Level 1:colcon.colcon_core.package_identification:_identify(install) ignored
[1.383s] Level 1:colcon.colcon_core.package_identification:_identify(log) by extensions ['ignore', 'ignore_ament_install']
[1.383s] Level 1:colcon.colcon_core.package_identification:_identify(log) by extension 'ignore'
[1.383s] Level 1:colcon.colcon_core.package_identification:_identify(log) ignored
[1.383s] Level 1:colcon.colcon_core.package_identification:_identify(src) by extensions ['ignore', 'ignore_ament_install']
[1.383s] Level 1:colcon.colcon_core.package_identification:_identify(src) by extension 'ignore'
[1.383s] Level 1:colcon.colcon_core.package_identification:_identify(src) by extension 'ignore_ament_install'
[1.383s] Level 1:colcon.colcon_core.package_identification:_identify(src) by extensions ['colcon_pkg']
[1.383s] Level 1:colcon.colcon_core.package_identification:_identify(src) by extension 'colcon_pkg'
[1.383s] Level 1:colcon.colcon_core.package_identification:_identify(src) by extensions ['colcon_meta']
[1.383s] Level 1:colcon.colcon_core.package_identification:_identify(src) by extension 'colcon_meta'
[1.383s] Level 1:colcon.colcon_core.package_identification:_identify(src) by extensions ['ros']
[1.383s] Level 1:colcon.colcon_core.package_identification:_identify(src) by extension 'ros'
[1.383s] Level 1:colcon.colcon_core.package_identification:_identify(src) by extensions ['cmake', 'python']
[1.383s] Level 1:colcon.colcon_core.package_identification:_identify(src) by extension 'cmake'
[1.383s] Level 1:colcon.colcon_core.package_identification:_identify(src) by extension 'python'
[1.383s] Level 1:colcon.colcon_core.package_identification:_identify(src) by extensions ['python_setup_py']
[1.383s] Level 1:colcon.colcon_core.package_identification:_identify(src) by extension 'python_setup_py'
[1.384s] Level 1:colcon.colcon_core.package_identification:_identify(src/basic_comms) by extensions ['ignore', 'ignore_ament_install']
[1.384s] Level 1:colcon.colcon_core.package_identification:_identify(src/basic_comms) by extension 'ignore'
[1.384s] Level 1:colcon.colcon_core.package_identification:_identify(src/basic_comms) by extension 'ignore_ament_install'
[1.384s] Level 1:colcon.colcon_core.package_identification:_identify(src/basic_comms) by extensions ['colcon_pkg']
[1.384s] Level 1:colcon.colcon_core.package_identification:_identify(src/basic_comms) by extension 'colcon_pkg'
[1.384s] Level 1:colcon.colcon_core.package_identification:_identify(src/basic_comms) by extensions ['colcon_meta']
[1.384s] Level 1:colcon.colcon_core.package_identification:_identify(src/basic_comms) by extension 'colcon_meta'
[1.384s] Level 1:colcon.colcon_core.package_identification:_identify(src/basic_comms) by extensions ['ros']
[1.384s] Level 1:colcon.colcon_core.package_identification:_identify(src/basic_comms) by extension 'ros'
[1.386s] DEBUG:colcon.colcon_core.package_identification:Package 'src/basic_comms' with type 'ros.ament_python' and name 'basic_comms'
[1.386s] Level 1:colcon.colcon_core.package_identification:_identify(src/basic_comms_param) by extensions ['ignore', 'ignore_ament_install']
[1.386s] Level 1:colcon.colcon_core.package_identification:_identify(src/basic_comms_param) by extension 'ignore'
[1.386s] Level 1:colcon.colcon_core.package_identification:_identify(src/basic_comms_param) by extension 'ignore_ament_install'
[1.386s] Level 1:colcon.colcon_core.package_identification:_identify(src/basic_comms_param) by extensions ['colcon_pkg']
[1.386s] Level 1:colcon.colcon_core.package_identification:_identify(src/basic_comms_param) by extension 'colcon_pkg'
[1.386s] Level 1:colcon.colcon_core.package_identification:_identify(src/basic_comms_param) by extensions ['colcon_meta']
[1.386s] Level 1:colcon.colcon_core.package_identification:_identify(src/basic_comms_param) by extension 'colcon_meta'
[1.386s] Level 1:colcon.colcon_core.package_identification:_identify(src/basic_comms_param) by extensions ['ros']
[1.386s] Level 1:colcon.colcon_core.package_identification:_identify(src/basic_comms_param) by extension 'ros'
[1.387s] DEBUG:colcon.colcon_core.package_identification:Package 'src/basic_comms_param' with type 'ros.ament_python' and name 'basic_comms_param'
[1.387s] Level 1:colcon.colcon_core.package_identification:_identify(src/build) by extensions ['ignore', 'ignore_ament_install']
[1.387s] Level 1:colcon.colcon_core.package_identification:_identify(src/build) by extension 'ignore'
[1.387s] Level 1:colcon.colcon_core.package_identification:_identify(src/build) ignored
[1.387s] Level 1:colcon.colcon_core.package_identification:_identify(src/challenge_2) by extensions ['ignore', 'ignore_ament_install']
[1.388s] Level 1:colcon.colcon_core.package_identification:_identify(src/challenge_2) by extension 'ignore'
[1.388s] Level 1:colcon.colcon_core.package_identification:_identify(src/challenge_2) by extension 'ignore_ament_install'
[1.388s] Level 1:colcon.colcon_core.package_identification:_identify(src/challenge_2) by extensions ['colcon_pkg']
[1.388s] Level 1:colcon.colcon_core.package_identification:_identify(src/challenge_2) by extension 'colcon_pkg'
[1.388s] Level 1:colcon.colcon_core.package_identification:_identify(src/challenge_2) by extensions ['colcon_meta']
[1.388s] Level 1:colcon.colcon_core.package_identification:_identify(src/challenge_2) by extension 'colcon_meta'
[1.388s] Level 1:colcon.colcon_core.package_identification:_identify(src/challenge_2) by extensions ['ros']
[1.388s] Level 1:colcon.colcon_core.package_identification:_identify(src/challenge_2) by extension 'ros'
[1.388s] DEBUG:colcon.colcon_core.package_identification:Package 'src/challenge_2' with type 'ros.ament_python' and name 'challenge_2'
[1.388s] Level 1:colcon.colcon_core.package_identification:_identify(src/course_works) by extensions ['ignore', 'ignore_ament_install']
[1.389s] Level 1:colcon.colcon_core.package_identification:_identify(src/course_works) by extension 'ignore'
[1.389s] Level 1:colcon.colcon_core.package_identification:_identify(src/course_works) by extension 'ignore_ament_install'
[1.389s] Level 1:colcon.colcon_core.package_identification:_identify(src/course_works) by extensions ['colcon_pkg']
[1.389s] Level 1:colcon.colcon_core.package_identification:_identify(src/course_works) by extension 'colcon_pkg'
[1.389s] Level 1:colcon.colcon_core.package_identification:_identify(src/course_works) by extensions ['colcon_meta']
[1.389s] Level 1:colcon.colcon_core.package_identification:_identify(src/course_works) by extension 'colcon_meta'
[1.389s] Level 1:colcon.colcon_core.package_identification:_identify(src/course_works) by extensions ['ros']
[1.389s] Level 1:colcon.colcon_core.package_identification:_identify(src/course_works) by extension 'ros'
[1.389s] DEBUG:colcon.colcon_core.package_identification:Package 'src/course_works' with type 'ros.ament_python' and name 'course_works'
[1.389s] Level 1:colcon.colcon_core.package_identification:_identify(src/install) by extensions ['ignore', 'ignore_ament_install']
[1.389s] Level 1:colcon.colcon_core.package_identification:_identify(src/install) by extension 'ignore'
[1.389s] Level 1:colcon.colcon_core.package_identification:_identify(src/install) ignored
[1.390s] Level 1:colcon.colcon_core.package_identification:_identify(src/log) by extensions ['ignore', 'ignore_ament_install']
[1.390s] Level 1:colcon.colcon_core.package_identification:_identify(src/log) by extension 'ignore'
[1.390s] Level 1:colcon.colcon_core.package_identification:_identify(src/log) ignored
[1.390s] Level 1:colcon.colcon_core.package_identification:_identify(src/xarm_ros2) by extensions ['ignore', 'ignore_ament_install']
[1.390s] Level 1:colcon.colcon_core.package_identification:_identify(src/xarm_ros2) by extension 'ignore'
[1.390s] Level 1:colcon.colcon_core.package_identification:_identify(src/xarm_ros2) by extension 'ignore_ament_install'
[1.390s] Level 1:colcon.colcon_core.package_identification:_identify(src/xarm_ros2) by extensions ['colcon_pkg']
[1.390s] Level 1:colcon.colcon_core.package_identification:_identify(src/xarm_ros2) by extension 'colcon_pkg'
[1.390s] Level 1:colcon.colcon_core.package_identification:_identify(src/xarm_ros2) by extensions ['colcon_meta']
[1.390s] Level 1:colcon.colcon_core.package_identification:_identify(src/xarm_ros2) by extension 'colcon_meta'
[1.390s] Level 1:colcon.colcon_core.package_identification:_identify(src/xarm_ros2) by extensions ['ros']
[1.390s] Level 1:colcon.colcon_core.package_identification:_identify(src/xarm_ros2) by extension 'ros'
[1.390s] Level 1:colcon.colcon_core.package_identification:_identify(src/xarm_ros2) by extensions ['cmake', 'python']
[1.390s] Level 1:colcon.colcon_core.package_identification:_identify(src/xarm_ros2) by extension 'cmake'
[1.390s] Level 1:colcon.colcon_core.package_identification:_identify(src/xarm_ros2) by extension 'python'
[1.390s] Level 1:colcon.colcon_core.package_identification:_identify(src/xarm_ros2) by extensions ['python_setup_py']
[1.390s] Level 1:colcon.colcon_core.package_identification:_identify(src/xarm_ros2) by extension 'python_setup_py'
[1.390s] Level 1:colcon.colcon_core.package_identification:_identify(src/xarm_ros2/build) by extensions ['ignore', 'ignore_ament_install']
[1.390s] Level 1:colcon.colcon_core.package_identification:_identify(src/xarm_ros2/build) by extension 'ignore'
[1.390s] Level 1:colcon.colcon_core.package_identification:_identify(src/xarm_ros2/build) ignored
[1.390s] Level 1:colcon.colcon_core.package_identification:_identify(src/xarm_ros2/install) by extensions ['ignore', 'ignore_ament_install']
[1.390s] Level 1:colcon.colcon_core.package_identification:_identify(src/xarm_ros2/install) by extension 'ignore'
[1.390s] Level 1:colcon.colcon_core.package_identification:_identify(src/xarm_ros2/install) ignored
[1.391s] Level 1:colcon.colcon_core.package_identification:_identify(src/xarm_ros2/log) by extensions ['ignore', 'ignore_ament_install']
[1.391s] Level 1:colcon.colcon_core.package_identification:_identify(src/xarm_ros2/log) by extension 'ignore'
[1.391s] Level 1:colcon.colcon_core.package_identification:_identify(src/xarm_ros2/log) ignored
[1.391s] Level 1:colcon.colcon_core.package_identification:_identify(src/xarm_ros2/thirdparty) by extensions ['ignore', 'ignore_ament_install']
[1.391s] Level 1:colcon.colcon_core.package_identification:_identify(src/xarm_ros2/thirdparty) by extension 'ignore'
[1.391s] Level 1:colcon.colcon_core.package_identification:_identify(src/xarm_ros2/thirdparty) by extension 'ignore_ament_install'
[1.391s] Level 1:colcon.colcon_core.package_identification:_identify(src/xarm_ros2/thirdparty) by extensions ['colcon_pkg']
[1.391s] Level 1:colcon.colcon_core.package_identification:_identify(src/xarm_ros2/thirdparty) by extension 'colcon_pkg'
[1.391s] Level 1:colcon.colcon_core.package_identification:_identify(src/xarm_ros2/thirdparty) by extensions ['colcon_meta']
[1.391s] Level 1:colcon.colcon_core.package_identification:_identify(src/xarm_ros2/thirdparty) by extension 'colcon_meta'
[1.391s] Level 1:colcon.colcon_core.package_identification:_identify(src/xarm_ros2/thirdparty) by extensions ['ros']
[1.391s] Level 1:colcon.colcon_core.package_identification:_identify(src/xarm_ros2/thirdparty) by extension 'ros'
[1.391s] Level 1:colcon.colcon_core.package_identification:_identify(src/xarm_ros2/thirdparty) by extensions ['cmake', 'python']
[1.391s] Level 1:colcon.colcon_core.package_identification:_identify(src/xarm_ros2/thirdparty) by extension 'cmake'
[1.391s] Level 1:colcon.colcon_core.package_identification:_identify(src/xarm_ros2/thirdparty) by extension 'python'
[1.391s] Level 1:colcon.colcon_core.package_identification:_identify(src/xarm_ros2/thirdparty) by extensions ['python_setup_py']
[1.391s] Level 1:colcon.colcon_core.package_identification:_identify(src/xarm_ros2/thirdparty) by extension 'python_setup_py'
[1.391s] Level 1:colcon.colcon_core.package_identification:_identify(src/xarm_ros2/thirdparty/realsense_gazebo_plugin) by extensions ['ignore', 'ignore_ament_install']
[1.391s] Level 1:colcon.colcon_core.package_identification:_identify(src/xarm_ros2/thirdparty/realsense_gazebo_plugin) by extension 'ignore'
[1.391s] Level 1:colcon.colcon_core.package_identification:_identify(src/xarm_ros2/thirdparty/realsense_gazebo_plugin) by extension 'ignore_ament_install'
[1.392s] Level 1:colcon.colcon_core.package_identification:_identify(src/xarm_ros2/thirdparty/realsense_gazebo_plugin) by extensions ['colcon_pkg']
[1.392s] Level 1:colcon.colcon_core.package_identification:_identify(src/xarm_ros2/thirdparty/realsense_gazebo_plugin) by extension 'colcon_pkg'
[1.392s] Level 1:colcon.colcon_core.package_identification:_identify(src/xarm_ros2/thirdparty/realsense_gazebo_plugin) by extensions ['colcon_meta']
[1.392s] Level 1:colcon.colcon_core.package_identification:_identify(src/xarm_ros2/thirdparty/realsense_gazebo_plugin) by extension 'colcon_meta'
[1.392s] Level 1:colcon.colcon_core.package_identification:_identify(src/xarm_ros2/thirdparty/realsense_gazebo_plugin) by extensions ['ros']
[1.392s] Level 1:colcon.colcon_core.package_identification:_identify(src/xarm_ros2/thirdparty/realsense_gazebo_plugin) by extension 'ros'
[1.393s] DEBUG:colcon.colcon_core.package_identification:Package 'src/xarm_ros2/thirdparty/realsense_gazebo_plugin' with type 'ros.ament_cmake' and name 'realsense_gazebo_plugin'
[1.393s] Level 1:colcon.colcon_core.package_identification:_identify(src/xarm_ros2/xarm_api) by extensions ['ignore', 'ignore_ament_install']
[1.393s] Level 1:colcon.colcon_core.package_identification:_identify(src/xarm_ros2/xarm_api) by extension 'ignore'
[1.393s] Level 1:colcon.colcon_core.package_identification:_identify(src/xarm_ros2/xarm_api) by extension 'ignore_ament_install'
[1.393s] Level 1:colcon.colcon_core.package_identification:_identify(src/xarm_ros2/xarm_api) by extensions ['colcon_pkg']
[1.393s] Level 1:colcon.colcon_core.package_identification:_identify(src/xarm_ros2/xarm_api) by extension 'colcon_pkg'
[1.393s] Level 1:colcon.colcon_core.package_identification:_identify(src/xarm_ros2/xarm_api) by extensions ['colcon_meta']
[1.393s] Level 1:colcon.colcon_core.package_identification:_identify(src/xarm_ros2/xarm_api) by extension 'colcon_meta'
[1.393s] Level 1:colcon.colcon_core.package_identification:_identify(src/xarm_ros2/xarm_api) by extensions ['ros']
[1.393s] Level 1:colcon.colcon_core.package_identification:_identify(src/xarm_ros2/xarm_api) by extension 'ros'
[1.394s] DEBUG:colcon.colcon_core.package_identification:Package 'src/xarm_ros2/xarm_api' with type 'ros.ament_cmake' and name 'xarm_api'
[1.394s] Level 1:colcon.colcon_core.package_identification:_identify(src/xarm_ros2/xarm_controller) by extensions ['ignore', 'ignore_ament_install']
[1.394s] Level 1:colcon.colcon_core.package_identification:_identify(src/xarm_ros2/xarm_controller) by extension 'ignore'
[1.394s] Level 1:colcon.colcon_core.package_identification:_identify(src/xarm_ros2/xarm_controller) by extension 'ignore_ament_install'
[1.394s] Level 1:colcon.colcon_core.package_identification:_identify(src/xarm_ros2/xarm_controller) by extensions ['colcon_pkg']
[1.394s] Level 1:colcon.colcon_core.package_identification:_identify(src/xarm_ros2/xarm_controller) by extension 'colcon_pkg'
[1.394s] Level 1:colcon.colcon_core.package_identification:_identify(src/xarm_ros2/xarm_controller) by extensions ['colcon_meta']
[1.395s] Level 1:colcon.colcon_core.package_identification:_identify(src/xarm_ros2/xarm_controller) by extension 'colcon_meta'
[1.395s] Level 1:colcon.colcon_core.package_identification:_identify(src/xarm_ros2/xarm_controller) by extensions ['ros']
[1.395s] Level 1:colcon.colcon_core.package_identification:_identify(src/xarm_ros2/xarm_controller) by extension 'ros'
[1.396s] DEBUG:colcon.colcon_core.package_identification:Package 'src/xarm_ros2/xarm_controller' with type 'ros.ament_cmake' and name 'xarm_controller'
[1.396s] Level 1:colcon.colcon_core.package_identification:_identify(src/xarm_ros2/xarm_description) by extensions ['ignore', 'ignore_ament_install']
[1.396s] Level 1:colcon.colcon_core.package_identification:_identify(src/xarm_ros2/xarm_description) by extension 'ignore'
[1.397s] Level 1:colcon.colcon_core.package_identification:_identify(src/xarm_ros2/xarm_description) by extension 'ignore_ament_install'
[1.397s] Level 1:colcon.colcon_core.package_identification:_identify(src/xarm_ros2/xarm_description) by extensions ['colcon_pkg']
[1.397s] Level 1:colcon.colcon_core.package_identification:_identify(src/xarm_ros2/xarm_description) by extension 'colcon_pkg'
[1.397s] Level 1:colcon.colcon_core.package_identification:_identify(src/xarm_ros2/xarm_description) by extensions ['colcon_meta']
[1.397s] Level 1:colcon.colcon_core.package_identification:_identify(src/xarm_ros2/xarm_description) by extension 'colcon_meta'
[1.397s] Level 1:colcon.colcon_core.package_identification:_identify(src/xarm_ros2/xarm_description) by extensions ['ros']
[1.397s] Level 1:colcon.colcon_core.package_identification:_identify(src/xarm_ros2/xarm_description) by extension 'ros'
[1.397s] DEBUG:colcon.colcon_core.package_identification:Package 'src/xarm_ros2/xarm_description' with type 'ros.ament_cmake' and name 'xarm_description'
[1.398s] Level 1:colcon.colcon_core.package_identification:_identify(src/xarm_ros2/xarm_gazebo) by extensions ['ignore', 'ignore_ament_install']
[1.398s] Level 1:colcon.colcon_core.package_identification:_identify(src/xarm_ros2/xarm_gazebo) by extension 'ignore'
[1.398s] Level 1:colcon.colcon_core.package_identification:_identify(src/xarm_ros2/xarm_gazebo) by extension 'ignore_ament_install'
[1.398s] Level 1:colcon.colcon_core.package_identification:_identify(src/xarm_ros2/xarm_gazebo) by extensions ['colcon_pkg']
[1.398s] Level 1:colcon.colcon_core.package_identification:_identify(src/xarm_ros2/xarm_gazebo) by extension 'colcon_pkg'
[1.398s] Level 1:colcon.colcon_core.package_identification:_identify(src/xarm_ros2/xarm_gazebo) by extensions ['colcon_meta']
[1.398s] Level 1:colcon.colcon_core.package_identification:_identify(src/xarm_ros2/xarm_gazebo) by extension 'colcon_meta'
[1.398s] Level 1:colcon.colcon_core.package_identification:_identify(src/xarm_ros2/xarm_gazebo) by extensions ['ros']
[1.398s] Level 1:colcon.colcon_core.package_identification:_identify(src/xarm_ros2/xarm_gazebo) by extension 'ros'
[1.399s] DEBUG:colcon.colcon_core.package_identification:Package 'src/xarm_ros2/xarm_gazebo' with type 'ros.ament_cmake' and name 'xarm_gazebo'
[1.399s] Level 1:colcon.colcon_core.package_identification:_identify(src/xarm_ros2/xarm_moveit_config) by extensions ['ignore', 'ignore_ament_install']
[1.399s] Level 1:colcon.colcon_core.package_identification:_identify(src/xarm_ros2/xarm_moveit_config) by extension 'ignore'
[1.399s] Level 1:colcon.colcon_core.package_identification:_identify(src/xarm_ros2/xarm_moveit_config) by extension 'ignore_ament_install'
[1.399s] Level 1:colcon.colcon_core.package_identification:_identify(src/xarm_ros2/xarm_moveit_config) by extensions ['colcon_pkg']
[1.399s] Level 1:colcon.colcon_core.package_identification:_identify(src/xarm_ros2/xarm_moveit_config) by extension 'colcon_pkg'
[1.399s] Level 1:colcon.colcon_core.package_identification:_identify(src/xarm_ros2/xarm_moveit_config) by extensions ['colcon_meta']
[1.399s] Level 1:colcon.colcon_core.package_identification:_identify(src/xarm_ros2/xarm_moveit_config) by extension 'colcon_meta'
[1.399s] Level 1:colcon.colcon_core.package_identification:_identify(src/xarm_ros2/xarm_moveit_config) by extensions ['ros']
[1.399s] Level 1:colcon.colcon_core.package_identification:_identify(src/xarm_ros2/xarm_moveit_config) by extension 'ros'
[1.400s] DEBUG:colcon.colcon_core.package_identification:Package 'src/xarm_ros2/xarm_moveit_config' with type 'ros.ament_cmake' and name 'xarm_moveit_config'
[1.400s] Level 1:colcon.colcon_core.package_identification:_identify(src/xarm_ros2/xarm_moveit_servo) by extensions ['ignore', 'ignore_ament_install']
[1.401s] Level 1:colcon.colcon_core.package_identification:_identify(src/xarm_ros2/xarm_moveit_servo) by extension 'ignore'
[1.401s] Level 1:colcon.colcon_core.package_identification:_identify(src/xarm_ros2/xarm_moveit_servo) by extension 'ignore_ament_install'
[1.401s] Level 1:colcon.colcon_core.package_identification:_identify(src/xarm_ros2/xarm_moveit_servo) by extensions ['colcon_pkg']
[1.401s] Level 1:colcon.colcon_core.package_identification:_identify(src/xarm_ros2/xarm_moveit_servo) by extension 'colcon_pkg'
[1.401s] Level 1:colcon.colcon_core.package_identification:_identify(src/xarm_ros2/xarm_moveit_servo) by extensions ['colcon_meta']
[1.401s] Level 1:colcon.colcon_core.package_identification:_identify(src/xarm_ros2/xarm_moveit_servo) by extension 'colcon_meta'
[1.401s] Level 1:colcon.colcon_core.package_identification:_identify(src/xarm_ros2/xarm_moveit_servo) by extensions ['ros']
[1.401s] Level 1:colcon.colcon_core.package_identification:_identify(src/xarm_ros2/xarm_moveit_servo) by extension 'ros'
[1.403s] DEBUG:colcon.colcon_core.package_identification:Package 'src/xarm_ros2/xarm_moveit_servo' with type 'ros.ament_cmake' and name 'xarm_moveit_servo'
[1.403s] Level 1:colcon.colcon_core.package_identification:_identify(src/xarm_ros2/xarm_msgs) by extensions ['ignore', 'ignore_ament_install']
[1.403s] Level 1:colcon.colcon_core.package_identification:_identify(src/xarm_ros2/xarm_msgs) by extension 'ignore'
[1.403s] Level 1:colcon.colcon_core.package_identification:_identify(src/xarm_ros2/xarm_msgs) by extension 'ignore_ament_install'
[1.403s] Level 1:colcon.colcon_core.package_identification:_identify(src/xarm_ros2/xarm_msgs) by extensions ['colcon_pkg']
[1.403s] Level 1:colcon.colcon_core.package_identification:_identify(src/xarm_ros2/xarm_msgs) by extension 'colcon_pkg'
[1.403s] Level 1:colcon.colcon_core.package_identification:_identify(src/xarm_ros2/xarm_msgs) by extensions ['colcon_meta']
[1.403s] Level 1:colcon.colcon_core.package_identification:_identify(src/xarm_ros2/xarm_msgs) by extension 'colcon_meta'
[1.403s] Level 1:colcon.colcon_core.package_identification:_identify(src/xarm_ros2/xarm_msgs) by extensions ['ros']
[1.403s] Level 1:colcon.colcon_core.package_identification:_identify(src/xarm_ros2/xarm_msgs) by extension 'ros'
[1.404s] DEBUG:colcon.colcon_core.package_identification:Package 'src/xarm_ros2/xarm_msgs' with type 'ros.ament_cmake' and name 'xarm_msgs'
[1.404s] Level 1:colcon.colcon_core.package_identification:_identify(src/xarm_ros2/xarm_planner) by extensions ['ignore', 'ignore_ament_install']
[1.404s] Level 1:colcon.colcon_core.package_identification:_identify(src/xarm_ros2/xarm_planner) by extension 'ignore'
[1.404s] Level 1:colcon.colcon_core.package_identification:_identify(src/xarm_ros2/xarm_planner) by extension 'ignore_ament_install'
[1.404s] Level 1:colcon.colcon_core.package_identification:_identify(src/xarm_ros2/xarm_planner) by extensions ['colcon_pkg']
[1.404s] Level 1:colcon.colcon_core.package_identification:_identify(src/xarm_ros2/xarm_planner) by extension 'colcon_pkg'
[1.404s] Level 1:colcon.colcon_core.package_identification:_identify(src/xarm_ros2/xarm_planner) by extensions ['colcon_meta']
[1.404s] Level 1:colcon.colcon_core.package_identification:_identify(src/xarm_ros2/xarm_planner) by extension 'colcon_meta'
[1.404s] Level 1:colcon.colcon_core.package_identification:_identify(src/xarm_ros2/xarm_planner) by extensions ['ros']
[1.404s] Level 1:colcon.colcon_core.package_identification:_identify(src/xarm_ros2/xarm_planner) by extension 'ros'
[1.406s] DEBUG:colcon.colcon_core.package_identification:Package 'src/xarm_ros2/xarm_planner' with type 'ros.ament_cmake' and name 'xarm_planner'
[1.406s] Level 1:colcon.colcon_core.package_identification:_identify(src/xarm_ros2/xarm_sdk) by extensions ['ignore', 'ignore_ament_install']
[1.406s] Level 1:colcon.colcon_core.package_identification:_identify(src/xarm_ros2/xarm_sdk) by extension 'ignore'
[1.406s] Level 1:colcon.colcon_core.package_identification:_identify(src/xarm_ros2/xarm_sdk) by extension 'ignore_ament_install'
[1.406s] Level 1:colcon.colcon_core.package_identification:_identify(src/xarm_ros2/xarm_sdk) by extensions ['colcon_pkg']
[1.406s] Level 1:colcon.colcon_core.package_identification:_identify(src/xarm_ros2/xarm_sdk) by extension 'colcon_pkg'
[1.406s] Level 1:colcon.colcon_core.package_identification:_identify(src/xarm_ros2/xarm_sdk) by extensions ['colcon_meta']
[1.406s] Level 1:colcon.colcon_core.package_identification:_identify(src/xarm_ros2/xarm_sdk) by extension 'colcon_meta'
[1.406s] Level 1:colcon.colcon_core.package_identification:_identify(src/xarm_ros2/xarm_sdk) by extensions ['ros']
[1.406s] Level 1:colcon.colcon_core.package_identification:_identify(src/xarm_ros2/xarm_sdk) by extension 'ros'
[1.407s] DEBUG:colcon.colcon_core.package_identification:Package 'src/xarm_ros2/xarm_sdk' with type 'ros.ament_cmake' and name 'xarm_sdk'
[1.407s] Level 1:colcon.colcon_core.package_discovery:discover_packages(recursive) using defaults
[1.407s] Level 1:colcon.colcon_core.package_discovery:discover_packages(ignore) discover
[1.407s] Level 1:colcon.colcon_core.package_discovery:discover_packages(ignore) using defaults
[1.407s] Level 1:colcon.colcon_core.package_discovery:discover_packages(path) discover
[1.407s] Level 1:colcon.colcon_core.package_discovery:discover_packages(path) using defaults
[1.489s] Level 5:colcon.colcon_core.verb:set package 'basic_comms' build argument 'cmake_args' from command line to 'None'
[1.490s] Level 5:colcon.colcon_core.verb:set package 'basic_comms' build argument 'cmake_target' from command line to 'None'
[1.490s] Level 5:colcon.colcon_core.verb:set package 'basic_comms' build argument 'cmake_target_skip_unavailable' from command line to 'False'
[1.490s] Level 5:colcon.colcon_core.verb:set package 'basic_comms' build argument 'cmake_clean_cache' from command line to 'False'
[1.490s] Level 5:colcon.colcon_core.verb:set package 'basic_comms' build argument 'cmake_clean_first' from command line to 'False'
[1.490s] Level 5:colcon.colcon_core.verb:set package 'basic_comms' build argument 'cmake_force_configure' from command line to 'False'
[1.490s] Level 5:colcon.colcon_core.verb:set package 'basic_comms' build argument 'ament_cmake_args' from command line to 'None'
[1.490s] Level 5:colcon.colcon_core.verb:set package 'basic_comms' build argument 'catkin_cmake_args' from command line to 'None'
[1.490s] Level 5:colcon.colcon_core.verb:set package 'basic_comms' build argument 'catkin_skip_building_tests' from command line to 'False'
[1.490s] DEBUG:colcon.colcon_core.verb:Building package 'basic_comms' with the following arguments: {'ament_cmake_args': None, 'build_base': '/root/ros2_frws/build/basic_comms', 'catkin_cmake_args': None, 'catkin_skip_building_tests': False, 'cmake_args': None, 'cmake_clean_cache': False, 'cmake_clean_first': False, 'cmake_force_configure': False, 'cmake_target': None, 'cmake_target_skip_unavailable': False, 'install_base': '/root/ros2_frws/install/basic_comms', 'merge_install': False, 'path': '/root/ros2_frws/src/basic_comms', 'symlink_install': False, 'test_result_base': None}
[1.502s] Level 5:colcon.colcon_core.verb:set package 'basic_comms_param' build argument 'cmake_args' from command line to 'None'
[1.502s] Level 5:colcon.colcon_core.verb:set package 'basic_comms_param' build argument 'cmake_target' from command line to 'None'
[1.502s] Level 5:colcon.colcon_core.verb:set package 'basic_comms_param' build argument 'cmake_target_skip_unavailable' from command line to 'False'
[1.502s] Level 5:colcon.colcon_core.verb:set package 'basic_comms_param' build argument 'cmake_clean_cache' from command line to 'False'
[1.502s] Level 5:colcon.colcon_core.verb:set package 'basic_comms_param' build argument 'cmake_clean_first' from command line to 'False'
[1.502s] Level 5:colcon.colcon_core.verb:set package 'basic_comms_param' build argument 'cmake_force_configure' from command line to 'False'
[1.502s] Level 5:colcon.colcon_core.verb:set package 'basic_comms_param' build argument 'ament_cmake_args' from command line to 'None'
[1.502s] Level 5:colcon.colcon_core.verb:set package 'basic_comms_param' build argument 'catkin_cmake_args' from command line to 'None'
[1.502s] Level 5:colcon.colcon_core.verb:set package 'basic_comms_param' build argument 'catkin_skip_building_tests' from command line to 'False'
[1.502s] DEBUG:colcon.colcon_core.verb:Building package 'basic_comms_param' with the following arguments: {'ament_cmake_args': None, 'build_base': '/root/ros2_frws/build/basic_comms_param', 'catkin_cmake_args': None, 'catkin_skip_building_tests': False, 'cmake_args': None, 'cmake_clean_cache': False, 'cmake_clean_first': False, 'cmake_force_configure': False, 'cmake_target': None, 'cmake_target_skip_unavailable': False, 'install_base': '/root/ros2_frws/install/basic_comms_param', 'merge_install': False, 'path': '/root/ros2_frws/src/basic_comms_param', 'symlink_install': False, 'test_result_base': None}
[1.514s] Level 5:colcon.colcon_core.verb:set package 'challenge_2' build argument 'cmake_args' from command line to 'None'
[1.515s] Level 5:colcon.colcon_core.verb:set package 'challenge_2' build argument 'cmake_target' from command line to 'None'
[1.515s] Level 5:colcon.colcon_core.verb:set package 'challenge_2' build argument 'cmake_target_skip_unavailable' from command line to 'False'
[1.515s] Level 5:colcon.colcon_core.verb:set package 'challenge_2' build argument 'cmake_clean_cache' from command line to 'False'
[1.515s] Level 5:colcon.colcon_core.verb:set package 'challenge_2' build argument 'cmake_clean_first' from command line to 'False'
[1.515s] Level 5:colcon.colcon_core.verb:set package 'challenge_2' build argument 'cmake_force_configure' from command line to 'False'
[1.515s] Level 5:colcon.colcon_core.verb:set package 'challenge_2' build argument 'ament_cmake_args' from command line to 'None'
[1.515s] Level 5:colcon.colcon_core.verb:set package 'challenge_2' build argument 'catkin_cmake_args' from command line to 'None'
[1.515s] Level 5:colcon.colcon_core.verb:set package 'challenge_2' build argument 'catkin_skip_building_tests' from command line to 'False'
[1.515s] DEBUG:colcon.colcon_core.verb:Building package 'challenge_2' with the following arguments: {'ament_cmake_args': None, 'build_base': '/root/ros2_frws/build/challenge_2', 'catkin_cmake_args': None, 'catkin_skip_building_tests': False, 'cmake_args': None, 'cmake_clean_cache': False, 'cmake_clean_first': False, 'cmake_force_configure': False, 'cmake_target': None, 'cmake_target_skip_unavailable': False, 'install_base': '/root/ros2_frws/install/challenge_2', 'merge_install': False, 'path': '/root/ros2_frws/src/challenge_2', 'symlink_install': False, 'test_result_base': None}
[1.527s] Level 5:colcon.colcon_core.verb:set package 'course_works' build argument 'cmake_args' from command line to 'None'
[1.527s] Level 5:colcon.colcon_core.verb:set package 'course_works' build argument 'cmake_target' from command line to 'None'
[1.527s] Level 5:colcon.colcon_core.verb:set package 'course_works' build argument 'cmake_target_skip_unavailable' from command line to 'False'
[1.527s] Level 5:colcon.colcon_core.verb:set package 'course_works' build argument 'cmake_clean_cache' from command line to 'False'
[1.527s] Level 5:colcon.colcon_core.verb:set package 'course_works' build argument 'cmake_clean_first' from command line to 'False'
[1.527s] Level 5:colcon.colcon_core.verb:set package 'course_works' build argument 'cmake_force_configure' from command line to 'False'
[1.527s] Level 5:colcon.colcon_core.verb:set package 'course_works' build argument 'ament_cmake_args' from command line to 'None'
[1.527s] Level 5:colcon.colcon_core.verb:set package 'course_works' build argument 'catkin_cmake_args' from command line to 'None'
[1.527s] Level 5:colcon.colcon_core.verb:set package 'course_works' build argument 'catkin_skip_building_tests' from command line to 'False'
[1.527s] DEBUG:colcon.colcon_core.verb:Building package 'course_works' with the following arguments: {'ament_cmake_args': None, 'build_base': '/root/ros2_frws/build/course_works', 'catkin_cmake_args': None, 'catkin_skip_building_tests': False, 'cmake_args': None, 'cmake_clean_cache': False, 'cmake_clean_first': False, 'cmake_force_configure': False, 'cmake_target': None, 'cmake_target_skip_unavailable': False, 'install_base': '/root/ros2_frws/install/course_works', 'merge_install': False, 'path': '/root/ros2_frws/src/course_works', 'symlink_install': False, 'test_result_base': None}
[1.542s] Level 5:colcon.colcon_core.verb:set package 'realsense_gazebo_plugin' build argument 'cmake_args' from command line to 'None'
[1.542s] Level 5:colcon.colcon_core.verb:set package 'realsense_gazebo_plugin' build argument 'cmake_target' from command line to 'None'
[1.542s] Level 5:colcon.colcon_core.verb:set package 'realsense_gazebo_plugin' build argument 'cmake_target_skip_unavailable' from command line to 'False'
[1.542s] Level 5:colcon.colcon_core.verb:set package 'realsense_gazebo_plugin' build argument 'cmake_clean_cache' from command line to 'False'
[1.542s] Level 5:colcon.colcon_core.verb:set package 'realsense_gazebo_plugin' build argument 'cmake_clean_first' from command line to 'False'
[1.542s] Level 5:colcon.colcon_core.verb:set package 'realsense_gazebo_plugin' build argument 'cmake_force_configure' from command line to 'False'
[1.542s] Level 5:colcon.colcon_core.verb:set package 'realsense_gazebo_plugin' build argument 'ament_cmake_args' from command line to 'None'
[1.542s] Level 5:colcon.colcon_core.verb:set package 'realsense_gazebo_plugin' build argument 'catkin_cmake_args' from command line to 'None'
[1.543s] Level 5:colcon.colcon_core.verb:set package 'realsense_gazebo_plugin' build argument 'catkin_skip_building_tests' from command line to 'False'
[1.543s] DEBUG:colcon.colcon_core.verb:Building package 'realsense_gazebo_plugin' with the following arguments: {'ament_cmake_args': None, 'build_base': '/root/ros2_frws/build/realsense_gazebo_plugin', 'catkin_cmake_args': None, 'catkin_skip_building_tests': False, 'cmake_args': None, 'cmake_clean_cache': False, 'cmake_clean_first': False, 'cmake_force_configure': False, 'cmake_target': None, 'cmake_target_skip_unavailable': False, 'install_base': '/root/ros2_frws/install/realsense_gazebo_plugin', 'merge_install': False, 'path': '/root/ros2_frws/src/xarm_ros2/thirdparty/realsense_gazebo_plugin', 'symlink_install': False, 'test_result_base': None}
[1.555s] Level 5:colcon.colcon_core.verb:set package 'xarm_description' build argument 'cmake_args' from command line to 'None'
[1.555s] Level 5:colcon.colcon_core.verb:set package 'xarm_description' build argument 'cmake_target' from command line to 'None'
[1.555s] Level 5:colcon.colcon_core.verb:set package 'xarm_description' build argument 'cmake_target_skip_unavailable' from command line to 'False'
[1.555s] Level 5:colcon.colcon_core.verb:set package 'xarm_description' build argument 'cmake_clean_cache' from command line to 'False'
[1.555s] Level 5:colcon.colcon_core.verb:set package 'xarm_description' build argument 'cmake_clean_first' from command line to 'False'
[1.555s] Level 5:colcon.colcon_core.verb:set package 'xarm_description' build argument 'cmake_force_configure' from command line to 'False'
[1.555s] Level 5:colcon.colcon_core.verb:set package 'xarm_description' build argument 'ament_cmake_args' from command line to 'None'
[1.555s] Level 5:colcon.colcon_core.verb:set package 'xarm_description' build argument 'catkin_cmake_args' from command line to 'None'
[1.555s] Level 5:colcon.colcon_core.verb:set package 'xarm_description' build argument 'catkin_skip_building_tests' from command line to 'False'
[1.555s] DEBUG:colcon.colcon_core.verb:Building package 'xarm_description' with the following arguments: {'ament_cmake_args': None, 'build_base': '/root/ros2_frws/build/xarm_description', 'catkin_cmake_args': None, 'catkin_skip_building_tests': False, 'cmake_args': None, 'cmake_clean_cache': False, 'cmake_clean_first': False, 'cmake_force_configure': False, 'cmake_target': None, 'cmake_target_skip_unavailable': False, 'install_base': '/root/ros2_frws/install/xarm_description', 'merge_install': False, 'path': '/root/ros2_frws/src/xarm_ros2/xarm_description', 'symlink_install': False, 'test_result_base': None}
[1.567s] Level 5:colcon.colcon_core.verb:set package 'xarm_msgs' build argument 'cmake_args' from command line to 'None'
[1.567s] Level 5:colcon.colcon_core.verb:set package 'xarm_msgs' build argument 'cmake_target' from command line to 'None'
[1.567s] Level 5:colcon.colcon_core.verb:set package 'xarm_msgs' build argument 'cmake_target_skip_unavailable' from command line to 'False'
[1.567s] Level 5:colcon.colcon_core.verb:set package 'xarm_msgs' build argument 'cmake_clean_cache' from command line to 'False'
[1.567s] Level 5:colcon.colcon_core.verb:set package 'xarm_msgs' build argument 'cmake_clean_first' from command line to 'False'
[1.567s] Level 5:colcon.colcon_core.verb:set package 'xarm_msgs' build argument 'cmake_force_configure' from command line to 'False'
[1.567s] Level 5:colcon.colcon_core.verb:set package 'xarm_msgs' build argument 'ament_cmake_args' from command line to 'None'
[1.567s] Level 5:colcon.colcon_core.verb:set package 'xarm_msgs' build argument 'catkin_cmake_args' from command line to 'None'
[1.567s] Level 5:colcon.colcon_core.verb:set package 'xarm_msgs' build argument 'catkin_skip_building_tests' from command line to 'False'
[1.567s] DEBUG:colcon.colcon_core.verb:Building package 'xarm_msgs' with the following arguments: {'ament_cmake_args': None, 'build_base': '/root/ros2_frws/build/xarm_msgs', 'catkin_cmake_args': None, 'catkin_skip_building_tests': False, 'cmake_args': None, 'cmake_clean_cache': False, 'cmake_clean_first': False, 'cmake_force_configure': False, 'cmake_target': None, 'cmake_target_skip_unavailable': False, 'install_base': '/root/ros2_frws/install/xarm_msgs', 'merge_install': False, 'path': '/root/ros2_frws/src/xarm_ros2/xarm_msgs', 'symlink_install': False, 'test_result_base': None}
[1.580s] Level 5:colcon.colcon_core.verb:set package 'xarm_sdk' build argument 'cmake_args' from command line to 'None'
[1.580s] Level 5:colcon.colcon_core.verb:set package 'xarm_sdk' build argument 'cmake_target' from command line to 'None'
[1.580s] Level 5:colcon.colcon_core.verb:set package 'xarm_sdk' build argument 'cmake_target_skip_unavailable' from command line to 'False'
[1.580s] Level 5:colcon.colcon_core.verb:set package 'xarm_sdk' build argument 'cmake_clean_cache' from command line to 'False'
[1.580s] Level 5:colcon.colcon_core.verb:set package 'xarm_sdk' build argument 'cmake_clean_first' from command line to 'False'
[1.580s] Level 5:colcon.colcon_core.verb:set package 'xarm_sdk' build argument 'cmake_force_configure' from command line to 'False'
[1.580s] Level 5:colcon.colcon_core.verb:set package 'xarm_sdk' build argument 'ament_cmake_args' from command line to 'None'
[1.580s] Level 5:colcon.colcon_core.verb:set package 'xarm_sdk' build argument 'catkin_cmake_args' from command line to 'None'
[1.580s] Level 5:colcon.colcon_core.verb:set package 'xarm_sdk' build argument 'catkin_skip_building_tests' from command line to 'False'
[1.580s] DEBUG:colcon.colcon_core.verb:Building package 'xarm_sdk' with the following arguments: {'ament_cmake_args': None, 'build_base': '/root/ros2_frws/build/xarm_sdk', 'catkin_cmake_args': None, 'catkin_skip_building_tests': False, 'cmake_args': None, 'cmake_clean_cache': False, 'cmake_clean_first': False, 'cmake_force_configure': False, 'cmake_target': None, 'cmake_target_skip_unavailable': False, 'install_base': '/root/ros2_frws/install/xarm_sdk', 'merge_install': False, 'path': '/root/ros2_frws/src/xarm_ros2/xarm_sdk', 'symlink_install': False, 'test_result_base': None}
[1.592s] Level 5:colcon.colcon_core.verb:set package 'xarm_api' build argument 'cmake_args' from command line to 'None'
[1.592s] Level 5:colcon.colcon_core.verb:set package 'xarm_api' build argument 'cmake_target' from command line to 'None'
[1.592s] Level 5:colcon.colcon_core.verb:set package 'xarm_api' build argument 'cmake_target_skip_unavailable' from command line to 'False'
[1.592s] Level 5:colcon.colcon_core.verb:set package 'xarm_api' build argument 'cmake_clean_cache' from command line to 'False'
[1.592s] Level 5:colcon.colcon_core.verb:set package 'xarm_api' build argument 'cmake_clean_first' from command line to 'False'
[1.592s] Level 5:colcon.colcon_core.verb:set package 'xarm_api' build argument 'cmake_force_configure' from command line to 'False'
[1.592s] Level 5:colcon.colcon_core.verb:set package 'xarm_api' build argument 'ament_cmake_args' from command line to 'None'
[1.592s] Level 5:colcon.colcon_core.verb:set package 'xarm_api' build argument 'catkin_cmake_args' from command line to 'None'
[1.592s] Level 5:colcon.colcon_core.verb:set package 'xarm_api' build argument 'catkin_skip_building_tests' from command line to 'False'
[1.592s] DEBUG:colcon.colcon_core.verb:Building package 'xarm_api' with the following arguments: {'ament_cmake_args': None, 'build_base': '/root/ros2_frws/build/xarm_api', 'catkin_cmake_args': None, 'catkin_skip_building_tests': False, 'cmake_args': None, 'cmake_clean_cache': False, 'cmake_clean_first': False, 'cmake_force_configure': False, 'cmake_target': None, 'cmake_target_skip_unavailable': False, 'install_base': '/root/ros2_frws/install/xarm_api', 'merge_install': False, 'path': '/root/ros2_frws/src/xarm_ros2/xarm_api', 'symlink_install': False, 'test_result_base': None}
[1.604s] Level 5:colcon.colcon_core.verb:set package 'xarm_controller' build argument 'cmake_args' from command line to 'None'
[1.604s] Level 5:colcon.colcon_core.verb:set package 'xarm_controller' build argument 'cmake_target' from command line to 'None'
[1.604s] Level 5:colcon.colcon_core.verb:set package 'xarm_controller' build argument 'cmake_target_skip_unavailable' from command line to 'False'
[1.604s] Level 5:colcon.colcon_core.verb:set package 'xarm_controller' build argument 'cmake_clean_cache' from command line to 'False'
[1.604s] Level 5:colcon.colcon_core.verb:set package 'xarm_controller' build argument 'cmake_clean_first' from command line to 'False'
[1.604s] Level 5:colcon.colcon_core.verb:set package 'xarm_controller' build argument 'cmake_force_configure' from command line to 'False'
[1.604s] Level 5:colcon.colcon_core.verb:set package 'xarm_controller' build argument 'ament_cmake_args' from command line to 'None'
[1.604s] Level 5:colcon.colcon_core.verb:set package 'xarm_controller' build argument 'catkin_cmake_args' from command line to 'None'
[1.605s] Level 5:colcon.colcon_core.verb:set package 'xarm_controller' build argument 'catkin_skip_building_tests' from command line to 'False'
[1.605s] DEBUG:colcon.colcon_core.verb:Building package 'xarm_controller' with the following arguments: {'ament_cmake_args': None, 'build_base': '/root/ros2_frws/build/xarm_controller', 'catkin_cmake_args': None, 'catkin_skip_building_tests': False, 'cmake_args': None, 'cmake_clean_cache': False, 'cmake_clean_first': False, 'cmake_force_configure': False, 'cmake_target': None, 'cmake_target_skip_unavailable': False, 'install_base': '/root/ros2_frws/install/xarm_controller', 'merge_install': False, 'path': '/root/ros2_frws/src/xarm_ros2/xarm_controller', 'symlink_install': False, 'test_result_base': None}
[1.616s] Level 5:colcon.colcon_core.verb:set package 'xarm_gazebo' build argument 'cmake_args' from command line to 'None'
[1.616s] Level 5:colcon.colcon_core.verb:set package 'xarm_gazebo' build argument 'cmake_target' from command line to 'None'
[1.616s] Level 5:colcon.colcon_core.verb:set package 'xarm_gazebo' build argument 'cmake_target_skip_unavailable' from command line to 'False'
[1.616s] Level 5:colcon.colcon_core.verb:set package 'xarm_gazebo' build argument 'cmake_clean_cache' from command line to 'False'
[1.616s] Level 5:colcon.colcon_core.verb:set package 'xarm_gazebo' build argument 'cmake_clean_first' from command line to 'False'
[1.617s] Level 5:colcon.colcon_core.verb:set package 'xarm_gazebo' build argument 'cmake_force_configure' from command line to 'False'
[1.617s] Level 5:colcon.colcon_core.verb:set package 'xarm_gazebo' build argument 'ament_cmake_args' from command line to 'None'
[1.617s] Level 5:colcon.colcon_core.verb:set package 'xarm_gazebo' build argument 'catkin_cmake_args' from command line to 'None'
[1.617s] Level 5:colcon.colcon_core.verb:set package 'xarm_gazebo' build argument 'catkin_skip_building_tests' from command line to 'False'
[1.617s] DEBUG:colcon.colcon_core.verb:Building package 'xarm_gazebo' with the following arguments: {'ament_cmake_args': None, 'build_base': '/root/ros2_frws/build/xarm_gazebo', 'catkin_cmake_args': None, 'catkin_skip_building_tests': False, 'cmake_args': None, 'cmake_clean_cache': False, 'cmake_clean_first': False, 'cmake_force_configure': False, 'cmake_target': None, 'cmake_target_skip_unavailable': False, 'install_base': '/root/ros2_frws/install/xarm_gazebo', 'merge_install': False, 'path': '/root/ros2_frws/src/xarm_ros2/xarm_gazebo', 'symlink_install': False, 'test_result_base': None}
[1.629s] Level 5:colcon.colcon_core.verb:set package 'xarm_moveit_config' build argument 'cmake_args' from command line to 'None'
[1.629s] Level 5:colcon.colcon_core.verb:set package 'xarm_moveit_config' build argument 'cmake_target' from command line to 'None'
[1.629s] Level 5:colcon.colcon_core.verb:set package 'xarm_moveit_config' build argument 'cmake_target_skip_unavailable' from command line to 'False'
[1.629s] Level 5:colcon.colcon_core.verb:set package 'xarm_moveit_config' build argument 'cmake_clean_cache' from command line to 'False'
[1.629s] Level 5:colcon.colcon_core.verb:set package 'xarm_moveit_config' build argument 'cmake_clean_first' from command line to 'False'
[1.629s] Level 5:colcon.colcon_core.verb:set package 'xarm_moveit_config' build argument 'cmake_force_configure' from command line to 'False'
[1.629s] Level 5:colcon.colcon_core.verb:set package 'xarm_moveit_config' build argument 'ament_cmake_args' from command line to 'None'
[1.629s] Level 5:colcon.colcon_core.verb:set package 'xarm_moveit_config' build argument 'catkin_cmake_args' from command line to 'None'
[1.629s] Level 5:colcon.colcon_core.verb:set package 'xarm_moveit_config' build argument 'catkin_skip_building_tests' from command line to 'False'
[1.629s] DEBUG:colcon.colcon_core.verb:Building package 'xarm_moveit_config' with the following arguments: {'ament_cmake_args': None, 'build_base': '/root/ros2_frws/build/xarm_moveit_config', 'catkin_cmake_args': None, 'catkin_skip_building_tests': False, 'cmake_args': None, 'cmake_clean_cache': False, 'cmake_clean_first': False, 'cmake_force_configure': False, 'cmake_target': None, 'cmake_target_skip_unavailable': False, 'install_base': '/root/ros2_frws/install/xarm_moveit_config', 'merge_install': False, 'path': '/root/ros2_frws/src/xarm_ros2/xarm_moveit_config', 'symlink_install': False, 'test_result_base': None}
[1.641s] Level 5:colcon.colcon_core.verb:set package 'xarm_moveit_servo' build argument 'cmake_args' from command line to 'None'
[1.642s] Level 5:colcon.colcon_core.verb:set package 'xarm_moveit_servo' build argument 'cmake_target' from command line to 'None'
[1.642s] Level 5:colcon.colcon_core.verb:set package 'xarm_moveit_servo' build argument 'cmake_target_skip_unavailable' from command line to 'False'
[1.642s] Level 5:colcon.colcon_core.verb:set package 'xarm_moveit_servo' build argument 'cmake_clean_cache' from command line to 'False'
[1.642s] Level 5:colcon.colcon_core.verb:set package 'xarm_moveit_servo' build argument 'cmake_clean_first' from command line to 'False'
[1.642s] Level 5:colcon.colcon_core.verb:set package 'xarm_moveit_servo' build argument 'cmake_force_configure' from command line to 'False'
[1.642s] Level 5:colcon.colcon_core.verb:set package 'xarm_moveit_servo' build argument 'ament_cmake_args' from command line to 'None'
[1.642s] Level 5:colcon.colcon_core.verb:set package 'xarm_moveit_servo' build argument 'catkin_cmake_args' from command line to 'None'
[1.642s] Level 5:colcon.colcon_core.verb:set package 'xarm_moveit_servo' build argument 'catkin_skip_building_tests' from command line to 'False'
[1.642s] DEBUG:colcon.colcon_core.verb:Building package 'xarm_moveit_servo' with the following arguments: {'ament_cmake_args': None, 'build_base': '/root/ros2_frws/build/xarm_moveit_servo', 'catkin_cmake_args': None, 'catkin_skip_building_tests': False, 'cmake_args': None, 'cmake_clean_cache': False, 'cmake_clean_first': False, 'cmake_force_configure': False, 'cmake_target': None, 'cmake_target_skip_unavailable': False, 'install_base': '/root/ros2_frws/install/xarm_moveit_servo', 'merge_install': False, 'path': '/root/ros2_frws/src/xarm_ros2/xarm_moveit_servo', 'symlink_install': False, 'test_result_base': None}
[1.654s] Level 5:colcon.colcon_core.verb:set package 'xarm_planner' build argument 'cmake_args' from command line to 'None'
[1.654s] Level 5:colcon.colcon_core.verb:set package 'xarm_planner' build argument 'cmake_target' from command line to 'None'
[1.654s] Level 5:colcon.colcon_core.verb:set package 'xarm_planner' build argument 'cmake_target_skip_unavailable' from command line to 'False'
[1.654s] Level 5:colcon.colcon_core.verb:set package 'xarm_planner' build argument 'cmake_clean_cache' from command line to 'False'
[1.654s] Level 5:colcon.colcon_core.verb:set package 'xarm_planner' build argument 'cmake_clean_first' from command line to 'False'
[1.654s] Level 5:colcon.colcon_core.verb:set package 'xarm_planner' build argument 'cmake_force_configure' from command line to 'False'
[1.654s] Level 5:colcon.colcon_core.verb:set package 'xarm_planner' build argument 'ament_cmake_args' from command line to 'None'
[1.654s] Level 5:colcon.colcon_core.verb:set package 'xarm_planner' build argument 'catkin_cmake_args' from command line to 'None'
[1.654s] Level 5:colcon.colcon_core.verb:set package 'xarm_planner' build argument 'catkin_skip_building_tests' from command line to 'False'
[1.654s] DEBUG:colcon.colcon_core.verb:Building package 'xarm_planner' with the following arguments: {'ament_cmake_args': None, 'build_base': '/root/ros2_frws/build/xarm_planner', 'catkin_cmake_args': None, 'catkin_skip_building_tests': False, 'cmake_args': None, 'cmake_clean_cache': False, 'cmake_clean_first': False, 'cmake_force_configure': False, 'cmake_target': None, 'cmake_target_skip_unavailable': False, 'install_base': '/root/ros2_frws/install/xarm_planner', 'merge_install': False, 'path': '/root/ros2_frws/src/xarm_ros2/xarm_planner', 'symlink_install': False, 'test_result_base': None}
[1.666s] INFO:colcon.colcon_core.executor:Executing jobs using 'parallel' executor
[1.679s] DEBUG:colcon.colcon_parallel_executor.executor.parallel:run_until_complete
[1.679s] INFO:colcon.colcon_ros.task.ament_cmake.build:Building ROS package in '/root/ros2_frws/src/xarm_ros2/xarm_description' with build type 'ament_cmake'
[1.680s] INFO:colcon.colcon_cmake.task.cmake.build:Building CMake package in '/root/ros2_frws/src/xarm_ros2/xarm_description'
[1.695s] INFO:colcon.colcon_core.plugin_system:Skipping extension 'colcon_core.shell.bat': Not used on non-Windows systems
[1.696s] INFO:colcon.colcon_core.shell:Skip shell extension 'powershell' for command environment: Not usable outside of PowerShell
[1.696s] DEBUG:colcon.colcon_core.shell:Skip shell extension 'dsv' for command environment
[1.759s] INFO:colcon.colcon_ros.task.ament_cmake.build:Building ROS package in '/root/ros2_frws/src/xarm_ros2/xarm_msgs' with build type 'ament_cmake'
[1.760s] INFO:colcon.colcon_cmake.task.cmake.build:Building CMake package in '/root/ros2_frws/src/xarm_ros2/xarm_msgs'
[1.775s] INFO:colcon.colcon_core.shell:Skip shell extension 'powershell' for command environment: Not usable outside of PowerShell
[1.775s] DEBUG:colcon.colcon_core.shell:Skip shell extension 'dsv' for command environment
[1.840s] INFO:colcon.colcon_ros.task.ament_cmake.build:Building ROS package in '/root/ros2_frws/src/xarm_ros2/xarm_sdk' with build type 'ament_cmake'
[1.840s] INFO:colcon.colcon_cmake.task.cmake.build:Building CMake package in '/root/ros2_frws/src/xarm_ros2/xarm_sdk'
[1.854s] INFO:colcon.colcon_core.shell:Skip shell extension 'powershell' for command environment: Not usable outside of PowerShell
[1.854s] DEBUG:colcon.colcon_core.shell:Skip shell extension 'dsv' for command environment
[1.926s] INFO:colcon.colcon_ros.task.ament_python.build:Building ROS package in '/root/ros2_frws/src/basic_comms' with build type 'ament_python'
[1.926s] Level 1:colcon.colcon_core.shell:create_environment_hook('basic_comms', 'ament_prefix_path')
[1.941s] INFO:colcon.colcon_core.shell:Creating environment hook '/root/ros2_frws/install/basic_comms/share/basic_comms/hook/ament_prefix_path.ps1'
[1.942s] INFO:colcon.colcon_core.shell:Creating environment descriptor '/root/ros2_frws/install/basic_comms/share/basic_comms/hook/ament_prefix_path.dsv'
[1.942s] INFO:colcon.colcon_core.shell:Creating environment hook '/root/ros2_frws/install/basic_comms/share/basic_comms/hook/ament_prefix_path.sh'
[1.957s] INFO:colcon.colcon_core.shell:Skip shell extension 'powershell' for command environment: Not usable outside of PowerShell
[1.957s] DEBUG:colcon.colcon_core.shell:Skip shell extension 'dsv' for command environment
[2.022s] INFO:colcon.colcon_ros.task.ament_python.build:Building ROS package in '/root/ros2_frws/src/basic_comms_param' with build type 'ament_python'
[2.022s] Level 1:colcon.colcon_core.shell:create_environment_hook('basic_comms_param', 'ament_prefix_path')
[2.038s] INFO:colcon.colcon_core.shell:Creating environment hook '/root/ros2_frws/install/basic_comms_param/share/basic_comms_param/hook/ament_prefix_path.ps1'
[2.040s] INFO:colcon.colcon_core.shell:Creating environment descriptor '/root/ros2_frws/install/basic_comms_param/share/basic_comms_param/hook/ament_prefix_path.dsv'
[2.040s] INFO:colcon.colcon_core.shell:Creating environment hook '/root/ros2_frws/install/basic_comms_param/share/basic_comms_param/hook/ament_prefix_path.sh'
[2.055s] INFO:colcon.colcon_core.shell:Skip shell extension 'powershell' for command environment: Not usable outside of PowerShell
[2.056s] DEBUG:colcon.colcon_core.shell:Skip shell extension 'dsv' for command environment
[2.125s] INFO:colcon.colcon_ros.task.ament_python.build:Building ROS package in '/root/ros2_frws/src/challenge_2' with build type 'ament_python'
[2.125s] Level 1:colcon.colcon_core.shell:create_environment_hook('challenge_2', 'ament_prefix_path')
[2.142s] INFO:colcon.colcon_core.shell:Creating environment hook '/root/ros2_frws/install/challenge_2/share/challenge_2/hook/ament_prefix_path.ps1'
[2.143s] INFO:colcon.colcon_core.shell:Creating environment descriptor '/root/ros2_frws/install/challenge_2/share/challenge_2/hook/ament_prefix_path.dsv'
[2.144s] INFO:colcon.colcon_core.shell:Creating environment hook '/root/ros2_frws/install/challenge_2/share/challenge_2/hook/ament_prefix_path.sh'
[2.160s] INFO:colcon.colcon_core.shell:Skip shell extension 'powershell' for command environment: Not usable outside of PowerShell
[2.160s] DEBUG:colcon.colcon_core.shell:Skip shell extension 'dsv' for command environment
[2.227s] INFO:colcon.colcon_ros.task.ament_python.build:Building ROS package in '/root/ros2_frws/src/course_works' with build type 'ament_python'
[2.227s] Level 1:colcon.colcon_core.shell:create_environment_hook('course_works', 'ament_prefix_path')
[2.243s] INFO:colcon.colcon_core.shell:Creating environment hook '/root/ros2_frws/install/course_works/share/course_works/hook/ament_prefix_path.ps1'
[2.244s] INFO:colcon.colcon_core.shell:Creating environment descriptor '/root/ros2_frws/install/course_works/share/course_works/hook/ament_prefix_path.dsv'
[2.244s] INFO:colcon.colcon_core.shell:Creating environment hook '/root/ros2_frws/install/course_works/share/course_works/hook/ament_prefix_path.sh'
[2.260s] INFO:colcon.colcon_core.shell:Skip shell extension 'powershell' for command environment: Not usable outside of PowerShell
[2.260s] DEBUG:colcon.colcon_core.shell:Skip shell extension 'dsv' for command environment
[2.325s] INFO:colcon.colcon_ros.task.ament_cmake.build:Building ROS package in '/root/ros2_frws/src/xarm_ros2/thirdparty/realsense_gazebo_plugin' with build type 'ament_cmake'
[2.326s] INFO:colcon.colcon_cmake.task.cmake.build:Building CMake package in '/root/ros2_frws/src/xarm_ros2/thirdparty/realsense_gazebo_plugin'
[2.343s] INFO:colcon.colcon_core.shell:Skip shell extension 'powershell' for command environment: Not usable outside of PowerShell
[2.343s] DEBUG:colcon.colcon_core.shell:Skip shell extension 'dsv' for command environment
[2.424s] DEBUG:colcon.colcon_core.event_handler.log_command:Invoking command in '/root/ros2_frws/build/xarm_description': CMAKE_PREFIX_PATH=${CMAKE_PREFIX_PATH}:/root/ros2_frws/src/install/course_works:/root/ros2_frws/src/install/challenge_2:/root/ros2_frws/src/install/basic_comms_param:/root/ros2_frws/src/install/basic_comms:/root/ros2_frws/install/course_works:/root/ros2_frws/install/challenge_2:/root/ros2_frws/install/basic_comms_params:/root/ros2_frws/install/basic_comms_param:/root/ros2_frws/install/basic_comms:/opt/ros/humble /usr/bin/cmake --build /root/ros2_frws/build/xarm_description -- -j16 -l16
[2.431s] DEBUG:colcon.colcon_core.event_handler.log_command:Invoking command in '/root/ros2_frws/build/xarm_msgs': CMAKE_PREFIX_PATH=${CMAKE_PREFIX_PATH}:/root/ros2_frws/src/install/course_works:/root/ros2_frws/src/install/challenge_2:/root/ros2_frws/src/install/basic_comms_param:/root/ros2_frws/src/install/basic_comms:/root/ros2_frws/install/course_works:/root/ros2_frws/install/challenge_2:/root/ros2_frws/install/basic_comms_params:/root/ros2_frws/install/basic_comms_param:/root/ros2_frws/install/basic_comms:/opt/ros/humble /usr/bin/cmake --build /root/ros2_frws/build/xarm_msgs -- -j16 -l16
[2.434s] DEBUG:colcon.colcon_core.event_handler.log_command:Invoking command in '/root/ros2_frws/build/xarm_sdk': CMAKE_PREFIX_PATH=${CMAKE_PREFIX_PATH}:/root/ros2_frws/src/install/course_works:/root/ros2_frws/src/install/challenge_2:/root/ros2_frws/src/install/basic_comms_param:/root/ros2_frws/src/install/basic_comms:/root/ros2_frws/install/course_works:/root/ros2_frws/install/challenge_2:/root/ros2_frws/install/basic_comms_params:/root/ros2_frws/install/basic_comms_param:/root/ros2_frws/install/basic_comms:/opt/ros/humble /usr/bin/cmake --build /root/ros2_frws/build/xarm_sdk -- -j16 -l16
[2.668s] INFO:colcon.colcon_core.task.python.build:Building Python package in '/root/ros2_frws/src/basic_comms'
[2.681s] INFO:colcon.colcon_core.shell:Skip shell extension 'powershell' for command environment: Not usable outside of PowerShell
[2.681s] DEBUG:colcon.colcon_core.shell:Skip shell extension 'dsv' for command environment
[2.965s] INFO:colcon.colcon_core.task.python.build:Building Python package in '/root/ros2_frws/src/basic_comms_param'
[2.978s] INFO:colcon.colcon_core.shell:Skip shell extension 'powershell' for command environment: Not usable outside of PowerShell
[2.978s] DEBUG:colcon.colcon_core.shell:Skip shell extension 'dsv' for command environment
[3.262s] INFO:colcon.colcon_core.task.python.build:Building Python package in '/root/ros2_frws/src/challenge_2'
[3.276s] INFO:colcon.colcon_core.shell:Skip shell extension 'powershell' for command environment: Not usable outside of PowerShell
[3.276s] DEBUG:colcon.colcon_core.shell:Skip shell extension 'dsv' for command environment
[3.543s] INFO:colcon.colcon_core.task.python.build:Building Python package in '/root/ros2_frws/src/course_works'
[3.556s] INFO:colcon.colcon_core.shell:Skip shell extension 'powershell' for command environment: Not usable outside of PowerShell
[3.556s] DEBUG:colcon.colcon_core.shell:Skip shell extension 'dsv' for command environment
[3.630s] DEBUG:colcon.colcon_core.event_handler.log_command:Invoking command in '/root/ros2_frws/build/realsense_gazebo_plugin': CMAKE_PREFIX_PATH=${CMAKE_PREFIX_PATH}:/root/ros2_frws/src/install/course_works:/root/ros2_frws/src/install/challenge_2:/root/ros2_frws/src/install/basic_comms_param:/root/ros2_frws/src/install/basic_comms:/root/ros2_frws/install/course_works:/root/ros2_frws/install/challenge_2:/root/ros2_frws/install/basic_comms_params:/root/ros2_frws/install/basic_comms_param:/root/ros2_frws/install/basic_comms:/opt/ros/humble /usr/bin/cmake --build /root/ros2_frws/build/realsense_gazebo_plugin -- -j16 -l16
[3.631s] DEBUG:colcon.colcon_core.event_handler.log_command:Invoked command in '/root/ros2_frws/build/xarm_description' returned '0': CMAKE_PREFIX_PATH=${CMAKE_PREFIX_PATH}:/root/ros2_frws/src/install/course_works:/root/ros2_frws/src/install/challenge_2:/root/ros2_frws/src/install/basic_comms_param:/root/ros2_frws/src/install/basic_comms:/root/ros2_frws/install/course_works:/root/ros2_frws/install/challenge_2:/root/ros2_frws/install/basic_comms_params:/root/ros2_frws/install/basic_comms_param:/root/ros2_frws/install/basic_comms:/opt/ros/humble /usr/bin/cmake --build /root/ros2_frws/build/xarm_description -- -j16 -l16
[3.632s] DEBUG:colcon.colcon_core.event_handler.log_command:Invoked command in '/root/ros2_frws/build/xarm_sdk' returned '0': CMAKE_PREFIX_PATH=${CMAKE_PREFIX_PATH}:/root/ros2_frws/src/install/course_works:/root/ros2_frws/src/install/challenge_2:/root/ros2_frws/src/install/basic_comms_param:/root/ros2_frws/src/install/basic_comms:/root/ros2_frws/install/course_works:/root/ros2_frws/install/challenge_2:/root/ros2_frws/install/basic_comms_params:/root/ros2_frws/install/basic_comms_param:/root/ros2_frws/install/basic_comms:/opt/ros/humble /usr/bin/cmake --build /root/ros2_frws/build/xarm_sdk -- -j16 -l16
[3.632s] DEBUG:colcon.colcon_core.event_handler.log_command:Invoked command in '/root/ros2_frws/build/xarm_msgs' returned '0': CMAKE_PREFIX_PATH=${CMAKE_PREFIX_PATH}:/root/ros2_frws/src/install/course_works:/root/ros2_frws/src/install/challenge_2:/root/ros2_frws/src/install/basic_comms_param:/root/ros2_frws/src/install/basic_comms:/root/ros2_frws/install/course_works:/root/ros2_frws/install/challenge_2:/root/ros2_frws/install/basic_comms_params:/root/ros2_frws/install/basic_comms_param:/root/ros2_frws/install/basic_comms:/opt/ros/humble /usr/bin/cmake --build /root/ros2_frws/build/xarm_msgs -- -j16 -l16
[3.674s] DEBUG:colcon.colcon_core.event_handler.log_command:Invoking command in '/root/ros2_frws/build/xarm_description': CMAKE_PREFIX_PATH=${CMAKE_PREFIX_PATH}:/root/ros2_frws/src/install/course_works:/root/ros2_frws/src/install/challenge_2:/root/ros2_frws/src/install/basic_comms_param:/root/ros2_frws/src/install/basic_comms:/root/ros2_frws/install/course_works:/root/ros2_frws/install/challenge_2:/root/ros2_frws/install/basic_comms_params:/root/ros2_frws/install/basic_comms_param:/root/ros2_frws/install/basic_comms:/opt/ros/humble /usr/bin/cmake --install /root/ros2_frws/build/xarm_description
[3.712s] Level 1:colcon.colcon_core.environment:create_environment_scripts_only(xarm_description)
[3.717s] DEBUG:colcon.colcon_core.event_handler.log_command:Invoked command in '/root/ros2_frws/build/xarm_description' returned '0': CMAKE_PREFIX_PATH=${CMAKE_PREFIX_PATH}:/root/ros2_frws/src/install/course_works:/root/ros2_frws/src/install/challenge_2:/root/ros2_frws/src/install/basic_comms_param:/root/ros2_frws/src/install/basic_comms:/root/ros2_frws/install/course_works:/root/ros2_frws/install/challenge_2:/root/ros2_frws/install/basic_comms_params:/root/ros2_frws/install/basic_comms_param:/root/ros2_frws/install/basic_comms:/opt/ros/humble /usr/bin/cmake --install /root/ros2_frws/build/xarm_description
[3.748s] Level 1:colcon.colcon_core.environment:checking '/root/ros2_frws/install/xarm_description' for CMake module files
[3.748s] Level 1:colcon.colcon_core.environment:checking '/root/ros2_frws/install/xarm_description' for CMake config files
[3.749s] Level 1:colcon.colcon_core.shell:create_environment_hook('xarm_description', 'cmake_prefix_path')
[3.768s] INFO:colcon.colcon_core.shell:Creating environment hook '/root/ros2_frws/install/xarm_description/share/xarm_description/hook/cmake_prefix_path.ps1'
[3.768s] INFO:colcon.colcon_core.shell:Creating environment descriptor '/root/ros2_frws/install/xarm_description/share/xarm_description/hook/cmake_prefix_path.dsv'
[3.769s] INFO:colcon.colcon_core.shell:Creating environment hook '/root/ros2_frws/install/xarm_description/share/xarm_description/hook/cmake_prefix_path.sh'
[3.769s] Level 1:colcon.colcon_core.environment:checking '/root/ros2_frws/install/xarm_description/bin'
[3.770s] Level 1:colcon.colcon_core.environment:checking '/root/ros2_frws/install/xarm_description/lib/pkgconfig/xarm_description.pc'
[3.770s] Level 1:colcon.colcon_core.environment:checking '/root/ros2_frws/install/xarm_description/lib/python3.10/site-packages'
[3.770s] Level 1:colcon.colcon_core.environment:checking '/root/ros2_frws/install/xarm_description/bin'
[3.788s] INFO:colcon.colcon_core.shell:Creating package script '/root/ros2_frws/install/xarm_description/share/xarm_description/package.ps1'
[3.789s] INFO:colcon.colcon_core.shell:Creating package descriptor '/root/ros2_frws/install/xarm_description/share/xarm_description/package.dsv'
[3.790s] INFO:colcon.colcon_core.shell:Creating package script '/root/ros2_frws/install/xarm_description/share/xarm_description/package.sh'
[3.791s] INFO:colcon.colcon_core.shell:Creating package script '/root/ros2_frws/install/xarm_description/share/xarm_description/package.bash'
[3.792s] INFO:colcon.colcon_core.shell:Creating package script '/root/ros2_frws/install/xarm_description/share/xarm_description/package.zsh'
[3.792s] Level 1:colcon.colcon_core.environment:create_file_with_runtime_dependencies(/root/ros2_frws/install/xarm_description/share/colcon-core/packages/xarm_description)
[3.795s] DEBUG:colcon.colcon_core.event_handler.log_command:Invoked command in '/root/ros2_frws/build/realsense_gazebo_plugin' returned '2': CMAKE_PREFIX_PATH=${CMAKE_PREFIX_PATH}:/root/ros2_frws/src/install/course_works:/root/ros2_frws/src/install/challenge_2:/root/ros2_frws/src/install/basic_comms_param:/root/ros2_frws/src/install/basic_comms:/root/ros2_frws/install/course_works:/root/ros2_frws/install/challenge_2:/root/ros2_frws/install/basic_comms_params:/root/ros2_frws/install/basic_comms_param:/root/ros2_frws/install/basic_comms:/opt/ros/humble /usr/bin/cmake --build /root/ros2_frws/build/realsense_gazebo_plugin -- -j16 -l16
[3.806s] DEBUG:colcon.colcon_core.event_handler.log_command:Invoking command in '/root/ros2_frws/build/xarm_sdk': CMAKE_PREFIX_PATH=${CMAKE_PREFIX_PATH}:/root/ros2_frws/src/install/course_works:/root/ros2_frws/src/install/challenge_2:/root/ros2_frws/src/install/basic_comms_param:/root/ros2_frws/src/install/basic_comms:/root/ros2_frws/install/course_works:/root/ros2_frws/install/challenge_2:/root/ros2_frws/install/basic_comms_params:/root/ros2_frws/install/basic_comms_param:/root/ros2_frws/install/basic_comms:/opt/ros/humble /usr/bin/cmake --install /root/ros2_frws/build/xarm_sdk
[3.840s] Level 1:colcon.colcon_core.environment:create_environment_scripts_only(xarm_description)
[3.853s] Level 1:colcon.colcon_core.environment:checking '/root/ros2_frws/install/xarm_description' for CMake module files
[3.853s] Level 1:colcon.colcon_core.environment:checking '/root/ros2_frws/install/xarm_description' for CMake config files
[3.853s] Level 1:colcon.colcon_core.shell:create_environment_hook('xarm_description', 'cmake_prefix_path')
[3.866s] INFO:colcon.colcon_core.shell:Creating environment hook '/root/ros2_frws/install/xarm_description/share/xarm_description/hook/cmake_prefix_path.ps1'
[3.867s] INFO:colcon.colcon_core.shell:Creating environment descriptor '/root/ros2_frws/install/xarm_description/share/xarm_description/hook/cmake_prefix_path.dsv'
[3.867s] INFO:colcon.colcon_core.shell:Creating environment hook '/root/ros2_frws/install/xarm_description/share/xarm_description/hook/cmake_prefix_path.sh'
[3.867s] Level 1:colcon.colcon_core.environment:checking '/root/ros2_frws/install/xarm_description/bin'
[3.867s] Level 1:colcon.colcon_core.environment:checking '/root/ros2_frws/install/xarm_description/lib/pkgconfig/xarm_description.pc'
[3.868s] Level 1:colcon.colcon_core.environment:checking '/root/ros2_frws/install/xarm_description/lib/python3.10/site-packages'
[3.868s] Level 1:colcon.colcon_core.environment:checking '/root/ros2_frws/install/xarm_description/bin'
[3.880s] INFO:colcon.colcon_core.shell:Creating package script '/root/ros2_frws/install/xarm_description/share/xarm_description/package.ps1'
[3.881s] INFO:colcon.colcon_core.shell:Creating package descriptor '/root/ros2_frws/install/xarm_description/share/xarm_description/package.dsv'
[3.881s] INFO:colcon.colcon_core.shell:Creating package script '/root/ros2_frws/install/xarm_description/share/xarm_description/package.sh'
[3.882s] INFO:colcon.colcon_core.shell:Creating package script '/root/ros2_frws/install/xarm_description/share/xarm_description/package.bash'
[3.882s] INFO:colcon.colcon_core.shell:Creating package script '/root/ros2_frws/install/xarm_description/share/xarm_description/package.zsh'
[3.882s] Level 1:colcon.colcon_core.environment:create_file_with_runtime_dependencies(/root/ros2_frws/install/xarm_description/share/colcon-core/packages/xarm_description)
[3.883s] Level 1:colcon.colcon_core.environment:create_environment_scripts_only(xarm_sdk)
[3.886s] DEBUG:colcon.colcon_core.event_handler.log_command:Invoked command in '/root/ros2_frws/build/xarm_sdk' returned '0': CMAKE_PREFIX_PATH=${CMAKE_PREFIX_PATH}:/root/ros2_frws/src/install/course_works:/root/ros2_frws/src/install/challenge_2:/root/ros2_frws/src/install/basic_comms_param:/root/ros2_frws/src/install/basic_comms:/root/ros2_frws/install/course_works:/root/ros2_frws/install/challenge_2:/root/ros2_frws/install/basic_comms_params:/root/ros2_frws/install/basic_comms_param:/root/ros2_frws/install/basic_comms:/opt/ros/humble /usr/bin/cmake --install /root/ros2_frws/build/xarm_sdk
[3.901s] Level 1:colcon.colcon_core.environment:checking '/root/ros2_frws/install/xarm_sdk' for CMake module files
[3.902s] Level 1:colcon.colcon_core.environment:checking '/root/ros2_frws/install/xarm_sdk' for CMake config files
[3.902s] Level 1:colcon.colcon_core.shell:create_environment_hook('xarm_sdk', 'cmake_prefix_path')
[3.918s] INFO:colcon.colcon_core.shell:Creating environment hook '/root/ros2_frws/install/xarm_sdk/share/xarm_sdk/hook/cmake_prefix_path.ps1'
[3.919s] INFO:colcon.colcon_core.shell:Creating environment descriptor '/root/ros2_frws/install/xarm_sdk/share/xarm_sdk/hook/cmake_prefix_path.dsv'
[3.919s] INFO:colcon.colcon_core.shell:Creating environment hook '/root/ros2_frws/install/xarm_sdk/share/xarm_sdk/hook/cmake_prefix_path.sh'
[3.919s] Level 1:colcon.colcon_core.environment:checking '/root/ros2_frws/install/xarm_sdk/lib'
[3.920s] Level 1:colcon.colcon_core.shell:create_environment_hook('xarm_sdk', 'ld_library_path_lib')
[3.934s] INFO:colcon.colcon_core.shell:Creating environment hook '/root/ros2_frws/install/xarm_sdk/share/xarm_sdk/hook/ld_library_path_lib.ps1'
[3.934s] INFO:colcon.colcon_core.shell:Creating environment descriptor '/root/ros2_frws/install/xarm_sdk/share/xarm_sdk/hook/ld_library_path_lib.dsv'
[3.935s] INFO:colcon.colcon_core.shell:Creating environment hook '/root/ros2_frws/install/xarm_sdk/share/xarm_sdk/hook/ld_library_path_lib.sh'
[3.935s] Level 1:colcon.colcon_core.environment:checking '/root/ros2_frws/install/xarm_sdk/bin'
[3.935s] Level 1:colcon.colcon_core.environment:checking '/root/ros2_frws/install/xarm_sdk/lib/pkgconfig/xarm_sdk.pc'
[3.935s] Level 1:colcon.colcon_core.environment:checking '/root/ros2_frws/install/xarm_sdk/lib/python3.10/site-packages'
[3.936s] Level 1:colcon.colcon_core.environment:checking '/root/ros2_frws/install/xarm_sdk/bin'
[3.954s] INFO:colcon.colcon_core.shell:Creating package script '/root/ros2_frws/install/xarm_sdk/share/xarm_sdk/package.ps1'
[3.954s] INFO:colcon.colcon_core.shell:Creating package descriptor '/root/ros2_frws/install/xarm_sdk/share/xarm_sdk/package.dsv'
[3.955s] INFO:colcon.colcon_core.shell:Creating package script '/root/ros2_frws/install/xarm_sdk/share/xarm_sdk/package.sh'
[3.955s] INFO:colcon.colcon_core.shell:Creating package script '/root/ros2_frws/install/xarm_sdk/share/xarm_sdk/package.bash'
[3.956s] INFO:colcon.colcon_core.shell:Creating package script '/root/ros2_frws/install/xarm_sdk/share/xarm_sdk/package.zsh'
[3.956s] Level 1:colcon.colcon_core.environment:create_file_with_runtime_dependencies(/root/ros2_frws/install/xarm_sdk/share/colcon-core/packages/xarm_sdk)
[3.970s] Level 1:colcon.colcon_core.environment:create_environment_scripts_only(realsense_gazebo_plugin)
[3.983s] Level 1:colcon.colcon_core.environment:checking '/root/ros2_frws/install/realsense_gazebo_plugin' for CMake module files
[3.984s] Level 1:colcon.colcon_core.environment:checking '/root/ros2_frws/install/realsense_gazebo_plugin' for CMake config files
[3.984s] Level 1:colcon.colcon_core.shell:create_environment_hook('realsense_gazebo_plugin', 'cmake_prefix_path')
[4.001s] INFO:colcon.colcon_core.shell:Creating environment hook '/root/ros2_frws/install/realsense_gazebo_plugin/share/realsense_gazebo_plugin/hook/cmake_prefix_path.ps1'
[4.002s] INFO:colcon.colcon_core.shell:Creating environment descriptor '/root/ros2_frws/install/realsense_gazebo_plugin/share/realsense_gazebo_plugin/hook/cmake_prefix_path.dsv'
[4.002s] INFO:colcon.colcon_core.shell:Creating environment hook '/root/ros2_frws/install/realsense_gazebo_plugin/share/realsense_gazebo_plugin/hook/cmake_prefix_path.sh'
[4.003s] Level 1:colcon.colcon_core.environment:checking '/root/ros2_frws/install/realsense_gazebo_plugin/lib'
[4.003s] Level 1:colcon.colcon_core.shell:create_environment_hook('realsense_gazebo_plugin', 'ld_library_path_lib')
[4.023s] INFO:colcon.colcon_core.shell:Creating environment hook '/root/ros2_frws/install/realsense_gazebo_plugin/share/realsense_gazebo_plugin/hook/ld_library_path_lib.ps1'
[4.024s] INFO:colcon.colcon_core.shell:Creating environment descriptor '/root/ros2_frws/install/realsense_gazebo_plugin/share/realsense_gazebo_plugin/hook/ld_library_path_lib.dsv'
[4.024s] INFO:colcon.colcon_core.shell:Creating environment hook '/root/ros2_frws/install/realsense_gazebo_plugin/share/realsense_gazebo_plugin/hook/ld_library_path_lib.sh'
[4.024s] Level 1:colcon.colcon_core.environment:checking '/root/ros2_frws/install/realsense_gazebo_plugin/bin'
[4.024s] Level 1:colcon.colcon_core.environment:checking '/root/ros2_frws/install/realsense_gazebo_plugin/lib/pkgconfig/realsense_gazebo_plugin.pc'
[4.025s] Level 1:colcon.colcon_core.environment:checking '/root/ros2_frws/install/realsense_gazebo_plugin/lib/python3.10/site-packages'
[4.025s] Level 1:colcon.colcon_core.environment:checking '/root/ros2_frws/install/realsense_gazebo_plugin/bin'
[4.042s] INFO:colcon.colcon_core.shell:Creating package script '/root/ros2_frws/install/realsense_gazebo_plugin/share/realsense_gazebo_plugin/package.ps1'
[4.043s] INFO:colcon.colcon_core.shell:Creating package descriptor '/root/ros2_frws/install/realsense_gazebo_plugin/share/realsense_gazebo_plugin/package.dsv'
[4.044s] INFO:colcon.colcon_core.shell:Creating package script '/root/ros2_frws/install/realsense_gazebo_plugin/share/realsense_gazebo_plugin/package.sh'
[4.044s] INFO:colcon.colcon_core.shell:Creating package script '/root/ros2_frws/install/realsense_gazebo_plugin/share/realsense_gazebo_plugin/package.bash'
[4.045s] INFO:colcon.colcon_core.shell:Creating package script '/root/ros2_frws/install/realsense_gazebo_plugin/share/realsense_gazebo_plugin/package.zsh'
[4.045s] Level 1:colcon.colcon_core.environment:create_file_with_runtime_dependencies(/root/ros2_frws/install/realsense_gazebo_plugin/share/colcon-core/packages/realsense_gazebo_plugin)
[5.049s] DEBUG:colcon.colcon_parallel_executor.executor.parallel:closing loop
[5.050s] DEBUG:colcon.colcon_parallel_executor.executor.parallel:loop closed
[5.050s] DEBUG:colcon.colcon_parallel_executor.executor.parallel:run_until_complete finished with '2'
[5.050s] DEBUG:colcon.colcon_core.event_reactor:joining thread
[5.073s] INFO:colcon.colcon_core.plugin_system:Skipping extension 'colcon_notification.desktop_notification.notify_send': Could not find 'notify-send'
[5.073s] INFO:colcon.colcon_core.plugin_system:Skipping extension 'colcon_notification.desktop_notification.terminal_notifier': Not used on non-Darwin systems
[5.073s] INFO:colcon.colcon_core.plugin_system:Skipping extension 'colcon_notification.desktop_notification.win32': Not used on non-Windows systems
[5.073s] INFO:colcon.colcon_notification.desktop_notification:Sending desktop notification using 'notify2'
[5.076s] DEBUG:colcon.colcon_notification.desktop_notification.notify2:Failed to initialize notify2: org.freedesktop.DBus.Error.Spawn.ExecFailed: /usr/bin/dbus-launch terminated abnormally without any error message
[5.076s] DEBUG:colcon.colcon_core.event_reactor:joined thread
[5.091s] INFO:colcon.colcon_core.shell:Creating prefix script '/root/ros2_frws/install/local_setup.ps1'
[5.093s] INFO:colcon.colcon_core.shell:Creating prefix util module '/root/ros2_frws/install/_local_setup_util_ps1.py'
[5.094s] INFO:colcon.colcon_core.shell:Creating prefix chain script '/root/ros2_frws/install/setup.ps1'
[5.109s] INFO:colcon.colcon_core.shell:Creating prefix script '/root/ros2_frws/install/local_setup.sh'
[5.109s] INFO:colcon.colcon_core.shell:Creating prefix util module '/root/ros2_frws/install/_local_setup_util_sh.py'
[5.110s] INFO:colcon.colcon_core.shell:Creating prefix chain script '/root/ros2_frws/install/setup.sh'
[5.126s] INFO:colcon.colcon_core.shell:Creating prefix script '/root/ros2_frws/install/local_setup.bash'
[5.127s] INFO:colcon.colcon_core.shell:Creating prefix chain script '/root/ros2_frws/install/setup.bash'
[5.144s] INFO:colcon.colcon_core.shell:Creating prefix script '/root/ros2_frws/install/local_setup.zsh'
[5.144s] INFO:colcon.colcon_core.shell:Creating prefix chain script '/root/ros2_frws/install/setup.zsh'
