[4.975s] Invoking command in '/root/ros2_frws/src/basic_comms_param': PYTHONPATH=/root/ros2_frws/build/basic_comms_param/prefix_override:/root/ros2_frws/install/basic_comms_param/lib/python3.10/site-packages:${PYTHONPATH} /usr/bin/python3 setup.py egg_info --egg-base ../../build/basic_comms_param build --build-base /root/ros2_frws/build/basic_comms_param/build install --record /root/ros2_frws/build/basic_comms_param/install.log --single-version-externally-managed
[5.531s] running egg_info
[5.567s] writing ../../build/basic_comms_param/basic_comms_param.egg-info/PKG-INFO
[5.568s] writing dependency_links to ../../build/basic_comms_param/basic_comms_param.egg-info/dependency_links.txt
[5.568s] writing entry points to ../../build/basic_comms_param/basic_comms_param.egg-info/entry_points.txt
[5.569s] writing requirements to ../../build/basic_comms_param/basic_comms_param.egg-info/requires.txt
[5.569s] writing top-level names to ../../build/basic_comms_param/basic_comms_param.egg-info/top_level.txt
[5.657s] reading manifest file '../../build/basic_comms_param/basic_comms_param.egg-info/SOURCES.txt'
[5.657s] adding license file 'LICENSE'
[5.659s] writing manifest file '../../build/basic_comms_param/basic_comms_param.egg-info/SOURCES.txt'
[5.661s] running build
[5.661s] running build_py
[5.662s] running install
[5.662s] /root/.local/lib/python3.10/site-packages/setuptools/_distutils/cmd.py:66: SetuptoolsDeprecationWarning: setup.py install is deprecated.
[5.663s] !!
[5.663s] 
[5.663s]         ********************************************************************************
[5.663s]         Please avoid running ``setup.py`` directly.
[5.663s]         Instead, use pypa/build, pypa/installer or other
[5.663s]         standards-based tools.
[5.663s] 
[5.663s]         See https://blog.ganssle.io/articles/2021/10/setup-py-deprecated.html for details.
[5.663s]         ********************************************************************************
[5.664s] 
[5.664s] !!
[5.664s]   self.initialize_options()
[5.678s] running install_lib
[5.714s] running install_data
[5.759s] running install_egg_info
[5.805s] removing '/root/ros2_frws/install/basic_comms_param/lib/python3.10/site-packages/basic_comms_param-0.0.0-py3.10.egg-info' (and everything under it)
[5.806s] Copying ../../build/basic_comms_param/basic_comms_param.egg-info to /root/ros2_frws/install/basic_comms_param/lib/python3.10/site-packages/basic_comms_param-0.0.0-py3.10.egg-info
[5.810s] running install_scripts
[6.254s] Installing talker_params script to /root/ros2_frws/install/basic_comms_param/lib/basic_comms_param
[6.254s] writing list of installed files to '/root/ros2_frws/build/basic_comms_param/install.log'
[6.472s] Invoked command in '/root/ros2_frws/src/basic_comms_param' returned '0': PYTHONPATH=/root/ros2_frws/build/basic_comms_param/prefix_override:/root/ros2_frws/install/basic_comms_param/lib/python3.10/site-packages:${PYTHONPATH} /usr/bin/python3 setup.py egg_info --egg-base ../../build/basic_comms_param build --build-base /root/ros2_frws/build/basic_comms_param/build install --record /root/ros2_frws/build/basic_comms_param/install.log --single-version-externally-managed
