[2.941s] Invoking command in '/root/ros2_frws/src/basic_comms': PYTHONPATH=/root/ros2_frws/build/basic_comms/prefix_override:/root/ros2_frws/install/basic_comms/lib/python3.10/site-packages:${PYTHONPATH} /usr/bin/python3 setup.py egg_info --egg-base ../../build/basic_comms build --build-base /root/ros2_frws/build/basic_comms/build install --record /root/ros2_frws/build/basic_comms/install.log --single-version-externally-managed
[3.347s] running egg_info
[3.368s] writing ../../build/basic_comms/basic_comms.egg-info/PKG-INFO
[3.368s] writing dependency_links to ../../build/basic_comms/basic_comms.egg-info/dependency_links.txt
[3.370s] writing entry points to ../../build/basic_comms/basic_comms.egg-info/entry_points.txt
[3.370s] writing requirements to ../../build/basic_comms/basic_comms.egg-info/requires.txt
[3.370s] writing top-level names to ../../build/basic_comms/basic_comms.egg-info/top_level.txt
[3.404s] reading manifest file '../../build/basic_comms/basic_comms.egg-info/SOURCES.txt'
[3.405s] writing manifest file '../../build/basic_comms/basic_comms.egg-info/SOURCES.txt'
[3.406s] running build
[3.406s] running build_py
[3.406s] running install
[3.408s] /root/.local/lib/python3.10/site-packages/setuptools/_distutils/cmd.py:66: SetuptoolsDeprecationWarning: setup.py install is deprecated.
[3.408s] !!
[3.408s] 
[3.409s]         ********************************************************************************
[3.409s]         Please avoid running ``setup.py`` directly.
[3.409s]         Instead, use pypa/build, pypa/installer or other
[3.410s]         standards-based tools.
[3.411s] 
[3.413s]         See https://blog.ganssle.io/articles/2021/10/setup-py-deprecated.html for details.
[3.413s]         ********************************************************************************
[3.414s] 
[3.414s] !!
[3.415s]   self.initialize_options()
[3.422s] running install_lib
[3.481s] running install_data
[3.537s] running install_egg_info
[3.560s] removing '/root/ros2_frws/install/basic_comms/lib/python3.10/site-packages/basic_comms-0.0.0-py3.10.egg-info' (and everything under it)
[3.561s] Copying ../../build/basic_comms/basic_comms.egg-info to /root/ros2_frws/install/basic_comms/lib/python3.10/site-packages/basic_comms-0.0.0-py3.10.egg-info
[3.561s] running install_scripts
[3.814s] Installing subscriber script to /root/ros2_frws/install/basic_comms/lib/basic_comms
[3.815s] Installing talker script to /root/ros2_frws/install/basic_comms/lib/basic_comms
[3.815s] writing list of installed files to '/root/ros2_frws/build/basic_comms/install.log'
[3.872s] Invoked command in '/root/ros2_frws/src/basic_comms' returned '0': PYTHONPATH=/root/ros2_frws/build/basic_comms/prefix_override:/root/ros2_frws/install/basic_comms/lib/python3.10/site-packages:${PYTHONPATH} /usr/bin/python3 setup.py egg_info --egg-base ../../build/basic_comms build --build-base /root/ros2_frws/build/basic_comms/build install --record /root/ros2_frws/build/basic_comms/install.log --single-version-externally-managed
