[0.047s] Invoking command in '/root/ros2_frws/build/xarm_gazebo': AMENT_PREFIX_PATH=/root/ros2_frws/install/xarm_controller:/root/ros2_frws/install/xarm_api:/root/ros2_frws/install/xarm_sdk:/root/ros2_frws/install/xarm_msgs:/root/ros2_frws/install/xarm_description:${AMENT_PREFIX_PATH} CMAKE_PREFIX_PATH=/root/ros2_frws/install/xarm_controller:/root/ros2_frws/install/xarm_api:/root/ros2_frws/install/xarm_sdk:/root/ros2_frws/install/xarm_msgs:/root/ros2_frws/install/xarm_description:/opt/ros/humble LD_LIBRARY_PATH=/root/ros2_frws/install/xarm_controller/lib:/root/ros2_frws/install/xarm_api/lib:/root/ros2_frws/install/xarm_sdk/lib:/root/ros2_frws/install/xarm_msgs/lib:${LD_LIBRARY_PATH} PYTHONPATH=/root/ros2_frws/install/xarm_msgs/local/lib/python3.10/dist-packages:${PYTHONPATH} /usr/bin/cmake /root/ros2_frws/src/xarm_ros2/xarm_gazebo -DCMAKE_INSTALL_PREFIX=/root/ros2_frws/install/xarm_gazebo
[0.087s] -- The C compiler identification is GNU 11.4.0
[0.127s] -- The CXX compiler identification is GNU 11.4.0
[0.134s] -- Detecting C compiler ABI info
[0.187s] -- Detecting C compiler ABI info - done
[0.192s] -- Check for working C compiler: /usr/bin/cc - skipped
[0.192s] -- Detecting C compile features
[0.192s] -- Detecting C compile features - done
[0.194s] -- Detecting CXX compiler ABI info
[0.248s] -- Detecting CXX compiler ABI info - done
[0.254s] -- Check for working CXX compiler: /usr/bin/c++ - skipped
[0.254s] -- Detecting CXX compile features
[0.255s] -- Detecting CXX compile features - done
[0.259s] -- Found ament_cmake: 1.3.5 (/opt/ros/humble/share/ament_cmake/cmake)
[0.547s] -- Found Python3: /usr/bin/python3.10 (found version "3.10.12") found components: Interpreter 
[0.625s] -- Found rclcpp: 16.0.6 (/opt/ros/humble/share/rclcpp/cmake)
[0.662s] -- Found rosidl_generator_c: 3.1.5 (/opt/ros/humble/share/rosidl_generator_c/cmake)
[0.666s] -- Found rosidl_adapter: 3.1.5 (/opt/ros/humble/share/rosidl_adapter/cmake)
[0.673s] -- Found rosidl_generator_cpp: 3.1.5 (/opt/ros/humble/share/rosidl_generator_cpp/cmake)
[0.687s] -- Using all available rosidl_typesupport_c: rosidl_typesupport_fastrtps_c;rosidl_typesupport_introspection_c
[0.703s] -- Using all available rosidl_typesupport_cpp: rosidl_typesupport_fastrtps_cpp;rosidl_typesupport_introspection_cpp
[0.758s] -- Found rmw_implementation_cmake: 6.1.1 (/opt/ros/humble/share/rmw_implementation_cmake/cmake)
[0.760s] -- Found rmw_fastrtps_cpp: 6.2.4 (/opt/ros/humble/share/rmw_fastrtps_cpp/cmake)
[0.842s] -- Found OpenSSL: /usr/lib/x86_64-linux-gnu/libcrypto.so (found version "3.0.2")  
[0.870s] -- Found FastRTPS: /opt/ros/humble/include  
[0.916s] -- Using RMW implementation 'rmw_fastrtps_cpp' as default
[0.926s] -- Looking for pthread.h
[0.982s] -- Looking for pthread.h - found
[0.983s] -- Performing Test CMAKE_HAVE_LIBC_PTHREAD
[1.040s] -- Performing Test CMAKE_HAVE_LIBC_PTHREAD - Success
[1.041s] -- Found Threads: TRUE  
[1.159s] -- Found control_toolbox: 3.2.0 (/opt/ros/humble/share/control_toolbox/cmake)
[1.579s] -- Found parameter_traits: 0.3.6 (/opt/ros/humble/share/parameter_traits/cmake)
[1.616s] -- Found rclcpp_lifecycle: 16.0.6 (/opt/ros/humble/share/rclcpp_lifecycle/cmake)
[1.680s] -- Found controller_manager: 2.39.1 (/opt/ros/humble/share/controller_manager/cmake)
[2.095s] -- Found gazebo_ros: 3.7.0 (/opt/ros/humble/share/gazebo_ros/cmake)
[2.110s] -- Found PkgConfig: /usr/bin/pkg-config (found version "0.29.2") 
[2.111s] -- Checking for module 'bullet>=2.82'
[2.120s] --   Found bullet, version 3.05
[2.210s] -- Found fcl: /usr/include (found suitable version "0.7.0", minimum required is "0.5.0") 
[2.253s] -- Found assimp: /usr/include (found version "5.2.0") 
[2.276s] -- Found DART: /usr/include (Required is at least version "6.6") found components: dart 
[2.313s] -- Found Boost: /usr/lib/x86_64-linux-gnu/cmake/Boost-1.74.0/BoostConfig.cmake (found suitable version "1.74.0", minimum required is "1.40.0") found components: thread system filesystem program_options regex iostreams date_time 
[2.334s] -- Found Protobuf: /usr/lib/x86_64-linux-gnu/libprotobuf.so (found version "3.12.4") 
[2.342s] -- Looking for ignition-math6 -- found version 6.15.0
[2.354s] -- Searching for dependencies of ignition-math6
[2.356s] -- Looking for OGRE...
[2.356s] -- OGRE_PREFIX_WATCH changed.
[2.361s] -- Checking for module 'OGRE'
[2.372s] --   Found OGRE, version 1.9.0
[2.402s] -- Found Ogre Ghadamon (1.9.0)
[2.406s] -- Found OGRE: optimized;/usr/lib/x86_64-linux-gnu/libOgreMain.so;debug;/usr/lib/x86_64-linux-gnu/libOgreMain.so
[2.414s] -- Looking for OGRE_Paging...
[2.418s] -- Found OGRE_Paging: optimized;/usr/lib/x86_64-linux-gnu/libOgrePaging.so;debug;/usr/lib/x86_64-linux-gnu/libOgrePaging.so
[2.418s] -- Looking for OGRE_Terrain...
[2.422s] -- Found OGRE_Terrain: optimized;/usr/lib/x86_64-linux-gnu/libOgreTerrain.so;debug;/usr/lib/x86_64-linux-gnu/libOgreTerrain.so
[2.422s] -- Looking for OGRE_Property...
[2.426s] -- Found OGRE_Property: optimized;/usr/lib/x86_64-linux-gnu/libOgreProperty.so;debug;/usr/lib/x86_64-linux-gnu/libOgreProperty.so
[2.426s] -- Looking for OGRE_RTShaderSystem...
[2.430s] -- Found OGRE_RTShaderSystem: optimized;/usr/lib/x86_64-linux-gnu/libOgreRTShaderSystem.so;debug;/usr/lib/x86_64-linux-gnu/libOgreRTShaderSystem.so
[2.430s] -- Looking for OGRE_Volume...
[2.435s] -- Found OGRE_Volume: optimized;/usr/lib/x86_64-linux-gnu/libOgreVolume.so;debug;/usr/lib/x86_64-linux-gnu/libOgreVolume.so
[2.435s] -- Looking for OGRE_Overlay...
[2.438s] -- Found OGRE_Overlay: optimized;/usr/lib/x86_64-linux-gnu/libOgreOverlay.so;debug;/usr/lib/x86_64-linux-gnu/libOgreOverlay.so
[2.510s] -- Looking for ignition-math6 -- found version 6.15.0
[2.514s] -- Looking for ignition-transport8 -- found version 8.2.1
[2.514s] -- Searching for dependencies of ignition-transport8
[2.531s] -- Found Protobuf: /usr/lib/x86_64-linux-gnu/libprotobuf.so (found suitable version "3.12.4", minimum required is "3") 
[2.543s] -- Config-file not installed for ZeroMQ -- checking for pkg-config
[2.548s] -- Checking for module 'libzmq >= 4'
[2.559s] --   Found libzmq , version 4.3.4
[2.589s] -- Found ZeroMQ: TRUE (Required is at least version "4") 
[2.594s] -- Checking for module 'uuid'
[2.605s] --   Found uuid, version 2.37.2
[2.630s] -- Found UUID: TRUE  
[2.632s] -- Looking for ignition-msgs5 -- found version 5.8.1
[2.633s] -- Searching for dependencies of ignition-msgs5
[2.651s] -- Looking for ignition-math6 -- found version 6.15.0
[2.655s] -- Checking for module 'tinyxml2'
[2.666s] --   Found tinyxml2, version 9.0.0
[2.696s] -- Looking for ignition-msgs5 -- found version 5.8.1
[2.700s] -- Looking for ignition-common3 -- found version 3.14.0
[2.700s] -- Searching for dependencies of ignition-common3
[2.701s] -- Looking for dlfcn.h - found
[2.702s] -- Looking for libdl - found
[2.703s] -- Found DL: TRUE  
[2.714s] -- Found tinyobjloader: /usr/lib/x86_64-linux-gnu/cmake/tinyobjloader/tinyobjloader-config.cmake (found version "2.0.0") 
[2.715s] -- Searching for <ignition-common3> component [graphics]
[2.718s] -- Looking for ignition-common3-graphics -- found version 3.14.0
[2.718s] -- Searching for dependencies of ignition-common3-graphics
[2.718s] -- Looking for ignition-math6 -- found version 6.15.0
[2.722s] -- Looking for ignition-fuel_tools4 -- found version 4.4.0
[2.722s] -- Searching for dependencies of ignition-fuel_tools4
[2.797s] -- Found CURL: /usr/lib/x86_64-linux-gnu/libcurl.so (found version "7.81.0")  
[2.807s] -- Checking for module 'jsoncpp'
[2.818s] --   Found jsoncpp, version 1.9.5
[2.843s] -- Found JSONCPP: TRUE  
[2.852s] -- Checking for module 'libzip'
[2.863s] --   Found libzip, version 1.7.3
[2.888s] -- Found ZIP: TRUE  
[2.888s] -- Looking for ignition-common3 -- found version 3.14.0
[2.888s] -- Looking for ignition-math6 -- found version 6.15.0
[2.888s] -- Looking for ignition-msgs5 -- found version 5.8.1
[2.896s] -- Gazebo version: 11.10
[2.897s] -- Checking for module 'tbb'
[2.909s] --   Found tbb, version 2021.5.0
[2.938s] -- Found ament_lint_auto: 0.12.8 (/opt/ros/humble/share/ament_lint_auto/cmake)
[3.215s] -- Added test 'copyright' to check source files copyright and LICENSE
[3.216s] -- Added test 'cppcheck' to perform static code analysis on C / C++ code
[3.216s] -- Configured cppcheck include dirs: /root/ros2_frws/src/xarm_ros2/xarm_gazebo/include
[3.216s] -- Configured cppcheck exclude dirs and/or files: 
[3.217s] -- Added test 'cpplint' to check C / C++ code against the Google style
[3.217s] -- Configured cpplint exclude dirs and/or files: 
[3.218s] -- Added test 'flake8' to check Python code syntax and style conventions
[3.218s] -- Added test 'lint_cmake' to check CMake code style
[3.219s] -- Added test 'pep257' to check Python code against some of the docstring style conventions in PEP 257
[3.220s] -- Added test 'uncrustify' to check C / C++ code style
[3.220s] -- Configured uncrustify additional arguments: 
[3.220s] -- Added test 'xmllint' to check XML markup files
[3.222s] -- Configuring done
[3.268s] -- Generating done
[3.271s] -- Build files have been written to: /root/ros2_frws/build/xarm_gazebo
[3.288s] Invoked command in '/root/ros2_frws/build/xarm_gazebo' returned '0': AMENT_PREFIX_PATH=/root/ros2_frws/install/xarm_controller:/root/ros2_frws/install/xarm_api:/root/ros2_frws/install/xarm_sdk:/root/ros2_frws/install/xarm_msgs:/root/ros2_frws/install/xarm_description:${AMENT_PREFIX_PATH} CMAKE_PREFIX_PATH=/root/ros2_frws/install/xarm_controller:/root/ros2_frws/install/xarm_api:/root/ros2_frws/install/xarm_sdk:/root/ros2_frws/install/xarm_msgs:/root/ros2_frws/install/xarm_description:/opt/ros/humble LD_LIBRARY_PATH=/root/ros2_frws/install/xarm_controller/lib:/root/ros2_frws/install/xarm_api/lib:/root/ros2_frws/install/xarm_sdk/lib:/root/ros2_frws/install/xarm_msgs/lib:${LD_LIBRARY_PATH} PYTHONPATH=/root/ros2_frws/install/xarm_msgs/local/lib/python3.10/dist-packages:${PYTHONPATH} /usr/bin/cmake /root/ros2_frws/src/xarm_ros2/xarm_gazebo -DCMAKE_INSTALL_PREFIX=/root/ros2_frws/install/xarm_gazebo
[3.290s] Invoking command in '/root/ros2_frws/build/xarm_gazebo': AMENT_PREFIX_PATH=/root/ros2_frws/install/xarm_controller:/root/ros2_frws/install/xarm_api:/root/ros2_frws/install/xarm_sdk:/root/ros2_frws/install/xarm_msgs:/root/ros2_frws/install/xarm_description:${AMENT_PREFIX_PATH} CMAKE_PREFIX_PATH=/root/ros2_frws/install/xarm_controller:/root/ros2_frws/install/xarm_api:/root/ros2_frws/install/xarm_sdk:/root/ros2_frws/install/xarm_msgs:/root/ros2_frws/install/xarm_description:/opt/ros/humble LD_LIBRARY_PATH=/root/ros2_frws/install/xarm_controller/lib:/root/ros2_frws/install/xarm_api/lib:/root/ros2_frws/install/xarm_sdk/lib:/root/ros2_frws/install/xarm_msgs/lib:${LD_LIBRARY_PATH} PYTHONPATH=/root/ros2_frws/install/xarm_msgs/local/lib/python3.10/dist-packages:${PYTHONPATH} /usr/bin/cmake --build /root/ros2_frws/build/xarm_gazebo -- -j16 -l16
[3.338s] [ 50%] [32mBuilding CXX object CMakeFiles/gazebo_mimic_joint_plugin.dir/src/mimic_joint_plugin.cpp.o[0m
[15.763s] [100%] [32m[1mLinking CXX shared library libgazebo_mimic_joint_plugin.so[0m
[16.207s] [100%] Built target gazebo_mimic_joint_plugin
[16.218s] Invoked command in '/root/ros2_frws/build/xarm_gazebo' returned '0': AMENT_PREFIX_PATH=/root/ros2_frws/install/xarm_controller:/root/ros2_frws/install/xarm_api:/root/ros2_frws/install/xarm_sdk:/root/ros2_frws/install/xarm_msgs:/root/ros2_frws/install/xarm_description:${AMENT_PREFIX_PATH} CMAKE_PREFIX_PATH=/root/ros2_frws/install/xarm_controller:/root/ros2_frws/install/xarm_api:/root/ros2_frws/install/xarm_sdk:/root/ros2_frws/install/xarm_msgs:/root/ros2_frws/install/xarm_description:/opt/ros/humble LD_LIBRARY_PATH=/root/ros2_frws/install/xarm_controller/lib:/root/ros2_frws/install/xarm_api/lib:/root/ros2_frws/install/xarm_sdk/lib:/root/ros2_frws/install/xarm_msgs/lib:${LD_LIBRARY_PATH} PYTHONPATH=/root/ros2_frws/install/xarm_msgs/local/lib/python3.10/dist-packages:${PYTHONPATH} /usr/bin/cmake --build /root/ros2_frws/build/xarm_gazebo -- -j16 -l16
[16.236s] Invoking command in '/root/ros2_frws/build/xarm_gazebo': AMENT_PREFIX_PATH=/root/ros2_frws/install/xarm_controller:/root/ros2_frws/install/xarm_api:/root/ros2_frws/install/xarm_sdk:/root/ros2_frws/install/xarm_msgs:/root/ros2_frws/install/xarm_description:${AMENT_PREFIX_PATH} CMAKE_PREFIX_PATH=/root/ros2_frws/install/xarm_controller:/root/ros2_frws/install/xarm_api:/root/ros2_frws/install/xarm_sdk:/root/ros2_frws/install/xarm_msgs:/root/ros2_frws/install/xarm_description:/opt/ros/humble LD_LIBRARY_PATH=/root/ros2_frws/install/xarm_controller/lib:/root/ros2_frws/install/xarm_api/lib:/root/ros2_frws/install/xarm_sdk/lib:/root/ros2_frws/install/xarm_msgs/lib:${LD_LIBRARY_PATH} PYTHONPATH=/root/ros2_frws/install/xarm_msgs/local/lib/python3.10/dist-packages:${PYTHONPATH} /usr/bin/cmake --install /root/ros2_frws/build/xarm_gazebo
[16.243s] -- Install configuration: ""
[16.243s] -- Installing: /root/ros2_frws/install/xarm_gazebo/include
[16.243s] -- Installing: /root/ros2_frws/install/xarm_gazebo/include/xarm_gazebo
[16.243s] -- Installing: /root/ros2_frws/install/xarm_gazebo/include/xarm_gazebo/mimic_joint_plugin.h
[16.243s] -- Installing: /root/ros2_frws/install/xarm_gazebo/lib/libgazebo_mimic_joint_plugin.so
[16.247s] -- Set runtime path of "/root/ros2_frws/install/xarm_gazebo/lib/libgazebo_mimic_joint_plugin.so" to ""
[16.247s] -- Installing: /root/ros2_frws/install/xarm_gazebo/share/xarm_gazebo//worlds
[16.248s] -- Installing: /root/ros2_frws/install/xarm_gazebo/share/xarm_gazebo//worlds/table.world
[16.249s] -- Installing: /root/ros2_frws/install/xarm_gazebo/share/xarm_gazebo//launch
[16.249s] -- Installing: /root/ros2_frws/install/xarm_gazebo/share/xarm_gazebo//launch/xarm7_mirror_beside_table_gazebo.launch.py
[16.250s] -- Installing: /root/ros2_frws/install/xarm_gazebo/share/xarm_gazebo//launch/_dual_robot_beside_table_gazebo.launch.py
[16.250s] -- Installing: /root/ros2_frws/install/xarm_gazebo/share/xarm_gazebo//launch/uf850_beside_table_gazebo.launch.py
[16.250s] -- Installing: /root/ros2_frws/install/xarm_gazebo/share/xarm_gazebo//launch/xarm5_beside_table_gazebo.launch.py
[16.250s] -- Installing: /root/ros2_frws/install/xarm_gazebo/share/xarm_gazebo//launch/lite6_beside_table_gazebo.launch.py
[16.250s] -- Installing: /root/ros2_frws/install/xarm_gazebo/share/xarm_gazebo//launch/xarm7_beside_table_gazebo.launch.py
[16.250s] -- Installing: /root/ros2_frws/install/xarm_gazebo/share/xarm_gazebo//launch/xarm6_beside_table_gazebo.launch.py
[16.250s] -- Installing: /root/ros2_frws/install/xarm_gazebo/share/xarm_gazebo//launch/_robot_beside_table_gazebo.launch.py
[16.251s] -- Installing: /root/ros2_frws/install/xarm_gazebo/share/ament_index/resource_index/package_run_dependencies/xarm_gazebo
[16.252s] -- Installing: /root/ros2_frws/install/xarm_gazebo/share/ament_index/resource_index/parent_prefix_path/xarm_gazebo
[16.252s] -- Installing: /root/ros2_frws/install/xarm_gazebo/share/xarm_gazebo/environment/ament_prefix_path.sh
[16.252s] -- Installing: /root/ros2_frws/install/xarm_gazebo/share/xarm_gazebo/environment/ament_prefix_path.dsv
[16.252s] -- Installing: /root/ros2_frws/install/xarm_gazebo/share/xarm_gazebo/environment/path.sh
[16.253s] -- Installing: /root/ros2_frws/install/xarm_gazebo/share/xarm_gazebo/environment/path.dsv
[16.253s] -- Installing: /root/ros2_frws/install/xarm_gazebo/share/xarm_gazebo/local_setup.bash
[16.253s] -- Installing: /root/ros2_frws/install/xarm_gazebo/share/xarm_gazebo/local_setup.sh
[16.253s] -- Installing: /root/ros2_frws/install/xarm_gazebo/share/xarm_gazebo/local_setup.zsh
[16.253s] -- Installing: /root/ros2_frws/install/xarm_gazebo/share/xarm_gazebo/local_setup.dsv
[16.253s] -- Installing: /root/ros2_frws/install/xarm_gazebo/share/xarm_gazebo/package.dsv
[16.254s] -- Installing: /root/ros2_frws/install/xarm_gazebo/share/ament_index/resource_index/packages/xarm_gazebo
[16.254s] -- Installing: /root/ros2_frws/install/xarm_gazebo/share/xarm_gazebo/cmake/xarm_gazeboConfig.cmake
[16.254s] -- Installing: /root/ros2_frws/install/xarm_gazebo/share/xarm_gazebo/cmake/xarm_gazeboConfig-version.cmake
[16.254s] -- Installing: /root/ros2_frws/install/xarm_gazebo/share/xarm_gazebo/package.xml
[16.256s] Invoked command in '/root/ros2_frws/build/xarm_gazebo' returned '0': AMENT_PREFIX_PATH=/root/ros2_frws/install/xarm_controller:/root/ros2_frws/install/xarm_api:/root/ros2_frws/install/xarm_sdk:/root/ros2_frws/install/xarm_msgs:/root/ros2_frws/install/xarm_description:${AMENT_PREFIX_PATH} CMAKE_PREFIX_PATH=/root/ros2_frws/install/xarm_controller:/root/ros2_frws/install/xarm_api:/root/ros2_frws/install/xarm_sdk:/root/ros2_frws/install/xarm_msgs:/root/ros2_frws/install/xarm_description:/opt/ros/humble LD_LIBRARY_PATH=/root/ros2_frws/install/xarm_controller/lib:/root/ros2_frws/install/xarm_api/lib:/root/ros2_frws/install/xarm_sdk/lib:/root/ros2_frws/install/xarm_msgs/lib:${LD_LIBRARY_PATH} PYTHONPATH=/root/ros2_frws/install/xarm_msgs/local/lib/python3.10/dist-packages:${PYTHONPATH} /usr/bin/cmake --install /root/ros2_frws/build/xarm_gazebo
