[3.350s] Invoking command in '/root/ros2_frws/src/basic_comms': PYTHONPATH=/root/ros2_frws/build/basic_comms/prefix_override:/root/ros2_frws/install/basic_comms/lib/python3.10/site-packages:${PYTHONPATH} /usr/bin/python3 setup.py egg_info --egg-base ../../build/basic_comms build --build-base /root/ros2_frws/build/basic_comms/build install --record /root/ros2_frws/build/basic_comms/install.log --single-version-externally-managed
[3.744s] running egg_info
[3.771s] writing ../../build/basic_comms/basic_comms.egg-info/PKG-INFO
[3.771s] writing dependency_links to ../../build/basic_comms/basic_comms.egg-info/dependency_links.txt
[3.772s] writing entry points to ../../build/basic_comms/basic_comms.egg-info/entry_points.txt
[3.772s] writing requirements to ../../build/basic_comms/basic_comms.egg-info/requires.txt
[3.772s] writing top-level names to ../../build/basic_comms/basic_comms.egg-info/top_level.txt
[3.820s] reading manifest file '../../build/basic_comms/basic_comms.egg-info/SOURCES.txt'
[3.821s] writing manifest file '../../build/basic_comms/basic_comms.egg-info/SOURCES.txt'
[3.822s] running build
[3.822s] running build_py
[3.823s] running install
[3.824s] /root/.local/lib/python3.10/site-packages/setuptools/_distutils/cmd.py:66: SetuptoolsDeprecationWarning: setup.py install is deprecated.
[3.825s] !!
[3.825s] 
[3.825s]         ********************************************************************************
[3.825s]         Please avoid running ``setup.py`` directly.
[3.826s]         Instead, use pypa/build, pypa/installer or other
[3.826s]         standards-based tools.
[3.826s] 
[3.826s]         See https://blog.ganssle.io/articles/2021/10/setup-py-deprecated.html for details.
[3.826s]         ********************************************************************************
[3.826s] 
[3.827s] !!
[3.827s]   self.initialize_options()
[3.835s] running install_lib
[3.859s] running install_data
[3.882s] running install_egg_info
[3.913s] removing '/root/ros2_frws/install/basic_comms/lib/python3.10/site-packages/basic_comms-0.0.0-py3.10.egg-info' (and everything under it)
[3.914s] Copying ../../build/basic_comms/basic_comms.egg-info to /root/ros2_frws/install/basic_comms/lib/python3.10/site-packages/basic_comms-0.0.0-py3.10.egg-info
[3.917s] running install_scripts
[4.202s] Installing subscriber script to /root/ros2_frws/install/basic_comms/lib/basic_comms
[4.203s] Installing talker script to /root/ros2_frws/install/basic_comms/lib/basic_comms
[4.205s] writing list of installed files to '/root/ros2_frws/build/basic_comms/install.log'
[4.416s] Invoked command in '/root/ros2_frws/src/basic_comms' returned '0': PYTHONPATH=/root/ros2_frws/build/basic_comms/prefix_override:/root/ros2_frws/install/basic_comms/lib/python3.10/site-packages:${PYTHONPATH} /usr/bin/python3 setup.py egg_info --egg-base ../../build/basic_comms build --build-base /root/ros2_frws/build/basic_comms/build install --record /root/ros2_frws/build/basic_comms/install.log --single-version-externally-managed
