[1.898s] Invoking command in '/root/ros2_frws/src/course_works': PYTHONPATH=/root/ros2_frws/build/course_works/prefix_override:/root/ros2_frws/install/course_works/lib/python3.10/site-packages:${PYTHONPATH} /usr/bin/python3 setup.py egg_info --egg-base ../../build/course_works build --build-base /root/ros2_frws/build/course_works/build install --record /root/ros2_frws/build/course_works/install.log --single-version-externally-managed
[2.218s] /root/.local/lib/python3.10/site-packages/setuptools/_distutils/cmd.py:66: SetuptoolsDeprecationWarning: setup.py install is deprecated.
[2.218s] !!
[2.218s] 
[2.218s]         ********************************************************************************
[2.219s]         Please avoid running ``setup.py`` directly.
[2.219s]         Instead, use pypa/build, pypa/installer or other
[2.219s]         standards-based tools.
[2.219s] 
[2.219s]         See https://blog.ganssle.io/articles/2021/10/setup-py-deprecated.html for details.
[2.220s]         ********************************************************************************
[2.220s] 
[2.220s] !!
[2.220s]   self.initialize_options()
[2.220s] running egg_info
[2.221s] writing ../../build/course_works/course_works.egg-info/PKG-INFO
[2.221s] writing dependency_links to ../../build/course_works/course_works.egg-info/dependency_links.txt
[2.221s] writing entry points to ../../build/course_works/course_works.egg-info/entry_points.txt
[2.221s] writing requirements to ../../build/course_works/course_works.egg-info/requires.txt
[2.221s] writing top-level names to ../../build/course_works/course_works.egg-info/top_level.txt
[2.222s] reading manifest file '../../build/course_works/course_works.egg-info/SOURCES.txt'
[2.222s] adding license file 'LICENSE'
[2.222s] writing manifest file '../../build/course_works/course_works.egg-info/SOURCES.txt'
[2.222s] running build
[2.223s] running build_py
[2.223s] running install
[2.223s] running install_lib
[2.244s] running install_data
[2.258s] running install_egg_info
[2.275s] removing '/root/ros2_frws/install/course_works/lib/python3.10/site-packages/course_works-0.0.0-py3.10.egg-info' (and everything under it)
[2.275s] Copying ../../build/course_works/course_works.egg-info to /root/ros2_frws/install/course_works/lib/python3.10/site-packages/course_works-0.0.0-py3.10.egg-info
[2.276s] running install_scripts
[2.460s] Installing process_node script to /root/ros2_frws/install/course_works/lib/course_works
[2.460s] Installing signal_generator script to /root/ros2_frws/install/course_works/lib/course_works
[2.460s] writing list of installed files to '/root/ros2_frws/build/course_works/install.log'
[2.642s] Invoked command in '/root/ros2_frws/src/course_works' returned '0': PYTHONPATH=/root/ros2_frws/build/course_works/prefix_override:/root/ros2_frws/install/course_works/lib/python3.10/site-packages:${PYTHONPATH} /usr/bin/python3 setup.py egg_info --egg-base ../../build/course_works build --build-base /root/ros2_frws/build/course_works/build install --record /root/ros2_frws/build/course_works/install.log --single-version-externally-managed
