[0.108s] Invoking command in '/root/ros2_frws/build/xarm_moveit_servo': CMAKE_PREFIX_PATH=/root/ros2_frws/install/xarm_moveit_config:/root/ros2_frws/install/xarm_gazebo:/root/ros2_frws/install/xarm_controller:/root/ros2_frws/install/xarm_api:/root/ros2_frws/install/xarm_sdk:/root/ros2_frws/install/xarm_msgs:/root/ros2_frws/install/xarm_description:/root/ros2_frws/install/xarm_planner:/root/ros2_frws/install/xarm_moveit_servo:/root/ros2_frws/install/realsense_gazebo_plugin:/root/ros2_frws/install/my_msg_interfaces:/root/ros2_frws/install/challenge_2:/root/ros2_frws/install/course_works:/root/ros2_frws/install/basic_comms_param:/root/ros2_frws/install/basic_comms:/opt/ros/humble LD_LIBRARY_PATH=/root/ros2_frws/install/xarm_gazebo/lib:/root/ros2_frws/install/xarm_controller/lib:/root/ros2_frws/install/xarm_api/lib:/root/ros2_frws/install/xarm_sdk/lib:/root/ros2_frws/install/xarm_msgs/lib:/root/ros2_frws/install/xarm_planner/lib:/root/ros2_frws/install/xarm_moveit_servo/lib:/root/ros2_frws/install/realsense_gazebo_plugin/lib:/root/ros2_frws/install/my_msg_interfaces/lib:/usr/lib/x86_64-linux-gnu/gazebo-11/plugins:/opt/ros/humble/opt/rviz_ogre_vendor/lib:/opt/ros/humble/lib/x86_64-linux-gnu:/opt/ros/humble/lib /usr/bin/cmake --build /root/ros2_frws/build/xarm_moveit_servo -- -j16 -l16
[0.158s] [100%] Built target xarm_keyboard_input
[0.158s] [100%] Built target xarm_joystick_input
[0.169s] Invoked command in '/root/ros2_frws/build/xarm_moveit_servo' returned '0': CMAKE_PREFIX_PATH=/root/ros2_frws/install/xarm_moveit_config:/root/ros2_frws/install/xarm_gazebo:/root/ros2_frws/install/xarm_controller:/root/ros2_frws/install/xarm_api:/root/ros2_frws/install/xarm_sdk:/root/ros2_frws/install/xarm_msgs:/root/ros2_frws/install/xarm_description:/root/ros2_frws/install/xarm_planner:/root/ros2_frws/install/xarm_moveit_servo:/root/ros2_frws/install/realsense_gazebo_plugin:/root/ros2_frws/install/my_msg_interfaces:/root/ros2_frws/install/challenge_2:/root/ros2_frws/install/course_works:/root/ros2_frws/install/basic_comms_param:/root/ros2_frws/install/basic_comms:/opt/ros/humble LD_LIBRARY_PATH=/root/ros2_frws/install/xarm_gazebo/lib:/root/ros2_frws/install/xarm_controller/lib:/root/ros2_frws/install/xarm_api/lib:/root/ros2_frws/install/xarm_sdk/lib:/root/ros2_frws/install/xarm_msgs/lib:/root/ros2_frws/install/xarm_planner/lib:/root/ros2_frws/install/xarm_moveit_servo/lib:/root/ros2_frws/install/realsense_gazebo_plugin/lib:/root/ros2_frws/install/my_msg_interfaces/lib:/usr/lib/x86_64-linux-gnu/gazebo-11/plugins:/opt/ros/humble/opt/rviz_ogre_vendor/lib:/opt/ros/humble/lib/x86_64-linux-gnu:/opt/ros/humble/lib /usr/bin/cmake --build /root/ros2_frws/build/xarm_moveit_servo -- -j16 -l16
[0.200s] Invoking command in '/root/ros2_frws/build/xarm_moveit_servo': CMAKE_PREFIX_PATH=/root/ros2_frws/install/xarm_moveit_config:/root/ros2_frws/install/xarm_gazebo:/root/ros2_frws/install/xarm_controller:/root/ros2_frws/install/xarm_api:/root/ros2_frws/install/xarm_sdk:/root/ros2_frws/install/xarm_msgs:/root/ros2_frws/install/xarm_description:/root/ros2_frws/install/xarm_planner:/root/ros2_frws/install/xarm_moveit_servo:/root/ros2_frws/install/realsense_gazebo_plugin:/root/ros2_frws/install/my_msg_interfaces:/root/ros2_frws/install/challenge_2:/root/ros2_frws/install/course_works:/root/ros2_frws/install/basic_comms_param:/root/ros2_frws/install/basic_comms:/opt/ros/humble LD_LIBRARY_PATH=/root/ros2_frws/install/xarm_gazebo/lib:/root/ros2_frws/install/xarm_controller/lib:/root/ros2_frws/install/xarm_api/lib:/root/ros2_frws/install/xarm_sdk/lib:/root/ros2_frws/install/xarm_msgs/lib:/root/ros2_frws/install/xarm_planner/lib:/root/ros2_frws/install/xarm_moveit_servo/lib:/root/ros2_frws/install/realsense_gazebo_plugin/lib:/root/ros2_frws/install/my_msg_interfaces/lib:/usr/lib/x86_64-linux-gnu/gazebo-11/plugins:/opt/ros/humble/opt/rviz_ogre_vendor/lib:/opt/ros/humble/lib/x86_64-linux-gnu:/opt/ros/humble/lib /usr/bin/cmake --install /root/ros2_frws/build/xarm_moveit_servo
[0.204s] -- Install configuration: ""
[0.205s] -- Up-to-date: /root/ros2_frws/install/xarm_moveit_servo/lib/libxarm_joystick_input.so
[0.205s] -- Up-to-date: /root/ros2_frws/install/xarm_moveit_servo/lib/xarm_moveit_servo/xarm_keyboard_input
[0.205s] -- Up-to-date: /root/ros2_frws/install/xarm_moveit_servo/share/xarm_moveit_servo//config
[0.205s] -- Up-to-date: /root/ros2_frws/install/xarm_moveit_servo/share/xarm_moveit_servo//config/xarm_moveit_servo_config.yaml
[0.206s] -- Up-to-date: /root/ros2_frws/install/xarm_moveit_servo/share/xarm_moveit_servo//launch
[0.206s] -- Up-to-date: /root/ros2_frws/install/xarm_moveit_servo/share/xarm_moveit_servo//launch/lite6_moveit_servo_realmove.launch.py
[0.206s] -- Up-to-date: /root/ros2_frws/install/xarm_moveit_servo/share/xarm_moveit_servo//launch/uf850_moveit_servo_realmove.launch.py
[0.206s] -- Up-to-date: /root/ros2_frws/install/xarm_moveit_servo/share/xarm_moveit_servo//launch/xarm_moveit_servo_fake.launch.py
[0.206s] -- Up-to-date: /root/ros2_frws/install/xarm_moveit_servo/share/xarm_moveit_servo//launch/_robot_moveit_servo.launch.py
[0.206s] -- Up-to-date: /root/ros2_frws/install/xarm_moveit_servo/share/xarm_moveit_servo//launch/lite6_moveit_servo_fake.launch.py
[0.206s] -- Up-to-date: /root/ros2_frws/install/xarm_moveit_servo/share/xarm_moveit_servo//launch/xarm_moveit_servo_realmove.launch.py
[0.206s] -- Up-to-date: /root/ros2_frws/install/xarm_moveit_servo/share/xarm_moveit_servo//launch/uf850_moveit_servo_fake.launch.py
[0.206s] -- Up-to-date: /root/ros2_frws/install/xarm_moveit_servo/share/xarm_moveit_servo//rviz
[0.206s] -- Up-to-date: /root/ros2_frws/install/xarm_moveit_servo/share/xarm_moveit_servo//rviz/servo.rviz
[0.206s] -- Up-to-date: /root/ros2_frws/install/xarm_moveit_servo/share/ament_index/resource_index/package_run_dependencies/xarm_moveit_servo
[0.207s] -- Up-to-date: /root/ros2_frws/install/xarm_moveit_servo/share/ament_index/resource_index/parent_prefix_path/xarm_moveit_servo
[0.207s] -- Up-to-date: /root/ros2_frws/install/xarm_moveit_servo/share/xarm_moveit_servo/environment/ament_prefix_path.sh
[0.208s] -- Up-to-date: /root/ros2_frws/install/xarm_moveit_servo/share/xarm_moveit_servo/environment/ament_prefix_path.dsv
[0.208s] -- Up-to-date: /root/ros2_frws/install/xarm_moveit_servo/share/xarm_moveit_servo/environment/path.sh
[0.209s] -- Up-to-date: /root/ros2_frws/install/xarm_moveit_servo/share/xarm_moveit_servo/environment/path.dsv
[0.209s] -- Up-to-date: /root/ros2_frws/install/xarm_moveit_servo/share/xarm_moveit_servo/local_setup.bash
[0.209s] -- Up-to-date: /root/ros2_frws/install/xarm_moveit_servo/share/xarm_moveit_servo/local_setup.sh
[0.209s] -- Up-to-date: /root/ros2_frws/install/xarm_moveit_servo/share/xarm_moveit_servo/local_setup.zsh
[0.209s] -- Up-to-date: /root/ros2_frws/install/xarm_moveit_servo/share/xarm_moveit_servo/local_setup.dsv
[0.209s] -- Installing: /root/ros2_frws/install/xarm_moveit_servo/share/xarm_moveit_servo/package.dsv
[0.209s] -- Up-to-date: /root/ros2_frws/install/xarm_moveit_servo/share/ament_index/resource_index/packages/xarm_moveit_servo
[0.209s] -- Up-to-date: /root/ros2_frws/install/xarm_moveit_servo/share/ament_index/resource_index/rclcpp_components/xarm_moveit_servo
[0.209s] -- Up-to-date: /root/ros2_frws/install/xarm_moveit_servo/share/xarm_moveit_servo/cmake/xarm_moveit_servoConfig.cmake
[0.210s] -- Up-to-date: /root/ros2_frws/install/xarm_moveit_servo/share/xarm_moveit_servo/cmake/xarm_moveit_servoConfig-version.cmake
[0.210s] -- Up-to-date: /root/ros2_frws/install/xarm_moveit_servo/share/xarm_moveit_servo/package.xml
[0.210s] Invoked command in '/root/ros2_frws/build/xarm_moveit_servo' returned '0': CMAKE_PREFIX_PATH=/root/ros2_frws/install/xarm_moveit_config:/root/ros2_frws/install/xarm_gazebo:/root/ros2_frws/install/xarm_controller:/root/ros2_frws/install/xarm_api:/root/ros2_frws/install/xarm_sdk:/root/ros2_frws/install/xarm_msgs:/root/ros2_frws/install/xarm_description:/root/ros2_frws/install/xarm_planner:/root/ros2_frws/install/xarm_moveit_servo:/root/ros2_frws/install/realsense_gazebo_plugin:/root/ros2_frws/install/my_msg_interfaces:/root/ros2_frws/install/challenge_2:/root/ros2_frws/install/course_works:/root/ros2_frws/install/basic_comms_param:/root/ros2_frws/install/basic_comms:/opt/ros/humble LD_LIBRARY_PATH=/root/ros2_frws/install/xarm_gazebo/lib:/root/ros2_frws/install/xarm_controller/lib:/root/ros2_frws/install/xarm_api/lib:/root/ros2_frws/install/xarm_sdk/lib:/root/ros2_frws/install/xarm_msgs/lib:/root/ros2_frws/install/xarm_planner/lib:/root/ros2_frws/install/xarm_moveit_servo/lib:/root/ros2_frws/install/realsense_gazebo_plugin/lib:/root/ros2_frws/install/my_msg_interfaces/lib:/usr/lib/x86_64-linux-gnu/gazebo-11/plugins:/opt/ros/humble/opt/rviz_ogre_vendor/lib:/opt/ros/humble/lib/x86_64-linux-gnu:/opt/ros/humble/lib /usr/bin/cmake --install /root/ros2_frws/build/xarm_moveit_servo
