[2.712s] Invoking command in '/root/ros2_frws/src/basic_comms': PYTHONPATH=/root/ros2_frws/build/basic_comms/prefix_override:/root/ros2_frws/install/basic_comms/lib/python3.10/site-packages:${PYTHONPATH} /usr/bin/python3 setup.py egg_info --egg-base ../../build/basic_comms build --build-base /root/ros2_frws/build/basic_comms/build install --record /root/ros2_frws/build/basic_comms/install.log --single-version-externally-managed
[3.022s] running egg_info
[3.045s] writing ../../build/basic_comms/basic_comms.egg-info/PKG-INFO
[3.045s] writing dependency_links to ../../build/basic_comms/basic_comms.egg-info/dependency_links.txt
[3.046s] writing entry points to ../../build/basic_comms/basic_comms.egg-info/entry_points.txt
[3.046s] writing requirements to ../../build/basic_comms/basic_comms.egg-info/requires.txt
[3.046s] writing top-level names to ../../build/basic_comms/basic_comms.egg-info/top_level.txt
[3.085s] reading manifest file '../../build/basic_comms/basic_comms.egg-info/SOURCES.txt'
[3.086s] writing manifest file '../../build/basic_comms/basic_comms.egg-info/SOURCES.txt'
[3.087s] running build
[3.087s] running build_py
[3.087s] running install
[3.088s] /root/.local/lib/python3.10/site-packages/setuptools/_distutils/cmd.py:66: SetuptoolsDeprecationWarning: setup.py install is deprecated.
[3.088s] !!
[3.088s] 
[3.088s]         ********************************************************************************
[3.088s]         Please avoid running ``setup.py`` directly.
[3.088s]         Instead, use pypa/build, pypa/installer or other
[3.088s]         standards-based tools.
[3.088s] 
[3.088s]         See https://blog.ganssle.io/articles/2021/10/setup-py-deprecated.html for details.
[3.088s]         ********************************************************************************
[3.088s] 
[3.088s] !!
[3.088s]   self.initialize_options()
[3.098s] running install_lib
[3.130s] running install_data
[3.153s] running install_egg_info
[3.179s] removing '/root/ros2_frws/install/basic_comms/lib/python3.10/site-packages/basic_comms-0.0.0-py3.10.egg-info' (and everything under it)
[3.179s] Copying ../../build/basic_comms/basic_comms.egg-info to /root/ros2_frws/install/basic_comms/lib/python3.10/site-packages/basic_comms-0.0.0-py3.10.egg-info
[3.180s] running install_scripts
[3.385s] Installing subscriber script to /root/ros2_frws/install/basic_comms/lib/basic_comms
[3.401s] Installing talker script to /root/ros2_frws/install/basic_comms/lib/basic_comms
[3.402s] writing list of installed files to '/root/ros2_frws/build/basic_comms/install.log'
[3.506s] Invoked command in '/root/ros2_frws/src/basic_comms' returned '0': PYTHONPATH=/root/ros2_frws/build/basic_comms/prefix_override:/root/ros2_frws/install/basic_comms/lib/python3.10/site-packages:${PYTHONPATH} /usr/bin/python3 setup.py egg_info --egg-base ../../build/basic_comms build --build-base /root/ros2_frws/build/basic_comms/build install --record /root/ros2_frws/build/basic_comms/install.log --single-version-externally-managed
