[1.498s] Invoking command in '/root/ros2_frws/src/basic_comms_param': PYTHONPATH=/root/ros2_frws/build/basic_comms_param/prefix_override:/root/ros2_frws/install/basic_comms_param/lib/python3.10/site-packages:${PYTHONPATH} /usr/bin/python3 setup.py egg_info --egg-base ../../build/basic_comms_param build --build-base /root/ros2_frws/build/basic_comms_param/build install --record /root/ros2_frws/build/basic_comms_param/install.log --single-version-externally-managed
[1.671s] running egg_info
[1.672s] creating ../../build/basic_comms_param/basic_comms_param.egg-info
[1.684s] writing ../../build/basic_comms_param/basic_comms_param.egg-info/PKG-INFO
[1.687s] writing dependency_links to ../../build/basic_comms_param/basic_comms_param.egg-info/dependency_links.txt
[1.688s] writing entry points to ../../build/basic_comms_param/basic_comms_param.egg-info/entry_points.txt
[1.688s] writing requirements to ../../build/basic_comms_param/basic_comms_param.egg-info/requires.txt
[1.689s] writing top-level names to ../../build/basic_comms_param/basic_comms_param.egg-info/top_level.txt
[1.690s] writing manifest file '../../build/basic_comms_param/basic_comms_param.egg-info/SOURCES.txt'
[1.712s] reading manifest file '../../build/basic_comms_param/basic_comms_param.egg-info/SOURCES.txt'
[1.712s] adding license file 'LICENSE'
[1.712s] writing manifest file '../../build/basic_comms_param/basic_comms_param.egg-info/SOURCES.txt'
[1.713s] running build
[1.713s] running build_py
[1.713s] creating /root/ros2_frws/build/basic_comms_param/build
[1.713s] creating /root/ros2_frws/build/basic_comms_param/build/lib
[1.713s] creating /root/ros2_frws/build/basic_comms_param/build/lib/basic_comms_param
[1.714s] copying basic_comms_param/__init__.py -> /root/ros2_frws/build/basic_comms_param/build/lib/basic_comms_param
[1.714s] copying basic_comms_param/talker_params.py -> /root/ros2_frws/build/basic_comms_param/build/lib/basic_comms_param
[1.715s] running install
[1.715s] /root/.local/lib/python3.10/site-packages/setuptools/_distutils/cmd.py:66: SetuptoolsDeprecationWarning: setup.py install is deprecated.
[1.715s] !!
[1.715s] 
[1.715s]         ********************************************************************************
[1.715s]         Please avoid running ``setup.py`` directly.
[1.715s]         Instead, use pypa/build, pypa/installer or other
[1.715s]         standards-based tools.
[1.715s] 
[1.715s]         See https://blog.ganssle.io/articles/2021/10/setup-py-deprecated.html for details.
[1.715s]         ********************************************************************************
[1.715s] 
[1.715s] !!
[1.716s]   self.initialize_options()
[1.722s] running install_lib
[1.733s] creating /root/ros2_frws/install/basic_comms_param/lib/python3.10/site-packages/basic_comms_param
[1.734s] copying /root/ros2_frws/build/basic_comms_param/build/lib/basic_comms_param/__init__.py -> /root/ros2_frws/install/basic_comms_param/lib/python3.10/site-packages/basic_comms_param
[1.735s] copying /root/ros2_frws/build/basic_comms_param/build/lib/basic_comms_param/talker_params.py -> /root/ros2_frws/install/basic_comms_param/lib/python3.10/site-packages/basic_comms_param
[1.736s] byte-compiling /root/ros2_frws/install/basic_comms_param/lib/python3.10/site-packages/basic_comms_param/__init__.py to __init__.cpython-310.pyc
[1.737s] byte-compiling /root/ros2_frws/install/basic_comms_param/lib/python3.10/site-packages/basic_comms_param/talker_params.py to talker_params.cpython-310.pyc
[1.738s] running install_data
[1.752s] creating /root/ros2_frws/install/basic_comms_param/share/ament_index
[1.753s] creating /root/ros2_frws/install/basic_comms_param/share/ament_index/resource_index
[1.754s] creating /root/ros2_frws/install/basic_comms_param/share/ament_index/resource_index/packages
[1.755s] copying resource/basic_comms_param -> /root/ros2_frws/install/basic_comms_param/share/ament_index/resource_index/packages
[1.756s] copying package.xml -> /root/ros2_frws/install/basic_comms_param/share/basic_comms_param
[1.757s] running install_egg_info
[1.771s] Copying ../../build/basic_comms_param/basic_comms_param.egg-info to /root/ros2_frws/install/basic_comms_param/lib/python3.10/site-packages/basic_comms_param-0.0.0-py3.10.egg-info
[1.776s] running install_scripts
[1.888s] Installing talker_params script to /root/ros2_frws/install/basic_comms_param/lib/basic_comms_param
[1.890s] writing list of installed files to '/root/ros2_frws/build/basic_comms_param/install.log'
[2.027s] Invoked command in '/root/ros2_frws/src/basic_comms_param' returned '0': PYTHONPATH=/root/ros2_frws/build/basic_comms_param/prefix_override:/root/ros2_frws/install/basic_comms_param/lib/python3.10/site-packages:${PYTHONPATH} /usr/bin/python3 setup.py egg_info --egg-base ../../build/basic_comms_param build --build-base /root/ros2_frws/build/basic_comms_param/build install --record /root/ros2_frws/build/basic_comms_param/install.log --single-version-externally-managed
