[2.538s] Invoking command in '/root/ros2_frws/src/basic_comms_param': PYTHONPATH=/root/ros2_frws/build/basic_comms_param/prefix_override:/root/ros2_frws/install/basic_comms_param/lib/python3.10/site-packages:${PYTHONPATH} /usr/bin/python3 setup.py egg_info --egg-base ../../build/basic_comms_param build --build-base /root/ros2_frws/build/basic_comms_param/build install --record /root/ros2_frws/build/basic_comms_param/install.log --single-version-externally-managed
[2.889s] running egg_info
[2.890s] writing ../../build/basic_comms_param/basic_comms_param.egg-info/PKG-INFO
[2.890s] writing dependency_links to ../../build/basic_comms_param/basic_comms_param.egg-info/dependency_links.txt
[2.890s] writing entry points to ../../build/basic_comms_param/basic_comms_param.egg-info/entry_points.txt
[2.890s] writing requirements to ../../build/basic_comms_param/basic_comms_param.egg-info/requires.txt
[2.890s] writing top-level names to ../../build/basic_comms_param/basic_comms_param.egg-info/top_level.txt
[2.893s] reading manifest file '../../build/basic_comms_param/basic_comms_param.egg-info/SOURCES.txt'
[2.896s] adding license file 'LICENSE'
[2.896s] writing manifest file '../../build/basic_comms_param/basic_comms_param.egg-info/SOURCES.txt'
[2.897s] running build
[2.897s] running build_py
[2.897s] running install
[2.897s] /root/.local/lib/python3.10/site-packages/setuptools/_distutils/cmd.py:66: SetuptoolsDeprecationWarning: setup.py install is deprecated.
[2.897s] !!
[2.897s] 
[2.898s]         ********************************************************************************
[2.898s]         Please avoid running ``setup.py`` directly.
[2.898s]         Instead, use pypa/build, pypa/installer or other
[2.899s]         standards-based tools.
[2.899s] 
[2.900s]         See https://blog.ganssle.io/articles/2021/10/setup-py-deprecated.html for details.
[2.900s]         ********************************************************************************
[2.901s] 
[2.901s] !!
[2.901s]   self.initialize_options()
[2.916s] running install_lib
[2.958s] running install_data
[2.992s] running install_egg_info
[3.002s] removing '/root/ros2_frws/install/basic_comms_param/lib/python3.10/site-packages/basic_comms_param-0.0.0-py3.10.egg-info' (and everything under it)
[3.002s] Copying ../../build/basic_comms_param/basic_comms_param.egg-info to /root/ros2_frws/install/basic_comms_param/lib/python3.10/site-packages/basic_comms_param-0.0.0-py3.10.egg-info
[3.002s] running install_scripts
[3.285s] Installing talker_params script to /root/ros2_frws/install/basic_comms_param/lib/basic_comms_param
[3.285s] writing list of installed files to '/root/ros2_frws/build/basic_comms_param/install.log'
[3.404s] Invoked command in '/root/ros2_frws/src/basic_comms_param' returned '0': PYTHONPATH=/root/ros2_frws/build/basic_comms_param/prefix_override:/root/ros2_frws/install/basic_comms_param/lib/python3.10/site-packages:${PYTHONPATH} /usr/bin/python3 setup.py egg_info --egg-base ../../build/basic_comms_param build --build-base /root/ros2_frws/build/basic_comms_param/build install --record /root/ros2_frws/build/basic_comms_param/install.log --single-version-externally-managed
