[2.937s] Invoking command in '/root/ros2_frws/src/course_works': PYTHONPATH=/root/ros2_frws/build/course_works/prefix_override:/root/ros2_frws/install/course_works/lib/python3.10/site-packages:${PYTHONPATH} /usr/bin/python3 setup.py egg_info --egg-base ../../build/course_works build --build-base /root/ros2_frws/build/course_works/build install --record /root/ros2_frws/build/course_works/install.log --single-version-externally-managed
[3.338s] running egg_info
[3.363s] writing ../../build/course_works/course_works.egg-info/PKG-INFO
[3.364s] writing dependency_links to ../../build/course_works/course_works.egg-info/dependency_links.txt
[3.365s] writing entry points to ../../build/course_works/course_works.egg-info/entry_points.txt
[3.365s] writing requirements to ../../build/course_works/course_works.egg-info/requires.txt
[3.366s] writing top-level names to ../../build/course_works/course_works.egg-info/top_level.txt
[3.412s] reading manifest file '../../build/course_works/course_works.egg-info/SOURCES.txt'
[3.413s] adding license file 'LICENSE'
[3.415s] writing manifest file '../../build/course_works/course_works.egg-info/SOURCES.txt'
[3.415s] running build
[3.415s] running build_py
[3.415s] running install
[3.416s] /root/.local/lib/python3.10/site-packages/setuptools/_distutils/cmd.py:66: SetuptoolsDeprecationWarning: setup.py install is deprecated.
[3.416s] !!
[3.416s] 
[3.416s]         ********************************************************************************
[3.416s]         Please avoid running ``setup.py`` directly.
[3.416s]         Instead, use pypa/build, pypa/installer or other
[3.416s]         standards-based tools.
[3.416s] 
[3.416s]         See https://blog.ganssle.io/articles/2021/10/setup-py-deprecated.html for details.
[3.416s]         ********************************************************************************
[3.417s] 
[3.417s] !!
[3.417s]   self.initialize_options()
[3.426s] running install_lib
[3.453s] running install_data
[3.482s] running install_egg_info
[3.506s] removing '/root/ros2_frws/install/course_works/lib/python3.10/site-packages/course_works-0.0.0-py3.10.egg-info' (and everything under it)
[3.507s] Copying ../../build/course_works/course_works.egg-info to /root/ros2_frws/install/course_works/lib/python3.10/site-packages/course_works-0.0.0-py3.10.egg-info
[3.510s] running install_scripts
[3.838s] Installing process_node script to /root/ros2_frws/install/course_works/lib/course_works
[3.839s] Installing signal_generator script to /root/ros2_frws/install/course_works/lib/course_works
[3.839s] writing list of installed files to '/root/ros2_frws/build/course_works/install.log'
[4.123s] Invoked command in '/root/ros2_frws/src/course_works' returned '0': PYTHONPATH=/root/ros2_frws/build/course_works/prefix_override:/root/ros2_frws/install/course_works/lib/python3.10/site-packages:${PYTHONPATH} /usr/bin/python3 setup.py egg_info --egg-base ../../build/course_works build --build-base /root/ros2_frws/build/course_works/build install --record /root/ros2_frws/build/course_works/install.log --single-version-externally-managed
