[2.114s] Invoking command in '/root/ros2_frws/src/challenge_2': PYTHONPATH=/root/ros2_frws/build/challenge_2/prefix_override:/root/ros2_frws/install/challenge_2/lib/python3.10/site-packages:${PYTHONPATH} /usr/bin/python3 setup.py egg_info --egg-base ../../build/challenge_2 build --build-base /root/ros2_frws/build/challenge_2/build install --record /root/ros2_frws/build/challenge_2/install.log --single-version-externally-managed
[2.368s] running egg_info
[2.369s] writing ../../build/challenge_2/challenge_2.egg-info/PKG-INFO
[2.369s] writing dependency_links to ../../build/challenge_2/challenge_2.egg-info/dependency_links.txt
[2.369s] writing entry points to ../../build/challenge_2/challenge_2.egg-info/entry_points.txt
[2.369s] writing requirements to ../../build/challenge_2/challenge_2.egg-info/requires.txt
[2.369s] writing top-level names to ../../build/challenge_2/challenge_2.egg-info/top_level.txt
[2.394s] reading manifest file '../../build/challenge_2/challenge_2.egg-info/SOURCES.txt'
[2.395s] adding license file 'LICENSE'
[2.396s] writing manifest file '../../build/challenge_2/challenge_2.egg-info/SOURCES.txt'
[2.397s] running build
[2.397s] running build_py
[2.398s] running install
[2.401s] /root/.local/lib/python3.10/site-packages/setuptools/_distutils/cmd.py:66: SetuptoolsDeprecationWarning: setup.py install is deprecated.
[2.401s] !!
[2.401s] 
[2.401s]         ********************************************************************************
[2.401s]         Please avoid running ``setup.py`` directly.
[2.402s]         Instead, use pypa/build, pypa/installer or other
[2.402s]         standards-based tools.
[2.402s] 
[2.402s]         See https://blog.ganssle.io/articles/2021/10/setup-py-deprecated.html for details.
[2.402s]         ********************************************************************************
[2.402s] 
[2.403s] !!
[2.403s]   self.initialize_options()
[2.411s] running install_lib
[2.431s] running install_data
[2.436s] running install_egg_info
[2.448s] removing '/root/ros2_frws/install/challenge_2/lib/python3.10/site-packages/challenge_2-0.0.0-py3.10.egg-info' (and everything under it)
[2.449s] Copying ../../build/challenge_2/challenge_2.egg-info to /root/ros2_frws/install/challenge_2/lib/python3.10/site-packages/challenge_2-0.0.0-py3.10.egg-info
[2.450s] running install_scripts
[2.580s] Installing signal_generator script to /root/ros2_frws/install/challenge_2/lib/challenge_2
[2.582s] writing list of installed files to '/root/ros2_frws/build/challenge_2/install.log'
[2.628s] Invoked command in '/root/ros2_frws/src/challenge_2' returned '0': PYTHONPATH=/root/ros2_frws/build/challenge_2/prefix_override:/root/ros2_frws/install/challenge_2/lib/python3.10/site-packages:${PYTHONPATH} /usr/bin/python3 setup.py egg_info --egg-base ../../build/challenge_2 build --build-base /root/ros2_frws/build/challenge_2/build install --record /root/ros2_frws/build/challenge_2/install.log --single-version-externally-managed
