[1.479s] DEBUG:colcon:Command line arguments: ['/usr/bin/colcon', 'build', '--symlink-install']
[1.479s] DEBUG:colcon:Parsed command line arguments: Namespace(log_base=None, log_level=None, verb_name='build', build_base='build', install_base='install', merge_install=False, symlink_install=True, test_result_base=None, continue_on_error=False, executor='parallel', parallel_workers=16, event_handlers=None, ignore_user_meta=False, metas=['./colcon.meta'], base_paths=['.'], packages_ignore=None, packages_ignore_regex=None, paths=None, packages_up_to=None, packages_up_to_regex=None, packages_above=None, packages_above_and_dependencies=None, packages_above_depth=None, packages_select_by_dep=None, packages_skip_by_dep=None, packages_skip_up_to=None, packages_select_build_failed=False, packages_skip_build_finished=False, packages_select_test_failures=False, packages_skip_test_passed=False, packages_select=None, packages_skip=None, packages_select_regex=None, packages_skip_regex=None, packages_start=None, packages_end=None, cmake_args=None, cmake_target=None, cmake_target_skip_unavailable=False, cmake_clean_cache=False, cmake_clean_first=False, cmake_force_configure=False, ament_cmake_args=None, catkin_cmake_args=None, catkin_skip_building_tests=False, mixin_files=None, mixin=None, verb_parser=<colcon_mixin.mixin.mixin_argument.MixinArgumentDecorator object at 0x7f02ec5b1db0>, verb_extension=<colcon_core.verb.build.BuildVerb object at 0x7f02ec789e70>, main=<bound method BuildVerb.main of <colcon_core.verb.build.BuildVerb object at 0x7f02ec789e70>>, mixin_verb=('build',))
[1.534s] Level 1:colcon.colcon_core.package_discovery:discover_packages(colcon_meta) check parameters
[1.535s] INFO:colcon.colcon_metadata.package_discovery.colcon_meta:Using configuration from '/root/.colcon/metadata/default/Gazebo.meta'
[1.535s] INFO:colcon.colcon_metadata.package_discovery.colcon_meta:Using configuration from '/root/.colcon/metadata/default/fastrtps.meta'
[1.535s] Level 1:colcon.colcon_core.package_discovery:discover_packages(recursive) check parameters
[1.535s] Level 1:colcon.colcon_core.package_discovery:discover_packages(ignore) check parameters
[1.535s] Level 1:colcon.colcon_core.package_discovery:discover_packages(path) check parameters
[1.536s] Level 1:colcon.colcon_core.package_discovery:discover_packages(colcon_meta) discover
[1.536s] Level 1:colcon.colcon_core.package_discovery:discover_packages(recursive) discover
[1.536s] INFO:colcon.colcon_core.package_discovery:Crawling recursively for packages in '/root/ros2_frws'
[1.536s] Level 1:colcon.colcon_core.package_identification:_identify(.) by extensions ['ignore', 'ignore_ament_install']
[1.536s] Level 1:colcon.colcon_core.package_identification:_identify(.) by extension 'ignore'
[1.536s] Level 1:colcon.colcon_core.package_identification:_identify(.) by extension 'ignore_ament_install'
[1.536s] Level 1:colcon.colcon_core.package_identification:_identify(.) by extensions ['colcon_pkg']
[1.536s] Level 1:colcon.colcon_core.package_identification:_identify(.) by extension 'colcon_pkg'
[1.536s] Level 1:colcon.colcon_core.package_identification:_identify(.) by extensions ['colcon_meta']
[1.536s] Level 1:colcon.colcon_core.package_identification:_identify(.) by extension 'colcon_meta'
[1.536s] Level 1:colcon.colcon_core.package_identification:_identify(.) by extensions ['ros']
[1.536s] Level 1:colcon.colcon_core.package_identification:_identify(.) by extension 'ros'
[1.550s] Level 1:colcon.colcon_core.package_identification:_identify(.) by extensions ['cmake', 'python']
[1.550s] Level 1:colcon.colcon_core.package_identification:_identify(.) by extension 'cmake'
[1.550s] Level 1:colcon.colcon_core.package_identification:_identify(.) by extension 'python'
[1.550s] Level 1:colcon.colcon_core.package_identification:_identify(.) by extensions ['python_setup_py']
[1.550s] Level 1:colcon.colcon_core.package_identification:_identify(.) by extension 'python_setup_py'
[1.550s] Level 1:colcon.colcon_core.package_identification:_identify(build) by extensions ['ignore', 'ignore_ament_install']
[1.550s] Level 1:colcon.colcon_core.package_identification:_identify(build) by extension 'ignore'
[1.550s] Level 1:colcon.colcon_core.package_identification:_identify(build) ignored
[1.551s] Level 1:colcon.colcon_core.package_identification:_identify(install) by extensions ['ignore', 'ignore_ament_install']
[1.551s] Level 1:colcon.colcon_core.package_identification:_identify(install) by extension 'ignore'
[1.551s] Level 1:colcon.colcon_core.package_identification:_identify(install) ignored
[1.551s] Level 1:colcon.colcon_core.package_identification:_identify(log) by extensions ['ignore', 'ignore_ament_install']
[1.551s] Level 1:colcon.colcon_core.package_identification:_identify(log) by extension 'ignore'
[1.551s] Level 1:colcon.colcon_core.package_identification:_identify(log) ignored
[1.551s] Level 1:colcon.colcon_core.package_identification:_identify(src) by extensions ['ignore', 'ignore_ament_install']
[1.551s] Level 1:colcon.colcon_core.package_identification:_identify(src) by extension 'ignore'
[1.551s] Level 1:colcon.colcon_core.package_identification:_identify(src) by extension 'ignore_ament_install'
[1.552s] Level 1:colcon.colcon_core.package_identification:_identify(src) by extensions ['colcon_pkg']
[1.552s] Level 1:colcon.colcon_core.package_identification:_identify(src) by extension 'colcon_pkg'
[1.552s] Level 1:colcon.colcon_core.package_identification:_identify(src) by extensions ['colcon_meta']
[1.552s] Level 1:colcon.colcon_core.package_identification:_identify(src) by extension 'colcon_meta'
[1.552s] Level 1:colcon.colcon_core.package_identification:_identify(src) by extensions ['ros']
[1.552s] Level 1:colcon.colcon_core.package_identification:_identify(src) by extension 'ros'
[1.552s] Level 1:colcon.colcon_core.package_identification:_identify(src) by extensions ['cmake', 'python']
[1.552s] Level 1:colcon.colcon_core.package_identification:_identify(src) by extension 'cmake'
[1.552s] Level 1:colcon.colcon_core.package_identification:_identify(src) by extension 'python'
[1.552s] Level 1:colcon.colcon_core.package_identification:_identify(src) by extensions ['python_setup_py']
[1.552s] Level 1:colcon.colcon_core.package_identification:_identify(src) by extension 'python_setup_py'
[1.552s] Level 1:colcon.colcon_core.package_identification:_identify(src/basic_comms) by extensions ['ignore', 'ignore_ament_install']
[1.552s] Level 1:colcon.colcon_core.package_identification:_identify(src/basic_comms) by extension 'ignore'
[1.552s] Level 1:colcon.colcon_core.package_identification:_identify(src/basic_comms) by extension 'ignore_ament_install'
[1.552s] Level 1:colcon.colcon_core.package_identification:_identify(src/basic_comms) by extensions ['colcon_pkg']
[1.552s] Level 1:colcon.colcon_core.package_identification:_identify(src/basic_comms) by extension 'colcon_pkg'
[1.552s] Level 1:colcon.colcon_core.package_identification:_identify(src/basic_comms) by extensions ['colcon_meta']
[1.552s] Level 1:colcon.colcon_core.package_identification:_identify(src/basic_comms) by extension 'colcon_meta'
[1.552s] Level 1:colcon.colcon_core.package_identification:_identify(src/basic_comms) by extensions ['ros']
[1.552s] Level 1:colcon.colcon_core.package_identification:_identify(src/basic_comms) by extension 'ros'
[1.554s] DEBUG:colcon.colcon_core.package_identification:Package 'src/basic_comms' with type 'ros.ament_python' and name 'basic_comms'
[1.555s] Level 1:colcon.colcon_core.package_identification:_identify(src/basic_comms_param) by extensions ['ignore', 'ignore_ament_install']
[1.555s] Level 1:colcon.colcon_core.package_identification:_identify(src/basic_comms_param) by extension 'ignore'
[1.555s] Level 1:colcon.colcon_core.package_identification:_identify(src/basic_comms_param) by extension 'ignore_ament_install'
[1.555s] Level 1:colcon.colcon_core.package_identification:_identify(src/basic_comms_param) by extensions ['colcon_pkg']
[1.555s] Level 1:colcon.colcon_core.package_identification:_identify(src/basic_comms_param) by extension 'colcon_pkg'
[1.555s] Level 1:colcon.colcon_core.package_identification:_identify(src/basic_comms_param) by extensions ['colcon_meta']
[1.555s] Level 1:colcon.colcon_core.package_identification:_identify(src/basic_comms_param) by extension 'colcon_meta'
[1.555s] Level 1:colcon.colcon_core.package_identification:_identify(src/basic_comms_param) by extensions ['ros']
[1.555s] Level 1:colcon.colcon_core.package_identification:_identify(src/basic_comms_param) by extension 'ros'
[1.556s] DEBUG:colcon.colcon_core.package_identification:Package 'src/basic_comms_param' with type 'ros.ament_python' and name 'basic_comms_param'
[1.556s] Level 1:colcon.colcon_core.package_identification:_identify(src/build) by extensions ['ignore', 'ignore_ament_install']
[1.556s] Level 1:colcon.colcon_core.package_identification:_identify(src/build) by extension 'ignore'
[1.556s] Level 1:colcon.colcon_core.package_identification:_identify(src/build) ignored
[1.556s] Level 1:colcon.colcon_core.package_identification:_identify(src/challenge_2) by extensions ['ignore', 'ignore_ament_install']
[1.556s] Level 1:colcon.colcon_core.package_identification:_identify(src/challenge_2) by extension 'ignore'
[1.556s] Level 1:colcon.colcon_core.package_identification:_identify(src/challenge_2) by extension 'ignore_ament_install'
[1.556s] Level 1:colcon.colcon_core.package_identification:_identify(src/challenge_2) by extensions ['colcon_pkg']
[1.556s] Level 1:colcon.colcon_core.package_identification:_identify(src/challenge_2) by extension 'colcon_pkg'
[1.556s] Level 1:colcon.colcon_core.package_identification:_identify(src/challenge_2) by extensions ['colcon_meta']
[1.556s] Level 1:colcon.colcon_core.package_identification:_identify(src/challenge_2) by extension 'colcon_meta'
[1.556s] Level 1:colcon.colcon_core.package_identification:_identify(src/challenge_2) by extensions ['ros']
[1.556s] Level 1:colcon.colcon_core.package_identification:_identify(src/challenge_2) by extension 'ros'
[1.557s] DEBUG:colcon.colcon_core.package_identification:Package 'src/challenge_2' with type 'ros.ament_python' and name 'challenge_2'
[1.557s] Level 1:colcon.colcon_core.package_identification:_identify(src/course_works) by extensions ['ignore', 'ignore_ament_install']
[1.557s] Level 1:colcon.colcon_core.package_identification:_identify(src/course_works) by extension 'ignore'
[1.557s] Level 1:colcon.colcon_core.package_identification:_identify(src/course_works) by extension 'ignore_ament_install'
[1.558s] Level 1:colcon.colcon_core.package_identification:_identify(src/course_works) by extensions ['colcon_pkg']
[1.558s] Level 1:colcon.colcon_core.package_identification:_identify(src/course_works) by extension 'colcon_pkg'
[1.558s] Level 1:colcon.colcon_core.package_identification:_identify(src/course_works) by extensions ['colcon_meta']
[1.558s] Level 1:colcon.colcon_core.package_identification:_identify(src/course_works) by extension 'colcon_meta'
[1.558s] Level 1:colcon.colcon_core.package_identification:_identify(src/course_works) by extensions ['ros']
[1.558s] Level 1:colcon.colcon_core.package_identification:_identify(src/course_works) by extension 'ros'
[1.558s] DEBUG:colcon.colcon_core.package_identification:Package 'src/course_works' with type 'ros.ament_python' and name 'course_works'
[1.559s] Level 1:colcon.colcon_core.package_identification:_identify(src/install) by extensions ['ignore', 'ignore_ament_install']
[1.559s] Level 1:colcon.colcon_core.package_identification:_identify(src/install) by extension 'ignore'
[1.559s] Level 1:colcon.colcon_core.package_identification:_identify(src/install) ignored
[1.559s] Level 1:colcon.colcon_core.package_identification:_identify(src/log) by extensions ['ignore', 'ignore_ament_install']
[1.559s] Level 1:colcon.colcon_core.package_identification:_identify(src/log) by extension 'ignore'
[1.559s] Level 1:colcon.colcon_core.package_identification:_identify(src/log) ignored
[1.559s] Level 1:colcon.colcon_core.package_identification:_identify(src/my_msg_interfaces) by extensions ['ignore', 'ignore_ament_install']
[1.559s] Level 1:colcon.colcon_core.package_identification:_identify(src/my_msg_interfaces) by extension 'ignore'
[1.560s] Level 1:colcon.colcon_core.package_identification:_identify(src/my_msg_interfaces) by extension 'ignore_ament_install'
[1.560s] Level 1:colcon.colcon_core.package_identification:_identify(src/my_msg_interfaces) by extensions ['colcon_pkg']
[1.560s] Level 1:colcon.colcon_core.package_identification:_identify(src/my_msg_interfaces) by extension 'colcon_pkg'
[1.560s] Level 1:colcon.colcon_core.package_identification:_identify(src/my_msg_interfaces) by extensions ['colcon_meta']
[1.561s] Level 1:colcon.colcon_core.package_identification:_identify(src/my_msg_interfaces) by extension 'colcon_meta'
[1.561s] Level 1:colcon.colcon_core.package_identification:_identify(src/my_msg_interfaces) by extensions ['ros']
[1.561s] Level 1:colcon.colcon_core.package_identification:_identify(src/my_msg_interfaces) by extension 'ros'
[1.562s] DEBUG:colcon.colcon_core.package_identification:Package 'src/my_msg_interfaces' with type 'ros.ament_cmake' and name 'my_msg_interfaces'
[1.562s] Level 1:colcon.colcon_core.package_identification:_identify(src/xarm_ros2) by extensions ['ignore', 'ignore_ament_install']
[1.562s] Level 1:colcon.colcon_core.package_identification:_identify(src/xarm_ros2) by extension 'ignore'
[1.562s] Level 1:colcon.colcon_core.package_identification:_identify(src/xarm_ros2) by extension 'ignore_ament_install'
[1.562s] Level 1:colcon.colcon_core.package_identification:_identify(src/xarm_ros2) by extensions ['colcon_pkg']
[1.563s] Level 1:colcon.colcon_core.package_identification:_identify(src/xarm_ros2) by extension 'colcon_pkg'
[1.563s] Level 1:colcon.colcon_core.package_identification:_identify(src/xarm_ros2) by extensions ['colcon_meta']
[1.563s] Level 1:colcon.colcon_core.package_identification:_identify(src/xarm_ros2) by extension 'colcon_meta'
[1.563s] Level 1:colcon.colcon_core.package_identification:_identify(src/xarm_ros2) by extensions ['ros']
[1.563s] Level 1:colcon.colcon_core.package_identification:_identify(src/xarm_ros2) by extension 'ros'
[1.563s] Level 1:colcon.colcon_core.package_identification:_identify(src/xarm_ros2) by extensions ['cmake', 'python']
[1.563s] Level 1:colcon.colcon_core.package_identification:_identify(src/xarm_ros2) by extension 'cmake'
[1.563s] Level 1:colcon.colcon_core.package_identification:_identify(src/xarm_ros2) by extension 'python'
[1.563s] Level 1:colcon.colcon_core.package_identification:_identify(src/xarm_ros2) by extensions ['python_setup_py']
[1.563s] Level 1:colcon.colcon_core.package_identification:_identify(src/xarm_ros2) by extension 'python_setup_py'
[1.563s] Level 1:colcon.colcon_core.package_identification:_identify(src/xarm_ros2/thirdparty) by extensions ['ignore', 'ignore_ament_install']
[1.563s] Level 1:colcon.colcon_core.package_identification:_identify(src/xarm_ros2/thirdparty) by extension 'ignore'
[1.563s] Level 1:colcon.colcon_core.package_identification:_identify(src/xarm_ros2/thirdparty) by extension 'ignore_ament_install'
[1.564s] Level 1:colcon.colcon_core.package_identification:_identify(src/xarm_ros2/thirdparty) by extensions ['colcon_pkg']
[1.564s] Level 1:colcon.colcon_core.package_identification:_identify(src/xarm_ros2/thirdparty) by extension 'colcon_pkg'
[1.564s] Level 1:colcon.colcon_core.package_identification:_identify(src/xarm_ros2/thirdparty) by extensions ['colcon_meta']
[1.564s] Level 1:colcon.colcon_core.package_identification:_identify(src/xarm_ros2/thirdparty) by extension 'colcon_meta'
[1.564s] Level 1:colcon.colcon_core.package_identification:_identify(src/xarm_ros2/thirdparty) by extensions ['ros']
[1.564s] Level 1:colcon.colcon_core.package_identification:_identify(src/xarm_ros2/thirdparty) by extension 'ros'
[1.564s] Level 1:colcon.colcon_core.package_identification:_identify(src/xarm_ros2/thirdparty) by extensions ['cmake', 'python']
[1.564s] Level 1:colcon.colcon_core.package_identification:_identify(src/xarm_ros2/thirdparty) by extension 'cmake'
[1.564s] Level 1:colcon.colcon_core.package_identification:_identify(src/xarm_ros2/thirdparty) by extension 'python'
[1.564s] Level 1:colcon.colcon_core.package_identification:_identify(src/xarm_ros2/thirdparty) by extensions ['python_setup_py']
[1.564s] Level 1:colcon.colcon_core.package_identification:_identify(src/xarm_ros2/thirdparty) by extension 'python_setup_py'
[1.564s] Level 1:colcon.colcon_core.package_identification:_identify(src/xarm_ros2/thirdparty/realsense_gazebo_plugin) by extensions ['ignore', 'ignore_ament_install']
[1.565s] Level 1:colcon.colcon_core.package_identification:_identify(src/xarm_ros2/thirdparty/realsense_gazebo_plugin) by extension 'ignore'
[1.565s] Level 1:colcon.colcon_core.package_identification:_identify(src/xarm_ros2/thirdparty/realsense_gazebo_plugin) by extension 'ignore_ament_install'
[1.565s] Level 1:colcon.colcon_core.package_identification:_identify(src/xarm_ros2/thirdparty/realsense_gazebo_plugin) by extensions ['colcon_pkg']
[1.565s] Level 1:colcon.colcon_core.package_identification:_identify(src/xarm_ros2/thirdparty/realsense_gazebo_plugin) by extension 'colcon_pkg'
[1.565s] Level 1:colcon.colcon_core.package_identification:_identify(src/xarm_ros2/thirdparty/realsense_gazebo_plugin) by extensions ['colcon_meta']
[1.565s] Level 1:colcon.colcon_core.package_identification:_identify(src/xarm_ros2/thirdparty/realsense_gazebo_plugin) by extension 'colcon_meta'
[1.565s] Level 1:colcon.colcon_core.package_identification:_identify(src/xarm_ros2/thirdparty/realsense_gazebo_plugin) by extensions ['ros']
[1.565s] Level 1:colcon.colcon_core.package_identification:_identify(src/xarm_ros2/thirdparty/realsense_gazebo_plugin) by extension 'ros'
[1.566s] DEBUG:colcon.colcon_core.package_identification:Package 'src/xarm_ros2/thirdparty/realsense_gazebo_plugin' with type 'ros.ament_cmake' and name 'realsense_gazebo_plugin'
[1.566s] Level 1:colcon.colcon_core.package_identification:_identify(src/xarm_ros2/xarm_api) by extensions ['ignore', 'ignore_ament_install']
[1.567s] Level 1:colcon.colcon_core.package_identification:_identify(src/xarm_ros2/xarm_api) by extension 'ignore'
[1.567s] Level 1:colcon.colcon_core.package_identification:_identify(src/xarm_ros2/xarm_api) by extension 'ignore_ament_install'
[1.567s] Level 1:colcon.colcon_core.package_identification:_identify(src/xarm_ros2/xarm_api) by extensions ['colcon_pkg']
[1.567s] Level 1:colcon.colcon_core.package_identification:_identify(src/xarm_ros2/xarm_api) by extension 'colcon_pkg'
[1.567s] Level 1:colcon.colcon_core.package_identification:_identify(src/xarm_ros2/xarm_api) by extensions ['colcon_meta']
[1.567s] Level 1:colcon.colcon_core.package_identification:_identify(src/xarm_ros2/xarm_api) by extension 'colcon_meta'
[1.567s] Level 1:colcon.colcon_core.package_identification:_identify(src/xarm_ros2/xarm_api) by extensions ['ros']
[1.567s] Level 1:colcon.colcon_core.package_identification:_identify(src/xarm_ros2/xarm_api) by extension 'ros'
[1.568s] DEBUG:colcon.colcon_core.package_identification:Package 'src/xarm_ros2/xarm_api' with type 'ros.ament_cmake' and name 'xarm_api'
[1.568s] Level 1:colcon.colcon_core.package_identification:_identify(src/xarm_ros2/xarm_controller) by extensions ['ignore', 'ignore_ament_install']
[1.568s] Level 1:colcon.colcon_core.package_identification:_identify(src/xarm_ros2/xarm_controller) by extension 'ignore'
[1.568s] Level 1:colcon.colcon_core.package_identification:_identify(src/xarm_ros2/xarm_controller) by extension 'ignore_ament_install'
[1.568s] Level 1:colcon.colcon_core.package_identification:_identify(src/xarm_ros2/xarm_controller) by extensions ['colcon_pkg']
[1.569s] Level 1:colcon.colcon_core.package_identification:_identify(src/xarm_ros2/xarm_controller) by extension 'colcon_pkg'
[1.569s] Level 1:colcon.colcon_core.package_identification:_identify(src/xarm_ros2/xarm_controller) by extensions ['colcon_meta']
[1.569s] Level 1:colcon.colcon_core.package_identification:_identify(src/xarm_ros2/xarm_controller) by extension 'colcon_meta'
[1.569s] Level 1:colcon.colcon_core.package_identification:_identify(src/xarm_ros2/xarm_controller) by extensions ['ros']
[1.569s] Level 1:colcon.colcon_core.package_identification:_identify(src/xarm_ros2/xarm_controller) by extension 'ros'
[1.570s] DEBUG:colcon.colcon_core.package_identification:Package 'src/xarm_ros2/xarm_controller' with type 'ros.ament_cmake' and name 'xarm_controller'
[1.570s] Level 1:colcon.colcon_core.package_identification:_identify(src/xarm_ros2/xarm_description) by extensions ['ignore', 'ignore_ament_install']
[1.570s] Level 1:colcon.colcon_core.package_identification:_identify(src/xarm_ros2/xarm_description) by extension 'ignore'
[1.571s] Level 1:colcon.colcon_core.package_identification:_identify(src/xarm_ros2/xarm_description) by extension 'ignore_ament_install'
[1.571s] Level 1:colcon.colcon_core.package_identification:_identify(src/xarm_ros2/xarm_description) by extensions ['colcon_pkg']
[1.571s] Level 1:colcon.colcon_core.package_identification:_identify(src/xarm_ros2/xarm_description) by extension 'colcon_pkg'
[1.571s] Level 1:colcon.colcon_core.package_identification:_identify(src/xarm_ros2/xarm_description) by extensions ['colcon_meta']
[1.571s] Level 1:colcon.colcon_core.package_identification:_identify(src/xarm_ros2/xarm_description) by extension 'colcon_meta'
[1.571s] Level 1:colcon.colcon_core.package_identification:_identify(src/xarm_ros2/xarm_description) by extensions ['ros']
[1.571s] Level 1:colcon.colcon_core.package_identification:_identify(src/xarm_ros2/xarm_description) by extension 'ros'
[1.571s] DEBUG:colcon.colcon_core.package_identification:Package 'src/xarm_ros2/xarm_description' with type 'ros.ament_cmake' and name 'xarm_description'
[1.571s] Level 1:colcon.colcon_core.package_identification:_identify(src/xarm_ros2/xarm_gazebo) by extensions ['ignore', 'ignore_ament_install']
[1.572s] Level 1:colcon.colcon_core.package_identification:_identify(src/xarm_ros2/xarm_gazebo) by extension 'ignore'
[1.572s] Level 1:colcon.colcon_core.package_identification:_identify(src/xarm_ros2/xarm_gazebo) by extension 'ignore_ament_install'
[1.572s] Level 1:colcon.colcon_core.package_identification:_identify(src/xarm_ros2/xarm_gazebo) by extensions ['colcon_pkg']
[1.572s] Level 1:colcon.colcon_core.package_identification:_identify(src/xarm_ros2/xarm_gazebo) by extension 'colcon_pkg'
[1.572s] Level 1:colcon.colcon_core.package_identification:_identify(src/xarm_ros2/xarm_gazebo) by extensions ['colcon_meta']
[1.572s] Level 1:colcon.colcon_core.package_identification:_identify(src/xarm_ros2/xarm_gazebo) by extension 'colcon_meta'
[1.572s] Level 1:colcon.colcon_core.package_identification:_identify(src/xarm_ros2/xarm_gazebo) by extensions ['ros']
[1.572s] Level 1:colcon.colcon_core.package_identification:_identify(src/xarm_ros2/xarm_gazebo) by extension 'ros'
[1.573s] DEBUG:colcon.colcon_core.package_identification:Package 'src/xarm_ros2/xarm_gazebo' with type 'ros.ament_cmake' and name 'xarm_gazebo'
[1.573s] Level 1:colcon.colcon_core.package_identification:_identify(src/xarm_ros2/xarm_moveit_config) by extensions ['ignore', 'ignore_ament_install']
[1.573s] Level 1:colcon.colcon_core.package_identification:_identify(src/xarm_ros2/xarm_moveit_config) by extension 'ignore'
[1.573s] Level 1:colcon.colcon_core.package_identification:_identify(src/xarm_ros2/xarm_moveit_config) by extension 'ignore_ament_install'
[1.573s] Level 1:colcon.colcon_core.package_identification:_identify(src/xarm_ros2/xarm_moveit_config) by extensions ['colcon_pkg']
[1.573s] Level 1:colcon.colcon_core.package_identification:_identify(src/xarm_ros2/xarm_moveit_config) by extension 'colcon_pkg'
[1.573s] Level 1:colcon.colcon_core.package_identification:_identify(src/xarm_ros2/xarm_moveit_config) by extensions ['colcon_meta']
[1.573s] Level 1:colcon.colcon_core.package_identification:_identify(src/xarm_ros2/xarm_moveit_config) by extension 'colcon_meta'
[1.573s] Level 1:colcon.colcon_core.package_identification:_identify(src/xarm_ros2/xarm_moveit_config) by extensions ['ros']
[1.573s] Level 1:colcon.colcon_core.package_identification:_identify(src/xarm_ros2/xarm_moveit_config) by extension 'ros'
[1.574s] DEBUG:colcon.colcon_core.package_identification:Package 'src/xarm_ros2/xarm_moveit_config' with type 'ros.ament_cmake' and name 'xarm_moveit_config'
[1.575s] Level 1:colcon.colcon_core.package_identification:_identify(src/xarm_ros2/xarm_moveit_servo) by extensions ['ignore', 'ignore_ament_install']
[1.575s] Level 1:colcon.colcon_core.package_identification:_identify(src/xarm_ros2/xarm_moveit_servo) by extension 'ignore'
[1.575s] Level 1:colcon.colcon_core.package_identification:_identify(src/xarm_ros2/xarm_moveit_servo) by extension 'ignore_ament_install'
[1.575s] Level 1:colcon.colcon_core.package_identification:_identify(src/xarm_ros2/xarm_moveit_servo) by extensions ['colcon_pkg']
[1.575s] Level 1:colcon.colcon_core.package_identification:_identify(src/xarm_ros2/xarm_moveit_servo) by extension 'colcon_pkg'
[1.575s] Level 1:colcon.colcon_core.package_identification:_identify(src/xarm_ros2/xarm_moveit_servo) by extensions ['colcon_meta']
[1.575s] Level 1:colcon.colcon_core.package_identification:_identify(src/xarm_ros2/xarm_moveit_servo) by extension 'colcon_meta'
[1.575s] Level 1:colcon.colcon_core.package_identification:_identify(src/xarm_ros2/xarm_moveit_servo) by extensions ['ros']
[1.575s] Level 1:colcon.colcon_core.package_identification:_identify(src/xarm_ros2/xarm_moveit_servo) by extension 'ros'
[1.576s] DEBUG:colcon.colcon_core.package_identification:Package 'src/xarm_ros2/xarm_moveit_servo' with type 'ros.ament_cmake' and name 'xarm_moveit_servo'
[1.577s] Level 1:colcon.colcon_core.package_identification:_identify(src/xarm_ros2/xarm_msgs) by extensions ['ignore', 'ignore_ament_install']
[1.577s] Level 1:colcon.colcon_core.package_identification:_identify(src/xarm_ros2/xarm_msgs) by extension 'ignore'
[1.577s] Level 1:colcon.colcon_core.package_identification:_identify(src/xarm_ros2/xarm_msgs) by extension 'ignore_ament_install'
[1.577s] Level 1:colcon.colcon_core.package_identification:_identify(src/xarm_ros2/xarm_msgs) by extensions ['colcon_pkg']
[1.577s] Level 1:colcon.colcon_core.package_identification:_identify(src/xarm_ros2/xarm_msgs) by extension 'colcon_pkg'
[1.577s] Level 1:colcon.colcon_core.package_identification:_identify(src/xarm_ros2/xarm_msgs) by extensions ['colcon_meta']
[1.577s] Level 1:colcon.colcon_core.package_identification:_identify(src/xarm_ros2/xarm_msgs) by extension 'colcon_meta'
[1.577s] Level 1:colcon.colcon_core.package_identification:_identify(src/xarm_ros2/xarm_msgs) by extensions ['ros']
[1.577s] Level 1:colcon.colcon_core.package_identification:_identify(src/xarm_ros2/xarm_msgs) by extension 'ros'
[1.577s] DEBUG:colcon.colcon_core.package_identification:Package 'src/xarm_ros2/xarm_msgs' with type 'ros.ament_cmake' and name 'xarm_msgs'
[1.578s] Level 1:colcon.colcon_core.package_identification:_identify(src/xarm_ros2/xarm_planner) by extensions ['ignore', 'ignore_ament_install']
[1.578s] Level 1:colcon.colcon_core.package_identification:_identify(src/xarm_ros2/xarm_planner) by extension 'ignore'
[1.578s] Level 1:colcon.colcon_core.package_identification:_identify(src/xarm_ros2/xarm_planner) by extension 'ignore_ament_install'
[1.578s] Level 1:colcon.colcon_core.package_identification:_identify(src/xarm_ros2/xarm_planner) by extensions ['colcon_pkg']
[1.578s] Level 1:colcon.colcon_core.package_identification:_identify(src/xarm_ros2/xarm_planner) by extension 'colcon_pkg'
[1.578s] Level 1:colcon.colcon_core.package_identification:_identify(src/xarm_ros2/xarm_planner) by extensions ['colcon_meta']
[1.578s] Level 1:colcon.colcon_core.package_identification:_identify(src/xarm_ros2/xarm_planner) by extension 'colcon_meta'
[1.578s] Level 1:colcon.colcon_core.package_identification:_identify(src/xarm_ros2/xarm_planner) by extensions ['ros']
[1.578s] Level 1:colcon.colcon_core.package_identification:_identify(src/xarm_ros2/xarm_planner) by extension 'ros'
[1.579s] DEBUG:colcon.colcon_core.package_identification:Package 'src/xarm_ros2/xarm_planner' with type 'ros.ament_cmake' and name 'xarm_planner'
[1.579s] Level 1:colcon.colcon_core.package_identification:_identify(src/xarm_ros2/xarm_sdk) by extensions ['ignore', 'ignore_ament_install']
[1.579s] Level 1:colcon.colcon_core.package_identification:_identify(src/xarm_ros2/xarm_sdk) by extension 'ignore'
[1.579s] Level 1:colcon.colcon_core.package_identification:_identify(src/xarm_ros2/xarm_sdk) by extension 'ignore_ament_install'
[1.579s] Level 1:colcon.colcon_core.package_identification:_identify(src/xarm_ros2/xarm_sdk) by extensions ['colcon_pkg']
[1.579s] Level 1:colcon.colcon_core.package_identification:_identify(src/xarm_ros2/xarm_sdk) by extension 'colcon_pkg'
[1.579s] Level 1:colcon.colcon_core.package_identification:_identify(src/xarm_ros2/xarm_sdk) by extensions ['colcon_meta']
[1.579s] Level 1:colcon.colcon_core.package_identification:_identify(src/xarm_ros2/xarm_sdk) by extension 'colcon_meta'
[1.579s] Level 1:colcon.colcon_core.package_identification:_identify(src/xarm_ros2/xarm_sdk) by extensions ['ros']
[1.580s] Level 1:colcon.colcon_core.package_identification:_identify(src/xarm_ros2/xarm_sdk) by extension 'ros'
[1.580s] DEBUG:colcon.colcon_core.package_identification:Package 'src/xarm_ros2/xarm_sdk' with type 'ros.ament_cmake' and name 'xarm_sdk'
[1.580s] Level 1:colcon.colcon_core.package_discovery:discover_packages(recursive) using defaults
[1.580s] Level 1:colcon.colcon_core.package_discovery:discover_packages(ignore) discover
[1.580s] Level 1:colcon.colcon_core.package_discovery:discover_packages(ignore) using defaults
[1.580s] Level 1:colcon.colcon_core.package_discovery:discover_packages(path) discover
[1.580s] Level 1:colcon.colcon_core.package_discovery:discover_packages(path) using defaults
[1.674s] Level 5:colcon.colcon_core.verb:set package 'basic_comms' build argument 'cmake_args' from command line to 'None'
[1.675s] Level 5:colcon.colcon_core.verb:set package 'basic_comms' build argument 'cmake_target' from command line to 'None'
[1.675s] Level 5:colcon.colcon_core.verb:set package 'basic_comms' build argument 'cmake_target_skip_unavailable' from command line to 'False'
[1.675s] Level 5:colcon.colcon_core.verb:set package 'basic_comms' build argument 'cmake_clean_cache' from command line to 'False'
[1.675s] Level 5:colcon.colcon_core.verb:set package 'basic_comms' build argument 'cmake_clean_first' from command line to 'False'
[1.675s] Level 5:colcon.colcon_core.verb:set package 'basic_comms' build argument 'cmake_force_configure' from command line to 'False'
[1.675s] Level 5:colcon.colcon_core.verb:set package 'basic_comms' build argument 'ament_cmake_args' from command line to 'None'
[1.675s] Level 5:colcon.colcon_core.verb:set package 'basic_comms' build argument 'catkin_cmake_args' from command line to 'None'
[1.675s] Level 5:colcon.colcon_core.verb:set package 'basic_comms' build argument 'catkin_skip_building_tests' from command line to 'False'
[1.675s] DEBUG:colcon.colcon_core.verb:Building package 'basic_comms' with the following arguments: {'ament_cmake_args': None, 'build_base': '/root/ros2_frws/build/basic_comms', 'catkin_cmake_args': None, 'catkin_skip_building_tests': False, 'cmake_args': None, 'cmake_clean_cache': False, 'cmake_clean_first': False, 'cmake_force_configure': False, 'cmake_target': None, 'cmake_target_skip_unavailable': False, 'install_base': '/root/ros2_frws/install/basic_comms', 'merge_install': False, 'path': '/root/ros2_frws/src/basic_comms', 'symlink_install': True, 'test_result_base': None}
[1.687s] Level 5:colcon.colcon_core.verb:set package 'basic_comms_param' build argument 'cmake_args' from command line to 'None'
[1.687s] Level 5:colcon.colcon_core.verb:set package 'basic_comms_param' build argument 'cmake_target' from command line to 'None'
[1.687s] Level 5:colcon.colcon_core.verb:set package 'basic_comms_param' build argument 'cmake_target_skip_unavailable' from command line to 'False'
[1.687s] Level 5:colcon.colcon_core.verb:set package 'basic_comms_param' build argument 'cmake_clean_cache' from command line to 'False'
[1.687s] Level 5:colcon.colcon_core.verb:set package 'basic_comms_param' build argument 'cmake_clean_first' from command line to 'False'
[1.687s] Level 5:colcon.colcon_core.verb:set package 'basic_comms_param' build argument 'cmake_force_configure' from command line to 'False'
[1.687s] Level 5:colcon.colcon_core.verb:set package 'basic_comms_param' build argument 'ament_cmake_args' from command line to 'None'
[1.688s] Level 5:colcon.colcon_core.verb:set package 'basic_comms_param' build argument 'catkin_cmake_args' from command line to 'None'
[1.688s] Level 5:colcon.colcon_core.verb:set package 'basic_comms_param' build argument 'catkin_skip_building_tests' from command line to 'False'
[1.688s] DEBUG:colcon.colcon_core.verb:Building package 'basic_comms_param' with the following arguments: {'ament_cmake_args': None, 'build_base': '/root/ros2_frws/build/basic_comms_param', 'catkin_cmake_args': None, 'catkin_skip_building_tests': False, 'cmake_args': None, 'cmake_clean_cache': False, 'cmake_clean_first': False, 'cmake_force_configure': False, 'cmake_target': None, 'cmake_target_skip_unavailable': False, 'install_base': '/root/ros2_frws/install/basic_comms_param', 'merge_install': False, 'path': '/root/ros2_frws/src/basic_comms_param', 'symlink_install': True, 'test_result_base': None}
[1.705s] Level 5:colcon.colcon_core.verb:set package 'course_works' build argument 'cmake_args' from command line to 'None'
[1.705s] Level 5:colcon.colcon_core.verb:set package 'course_works' build argument 'cmake_target' from command line to 'None'
[1.705s] Level 5:colcon.colcon_core.verb:set package 'course_works' build argument 'cmake_target_skip_unavailable' from command line to 'False'
[1.705s] Level 5:colcon.colcon_core.verb:set package 'course_works' build argument 'cmake_clean_cache' from command line to 'False'
[1.705s] Level 5:colcon.colcon_core.verb:set package 'course_works' build argument 'cmake_clean_first' from command line to 'False'
[1.705s] Level 5:colcon.colcon_core.verb:set package 'course_works' build argument 'cmake_force_configure' from command line to 'False'
[1.705s] Level 5:colcon.colcon_core.verb:set package 'course_works' build argument 'ament_cmake_args' from command line to 'None'
[1.705s] Level 5:colcon.colcon_core.verb:set package 'course_works' build argument 'catkin_cmake_args' from command line to 'None'
[1.705s] Level 5:colcon.colcon_core.verb:set package 'course_works' build argument 'catkin_skip_building_tests' from command line to 'False'
[1.705s] DEBUG:colcon.colcon_core.verb:Building package 'course_works' with the following arguments: {'ament_cmake_args': None, 'build_base': '/root/ros2_frws/build/course_works', 'catkin_cmake_args': None, 'catkin_skip_building_tests': False, 'cmake_args': None, 'cmake_clean_cache': False, 'cmake_clean_first': False, 'cmake_force_configure': False, 'cmake_target': None, 'cmake_target_skip_unavailable': False, 'install_base': '/root/ros2_frws/install/course_works', 'merge_install': False, 'path': '/root/ros2_frws/src/course_works', 'symlink_install': True, 'test_result_base': None}
[1.727s] Level 5:colcon.colcon_core.verb:set package 'my_msg_interfaces' build argument 'cmake_args' from command line to 'None'
[1.727s] Level 5:colcon.colcon_core.verb:set package 'my_msg_interfaces' build argument 'cmake_target' from command line to 'None'
[1.727s] Level 5:colcon.colcon_core.verb:set package 'my_msg_interfaces' build argument 'cmake_target_skip_unavailable' from command line to 'False'
[1.727s] Level 5:colcon.colcon_core.verb:set package 'my_msg_interfaces' build argument 'cmake_clean_cache' from command line to 'False'
[1.727s] Level 5:colcon.colcon_core.verb:set package 'my_msg_interfaces' build argument 'cmake_clean_first' from command line to 'False'
[1.727s] Level 5:colcon.colcon_core.verb:set package 'my_msg_interfaces' build argument 'cmake_force_configure' from command line to 'False'
[1.727s] Level 5:colcon.colcon_core.verb:set package 'my_msg_interfaces' build argument 'ament_cmake_args' from command line to 'None'
[1.728s] Level 5:colcon.colcon_core.verb:set package 'my_msg_interfaces' build argument 'catkin_cmake_args' from command line to 'None'
[1.728s] Level 5:colcon.colcon_core.verb:set package 'my_msg_interfaces' build argument 'catkin_skip_building_tests' from command line to 'False'
[1.728s] DEBUG:colcon.colcon_core.verb:Building package 'my_msg_interfaces' with the following arguments: {'ament_cmake_args': None, 'build_base': '/root/ros2_frws/build/my_msg_interfaces', 'catkin_cmake_args': None, 'catkin_skip_building_tests': False, 'cmake_args': None, 'cmake_clean_cache': False, 'cmake_clean_first': False, 'cmake_force_configure': False, 'cmake_target': None, 'cmake_target_skip_unavailable': False, 'install_base': '/root/ros2_frws/install/my_msg_interfaces', 'merge_install': False, 'path': '/root/ros2_frws/src/my_msg_interfaces', 'symlink_install': True, 'test_result_base': None}
[1.746s] Level 5:colcon.colcon_core.verb:set package 'realsense_gazebo_plugin' build argument 'cmake_args' from command line to 'None'
[1.746s] Level 5:colcon.colcon_core.verb:set package 'realsense_gazebo_plugin' build argument 'cmake_target' from command line to 'None'
[1.746s] Level 5:colcon.colcon_core.verb:set package 'realsense_gazebo_plugin' build argument 'cmake_target_skip_unavailable' from command line to 'False'
[1.746s] Level 5:colcon.colcon_core.verb:set package 'realsense_gazebo_plugin' build argument 'cmake_clean_cache' from command line to 'False'
[1.746s] Level 5:colcon.colcon_core.verb:set package 'realsense_gazebo_plugin' build argument 'cmake_clean_first' from command line to 'False'
[1.746s] Level 5:colcon.colcon_core.verb:set package 'realsense_gazebo_plugin' build argument 'cmake_force_configure' from command line to 'False'
[1.746s] Level 5:colcon.colcon_core.verb:set package 'realsense_gazebo_plugin' build argument 'ament_cmake_args' from command line to 'None'
[1.746s] Level 5:colcon.colcon_core.verb:set package 'realsense_gazebo_plugin' build argument 'catkin_cmake_args' from command line to 'None'
[1.746s] Level 5:colcon.colcon_core.verb:set package 'realsense_gazebo_plugin' build argument 'catkin_skip_building_tests' from command line to 'False'
[1.746s] DEBUG:colcon.colcon_core.verb:Building package 'realsense_gazebo_plugin' with the following arguments: {'ament_cmake_args': None, 'build_base': '/root/ros2_frws/build/realsense_gazebo_plugin', 'catkin_cmake_args': None, 'catkin_skip_building_tests': False, 'cmake_args': None, 'cmake_clean_cache': False, 'cmake_clean_first': False, 'cmake_force_configure': False, 'cmake_target': None, 'cmake_target_skip_unavailable': False, 'install_base': '/root/ros2_frws/install/realsense_gazebo_plugin', 'merge_install': False, 'path': '/root/ros2_frws/src/xarm_ros2/thirdparty/realsense_gazebo_plugin', 'symlink_install': True, 'test_result_base': None}
[1.761s] Level 5:colcon.colcon_core.verb:set package 'xarm_description' build argument 'cmake_args' from command line to 'None'
[1.761s] Level 5:colcon.colcon_core.verb:set package 'xarm_description' build argument 'cmake_target' from command line to 'None'
[1.761s] Level 5:colcon.colcon_core.verb:set package 'xarm_description' build argument 'cmake_target_skip_unavailable' from command line to 'False'
[1.761s] Level 5:colcon.colcon_core.verb:set package 'xarm_description' build argument 'cmake_clean_cache' from command line to 'False'
[1.761s] Level 5:colcon.colcon_core.verb:set package 'xarm_description' build argument 'cmake_clean_first' from command line to 'False'
[1.761s] Level 5:colcon.colcon_core.verb:set package 'xarm_description' build argument 'cmake_force_configure' from command line to 'False'
[1.761s] Level 5:colcon.colcon_core.verb:set package 'xarm_description' build argument 'ament_cmake_args' from command line to 'None'
[1.761s] Level 5:colcon.colcon_core.verb:set package 'xarm_description' build argument 'catkin_cmake_args' from command line to 'None'
[1.761s] Level 5:colcon.colcon_core.verb:set package 'xarm_description' build argument 'catkin_skip_building_tests' from command line to 'False'
[1.761s] DEBUG:colcon.colcon_core.verb:Building package 'xarm_description' with the following arguments: {'ament_cmake_args': None, 'build_base': '/root/ros2_frws/build/xarm_description', 'catkin_cmake_args': None, 'catkin_skip_building_tests': False, 'cmake_args': None, 'cmake_clean_cache': False, 'cmake_clean_first': False, 'cmake_force_configure': False, 'cmake_target': None, 'cmake_target_skip_unavailable': False, 'install_base': '/root/ros2_frws/install/xarm_description', 'merge_install': False, 'path': '/root/ros2_frws/src/xarm_ros2/xarm_description', 'symlink_install': True, 'test_result_base': None}
[1.777s] Level 5:colcon.colcon_core.verb:set package 'xarm_msgs' build argument 'cmake_args' from command line to 'None'
[1.778s] Level 5:colcon.colcon_core.verb:set package 'xarm_msgs' build argument 'cmake_target' from command line to 'None'
[1.778s] Level 5:colcon.colcon_core.verb:set package 'xarm_msgs' build argument 'cmake_target_skip_unavailable' from command line to 'False'
[1.778s] Level 5:colcon.colcon_core.verb:set package 'xarm_msgs' build argument 'cmake_clean_cache' from command line to 'False'
[1.778s] Level 5:colcon.colcon_core.verb:set package 'xarm_msgs' build argument 'cmake_clean_first' from command line to 'False'
[1.778s] Level 5:colcon.colcon_core.verb:set package 'xarm_msgs' build argument 'cmake_force_configure' from command line to 'False'
[1.778s] Level 5:colcon.colcon_core.verb:set package 'xarm_msgs' build argument 'ament_cmake_args' from command line to 'None'
[1.778s] Level 5:colcon.colcon_core.verb:set package 'xarm_msgs' build argument 'catkin_cmake_args' from command line to 'None'
[1.778s] Level 5:colcon.colcon_core.verb:set package 'xarm_msgs' build argument 'catkin_skip_building_tests' from command line to 'False'
[1.778s] DEBUG:colcon.colcon_core.verb:Building package 'xarm_msgs' with the following arguments: {'ament_cmake_args': None, 'build_base': '/root/ros2_frws/build/xarm_msgs', 'catkin_cmake_args': None, 'catkin_skip_building_tests': False, 'cmake_args': None, 'cmake_clean_cache': False, 'cmake_clean_first': False, 'cmake_force_configure': False, 'cmake_target': None, 'cmake_target_skip_unavailable': False, 'install_base': '/root/ros2_frws/install/xarm_msgs', 'merge_install': False, 'path': '/root/ros2_frws/src/xarm_ros2/xarm_msgs', 'symlink_install': True, 'test_result_base': None}
[1.795s] Level 5:colcon.colcon_core.verb:set package 'xarm_sdk' build argument 'cmake_args' from command line to 'None'
[1.795s] Level 5:colcon.colcon_core.verb:set package 'xarm_sdk' build argument 'cmake_target' from command line to 'None'
[1.795s] Level 5:colcon.colcon_core.verb:set package 'xarm_sdk' build argument 'cmake_target_skip_unavailable' from command line to 'False'
[1.795s] Level 5:colcon.colcon_core.verb:set package 'xarm_sdk' build argument 'cmake_clean_cache' from command line to 'False'
[1.795s] Level 5:colcon.colcon_core.verb:set package 'xarm_sdk' build argument 'cmake_clean_first' from command line to 'False'
[1.795s] Level 5:colcon.colcon_core.verb:set package 'xarm_sdk' build argument 'cmake_force_configure' from command line to 'False'
[1.795s] Level 5:colcon.colcon_core.verb:set package 'xarm_sdk' build argument 'ament_cmake_args' from command line to 'None'
[1.795s] Level 5:colcon.colcon_core.verb:set package 'xarm_sdk' build argument 'catkin_cmake_args' from command line to 'None'
[1.795s] Level 5:colcon.colcon_core.verb:set package 'xarm_sdk' build argument 'catkin_skip_building_tests' from command line to 'False'
[1.795s] DEBUG:colcon.colcon_core.verb:Building package 'xarm_sdk' with the following arguments: {'ament_cmake_args': None, 'build_base': '/root/ros2_frws/build/xarm_sdk', 'catkin_cmake_args': None, 'catkin_skip_building_tests': False, 'cmake_args': None, 'cmake_clean_cache': False, 'cmake_clean_first': False, 'cmake_force_configure': False, 'cmake_target': None, 'cmake_target_skip_unavailable': False, 'install_base': '/root/ros2_frws/install/xarm_sdk', 'merge_install': False, 'path': '/root/ros2_frws/src/xarm_ros2/xarm_sdk', 'symlink_install': True, 'test_result_base': None}
[1.813s] Level 5:colcon.colcon_core.verb:set package 'challenge_2' build argument 'cmake_args' from command line to 'None'
[1.813s] Level 5:colcon.colcon_core.verb:set package 'challenge_2' build argument 'cmake_target' from command line to 'None'
[1.813s] Level 5:colcon.colcon_core.verb:set package 'challenge_2' build argument 'cmake_target_skip_unavailable' from command line to 'False'
[1.813s] Level 5:colcon.colcon_core.verb:set package 'challenge_2' build argument 'cmake_clean_cache' from command line to 'False'
[1.813s] Level 5:colcon.colcon_core.verb:set package 'challenge_2' build argument 'cmake_clean_first' from command line to 'False'
[1.813s] Level 5:colcon.colcon_core.verb:set package 'challenge_2' build argument 'cmake_force_configure' from command line to 'False'
[1.813s] Level 5:colcon.colcon_core.verb:set package 'challenge_2' build argument 'ament_cmake_args' from command line to 'None'
[1.814s] Level 5:colcon.colcon_core.verb:set package 'challenge_2' build argument 'catkin_cmake_args' from command line to 'None'
[1.814s] Level 5:colcon.colcon_core.verb:set package 'challenge_2' build argument 'catkin_skip_building_tests' from command line to 'False'
[1.814s] DEBUG:colcon.colcon_core.verb:Building package 'challenge_2' with the following arguments: {'ament_cmake_args': None, 'build_base': '/root/ros2_frws/build/challenge_2', 'catkin_cmake_args': None, 'catkin_skip_building_tests': False, 'cmake_args': None, 'cmake_clean_cache': False, 'cmake_clean_first': False, 'cmake_force_configure': False, 'cmake_target': None, 'cmake_target_skip_unavailable': False, 'install_base': '/root/ros2_frws/install/challenge_2', 'merge_install': False, 'path': '/root/ros2_frws/src/challenge_2', 'symlink_install': True, 'test_result_base': None}
[1.828s] Level 5:colcon.colcon_core.verb:set package 'xarm_api' build argument 'cmake_args' from command line to 'None'
[1.828s] Level 5:colcon.colcon_core.verb:set package 'xarm_api' build argument 'cmake_target' from command line to 'None'
[1.828s] Level 5:colcon.colcon_core.verb:set package 'xarm_api' build argument 'cmake_target_skip_unavailable' from command line to 'False'
[1.828s] Level 5:colcon.colcon_core.verb:set package 'xarm_api' build argument 'cmake_clean_cache' from command line to 'False'
[1.828s] Level 5:colcon.colcon_core.verb:set package 'xarm_api' build argument 'cmake_clean_first' from command line to 'False'
[1.828s] Level 5:colcon.colcon_core.verb:set package 'xarm_api' build argument 'cmake_force_configure' from command line to 'False'
[1.828s] Level 5:colcon.colcon_core.verb:set package 'xarm_api' build argument 'ament_cmake_args' from command line to 'None'
[1.828s] Level 5:colcon.colcon_core.verb:set package 'xarm_api' build argument 'catkin_cmake_args' from command line to 'None'
[1.828s] Level 5:colcon.colcon_core.verb:set package 'xarm_api' build argument 'catkin_skip_building_tests' from command line to 'False'
[1.828s] DEBUG:colcon.colcon_core.verb:Building package 'xarm_api' with the following arguments: {'ament_cmake_args': None, 'build_base': '/root/ros2_frws/build/xarm_api', 'catkin_cmake_args': None, 'catkin_skip_building_tests': False, 'cmake_args': None, 'cmake_clean_cache': False, 'cmake_clean_first': False, 'cmake_force_configure': False, 'cmake_target': None, 'cmake_target_skip_unavailable': False, 'install_base': '/root/ros2_frws/install/xarm_api', 'merge_install': False, 'path': '/root/ros2_frws/src/xarm_ros2/xarm_api', 'symlink_install': True, 'test_result_base': None}
[1.843s] Level 5:colcon.colcon_core.verb:set package 'xarm_controller' build argument 'cmake_args' from command line to 'None'
[1.843s] Level 5:colcon.colcon_core.verb:set package 'xarm_controller' build argument 'cmake_target' from command line to 'None'
[1.843s] Level 5:colcon.colcon_core.verb:set package 'xarm_controller' build argument 'cmake_target_skip_unavailable' from command line to 'False'
[1.843s] Level 5:colcon.colcon_core.verb:set package 'xarm_controller' build argument 'cmake_clean_cache' from command line to 'False'
[1.843s] Level 5:colcon.colcon_core.verb:set package 'xarm_controller' build argument 'cmake_clean_first' from command line to 'False'
[1.843s] Level 5:colcon.colcon_core.verb:set package 'xarm_controller' build argument 'cmake_force_configure' from command line to 'False'
[1.843s] Level 5:colcon.colcon_core.verb:set package 'xarm_controller' build argument 'ament_cmake_args' from command line to 'None'
[1.843s] Level 5:colcon.colcon_core.verb:set package 'xarm_controller' build argument 'catkin_cmake_args' from command line to 'None'
[1.843s] Level 5:colcon.colcon_core.verb:set package 'xarm_controller' build argument 'catkin_skip_building_tests' from command line to 'False'
[1.843s] DEBUG:colcon.colcon_core.verb:Building package 'xarm_controller' with the following arguments: {'ament_cmake_args': None, 'build_base': '/root/ros2_frws/build/xarm_controller', 'catkin_cmake_args': None, 'catkin_skip_building_tests': False, 'cmake_args': None, 'cmake_clean_cache': False, 'cmake_clean_first': False, 'cmake_force_configure': False, 'cmake_target': None, 'cmake_target_skip_unavailable': False, 'install_base': '/root/ros2_frws/install/xarm_controller', 'merge_install': False, 'path': '/root/ros2_frws/src/xarm_ros2/xarm_controller', 'symlink_install': True, 'test_result_base': None}
[1.859s] Level 5:colcon.colcon_core.verb:set package 'xarm_gazebo' build argument 'cmake_args' from command line to 'None'
[1.859s] Level 5:colcon.colcon_core.verb:set package 'xarm_gazebo' build argument 'cmake_target' from command line to 'None'
[1.859s] Level 5:colcon.colcon_core.verb:set package 'xarm_gazebo' build argument 'cmake_target_skip_unavailable' from command line to 'False'
[1.859s] Level 5:colcon.colcon_core.verb:set package 'xarm_gazebo' build argument 'cmake_clean_cache' from command line to 'False'
[1.859s] Level 5:colcon.colcon_core.verb:set package 'xarm_gazebo' build argument 'cmake_clean_first' from command line to 'False'
[1.859s] Level 5:colcon.colcon_core.verb:set package 'xarm_gazebo' build argument 'cmake_force_configure' from command line to 'False'
[1.859s] Level 5:colcon.colcon_core.verb:set package 'xarm_gazebo' build argument 'ament_cmake_args' from command line to 'None'
[1.859s] Level 5:colcon.colcon_core.verb:set package 'xarm_gazebo' build argument 'catkin_cmake_args' from command line to 'None'
[1.859s] Level 5:colcon.colcon_core.verb:set package 'xarm_gazebo' build argument 'catkin_skip_building_tests' from command line to 'False'
[1.859s] DEBUG:colcon.colcon_core.verb:Building package 'xarm_gazebo' with the following arguments: {'ament_cmake_args': None, 'build_base': '/root/ros2_frws/build/xarm_gazebo', 'catkin_cmake_args': None, 'catkin_skip_building_tests': False, 'cmake_args': None, 'cmake_clean_cache': False, 'cmake_clean_first': False, 'cmake_force_configure': False, 'cmake_target': None, 'cmake_target_skip_unavailable': False, 'install_base': '/root/ros2_frws/install/xarm_gazebo', 'merge_install': False, 'path': '/root/ros2_frws/src/xarm_ros2/xarm_gazebo', 'symlink_install': True, 'test_result_base': None}
[1.874s] Level 5:colcon.colcon_core.verb:set package 'xarm_moveit_config' build argument 'cmake_args' from command line to 'None'
[1.874s] Level 5:colcon.colcon_core.verb:set package 'xarm_moveit_config' build argument 'cmake_target' from command line to 'None'
[1.874s] Level 5:colcon.colcon_core.verb:set package 'xarm_moveit_config' build argument 'cmake_target_skip_unavailable' from command line to 'False'
[1.875s] Level 5:colcon.colcon_core.verb:set package 'xarm_moveit_config' build argument 'cmake_clean_cache' from command line to 'False'
[1.875s] Level 5:colcon.colcon_core.verb:set package 'xarm_moveit_config' build argument 'cmake_clean_first' from command line to 'False'
[1.875s] Level 5:colcon.colcon_core.verb:set package 'xarm_moveit_config' build argument 'cmake_force_configure' from command line to 'False'
[1.875s] Level 5:colcon.colcon_core.verb:set package 'xarm_moveit_config' build argument 'ament_cmake_args' from command line to 'None'
[1.875s] Level 5:colcon.colcon_core.verb:set package 'xarm_moveit_config' build argument 'catkin_cmake_args' from command line to 'None'
[1.875s] Level 5:colcon.colcon_core.verb:set package 'xarm_moveit_config' build argument 'catkin_skip_building_tests' from command line to 'False'
[1.875s] DEBUG:colcon.colcon_core.verb:Building package 'xarm_moveit_config' with the following arguments: {'ament_cmake_args': None, 'build_base': '/root/ros2_frws/build/xarm_moveit_config', 'catkin_cmake_args': None, 'catkin_skip_building_tests': False, 'cmake_args': None, 'cmake_clean_cache': False, 'cmake_clean_first': False, 'cmake_force_configure': False, 'cmake_target': None, 'cmake_target_skip_unavailable': False, 'install_base': '/root/ros2_frws/install/xarm_moveit_config', 'merge_install': False, 'path': '/root/ros2_frws/src/xarm_ros2/xarm_moveit_config', 'symlink_install': True, 'test_result_base': None}
[1.889s] Level 5:colcon.colcon_core.verb:set package 'xarm_moveit_servo' build argument 'cmake_args' from command line to 'None'
[1.889s] Level 5:colcon.colcon_core.verb:set package 'xarm_moveit_servo' build argument 'cmake_target' from command line to 'None'
[1.889s] Level 5:colcon.colcon_core.verb:set package 'xarm_moveit_servo' build argument 'cmake_target_skip_unavailable' from command line to 'False'
[1.890s] Level 5:colcon.colcon_core.verb:set package 'xarm_moveit_servo' build argument 'cmake_clean_cache' from command line to 'False'
[1.890s] Level 5:colcon.colcon_core.verb:set package 'xarm_moveit_servo' build argument 'cmake_clean_first' from command line to 'False'
[1.890s] Level 5:colcon.colcon_core.verb:set package 'xarm_moveit_servo' build argument 'cmake_force_configure' from command line to 'False'
[1.890s] Level 5:colcon.colcon_core.verb:set package 'xarm_moveit_servo' build argument 'ament_cmake_args' from command line to 'None'
[1.890s] Level 5:colcon.colcon_core.verb:set package 'xarm_moveit_servo' build argument 'catkin_cmake_args' from command line to 'None'
[1.890s] Level 5:colcon.colcon_core.verb:set package 'xarm_moveit_servo' build argument 'catkin_skip_building_tests' from command line to 'False'
[1.890s] DEBUG:colcon.colcon_core.verb:Building package 'xarm_moveit_servo' with the following arguments: {'ament_cmake_args': None, 'build_base': '/root/ros2_frws/build/xarm_moveit_servo', 'catkin_cmake_args': None, 'catkin_skip_building_tests': False, 'cmake_args': None, 'cmake_clean_cache': False, 'cmake_clean_first': False, 'cmake_force_configure': False, 'cmake_target': None, 'cmake_target_skip_unavailable': False, 'install_base': '/root/ros2_frws/install/xarm_moveit_servo', 'merge_install': False, 'path': '/root/ros2_frws/src/xarm_ros2/xarm_moveit_servo', 'symlink_install': True, 'test_result_base': None}
[1.907s] Level 5:colcon.colcon_core.verb:set package 'xarm_planner' build argument 'cmake_args' from command line to 'None'
[1.908s] Level 5:colcon.colcon_core.verb:set package 'xarm_planner' build argument 'cmake_target' from command line to 'None'
[1.908s] Level 5:colcon.colcon_core.verb:set package 'xarm_planner' build argument 'cmake_target_skip_unavailable' from command line to 'False'
[1.908s] Level 5:colcon.colcon_core.verb:set package 'xarm_planner' build argument 'cmake_clean_cache' from command line to 'False'
[1.908s] Level 5:colcon.colcon_core.verb:set package 'xarm_planner' build argument 'cmake_clean_first' from command line to 'False'
[1.908s] Level 5:colcon.colcon_core.verb:set package 'xarm_planner' build argument 'cmake_force_configure' from command line to 'False'
[1.908s] Level 5:colcon.colcon_core.verb:set package 'xarm_planner' build argument 'ament_cmake_args' from command line to 'None'
[1.908s] Level 5:colcon.colcon_core.verb:set package 'xarm_planner' build argument 'catkin_cmake_args' from command line to 'None'
[1.908s] Level 5:colcon.colcon_core.verb:set package 'xarm_planner' build argument 'catkin_skip_building_tests' from command line to 'False'
[1.908s] DEBUG:colcon.colcon_core.verb:Building package 'xarm_planner' with the following arguments: {'ament_cmake_args': None, 'build_base': '/root/ros2_frws/build/xarm_planner', 'catkin_cmake_args': None, 'catkin_skip_building_tests': False, 'cmake_args': None, 'cmake_clean_cache': False, 'cmake_clean_first': False, 'cmake_force_configure': False, 'cmake_target': None, 'cmake_target_skip_unavailable': False, 'install_base': '/root/ros2_frws/install/xarm_planner', 'merge_install': False, 'path': '/root/ros2_frws/src/xarm_ros2/xarm_planner', 'symlink_install': True, 'test_result_base': None}
[1.922s] INFO:colcon.colcon_core.executor:Executing jobs using 'parallel' executor
[1.947s] DEBUG:colcon.colcon_parallel_executor.executor.parallel:run_until_complete
[1.947s] INFO:colcon.colcon_ros.task.ament_cmake.build:Building ROS package in '/root/ros2_frws/src/xarm_ros2/xarm_description' with build type 'ament_cmake'
[1.948s] INFO:colcon.colcon_cmake.task.cmake.build:Building CMake package in '/root/ros2_frws/src/xarm_ros2/xarm_description'
[1.971s] INFO:colcon.colcon_core.plugin_system:Skipping extension 'colcon_core.shell.bat': Not used on non-Windows systems
[1.972s] INFO:colcon.colcon_core.shell:Skip shell extension 'powershell' for command environment: Not usable outside of PowerShell
[1.972s] DEBUG:colcon.colcon_core.shell:Skip shell extension 'dsv' for command environment
[2.029s] INFO:colcon.colcon_ros.task.ament_cmake.build:Building ROS package in '/root/ros2_frws/src/xarm_ros2/xarm_msgs' with build type 'ament_cmake'
[2.030s] INFO:colcon.colcon_cmake.task.cmake.build:Building CMake package in '/root/ros2_frws/src/xarm_ros2/xarm_msgs'
[2.049s] INFO:colcon.colcon_core.shell:Skip shell extension 'powershell' for command environment: Not usable outside of PowerShell
[2.050s] DEBUG:colcon.colcon_core.shell:Skip shell extension 'dsv' for command environment
[2.116s] INFO:colcon.colcon_ros.task.ament_cmake.build:Building ROS package in '/root/ros2_frws/src/xarm_ros2/xarm_sdk' with build type 'ament_cmake'
[2.116s] INFO:colcon.colcon_cmake.task.cmake.build:Building CMake package in '/root/ros2_frws/src/xarm_ros2/xarm_sdk'
[2.138s] INFO:colcon.colcon_core.shell:Skip shell extension 'powershell' for command environment: Not usable outside of PowerShell
[2.138s] DEBUG:colcon.colcon_core.shell:Skip shell extension 'dsv' for command environment
[2.200s] INFO:colcon.colcon_ros.task.ament_cmake.build:Building ROS package in '/root/ros2_frws/src/my_msg_interfaces' with build type 'ament_cmake'
[2.200s] INFO:colcon.colcon_cmake.task.cmake.build:Building CMake package in '/root/ros2_frws/src/my_msg_interfaces'
[2.215s] INFO:colcon.colcon_core.shell:Skip shell extension 'powershell' for command environment: Not usable outside of PowerShell
[2.215s] DEBUG:colcon.colcon_core.shell:Skip shell extension 'dsv' for command environment
[2.267s] INFO:colcon.colcon_ros.task.ament_python.build:Building ROS package in '/root/ros2_frws/src/basic_comms' with build type 'ament_python'
[2.267s] Level 1:colcon.colcon_core.shell:create_environment_hook('basic_comms', 'ament_prefix_path')
[2.282s] INFO:colcon.colcon_core.shell:Creating environment hook '/root/ros2_frws/install/basic_comms/share/basic_comms/hook/ament_prefix_path.ps1'
[2.285s] INFO:colcon.colcon_core.shell:Creating environment descriptor '/root/ros2_frws/install/basic_comms/share/basic_comms/hook/ament_prefix_path.dsv'
[2.285s] INFO:colcon.colcon_core.shell:Creating environment hook '/root/ros2_frws/install/basic_comms/share/basic_comms/hook/ament_prefix_path.sh'
[2.300s] INFO:colcon.colcon_core.shell:Skip shell extension 'powershell' for command environment: Not usable outside of PowerShell
[2.301s] DEBUG:colcon.colcon_core.shell:Skip shell extension 'dsv' for command environment
[2.356s] INFO:colcon.colcon_ros.task.ament_python.build:Building ROS package in '/root/ros2_frws/src/basic_comms_param' with build type 'ament_python'
[2.356s] Level 1:colcon.colcon_core.shell:create_environment_hook('basic_comms_param', 'ament_prefix_path')
[2.375s] INFO:colcon.colcon_core.shell:Creating environment hook '/root/ros2_frws/install/basic_comms_param/share/basic_comms_param/hook/ament_prefix_path.ps1'
[2.375s] INFO:colcon.colcon_core.shell:Creating environment descriptor '/root/ros2_frws/install/basic_comms_param/share/basic_comms_param/hook/ament_prefix_path.dsv'
[2.376s] INFO:colcon.colcon_core.shell:Creating environment hook '/root/ros2_frws/install/basic_comms_param/share/basic_comms_param/hook/ament_prefix_path.sh'
[2.392s] INFO:colcon.colcon_core.shell:Skip shell extension 'powershell' for command environment: Not usable outside of PowerShell
[2.392s] DEBUG:colcon.colcon_core.shell:Skip shell extension 'dsv' for command environment
[2.442s] INFO:colcon.colcon_ros.task.ament_python.build:Building ROS package in '/root/ros2_frws/src/course_works' with build type 'ament_python'
[2.442s] Level 1:colcon.colcon_core.shell:create_environment_hook('course_works', 'ament_prefix_path')
[2.457s] INFO:colcon.colcon_core.shell:Creating environment hook '/root/ros2_frws/install/course_works/share/course_works/hook/ament_prefix_path.ps1'
[2.457s] INFO:colcon.colcon_core.shell:Creating environment descriptor '/root/ros2_frws/install/course_works/share/course_works/hook/ament_prefix_path.dsv'
[2.458s] INFO:colcon.colcon_core.shell:Creating environment hook '/root/ros2_frws/install/course_works/share/course_works/hook/ament_prefix_path.sh'
[2.479s] INFO:colcon.colcon_core.shell:Skip shell extension 'powershell' for command environment: Not usable outside of PowerShell
[2.479s] DEBUG:colcon.colcon_core.shell:Skip shell extension 'dsv' for command environment
[2.531s] INFO:colcon.colcon_ros.task.ament_cmake.build:Building ROS package in '/root/ros2_frws/src/xarm_ros2/thirdparty/realsense_gazebo_plugin' with build type 'ament_cmake'
[2.531s] INFO:colcon.colcon_cmake.task.cmake.build:Building CMake package in '/root/ros2_frws/src/xarm_ros2/thirdparty/realsense_gazebo_plugin'
[2.548s] INFO:colcon.colcon_core.shell:Skip shell extension 'powershell' for command environment: Not usable outside of PowerShell
[2.549s] DEBUG:colcon.colcon_core.shell:Skip shell extension 'dsv' for command environment
[2.620s] DEBUG:colcon.colcon_core.event_handler.log_command:Invoking command in '/root/ros2_frws/build/xarm_description': CMAKE_PREFIX_PATH=${CMAKE_PREFIX_PATH}:/root/ros2_frws/install/challenge_2:/root/ros2_frws/install/moveit_configs_utils:/root/ros2_frws/install/course_works:/root/ros2_frws/install/basic_comms_params:/root/ros2_frws/install/basic_comms_param:/root/ros2_frws/install/basic_comms:/opt/ros/humble /usr/bin/cmake /root/ros2_frws/src/xarm_ros2/xarm_description -DAMENT_CMAKE_SYMLINK_INSTALL=1 -DCMAKE_INSTALL_PREFIX=/root/ros2_frws/install/xarm_description
[2.624s] DEBUG:colcon.colcon_core.event_handler.log_command:Invoking command in '/root/ros2_frws/build/xarm_msgs': CMAKE_PREFIX_PATH=${CMAKE_PREFIX_PATH}:/root/ros2_frws/install/challenge_2:/root/ros2_frws/install/moveit_configs_utils:/root/ros2_frws/install/course_works:/root/ros2_frws/install/basic_comms_params:/root/ros2_frws/install/basic_comms_param:/root/ros2_frws/install/basic_comms:/opt/ros/humble /usr/bin/cmake /root/ros2_frws/src/xarm_ros2/xarm_msgs -DAMENT_CMAKE_SYMLINK_INSTALL=1 -DCMAKE_INSTALL_PREFIX=/root/ros2_frws/install/xarm_msgs
[2.628s] DEBUG:colcon.colcon_core.event_handler.log_command:Invoking command in '/root/ros2_frws/build/xarm_sdk': CMAKE_PREFIX_PATH=${CMAKE_PREFIX_PATH}:/root/ros2_frws/install/challenge_2:/root/ros2_frws/install/moveit_configs_utils:/root/ros2_frws/install/course_works:/root/ros2_frws/install/basic_comms_params:/root/ros2_frws/install/basic_comms_param:/root/ros2_frws/install/basic_comms:/opt/ros/humble /usr/bin/cmake /root/ros2_frws/src/xarm_ros2/xarm_sdk -DAMENT_CMAKE_SYMLINK_INSTALL=1 -DCMAKE_INSTALL_PREFIX=/root/ros2_frws/install/xarm_sdk
[2.630s] DEBUG:colcon.colcon_core.event_handler.log_command:Invoking command in '/root/ros2_frws/build/my_msg_interfaces': CMAKE_PREFIX_PATH=${CMAKE_PREFIX_PATH}:/root/ros2_frws/install/challenge_2:/root/ros2_frws/install/moveit_configs_utils:/root/ros2_frws/install/course_works:/root/ros2_frws/install/basic_comms_params:/root/ros2_frws/install/basic_comms_param:/root/ros2_frws/install/basic_comms:/opt/ros/humble /usr/bin/cmake /root/ros2_frws/src/my_msg_interfaces -DAMENT_CMAKE_SYMLINK_INSTALL=1 -DCMAKE_INSTALL_PREFIX=/root/ros2_frws/install/my_msg_interfaces
[2.895s] INFO:colcon.colcon_core.task.python.build:Building Python package in '/root/ros2_frws/src/basic_comms'
[2.910s] INFO:colcon.colcon_core.shell:Skip shell extension 'powershell' for command environment: Not usable outside of PowerShell
[2.911s] DEBUG:colcon.colcon_core.shell:Skip shell extension 'dsv' for command environment
[3.190s] INFO:colcon.colcon_core.task.python.build:Building Python package in '/root/ros2_frws/src/basic_comms_param'
[3.204s] INFO:colcon.colcon_core.shell:Skip shell extension 'powershell' for command environment: Not usable outside of PowerShell
[3.204s] DEBUG:colcon.colcon_core.shell:Skip shell extension 'dsv' for command environment
[3.498s] INFO:colcon.colcon_core.task.python.build:Building Python package in '/root/ros2_frws/src/course_works'
[3.512s] INFO:colcon.colcon_core.shell:Skip shell extension 'powershell' for command environment: Not usable outside of PowerShell
[3.512s] DEBUG:colcon.colcon_core.shell:Skip shell extension 'dsv' for command environment
[3.592s] DEBUG:colcon.colcon_core.event_handler.log_command:Invoking command in '/root/ros2_frws/build/realsense_gazebo_plugin': CMAKE_PREFIX_PATH=${CMAKE_PREFIX_PATH}:/root/ros2_frws/install/challenge_2:/root/ros2_frws/install/moveit_configs_utils:/root/ros2_frws/install/course_works:/root/ros2_frws/install/basic_comms_params:/root/ros2_frws/install/basic_comms_param:/root/ros2_frws/install/basic_comms:/opt/ros/humble /usr/bin/cmake /root/ros2_frws/src/xarm_ros2/thirdparty/realsense_gazebo_plugin -DAMENT_CMAKE_SYMLINK_INSTALL=1 -DCMAKE_INSTALL_PREFIX=/root/ros2_frws/install/realsense_gazebo_plugin
[3.592s] DEBUG:colcon.colcon_core.event_handler.log_command:Invoked command in '/root/ros2_frws/build/xarm_description' returned '0': CMAKE_PREFIX_PATH=${CMAKE_PREFIX_PATH}:/root/ros2_frws/install/challenge_2:/root/ros2_frws/install/moveit_configs_utils:/root/ros2_frws/install/course_works:/root/ros2_frws/install/basic_comms_params:/root/ros2_frws/install/basic_comms_param:/root/ros2_frws/install/basic_comms:/opt/ros/humble /usr/bin/cmake /root/ros2_frws/src/xarm_ros2/xarm_description -DAMENT_CMAKE_SYMLINK_INSTALL=1 -DCMAKE_INSTALL_PREFIX=/root/ros2_frws/install/xarm_description
[3.593s] DEBUG:colcon.colcon_core.event_handler.log_command:Invoking command in '/root/ros2_frws/build/xarm_description': CMAKE_PREFIX_PATH=${CMAKE_PREFIX_PATH}:/root/ros2_frws/install/challenge_2:/root/ros2_frws/install/moveit_configs_utils:/root/ros2_frws/install/course_works:/root/ros2_frws/install/basic_comms_params:/root/ros2_frws/install/basic_comms_param:/root/ros2_frws/install/basic_comms:/opt/ros/humble /usr/bin/cmake --build /root/ros2_frws/build/xarm_description -- -j16 -l16
[3.593s] DEBUG:colcon.colcon_core.event_handler.log_command:Invoked command in '/root/ros2_frws/build/xarm_sdk' returned '0': CMAKE_PREFIX_PATH=${CMAKE_PREFIX_PATH}:/root/ros2_frws/install/challenge_2:/root/ros2_frws/install/moveit_configs_utils:/root/ros2_frws/install/course_works:/root/ros2_frws/install/basic_comms_params:/root/ros2_frws/install/basic_comms_param:/root/ros2_frws/install/basic_comms:/opt/ros/humble /usr/bin/cmake /root/ros2_frws/src/xarm_ros2/xarm_sdk -DAMENT_CMAKE_SYMLINK_INSTALL=1 -DCMAKE_INSTALL_PREFIX=/root/ros2_frws/install/xarm_sdk
[3.593s] DEBUG:colcon.colcon_core.event_handler.log_command:Invoking command in '/root/ros2_frws/build/xarm_sdk': CMAKE_PREFIX_PATH=${CMAKE_PREFIX_PATH}:/root/ros2_frws/install/challenge_2:/root/ros2_frws/install/moveit_configs_utils:/root/ros2_frws/install/course_works:/root/ros2_frws/install/basic_comms_params:/root/ros2_frws/install/basic_comms_param:/root/ros2_frws/install/basic_comms:/opt/ros/humble /usr/bin/cmake --build /root/ros2_frws/build/xarm_sdk -- -j16 -l16
[3.634s] DEBUG:colcon.colcon_core.event_handler.log_command:Invoked command in '/root/ros2_frws/build/xarm_description' returned '0': CMAKE_PREFIX_PATH=${CMAKE_PREFIX_PATH}:/root/ros2_frws/install/challenge_2:/root/ros2_frws/install/moveit_configs_utils:/root/ros2_frws/install/course_works:/root/ros2_frws/install/basic_comms_params:/root/ros2_frws/install/basic_comms_param:/root/ros2_frws/install/basic_comms:/opt/ros/humble /usr/bin/cmake --build /root/ros2_frws/build/xarm_description -- -j16 -l16
[3.683s] DEBUG:colcon.colcon_core.event_handler.log_command:Invoking command in '/root/ros2_frws/build/xarm_description': CMAKE_PREFIX_PATH=${CMAKE_PREFIX_PATH}:/root/ros2_frws/install/challenge_2:/root/ros2_frws/install/moveit_configs_utils:/root/ros2_frws/install/course_works:/root/ros2_frws/install/basic_comms_params:/root/ros2_frws/install/basic_comms_param:/root/ros2_frws/install/basic_comms:/opt/ros/humble /usr/bin/cmake --install /root/ros2_frws/build/xarm_description
[3.722s] Level 1:colcon.colcon_core.environment:create_environment_scripts_only(xarm_description)
[3.737s] DEBUG:colcon.colcon_core.event_handler.log_command:Invoked command in '/root/ros2_frws/build/xarm_sdk' returned '0': CMAKE_PREFIX_PATH=${CMAKE_PREFIX_PATH}:/root/ros2_frws/install/challenge_2:/root/ros2_frws/install/moveit_configs_utils:/root/ros2_frws/install/course_works:/root/ros2_frws/install/basic_comms_params:/root/ros2_frws/install/basic_comms_param:/root/ros2_frws/install/basic_comms:/opt/ros/humble /usr/bin/cmake --build /root/ros2_frws/build/xarm_sdk -- -j16 -l16
[3.740s] DEBUG:colcon.colcon_core.event_handler.log_command:Invoked command in '/root/ros2_frws/build/xarm_description' returned '0': CMAKE_PREFIX_PATH=${CMAKE_PREFIX_PATH}:/root/ros2_frws/install/challenge_2:/root/ros2_frws/install/moveit_configs_utils:/root/ros2_frws/install/course_works:/root/ros2_frws/install/basic_comms_params:/root/ros2_frws/install/basic_comms_param:/root/ros2_frws/install/basic_comms:/opt/ros/humble /usr/bin/cmake --install /root/ros2_frws/build/xarm_description
[3.761s] Level 1:colcon.colcon_core.environment:checking '/root/ros2_frws/install/xarm_description' for CMake module files
[3.762s] Level 1:colcon.colcon_core.environment:checking '/root/ros2_frws/install/xarm_description' for CMake config files
[3.762s] Level 1:colcon.colcon_core.shell:create_environment_hook('xarm_description', 'cmake_prefix_path')
[3.786s] INFO:colcon.colcon_core.shell:Creating environment hook '/root/ros2_frws/install/xarm_description/share/xarm_description/hook/cmake_prefix_path.ps1'
[3.787s] INFO:colcon.colcon_core.shell:Creating environment descriptor '/root/ros2_frws/install/xarm_description/share/xarm_description/hook/cmake_prefix_path.dsv'
[3.787s] INFO:colcon.colcon_core.shell:Creating environment hook '/root/ros2_frws/install/xarm_description/share/xarm_description/hook/cmake_prefix_path.sh'
[3.788s] Level 1:colcon.colcon_core.environment:checking '/root/ros2_frws/install/xarm_description/bin'
[3.788s] Level 1:colcon.colcon_core.environment:checking '/root/ros2_frws/install/xarm_description/lib/pkgconfig/xarm_description.pc'
[3.788s] Level 1:colcon.colcon_core.environment:checking '/root/ros2_frws/install/xarm_description/lib/python3.10/site-packages'
[3.789s] Level 1:colcon.colcon_core.environment:checking '/root/ros2_frws/install/xarm_description/bin'
[3.805s] INFO:colcon.colcon_core.shell:Creating package script '/root/ros2_frws/install/xarm_description/share/xarm_description/package.ps1'
[3.806s] INFO:colcon.colcon_core.shell:Creating package descriptor '/root/ros2_frws/install/xarm_description/share/xarm_description/package.dsv'
[3.807s] INFO:colcon.colcon_core.shell:Creating package script '/root/ros2_frws/install/xarm_description/share/xarm_description/package.sh'
[3.808s] INFO:colcon.colcon_core.shell:Creating package script '/root/ros2_frws/install/xarm_description/share/xarm_description/package.bash'
[3.809s] INFO:colcon.colcon_core.shell:Creating package script '/root/ros2_frws/install/xarm_description/share/xarm_description/package.zsh'
[3.809s] Level 1:colcon.colcon_core.environment:create_file_with_runtime_dependencies(/root/ros2_frws/install/xarm_description/share/colcon-core/packages/xarm_description)
[3.829s] DEBUG:colcon.colcon_core.event_handler.log_command:Invoking command in '/root/ros2_frws/build/xarm_sdk': CMAKE_PREFIX_PATH=${CMAKE_PREFIX_PATH}:/root/ros2_frws/install/challenge_2:/root/ros2_frws/install/moveit_configs_utils:/root/ros2_frws/install/course_works:/root/ros2_frws/install/basic_comms_params:/root/ros2_frws/install/basic_comms_param:/root/ros2_frws/install/basic_comms:/opt/ros/humble /usr/bin/cmake --install /root/ros2_frws/build/xarm_sdk
[3.865s] Level 1:colcon.colcon_core.environment:create_environment_scripts_only(xarm_description)
[3.886s] Level 1:colcon.colcon_core.environment:checking '/root/ros2_frws/install/xarm_description' for CMake module files
[3.887s] Level 1:colcon.colcon_core.environment:checking '/root/ros2_frws/install/xarm_description' for CMake config files
[3.887s] Level 1:colcon.colcon_core.shell:create_environment_hook('xarm_description', 'cmake_prefix_path')
[3.906s] INFO:colcon.colcon_core.shell:Creating environment hook '/root/ros2_frws/install/xarm_description/share/xarm_description/hook/cmake_prefix_path.ps1'
[3.907s] INFO:colcon.colcon_core.shell:Creating environment descriptor '/root/ros2_frws/install/xarm_description/share/xarm_description/hook/cmake_prefix_path.dsv'
[3.907s] INFO:colcon.colcon_core.shell:Creating environment hook '/root/ros2_frws/install/xarm_description/share/xarm_description/hook/cmake_prefix_path.sh'
[3.908s] Level 1:colcon.colcon_core.environment:checking '/root/ros2_frws/install/xarm_description/bin'
[3.908s] Level 1:colcon.colcon_core.environment:checking '/root/ros2_frws/install/xarm_description/lib/pkgconfig/xarm_description.pc'
[3.908s] Level 1:colcon.colcon_core.environment:checking '/root/ros2_frws/install/xarm_description/lib/python3.10/site-packages'
[3.908s] Level 1:colcon.colcon_core.environment:checking '/root/ros2_frws/install/xarm_description/bin'
[3.924s] INFO:colcon.colcon_core.shell:Creating package script '/root/ros2_frws/install/xarm_description/share/xarm_description/package.ps1'
[3.924s] INFO:colcon.colcon_core.shell:Creating package descriptor '/root/ros2_frws/install/xarm_description/share/xarm_description/package.dsv'
[3.925s] INFO:colcon.colcon_core.shell:Creating package script '/root/ros2_frws/install/xarm_description/share/xarm_description/package.sh'
[3.925s] INFO:colcon.colcon_core.shell:Creating package script '/root/ros2_frws/install/xarm_description/share/xarm_description/package.bash'
[3.926s] INFO:colcon.colcon_core.shell:Creating package script '/root/ros2_frws/install/xarm_description/share/xarm_description/package.zsh'
[3.926s] Level 1:colcon.colcon_core.environment:create_file_with_runtime_dependencies(/root/ros2_frws/install/xarm_description/share/colcon-core/packages/xarm_description)
[3.928s] Level 1:colcon.colcon_core.environment:create_environment_scripts_only(xarm_sdk)
[3.930s] DEBUG:colcon.colcon_core.event_handler.log_command:Invoked command in '/root/ros2_frws/build/xarm_sdk' returned '0': CMAKE_PREFIX_PATH=${CMAKE_PREFIX_PATH}:/root/ros2_frws/install/challenge_2:/root/ros2_frws/install/moveit_configs_utils:/root/ros2_frws/install/course_works:/root/ros2_frws/install/basic_comms_params:/root/ros2_frws/install/basic_comms_param:/root/ros2_frws/install/basic_comms:/opt/ros/humble /usr/bin/cmake --install /root/ros2_frws/build/xarm_sdk
[3.947s] Level 1:colcon.colcon_core.environment:checking '/root/ros2_frws/install/xarm_sdk' for CMake module files
[3.947s] Level 1:colcon.colcon_core.environment:checking '/root/ros2_frws/install/xarm_sdk' for CMake config files
[3.948s] Level 1:colcon.colcon_core.shell:create_environment_hook('xarm_sdk', 'cmake_prefix_path')
[3.967s] INFO:colcon.colcon_core.shell:Creating environment hook '/root/ros2_frws/install/xarm_sdk/share/xarm_sdk/hook/cmake_prefix_path.ps1'
[3.967s] INFO:colcon.colcon_core.shell:Creating environment descriptor '/root/ros2_frws/install/xarm_sdk/share/xarm_sdk/hook/cmake_prefix_path.dsv'
[3.968s] INFO:colcon.colcon_core.shell:Creating environment hook '/root/ros2_frws/install/xarm_sdk/share/xarm_sdk/hook/cmake_prefix_path.sh'
[3.968s] Level 1:colcon.colcon_core.environment:checking '/root/ros2_frws/install/xarm_sdk/lib'
[3.969s] Level 1:colcon.colcon_core.shell:create_environment_hook('xarm_sdk', 'ld_library_path_lib')
[3.988s] INFO:colcon.colcon_core.shell:Creating environment hook '/root/ros2_frws/install/xarm_sdk/share/xarm_sdk/hook/ld_library_path_lib.ps1'
[3.988s] INFO:colcon.colcon_core.shell:Creating environment descriptor '/root/ros2_frws/install/xarm_sdk/share/xarm_sdk/hook/ld_library_path_lib.dsv'
[3.989s] INFO:colcon.colcon_core.shell:Creating environment hook '/root/ros2_frws/install/xarm_sdk/share/xarm_sdk/hook/ld_library_path_lib.sh'
[3.989s] Level 1:colcon.colcon_core.environment:checking '/root/ros2_frws/install/xarm_sdk/bin'
[3.989s] Level 1:colcon.colcon_core.environment:checking '/root/ros2_frws/install/xarm_sdk/lib/pkgconfig/xarm_sdk.pc'
[3.989s] Level 1:colcon.colcon_core.environment:checking '/root/ros2_frws/install/xarm_sdk/lib/python3.10/site-packages'
[3.990s] Level 1:colcon.colcon_core.environment:checking '/root/ros2_frws/install/xarm_sdk/bin'
[4.006s] INFO:colcon.colcon_core.shell:Creating package script '/root/ros2_frws/install/xarm_sdk/share/xarm_sdk/package.ps1'
[4.006s] INFO:colcon.colcon_core.shell:Creating package descriptor '/root/ros2_frws/install/xarm_sdk/share/xarm_sdk/package.dsv'
[4.007s] INFO:colcon.colcon_core.shell:Creating package script '/root/ros2_frws/install/xarm_sdk/share/xarm_sdk/package.sh'
[4.007s] INFO:colcon.colcon_core.shell:Creating package script '/root/ros2_frws/install/xarm_sdk/share/xarm_sdk/package.bash'
[4.007s] INFO:colcon.colcon_core.shell:Creating package script '/root/ros2_frws/install/xarm_sdk/share/xarm_sdk/package.zsh'
[4.008s] Level 1:colcon.colcon_core.environment:create_file_with_runtime_dependencies(/root/ros2_frws/install/xarm_sdk/share/colcon-core/packages/xarm_sdk)
[4.011s] DEBUG:colcon.colcon_core.event_handler.log_command:Invoked command in '/root/ros2_frws/build/my_msg_interfaces' returned '0': CMAKE_PREFIX_PATH=${CMAKE_PREFIX_PATH}:/root/ros2_frws/install/challenge_2:/root/ros2_frws/install/moveit_configs_utils:/root/ros2_frws/install/course_works:/root/ros2_frws/install/basic_comms_params:/root/ros2_frws/install/basic_comms_param:/root/ros2_frws/install/basic_comms:/opt/ros/humble /usr/bin/cmake /root/ros2_frws/src/my_msg_interfaces -DAMENT_CMAKE_SYMLINK_INSTALL=1 -DCMAKE_INSTALL_PREFIX=/root/ros2_frws/install/my_msg_interfaces
[4.013s] DEBUG:colcon.colcon_core.event_handler.log_command:Invoking command in '/root/ros2_frws/build/my_msg_interfaces': CMAKE_PREFIX_PATH=${CMAKE_PREFIX_PATH}:/root/ros2_frws/install/challenge_2:/root/ros2_frws/install/moveit_configs_utils:/root/ros2_frws/install/course_works:/root/ros2_frws/install/basic_comms_params:/root/ros2_frws/install/basic_comms_param:/root/ros2_frws/install/basic_comms:/opt/ros/humble /usr/bin/cmake --build /root/ros2_frws/build/my_msg_interfaces -- -j16 -l16
[4.089s] DEBUG:colcon.colcon_core.event_handler.log_command:Invoked command in '/root/ros2_frws/build/my_msg_interfaces' returned '2': CMAKE_PREFIX_PATH=${CMAKE_PREFIX_PATH}:/root/ros2_frws/install/challenge_2:/root/ros2_frws/install/moveit_configs_utils:/root/ros2_frws/install/course_works:/root/ros2_frws/install/basic_comms_params:/root/ros2_frws/install/basic_comms_param:/root/ros2_frws/install/basic_comms:/opt/ros/humble /usr/bin/cmake --build /root/ros2_frws/build/my_msg_interfaces -- -j16 -l16
[4.131s] Level 1:colcon.colcon_core.environment:create_environment_scripts_only(xarm_sdk)
[4.152s] Level 1:colcon.colcon_core.environment:checking '/root/ros2_frws/install/xarm_sdk' for CMake module files
[4.153s] Level 1:colcon.colcon_core.environment:checking '/root/ros2_frws/install/xarm_sdk' for CMake config files
[4.154s] Level 1:colcon.colcon_core.shell:create_environment_hook('xarm_sdk', 'cmake_prefix_path')
[4.179s] INFO:colcon.colcon_core.shell:Creating environment hook '/root/ros2_frws/install/xarm_sdk/share/xarm_sdk/hook/cmake_prefix_path.ps1'
[4.180s] INFO:colcon.colcon_core.shell:Creating environment descriptor '/root/ros2_frws/install/xarm_sdk/share/xarm_sdk/hook/cmake_prefix_path.dsv'
[4.181s] INFO:colcon.colcon_core.shell:Creating environment hook '/root/ros2_frws/install/xarm_sdk/share/xarm_sdk/hook/cmake_prefix_path.sh'
[4.181s] Level 1:colcon.colcon_core.environment:checking '/root/ros2_frws/install/xarm_sdk/lib'
[4.181s] Level 1:colcon.colcon_core.shell:create_environment_hook('xarm_sdk', 'ld_library_path_lib')
[4.204s] INFO:colcon.colcon_core.shell:Creating environment hook '/root/ros2_frws/install/xarm_sdk/share/xarm_sdk/hook/ld_library_path_lib.ps1'
[4.204s] INFO:colcon.colcon_core.shell:Creating environment descriptor '/root/ros2_frws/install/xarm_sdk/share/xarm_sdk/hook/ld_library_path_lib.dsv'
[4.205s] INFO:colcon.colcon_core.shell:Creating environment hook '/root/ros2_frws/install/xarm_sdk/share/xarm_sdk/hook/ld_library_path_lib.sh'
[4.205s] Level 1:colcon.colcon_core.environment:checking '/root/ros2_frws/install/xarm_sdk/bin'
[4.205s] Level 1:colcon.colcon_core.environment:checking '/root/ros2_frws/install/xarm_sdk/lib/pkgconfig/xarm_sdk.pc'
[4.205s] Level 1:colcon.colcon_core.environment:checking '/root/ros2_frws/install/xarm_sdk/lib/python3.10/site-packages'
[4.206s] Level 1:colcon.colcon_core.environment:checking '/root/ros2_frws/install/xarm_sdk/bin'
[4.233s] INFO:colcon.colcon_core.shell:Creating package script '/root/ros2_frws/install/xarm_sdk/share/xarm_sdk/package.ps1'
[4.234s] INFO:colcon.colcon_core.shell:Creating package descriptor '/root/ros2_frws/install/xarm_sdk/share/xarm_sdk/package.dsv'
[4.235s] INFO:colcon.colcon_core.shell:Creating package script '/root/ros2_frws/install/xarm_sdk/share/xarm_sdk/package.sh'
[4.235s] INFO:colcon.colcon_core.shell:Creating package script '/root/ros2_frws/install/xarm_sdk/share/xarm_sdk/package.bash'
[4.236s] INFO:colcon.colcon_core.shell:Creating package script '/root/ros2_frws/install/xarm_sdk/share/xarm_sdk/package.zsh'
[4.236s] Level 1:colcon.colcon_core.environment:create_file_with_runtime_dependencies(/root/ros2_frws/install/xarm_sdk/share/colcon-core/packages/xarm_sdk)
[4.256s] Level 1:colcon.colcon_core.environment:create_environment_scripts_only(my_msg_interfaces)
[4.278s] Level 1:colcon.colcon_core.environment:checking '/root/ros2_frws/install/my_msg_interfaces' for CMake module files
[4.279s] Level 1:colcon.colcon_core.environment:checking '/root/ros2_frws/install/my_msg_interfaces' for CMake config files
[4.279s] Level 1:colcon.colcon_core.shell:create_environment_hook('my_msg_interfaces', 'cmake_prefix_path')
[4.299s] INFO:colcon.colcon_core.shell:Creating environment hook '/root/ros2_frws/install/my_msg_interfaces/share/my_msg_interfaces/hook/cmake_prefix_path.ps1'
[4.300s] INFO:colcon.colcon_core.shell:Creating environment descriptor '/root/ros2_frws/install/my_msg_interfaces/share/my_msg_interfaces/hook/cmake_prefix_path.dsv'
[4.300s] INFO:colcon.colcon_core.shell:Creating environment hook '/root/ros2_frws/install/my_msg_interfaces/share/my_msg_interfaces/hook/cmake_prefix_path.sh'
[4.301s] Level 1:colcon.colcon_core.environment:checking '/root/ros2_frws/install/my_msg_interfaces/lib'
[4.301s] Level 1:colcon.colcon_core.shell:create_environment_hook('my_msg_interfaces', 'ld_library_path_lib')
[4.317s] INFO:colcon.colcon_core.shell:Creating environment hook '/root/ros2_frws/install/my_msg_interfaces/share/my_msg_interfaces/hook/ld_library_path_lib.ps1'
[4.318s] INFO:colcon.colcon_core.shell:Creating environment descriptor '/root/ros2_frws/install/my_msg_interfaces/share/my_msg_interfaces/hook/ld_library_path_lib.dsv'
[4.318s] INFO:colcon.colcon_core.shell:Creating environment hook '/root/ros2_frws/install/my_msg_interfaces/share/my_msg_interfaces/hook/ld_library_path_lib.sh'
[4.319s] Level 1:colcon.colcon_core.environment:checking '/root/ros2_frws/install/my_msg_interfaces/bin'
[4.319s] Level 1:colcon.colcon_core.environment:checking '/root/ros2_frws/install/my_msg_interfaces/lib/pkgconfig/my_msg_interfaces.pc'
[4.319s] Level 1:colcon.colcon_core.environment:checking '/root/ros2_frws/install/my_msg_interfaces/lib/python3.10/site-packages'
[4.320s] Level 1:colcon.colcon_core.environment:checking '/root/ros2_frws/install/my_msg_interfaces/bin'
[4.336s] INFO:colcon.colcon_core.shell:Creating package script '/root/ros2_frws/install/my_msg_interfaces/share/my_msg_interfaces/package.ps1'
[4.337s] INFO:colcon.colcon_core.shell:Creating package descriptor '/root/ros2_frws/install/my_msg_interfaces/share/my_msg_interfaces/package.dsv'
[4.337s] INFO:colcon.colcon_core.shell:Creating package script '/root/ros2_frws/install/my_msg_interfaces/share/my_msg_interfaces/package.sh'
[4.338s] INFO:colcon.colcon_core.shell:Creating package script '/root/ros2_frws/install/my_msg_interfaces/share/my_msg_interfaces/package.bash'
[4.338s] INFO:colcon.colcon_core.shell:Creating package script '/root/ros2_frws/install/my_msg_interfaces/share/my_msg_interfaces/package.zsh'
[4.338s] Level 1:colcon.colcon_core.environment:create_file_with_runtime_dependencies(/root/ros2_frws/install/my_msg_interfaces/share/colcon-core/packages/my_msg_interfaces)
[5.167s] DEBUG:colcon.colcon_parallel_executor.executor.parallel:closing loop
[5.167s] DEBUG:colcon.colcon_parallel_executor.executor.parallel:loop closed
[5.167s] DEBUG:colcon.colcon_parallel_executor.executor.parallel:run_until_complete finished with '2'
[5.167s] DEBUG:colcon.colcon_core.event_reactor:joining thread
[5.194s] INFO:colcon.colcon_core.plugin_system:Skipping extension 'colcon_notification.desktop_notification.notify_send': Could not find 'notify-send'
[5.194s] INFO:colcon.colcon_core.plugin_system:Skipping extension 'colcon_notification.desktop_notification.terminal_notifier': Not used on non-Darwin systems
[5.194s] INFO:colcon.colcon_core.plugin_system:Skipping extension 'colcon_notification.desktop_notification.win32': Not used on non-Windows systems
[5.194s] INFO:colcon.colcon_notification.desktop_notification:Sending desktop notification using 'notify2'
[5.197s] DEBUG:colcon.colcon_notification.desktop_notification.notify2:Failed to initialize notify2: org.freedesktop.DBus.Error.Spawn.ExecFailed: /usr/bin/dbus-launch terminated abnormally without any error message
[5.198s] DEBUG:colcon.colcon_core.event_reactor:joined thread
[5.213s] INFO:colcon.colcon_core.shell:Creating prefix script '/root/ros2_frws/install/local_setup.ps1'
[5.214s] INFO:colcon.colcon_core.shell:Creating prefix util module '/root/ros2_frws/install/_local_setup_util_ps1.py'
[5.215s] INFO:colcon.colcon_core.shell:Creating prefix chain script '/root/ros2_frws/install/setup.ps1'
[5.230s] INFO:colcon.colcon_core.shell:Creating prefix script '/root/ros2_frws/install/local_setup.sh'
[5.231s] INFO:colcon.colcon_core.shell:Creating prefix util module '/root/ros2_frws/install/_local_setup_util_sh.py'
[5.232s] INFO:colcon.colcon_core.shell:Creating prefix chain script '/root/ros2_frws/install/setup.sh'
[5.246s] INFO:colcon.colcon_core.shell:Creating prefix script '/root/ros2_frws/install/local_setup.bash'
[5.247s] INFO:colcon.colcon_core.shell:Creating prefix chain script '/root/ros2_frws/install/setup.bash'
[5.262s] INFO:colcon.colcon_core.shell:Creating prefix script '/root/ros2_frws/install/local_setup.zsh'
[5.263s] INFO:colcon.colcon_core.shell:Creating prefix chain script '/root/ros2_frws/install/setup.zsh'
