[0.129s] Invoking command in '/root/ros2_frws/build/xarm_moveit_servo': AMENT_PREFIX_PATH=/root/ros2_frws/install/xarm_moveit_config:/root/ros2_frws/install/xarm_gazebo:/root/ros2_frws/install/xarm_controller:/root/ros2_frws/install/xarm_api:/root/ros2_frws/install/xarm_sdk:/root/ros2_frws/install/xarm_msgs:/root/ros2_frws/install/xarm_description:${AMENT_PREFIX_PATH} CMAKE_PREFIX_PATH=/root/ros2_frws/install/xarm_moveit_config:/root/ros2_frws/install/xarm_gazebo:/root/ros2_frws/install/xarm_controller:/root/ros2_frws/install/xarm_api:/root/ros2_frws/install/xarm_sdk:/root/ros2_frws/install/xarm_msgs:/root/ros2_frws/install/xarm_description:/opt/ros/humble LD_LIBRARY_PATH=/root/ros2_frws/install/xarm_gazebo/lib:/root/ros2_frws/install/xarm_controller/lib:/root/ros2_frws/install/xarm_api/lib:/root/ros2_frws/install/xarm_sdk/lib:/root/ros2_frws/install/xarm_msgs/lib:${LD_LIBRARY_PATH} PYTHONPATH=/root/ros2_frws/install/xarm_msgs/local/lib/python3.10/dist-packages:${PYTHONPATH} /usr/bin/cmake --build /root/ros2_frws/build/xarm_moveit_servo -- -j16 -l16
[0.188s] -- Found ament_cmake: 1.3.8 (/opt/ros/humble/share/ament_cmake/cmake)
[0.571s] -- Found Python3: /usr/bin/python3 (found version "3.10.12") found components: Interpreter 
[0.638s] -- Found rclcpp: 16.0.8 (/opt/ros/humble/share/rclcpp/cmake)
[0.671s] -- Found rosidl_generator_c: 3.1.5 (/opt/ros/humble/share/rosidl_generator_c/cmake)
[0.672s] -- Found rosidl_adapter: 3.1.5 (/opt/ros/humble/share/rosidl_adapter/cmake)
[0.679s] -- Found rosidl_generator_cpp: 3.1.5 (/opt/ros/humble/share/rosidl_generator_cpp/cmake)
[0.692s] -- Using all available rosidl_typesupport_c: rosidl_typesupport_fastrtps_c;rosidl_typesupport_introspection_c
[0.704s] -- Using all available rosidl_typesupport_cpp: rosidl_typesupport_fastrtps_cpp;rosidl_typesupport_introspection_cpp
[0.752s] -- Found rmw_implementation_cmake: 6.1.1 (/opt/ros/humble/share/rmw_implementation_cmake/cmake)
[0.754s] -- Found rmw_fastrtps_cpp: 6.2.6 (/opt/ros/humble/share/rmw_fastrtps_cpp/cmake)
[0.909s] -- Using RMW implementation 'rmw_fastrtps_cpp' as default
[1.048s] -- Found rclcpp_components: 16.0.8 (/opt/ros/humble/share/rclcpp_components/cmake)
[1.118s] -- Found std_srvs: 4.2.3 (/opt/ros/humble/share/std_srvs/cmake)
[1.148s] -- Found sensor_msgs: 4.2.3 (/opt/ros/humble/share/sensor_msgs/cmake)
[1.260s] -- Found control_msgs: 4.4.0 (/opt/ros/humble/share/control_msgs/cmake)
[1.588s] -- Found moveit_msgs: 2.2.1 (/opt/ros/humble/share/moveit_msgs/cmake)
[2.085s] -- Found moveit_ros_planning: 2.5.5 (/opt/ros/humble/share/moveit_ros_planning/cmake)
[2.096s] -- Found Boost: /usr/lib/x86_64-linux-gnu/cmake/Boost-1.74.0/BoostConfig.cmake (found version "1.74.0") found components: system filesystem date_time program_options thread chrono 
[2.416s] -- Found Boost: /usr/lib/x86_64-linux-gnu/cmake/Boost-1.74.0/BoostConfig.cmake (found version "1.74.0") found components: chrono date_time filesystem iostreams program_options regex serialization system thread 
[2.424s] -- Found parameter_traits: 0.3.7 (/opt/ros/humble/share/parameter_traits/cmake)
[2.433s] -- Found rclcpp_lifecycle: 16.0.8 (/opt/ros/humble/share/rclcpp_lifecycle/cmake)
[2.478s] -- Found Boost: /usr/lib/x86_64-linux-gnu/cmake/Boost-1.74.0/BoostConfig.cmake (found version "1.74.0") found components: filesystem 
[2.531s] -- library: /usr/lib/x86_64-linux-gnu/libcurl.so
[2.676s] -- Ensuring Eigen3 include directory is part of orocos-kdl CMake target
[3.255s] -- Found ament_lint_auto: 0.12.10 (/opt/ros/humble/share/ament_lint_auto/cmake)
[3.359s] -- Added test 'copyright' to check source files copyright and LICENSE
[3.367s] -- Added test 'cppcheck' to perform static code analysis on C / C++ code
[3.368s] -- Configured cppcheck include dirs: /root/ros2_frws/src/xarm_ros2/xarm_moveit_servo/include
[3.368s] -- Configured cppcheck exclude dirs and/or files: 
[3.369s] -- Added test 'cpplint' to check C / C++ code against the Google style
[3.369s] -- Configured cpplint exclude dirs and/or files: 
[3.371s] -- Added test 'flake8' to check Python code syntax and style conventions
[3.371s] -- Added test 'lint_cmake' to check CMake code style
[3.372s] -- Added test 'pep257' to check Python code against some of the docstring style conventions in PEP 257
[3.373s] -- Added test 'uncrustify' to check C / C++ code style
[3.373s] -- Configured uncrustify additional arguments: 
[3.374s] -- Added test 'xmllint' to check XML markup files
[3.377s] -- Configuring done
[3.472s] -- Generating done
[3.479s] -- Build files have been written to: /root/ros2_frws/build/xarm_moveit_servo
[3.542s] [35m[1mConsolidate compiler generated dependencies of target xarm_joystick_input[0m
[3.542s] [35m[1mConsolidate compiler generated dependencies of target xarm_keyboard_input[0m
[3.601s] [100%] Built target xarm_keyboard_input
[3.601s] [100%] Built target xarm_joystick_input
[3.618s] Invoked command in '/root/ros2_frws/build/xarm_moveit_servo' returned '0': AMENT_PREFIX_PATH=/root/ros2_frws/install/xarm_moveit_config:/root/ros2_frws/install/xarm_gazebo:/root/ros2_frws/install/xarm_controller:/root/ros2_frws/install/xarm_api:/root/ros2_frws/install/xarm_sdk:/root/ros2_frws/install/xarm_msgs:/root/ros2_frws/install/xarm_description:${AMENT_PREFIX_PATH} CMAKE_PREFIX_PATH=/root/ros2_frws/install/xarm_moveit_config:/root/ros2_frws/install/xarm_gazebo:/root/ros2_frws/install/xarm_controller:/root/ros2_frws/install/xarm_api:/root/ros2_frws/install/xarm_sdk:/root/ros2_frws/install/xarm_msgs:/root/ros2_frws/install/xarm_description:/opt/ros/humble LD_LIBRARY_PATH=/root/ros2_frws/install/xarm_gazebo/lib:/root/ros2_frws/install/xarm_controller/lib:/root/ros2_frws/install/xarm_api/lib:/root/ros2_frws/install/xarm_sdk/lib:/root/ros2_frws/install/xarm_msgs/lib:${LD_LIBRARY_PATH} PYTHONPATH=/root/ros2_frws/install/xarm_msgs/local/lib/python3.10/dist-packages:${PYTHONPATH} /usr/bin/cmake --build /root/ros2_frws/build/xarm_moveit_servo -- -j16 -l16
[3.656s] Invoking command in '/root/ros2_frws/build/xarm_moveit_servo': AMENT_PREFIX_PATH=/root/ros2_frws/install/xarm_moveit_config:/root/ros2_frws/install/xarm_gazebo:/root/ros2_frws/install/xarm_controller:/root/ros2_frws/install/xarm_api:/root/ros2_frws/install/xarm_sdk:/root/ros2_frws/install/xarm_msgs:/root/ros2_frws/install/xarm_description:${AMENT_PREFIX_PATH} CMAKE_PREFIX_PATH=/root/ros2_frws/install/xarm_moveit_config:/root/ros2_frws/install/xarm_gazebo:/root/ros2_frws/install/xarm_controller:/root/ros2_frws/install/xarm_api:/root/ros2_frws/install/xarm_sdk:/root/ros2_frws/install/xarm_msgs:/root/ros2_frws/install/xarm_description:/opt/ros/humble LD_LIBRARY_PATH=/root/ros2_frws/install/xarm_gazebo/lib:/root/ros2_frws/install/xarm_controller/lib:/root/ros2_frws/install/xarm_api/lib:/root/ros2_frws/install/xarm_sdk/lib:/root/ros2_frws/install/xarm_msgs/lib:${LD_LIBRARY_PATH} PYTHONPATH=/root/ros2_frws/install/xarm_msgs/local/lib/python3.10/dist-packages:${PYTHONPATH} /usr/bin/cmake --install /root/ros2_frws/build/xarm_moveit_servo
[3.668s] -- Install configuration: ""
[3.670s] -- Up-to-date: /root/ros2_frws/install/xarm_moveit_servo/lib/libxarm_joystick_input.so
[3.672s] -- Up-to-date: /root/ros2_frws/install/xarm_moveit_servo/lib/xarm_moveit_servo/xarm_keyboard_input
[3.672s] -- Up-to-date: /root/ros2_frws/install/xarm_moveit_servo/share/xarm_moveit_servo//config
[3.673s] -- Up-to-date: /root/ros2_frws/install/xarm_moveit_servo/share/xarm_moveit_servo//config/xarm_moveit_servo_config.yaml
[3.673s] -- Up-to-date: /root/ros2_frws/install/xarm_moveit_servo/share/xarm_moveit_servo//launch
[3.673s] -- Up-to-date: /root/ros2_frws/install/xarm_moveit_servo/share/xarm_moveit_servo//launch/lite6_moveit_servo_realmove.launch.py
[3.674s] -- Up-to-date: /root/ros2_frws/install/xarm_moveit_servo/share/xarm_moveit_servo//launch/uf850_moveit_servo_realmove.launch.py
[3.674s] -- Up-to-date: /root/ros2_frws/install/xarm_moveit_servo/share/xarm_moveit_servo//launch/xarm_moveit_servo_fake.launch.py
[3.674s] -- Up-to-date: /root/ros2_frws/install/xarm_moveit_servo/share/xarm_moveit_servo//launch/_robot_moveit_servo.launch.py
[3.674s] -- Up-to-date: /root/ros2_frws/install/xarm_moveit_servo/share/xarm_moveit_servo//launch/lite6_moveit_servo_fake.launch.py
[3.675s] -- Up-to-date: /root/ros2_frws/install/xarm_moveit_servo/share/xarm_moveit_servo//launch/xarm_moveit_servo_realmove.launch.py
[3.675s] -- Up-to-date: /root/ros2_frws/install/xarm_moveit_servo/share/xarm_moveit_servo//launch/uf850_moveit_servo_fake.launch.py
[3.675s] -- Up-to-date: /root/ros2_frws/install/xarm_moveit_servo/share/xarm_moveit_servo//rviz
[3.675s] -- Up-to-date: /root/ros2_frws/install/xarm_moveit_servo/share/xarm_moveit_servo//rviz/servo.rviz
[3.675s] -- Up-to-date: /root/ros2_frws/install/xarm_moveit_servo/share/ament_index/resource_index/package_run_dependencies/xarm_moveit_servo
[3.676s] -- Up-to-date: /root/ros2_frws/install/xarm_moveit_servo/share/ament_index/resource_index/parent_prefix_path/xarm_moveit_servo
[3.676s] -- Installing: /root/ros2_frws/install/xarm_moveit_servo/share/xarm_moveit_servo/environment/ament_prefix_path.sh
[3.676s] -- Installing: /root/ros2_frws/install/xarm_moveit_servo/share/xarm_moveit_servo/environment/ament_prefix_path.dsv
[3.677s] -- Installing: /root/ros2_frws/install/xarm_moveit_servo/share/xarm_moveit_servo/environment/path.sh
[3.677s] -- Installing: /root/ros2_frws/install/xarm_moveit_servo/share/xarm_moveit_servo/environment/path.dsv
[3.678s] -- Up-to-date: /root/ros2_frws/install/xarm_moveit_servo/share/xarm_moveit_servo/local_setup.bash
[3.678s] -- Up-to-date: /root/ros2_frws/install/xarm_moveit_servo/share/xarm_moveit_servo/local_setup.sh
[3.678s] -- Up-to-date: /root/ros2_frws/install/xarm_moveit_servo/share/xarm_moveit_servo/local_setup.zsh
[3.678s] -- Installing: /root/ros2_frws/install/xarm_moveit_servo/share/xarm_moveit_servo/local_setup.dsv
[3.678s] -- Installing: /root/ros2_frws/install/xarm_moveit_servo/share/xarm_moveit_servo/package.dsv
[3.679s] -- Up-to-date: /root/ros2_frws/install/xarm_moveit_servo/share/ament_index/resource_index/packages/xarm_moveit_servo
[3.680s] -- Up-to-date: /root/ros2_frws/install/xarm_moveit_servo/share/ament_index/resource_index/rclcpp_components/xarm_moveit_servo
[3.680s] -- Up-to-date: /root/ros2_frws/install/xarm_moveit_servo/share/xarm_moveit_servo/cmake/xarm_moveit_servoConfig.cmake
[3.680s] -- Up-to-date: /root/ros2_frws/install/xarm_moveit_servo/share/xarm_moveit_servo/cmake/xarm_moveit_servoConfig-version.cmake
[3.681s] -- Up-to-date: /root/ros2_frws/install/xarm_moveit_servo/share/xarm_moveit_servo/package.xml
[3.685s] Invoked command in '/root/ros2_frws/build/xarm_moveit_servo' returned '0': AMENT_PREFIX_PATH=/root/ros2_frws/install/xarm_moveit_config:/root/ros2_frws/install/xarm_gazebo:/root/ros2_frws/install/xarm_controller:/root/ros2_frws/install/xarm_api:/root/ros2_frws/install/xarm_sdk:/root/ros2_frws/install/xarm_msgs:/root/ros2_frws/install/xarm_description:${AMENT_PREFIX_PATH} CMAKE_PREFIX_PATH=/root/ros2_frws/install/xarm_moveit_config:/root/ros2_frws/install/xarm_gazebo:/root/ros2_frws/install/xarm_controller:/root/ros2_frws/install/xarm_api:/root/ros2_frws/install/xarm_sdk:/root/ros2_frws/install/xarm_msgs:/root/ros2_frws/install/xarm_description:/opt/ros/humble LD_LIBRARY_PATH=/root/ros2_frws/install/xarm_gazebo/lib:/root/ros2_frws/install/xarm_controller/lib:/root/ros2_frws/install/xarm_api/lib:/root/ros2_frws/install/xarm_sdk/lib:/root/ros2_frws/install/xarm_msgs/lib:${LD_LIBRARY_PATH} PYTHONPATH=/root/ros2_frws/install/xarm_msgs/local/lib/python3.10/dist-packages:${PYTHONPATH} /usr/bin/cmake --install /root/ros2_frws/build/xarm_moveit_servo
