[1.371s] Invoking command in '/root/ros2_frws/src/basic_comms_params': PYTHONPATH=/root/ros2_frws/build/basic_comms_params/prefix_override:/root/ros2_frws/install/basic_comms_params/lib/python3.10/site-packages:${PYTHONPATH} /usr/bin/python3 setup.py egg_info --egg-base ../../build/basic_comms_params build --build-base /root/ros2_frws/build/basic_comms_params/build install --record /root/ros2_frws/build/basic_comms_params/install.log --single-version-externally-managed
[1.532s] running egg_info
[1.543s] writing ../../build/basic_comms_params/basic_comms_params.egg-info/PKG-INFO
[1.544s] writing dependency_links to ../../build/basic_comms_params/basic_comms_params.egg-info/dependency_links.txt
[1.545s] writing entry points to ../../build/basic_comms_params/basic_comms_params.egg-info/entry_points.txt
[1.545s] writing requirements to ../../build/basic_comms_params/basic_comms_params.egg-info/requires.txt
[1.545s] writing top-level names to ../../build/basic_comms_params/basic_comms_params.egg-info/top_level.txt
[1.568s] reading manifest file '../../build/basic_comms_params/basic_comms_params.egg-info/SOURCES.txt'
[1.569s] writing manifest file '../../build/basic_comms_params/basic_comms_params.egg-info/SOURCES.txt'
[1.570s] running build
[1.570s] running build_py
[1.570s] running install
[1.570s] /root/.local/lib/python3.10/site-packages/setuptools/_distutils/cmd.py:66: SetuptoolsDeprecationWarning: setup.py install is deprecated.
[1.570s] !!
[1.570s] 
[1.570s]         ********************************************************************************
[1.570s]         Please avoid running ``setup.py`` directly.
[1.570s]         Instead, use pypa/build, pypa/installer or other
[1.570s]         standards-based tools.
[1.570s] 
[1.570s]         See https://blog.ganssle.io/articles/2021/10/setup-py-deprecated.html for details.
[1.570s]         ********************************************************************************
[1.570s] 
[1.570s] !!
[1.570s]   self.initialize_options()
[1.576s] running install_lib
[1.587s] running install_data
[1.597s] running install_egg_info
[1.608s] removing '/root/ros2_frws/install/basic_comms_params/lib/python3.10/site-packages/basic_comms_params-0.0.0-py3.10.egg-info' (and everything under it)
[1.608s] Copying ../../build/basic_comms_params/basic_comms_params.egg-info to /root/ros2_frws/install/basic_comms_params/lib/python3.10/site-packages/basic_comms_params-0.0.0-py3.10.egg-info
[1.612s] running install_scripts
[1.714s] Installing talker_params script to /root/ros2_frws/install/basic_comms_params/lib/basic_comms_params
[1.715s] writing list of installed files to '/root/ros2_frws/build/basic_comms_params/install.log'
[1.833s] Invoked command in '/root/ros2_frws/src/basic_comms_params' returned '0': PYTHONPATH=/root/ros2_frws/build/basic_comms_params/prefix_override:/root/ros2_frws/install/basic_comms_params/lib/python3.10/site-packages:${PYTHONPATH} /usr/bin/python3 setup.py egg_info --egg-base ../../build/basic_comms_params build --build-base /root/ros2_frws/build/basic_comms_params/build install --record /root/ros2_frws/build/basic_comms_params/install.log --single-version-externally-managed
