[0.068s] Invoking command in '/root/ros2_frws/build/tutorial_interfaces': CMAKE_PREFIX_PATH=/opt/ros/humble /usr/bin/cmake --build /root/ros2_frws/build/tutorial_interfaces -- -j16 -l16
[0.084s] -- Found ament_cmake: 1.3.8 (/opt/ros/humble/share/ament_cmake/cmake)
[0.214s] -- Found rosidl_default_generators: 1.2.0 (/opt/ros/humble/share/rosidl_default_generators/cmake)
[0.216s] -- Using all available rosidl_typesupport_c: rosidl_typesupport_fastrtps_c;rosidl_typesupport_introspection_c
[0.218s] -- Found rosidl_adapter: 3.1.5 (/opt/ros/humble/share/rosidl_adapter/cmake)
[0.248s] -- Using all available rosidl_typesupport_cpp: rosidl_typesupport_fastrtps_cpp;rosidl_typesupport_introspection_cpp
[0.389s] [31mCMake Error at /opt/ros/humble/share/rosidl_adapter/cmake/rosidl_adapt_interfaces.cmake:59 (message):
[0.389s]   execute_process(/usr/bin/python3 -m rosidl_adapter --package-name
[0.389s]   tutorial_interfaces --arguments-file
[0.389s]   /root/ros2_frws/build/tutorial_interfaces/rosidl_adapter__arguments__tutorial_interfaces.json
[0.389s]   --output-dir
[0.390s]   /root/ros2_frws/build/tutorial_interfaces/rosidl_adapter/tutorial_interfaces
[0.390s]   --output-file
[0.390s]   /root/ros2_frws/build/tutorial_interfaces/rosidl_adapter/tutorial_interfaces.idls)
[0.390s]   returned error code 1:
[0.390s] 
[0.390s]   Error processing 'float32 Offset' of 'tutorial_interfaces/signal_params':
[0.390s]   ''Offset' is an invalid field name.  It should have the pattern
[0.390s]   '^(?!.*__)(?!.*_$)[a-z][a-z0-9_]*$''
[0.390s] 
[0.390s]   Traceback (most recent call last):
[0.390s] 
[0.390s]     File "/usr/lib/python3.10/runpy.py", line 196, in _run_module_as_main
[0.390s]       return _run_code(code, main_globals, None,
[0.390s]     File "/usr/lib/python3.10/runpy.py", line 86, in _run_code
[0.391s]       exec(code, run_globals)
[0.391s]     File "/opt/ros/humble/local/lib/python3.10/dist-packages/rosidl_adapter/__main__.py", line 19, in <module>
[0.391s]       sys.exit(main())
[0.391s]     File "/opt/ros/humble/local/lib/python3.10/dist-packages/rosidl_adapter/main.py", line 53, in main
[0.391s]       abs_idl_file = convert_to_idl(
[0.391s]     File "/opt/ros/humble/local/lib/python3.10/dist-packages/rosidl_adapter/__init__.py", line 19, in convert_to_idl
[0.391s]       return convert_msg_to_idl(
[0.391s]     File "/opt/ros/humble/local/lib/python3.10/dist-packages/rosidl_adapter/msg/__init__.py", line 28, in convert_msg_to_idl
[0.391s]       msg = parse_message_string(package_name, input_file.stem, content)
[0.391s]     File "/opt/ros/humble/local/lib/python3.10/dist-packages/rosidl_adapter/parser.py", line 519, in parse_message_string
[0.391s]       fields.append(Field(
[0.391s]     File "/opt/ros/humble/local/lib/python3.10/dist-packages/rosidl_adapter/parser.py", line 354, in __init__
[0.391s]       raise NameError(
[0.391s] 
[0.392s]   NameError: 'Offset' is an invalid field name.  It should have the pattern
[0.392s]   '^(?!.*__)(?!.*_$)[a-z][a-z0-9_]*$'
[0.392s] 
[0.392s] Call Stack (most recent call first):
[0.403s]   /opt/ros/humble/share/rosidl_cmake/cmake/rosidl_generate_interfaces.cmake:130 (rosidl_adapt_interfaces)
[0.404s]   CMakeLists.txt:13 (rosidl_generate_interfaces)
[0.404s] 
[0.404s] [0m
[0.404s] -- Configuring incomplete, errors occurred!
[0.404s] See also "/root/ros2_frws/build/tutorial_interfaces/CMakeFiles/CMakeOutput.log".
[0.404s] gmake: *** [Makefile:226: cmake_check_build_system] Error 1
[0.405s] Invoked command in '/root/ros2_frws/build/tutorial_interfaces' returned '2': CMAKE_PREFIX_PATH=/opt/ros/humble /usr/bin/cmake --build /root/ros2_frws/build/tutorial_interfaces -- -j16 -l16
