[1.196s] Invoking command in '/root/ros2_frws/src/course_works': PYTHONPATH=/root/ros2_frws/build/course_works/prefix_override:/root/ros2_frws/install/course_works/lib/python3.10/site-packages:${PYTHONPATH} /usr/bin/python3 setup.py egg_info --egg-base ../../build/course_works build --build-base /root/ros2_frws/build/course_works/build install --record /root/ros2_frws/build/course_works/install.log --single-version-externally-managed
[1.411s] running egg_info
[1.430s] writing ../../build/course_works/course_works.egg-info/PKG-INFO
[1.433s] writing dependency_links to ../../build/course_works/course_works.egg-info/dependency_links.txt
[1.433s] writing entry points to ../../build/course_works/course_works.egg-info/entry_points.txt
[1.433s] writing requirements to ../../build/course_works/course_works.egg-info/requires.txt
[1.433s] writing top-level names to ../../build/course_works/course_works.egg-info/top_level.txt
[1.461s] reading manifest file '../../build/course_works/course_works.egg-info/SOURCES.txt'
[1.461s] adding license file 'LICENSE'
[1.462s] writing manifest file '../../build/course_works/course_works.egg-info/SOURCES.txt'
[1.462s] running build
[1.462s] running build_py
[1.463s] copying course_works/process.py -> /root/ros2_frws/build/course_works/build/lib/course_works
[1.463s] running install
[1.464s] /root/.local/lib/python3.10/site-packages/setuptools/_distutils/cmd.py:66: SetuptoolsDeprecationWarning: setup.py install is deprecated.
[1.464s] !!
[1.464s] 
[1.464s]         ********************************************************************************
[1.464s]         Please avoid running ``setup.py`` directly.
[1.464s]         Instead, use pypa/build, pypa/installer or other
[1.464s]         standards-based tools.
[1.464s] 
[1.464s]         See https://blog.ganssle.io/articles/2021/10/setup-py-deprecated.html for details.
[1.464s]         ********************************************************************************
[1.464s] 
[1.464s] !!
[1.464s]   self.initialize_options()
[1.471s] running install_lib
[1.484s] copying /root/ros2_frws/build/course_works/build/lib/course_works/process.py -> /root/ros2_frws/install/course_works/lib/python3.10/site-packages/course_works
[1.485s] byte-compiling /root/ros2_frws/install/course_works/lib/python3.10/site-packages/course_works/process.py to process.cpython-310.pyc
[1.486s] running install_data
[1.499s] running install_egg_info
[1.515s] removing '/root/ros2_frws/install/course_works/lib/python3.10/site-packages/course_works-0.0.0-py3.10.egg-info' (and everything under it)
[1.515s] Copying ../../build/course_works/course_works.egg-info to /root/ros2_frws/install/course_works/lib/python3.10/site-packages/course_works-0.0.0-py3.10.egg-info
[1.516s] running install_scripts
[1.653s] Installing processed_signal script to /root/ros2_frws/install/course_works/lib/course_works
[1.656s] Installing signal_generator script to /root/ros2_frws/install/course_works/lib/course_works
[1.656s] writing list of installed files to '/root/ros2_frws/build/course_works/install.log'
[1.685s] Invoked command in '/root/ros2_frws/src/course_works' returned '0': PYTHONPATH=/root/ros2_frws/build/course_works/prefix_override:/root/ros2_frws/install/course_works/lib/python3.10/site-packages:${PYTHONPATH} /usr/bin/python3 setup.py egg_info --egg-base ../../build/course_works build --build-base /root/ros2_frws/build/course_works/build install --record /root/ros2_frws/build/course_works/install.log --single-version-externally-managed
