[0.368s] Invoking command in '/root/ros2_frws/build/my_msg_interfaces': CMAKE_PREFIX_PATH=/opt/ros/humble /usr/bin/cmake /root/ros2_frws/src/my_msg_interfaces -DAMENT_CMAKE_SYMLINK_INSTALL=1 -DCMAKE_INSTALL_PREFIX=/root/ros2_frws/install/my_msg_interfaces
[1.226s] -- Found ament_cmake: 1.3.8 (/opt/ros/humble/share/ament_cmake/cmake)
[1.227s] -- Override CMake install command with custom implementation using symlinks instead of copying resources
[1.227s] -- Found std_msgs: 4.2.3 (/opt/ros/humble/share/std_msgs/cmake)
[1.227s] -- Found rosidl_generator_c: 3.1.5 (/opt/ros/humble/share/rosidl_generator_c/cmake)
[1.227s] -- Found rosidl_adapter: 3.1.5 (/opt/ros/humble/share/rosidl_adapter/cmake)
[1.227s] -- Found rosidl_generator_cpp: 3.1.5 (/opt/ros/humble/share/rosidl_generator_cpp/cmake)
[1.227s] -- Using all available rosidl_typesupport_c: rosidl_typesupport_fastrtps_c;rosidl_typesupport_introspection_c
[1.227s] -- Using all available rosidl_typesupport_cpp: rosidl_typesupport_fastrtps_cpp;rosidl_typesupport_introspection_cpp
[1.227s] -- Found rosidl_default_generators: 1.2.0 (/opt/ros/humble/share/rosidl_default_generators/cmake)
[1.228s] -- Found ament_cmake_ros: 0.10.0 (/opt/ros/humble/share/ament_cmake_ros/cmake)
[1.328s] -- Using all available rosidl_typesupport_c: rosidl_typesupport_fastrtps_c;rosidl_typesupport_introspection_c
[1.502s] -- Using all available rosidl_typesupport_cpp: rosidl_typesupport_fastrtps_cpp;rosidl_typesupport_introspection_cpp
[1.542s] -- Found python_cmake_module: 0.10.0 (/opt/ros/humble/share/python_cmake_module/cmake)
[1.549s] -- Using PYTHON_EXECUTABLE: /usr/bin/python3
[1.550s] -- Using PYTHON_INCLUDE_DIRS: /usr/include/python3.10
[1.550s] -- Using PYTHON_LIBRARIES: /usr/lib/x86_64-linux-gnu/libpython3.10.so
[1.582s] -- Configuring done
[1.617s] -- Generating done
[1.621s] -- Build files have been written to: /root/ros2_frws/build/my_msg_interfaces
[1.651s] Invoked command in '/root/ros2_frws/build/my_msg_interfaces' returned '0': CMAKE_PREFIX_PATH=/opt/ros/humble /usr/bin/cmake /root/ros2_frws/src/my_msg_interfaces -DAMENT_CMAKE_SYMLINK_INSTALL=1 -DCMAKE_INSTALL_PREFIX=/root/ros2_frws/install/my_msg_interfaces
[1.653s] Invoking command in '/root/ros2_frws/build/my_msg_interfaces': CMAKE_PREFIX_PATH=/opt/ros/humble /usr/bin/cmake --build /root/ros2_frws/build/my_msg_interfaces -- -j16 -l16
[1.687s] [35m[1mConsolidate compiler generated dependencies of target my_msg_interfaces__rosidl_generator_c[0m
[1.693s] failed to create symbolic link '/root/ros2_frws/build/my_msg_interfaces/ament_cmake_python/my_msg_interfaces/my_msg_interfaces' because existing path cannot be removed: Is a directory
[1.693s] gmake[2]: *** [CMakeFiles/ament_cmake_python_symlink_my_msg_interfaces.dir/build.make:70: CMakeFiles/ament_cmake_python_symlink_my_msg_interfaces] Error 1
[1.694s] gmake[1]: *** [CMakeFiles/Makefile2:421: CMakeFiles/ament_cmake_python_symlink_my_msg_interfaces.dir/all] Error 2
[1.694s] gmake[1]: *** Waiting for unfinished jobs....
[1.695s] [  3%] Built target my_msg_interfaces__cpp
[1.697s] [ 12%] Built target my_msg_interfaces__rosidl_generator_c
[1.698s] gmake: *** [Makefile:146: all] Error 2
[1.700s] Invoked command in '/root/ros2_frws/build/my_msg_interfaces' returned '2': CMAKE_PREFIX_PATH=/opt/ros/humble /usr/bin/cmake --build /root/ros2_frws/build/my_msg_interfaces -- -j16 -l16
