[1.686s] Invoking command in '/root/ros2_frws/src/basic_comms_param': PYTHONPATH=/root/ros2_frws/build/basic_comms_param/prefix_override:/root/ros2_frws/install/basic_comms_param/lib/python3.10/site-packages:${PYTHONPATH} /usr/bin/python3 setup.py egg_info --egg-base ../../build/basic_comms_param build --build-base /root/ros2_frws/build/basic_comms_param/build install --record /root/ros2_frws/build/basic_comms_param/install.log --single-version-externally-managed
[1.888s] running egg_info
[1.904s] writing ../../build/basic_comms_param/basic_comms_param.egg-info/PKG-INFO
[1.905s] writing dependency_links to ../../build/basic_comms_param/basic_comms_param.egg-info/dependency_links.txt
[1.905s] writing entry points to ../../build/basic_comms_param/basic_comms_param.egg-info/entry_points.txt
[1.905s] writing requirements to ../../build/basic_comms_param/basic_comms_param.egg-info/requires.txt
[1.906s] writing top-level names to ../../build/basic_comms_param/basic_comms_param.egg-info/top_level.txt
[1.936s] reading manifest file '../../build/basic_comms_param/basic_comms_param.egg-info/SOURCES.txt'
[1.936s] adding license file 'LICENSE'
[1.936s] writing manifest file '../../build/basic_comms_param/basic_comms_param.egg-info/SOURCES.txt'
[1.936s] running build
[1.936s] running build_py
[1.936s] running install
[1.936s] /root/.local/lib/python3.10/site-packages/setuptools/_distutils/cmd.py:66: SetuptoolsDeprecationWarning: setup.py install is deprecated.
[1.936s] !!
[1.936s] 
[1.936s]         ********************************************************************************
[1.937s]         Please avoid running ``setup.py`` directly.
[1.937s]         Instead, use pypa/build, pypa/installer or other
[1.937s]         standards-based tools.
[1.937s] 
[1.938s]         See https://blog.ganssle.io/articles/2021/10/setup-py-deprecated.html for details.
[1.938s]         ********************************************************************************
[1.938s] 
[1.938s] !!
[1.939s]   self.initialize_options()
[1.948s] running install_lib
[1.987s] running install_data
[2.003s] running install_egg_info
[2.004s] removing '/root/ros2_frws/install/basic_comms_param/lib/python3.10/site-packages/basic_comms_param-0.0.0-py3.10.egg-info' (and everything under it)
[2.004s] Copying ../../build/basic_comms_param/basic_comms_param.egg-info to /root/ros2_frws/install/basic_comms_param/lib/python3.10/site-packages/basic_comms_param-0.0.0-py3.10.egg-info
[2.004s] running install_scripts
[2.128s] Installing talker_params script to /root/ros2_frws/install/basic_comms_param/lib/basic_comms_param
[2.128s] writing list of installed files to '/root/ros2_frws/build/basic_comms_param/install.log'
[2.248s] Invoked command in '/root/ros2_frws/src/basic_comms_param' returned '0': PYTHONPATH=/root/ros2_frws/build/basic_comms_param/prefix_override:/root/ros2_frws/install/basic_comms_param/lib/python3.10/site-packages:${PYTHONPATH} /usr/bin/python3 setup.py egg_info --egg-base ../../build/basic_comms_param build --build-base /root/ros2_frws/build/basic_comms_param/build install --record /root/ros2_frws/build/basic_comms_param/install.log --single-version-externally-managed
