[1.322s] Invoking command in '/root/ros2_frws/src/basic_comms_params': PYTHONPATH=/root/ros2_frws/build/basic_comms_params/prefix_override:/root/ros2_frws/install/basic_comms_params/lib/python3.10/site-packages:${PYTHONPATH} /usr/bin/python3 setup.py egg_info --egg-base ../../build/basic_comms_params build --build-base /root/ros2_frws/build/basic_comms_params/build install --record /root/ros2_frws/build/basic_comms_params/install.log --single-version-externally-managed
[1.473s] running egg_info
[1.483s] writing ../../build/basic_comms_params/basic_comms_params.egg-info/PKG-INFO
[1.485s] writing dependency_links to ../../build/basic_comms_params/basic_comms_params.egg-info/dependency_links.txt
[1.485s] writing entry points to ../../build/basic_comms_params/basic_comms_params.egg-info/entry_points.txt
[1.486s] writing requirements to ../../build/basic_comms_params/basic_comms_params.egg-info/requires.txt
[1.486s] writing top-level names to ../../build/basic_comms_params/basic_comms_params.egg-info/top_level.txt
[1.507s] reading manifest file '../../build/basic_comms_params/basic_comms_params.egg-info/SOURCES.txt'
[1.508s] writing manifest file '../../build/basic_comms_params/basic_comms_params.egg-info/SOURCES.txt'
[1.508s] running build
[1.508s] running build_py
[1.509s] running install
[1.510s] /root/.local/lib/python3.10/site-packages/setuptools/_distutils/cmd.py:66: SetuptoolsDeprecationWarning: setup.py install is deprecated.
[1.510s] !!
[1.510s] 
[1.510s]         ********************************************************************************
[1.510s]         Please avoid running ``setup.py`` directly.
[1.510s]         Instead, use pypa/build, pypa/installer or other
[1.510s]         standards-based tools.
[1.510s] 
[1.510s]         See https://blog.ganssle.io/articles/2021/10/setup-py-deprecated.html for details.
[1.510s]         ********************************************************************************
[1.510s] 
[1.511s] !!
[1.511s]   self.initialize_options()
[1.514s] running install_lib
[1.526s] running install_data
[1.537s] running install_egg_info
[1.549s] removing '/root/ros2_frws/install/basic_comms_params/lib/python3.10/site-packages/basic_comms_params-0.0.0-py3.10.egg-info' (and everything under it)
[1.550s] Copying ../../build/basic_comms_params/basic_comms_params.egg-info to /root/ros2_frws/install/basic_comms_params/lib/python3.10/site-packages/basic_comms_params-0.0.0-py3.10.egg-info
[1.553s] running install_scripts
[1.656s] Installing talker_params script to /root/ros2_frws/install/basic_comms_params/lib/basic_comms_params
[1.657s] writing list of installed files to '/root/ros2_frws/build/basic_comms_params/install.log'
[1.770s] Invoked command in '/root/ros2_frws/src/basic_comms_params' returned '0': PYTHONPATH=/root/ros2_frws/build/basic_comms_params/prefix_override:/root/ros2_frws/install/basic_comms_params/lib/python3.10/site-packages:${PYTHONPATH} /usr/bin/python3 setup.py egg_info --egg-base ../../build/basic_comms_params build --build-base /root/ros2_frws/build/basic_comms_params/build install --record /root/ros2_frws/build/basic_comms_params/install.log --single-version-externally-managed
