[0.089s] Invoking command in '/root/ros2_frws/build/xarm_api': AMENT_PREFIX_PATH=/root/ros2_frws/install/xarm_sdk:/root/ros2_frws/install/xarm_msgs:/root/ros2_frws/install/xarm_description:${AMENT_PREFIX_PATH} CMAKE_PREFIX_PATH=/root/ros2_frws/install/xarm_sdk:/root/ros2_frws/install/xarm_msgs:/root/ros2_frws/install/xarm_description:/root/ros2_frws/src/xarm_ros2/install/xarm_planner:/root/ros2_frws/src/xarm_ros2/install/xarm_moveit_servo:/root/ros2_frws/src/xarm_ros2/install/xarm_moveit_config:/root/ros2_frws/src/xarm_ros2/install/xarm_gazebo:/root/ros2_frws/src/xarm_ros2/install/xarm_controller:/root/ros2_frws/src/xarm_ros2/install/xarm_api:/root/ros2_frws/src/xarm_ros2/install/xarm_sdk:/root/ros2_frws/src/xarm_ros2/install/xarm_msgs:/root/ros2_frws/src/xarm_ros2/install/xarm_description:/root/ros2_frws/src/xarm_ros2/install/realsense_gazebo_plugin:/opt/ros/humble LD_LIBRARY_PATH=/root/ros2_frws/install/xarm_sdk/lib:/root/ros2_frws/install/xarm_msgs/lib:${LD_LIBRARY_PATH} PYTHONPATH=/root/ros2_frws/install/xarm_msgs/local/lib/python3.10/dist-packages:${PYTHONPATH} /usr/bin/cmake --build /root/ros2_frws/build/xarm_api -- -j16 -l16
[0.190s] [35m[1mConsolidate compiler generated dependencies of target test_robot_states[0m
[0.190s] [35m[1mConsolidate compiler generated dependencies of target xarm_ros_client[0m
[0.192s] [35m[1mConsolidate compiler generated dependencies of target xarm_ros_driver[0m
[0.231s] [ 15%] Built target test_robot_states
[0.234s] [ 30%] Built target xarm_ros_client
[0.238s] [ 53%] Built target xarm_ros_driver
[0.245s] [35m[1mConsolidate compiler generated dependencies of target test_xarm_ros_client[0m
[0.246s] [35m[1mConsolidate compiler generated dependencies of target test_xarm_velo_move[0m
[0.251s] [35m[1mConsolidate compiler generated dependencies of target xarm_driver_node[0m
[0.264s] [ 69%] Built target test_xarm_velo_move
[0.266s] [ 84%] Built target test_xarm_ros_client
[0.271s] [100%] Built target xarm_driver_node
[0.283s] Invoked command in '/root/ros2_frws/build/xarm_api' returned '0': AMENT_PREFIX_PATH=/root/ros2_frws/install/xarm_sdk:/root/ros2_frws/install/xarm_msgs:/root/ros2_frws/install/xarm_description:${AMENT_PREFIX_PATH} CMAKE_PREFIX_PATH=/root/ros2_frws/install/xarm_sdk:/root/ros2_frws/install/xarm_msgs:/root/ros2_frws/install/xarm_description:/root/ros2_frws/src/xarm_ros2/install/xarm_planner:/root/ros2_frws/src/xarm_ros2/install/xarm_moveit_servo:/root/ros2_frws/src/xarm_ros2/install/xarm_moveit_config:/root/ros2_frws/src/xarm_ros2/install/xarm_gazebo:/root/ros2_frws/src/xarm_ros2/install/xarm_controller:/root/ros2_frws/src/xarm_ros2/install/xarm_api:/root/ros2_frws/src/xarm_ros2/install/xarm_sdk:/root/ros2_frws/src/xarm_ros2/install/xarm_msgs:/root/ros2_frws/src/xarm_ros2/install/xarm_description:/root/ros2_frws/src/xarm_ros2/install/realsense_gazebo_plugin:/opt/ros/humble LD_LIBRARY_PATH=/root/ros2_frws/install/xarm_sdk/lib:/root/ros2_frws/install/xarm_msgs/lib:${LD_LIBRARY_PATH} PYTHONPATH=/root/ros2_frws/install/xarm_msgs/local/lib/python3.10/dist-packages:${PYTHONPATH} /usr/bin/cmake --build /root/ros2_frws/build/xarm_api -- -j16 -l16
[0.332s] Invoking command in '/root/ros2_frws/build/xarm_api': AMENT_PREFIX_PATH=/root/ros2_frws/install/xarm_sdk:/root/ros2_frws/install/xarm_msgs:/root/ros2_frws/install/xarm_description:${AMENT_PREFIX_PATH} CMAKE_PREFIX_PATH=/root/ros2_frws/install/xarm_sdk:/root/ros2_frws/install/xarm_msgs:/root/ros2_frws/install/xarm_description:/root/ros2_frws/src/xarm_ros2/install/xarm_planner:/root/ros2_frws/src/xarm_ros2/install/xarm_moveit_servo:/root/ros2_frws/src/xarm_ros2/install/xarm_moveit_config:/root/ros2_frws/src/xarm_ros2/install/xarm_gazebo:/root/ros2_frws/src/xarm_ros2/install/xarm_controller:/root/ros2_frws/src/xarm_ros2/install/xarm_api:/root/ros2_frws/src/xarm_ros2/install/xarm_sdk:/root/ros2_frws/src/xarm_ros2/install/xarm_msgs:/root/ros2_frws/src/xarm_ros2/install/xarm_description:/root/ros2_frws/src/xarm_ros2/install/realsense_gazebo_plugin:/opt/ros/humble LD_LIBRARY_PATH=/root/ros2_frws/install/xarm_sdk/lib:/root/ros2_frws/install/xarm_msgs/lib:${LD_LIBRARY_PATH} PYTHONPATH=/root/ros2_frws/install/xarm_msgs/local/lib/python3.10/dist-packages:${PYTHONPATH} /usr/bin/cmake --install /root/ros2_frws/build/xarm_api
[0.338s] -- Install configuration: ""
[0.339s] -- Up-to-date: /root/ros2_frws/install/xarm_api/share/xarm_api/environment/library_path.sh
[0.339s] -- Up-to-date: /root/ros2_frws/install/xarm_api/share/xarm_api/environment/library_path.dsv
[0.339s] -- Up-to-date: /root/ros2_frws/install/xarm_api/include
[0.339s] -- Up-to-date: /root/ros2_frws/install/xarm_api/include/xarm_api
[0.339s] -- Up-to-date: /root/ros2_frws/install/xarm_api/include/xarm_api/visibility_control.h
[0.339s] -- Up-to-date: /root/ros2_frws/install/xarm_api/include/xarm_api/xarm_driver.h
[0.339s] -- Up-to-date: /root/ros2_frws/install/xarm_api/include/xarm_api/xarm_msgs.h
[0.339s] -- Up-to-date: /root/ros2_frws/install/xarm_api/include/xarm_api/xarm_ros_client.h
[0.340s] -- Up-to-date: /root/ros2_frws/install/xarm_api/lib/libxarm_ros_driver.so
[0.341s] -- Up-to-date: /root/ros2_frws/install/xarm_api/lib/libxarm_ros_client.so
[0.341s] -- Up-to-date: /root/ros2_frws/install/xarm_api/lib/xarm_api/xarm_driver_node
[0.342s] -- Up-to-date: /root/ros2_frws/install/xarm_api/lib/xarm_api/test_xarm_ros_client
[0.343s] -- Up-to-date: /root/ros2_frws/install/xarm_api/lib/xarm_api/test_xarm_velo_move
[0.344s] -- Up-to-date: /root/ros2_frws/install/xarm_api/lib/xarm_api/test_robot_states
[0.344s] -- Up-to-date: /root/ros2_frws/install/xarm_api/share/xarm_api//launch
[0.344s] -- Up-to-date: /root/ros2_frws/install/xarm_api/share/xarm_api//launch/_robot_driver.launch.py
[0.344s] -- Up-to-date: /root/ros2_frws/install/xarm_api/share/xarm_api//launch/lib
[0.344s] -- Up-to-date: /root/ros2_frws/install/xarm_api/share/xarm_api//launch/lib/robot_api_lib.py
[0.344s] -- Up-to-date: /root/ros2_frws/install/xarm_api/share/xarm_api//launch/uf850_driver.launch.py
[0.345s] -- Up-to-date: /root/ros2_frws/install/xarm_api/share/xarm_api//launch/xarm6_driver.launch.py
[0.345s] -- Up-to-date: /root/ros2_frws/install/xarm_api/share/xarm_api//launch/lite6_driver.launch.py
[0.345s] -- Up-to-date: /root/ros2_frws/install/xarm_api/share/xarm_api//launch/xarm7_driver.launch.py
[0.345s] -- Up-to-date: /root/ros2_frws/install/xarm_api/share/xarm_api//launch/xarm5_driver.launch.py
[0.345s] -- Up-to-date: /root/ros2_frws/install/xarm_api/share/xarm_api//config
[0.345s] -- Up-to-date: /root/ros2_frws/install/xarm_api/share/xarm_api//config/xarm_params.yaml
[0.345s] -- Up-to-date: /root/ros2_frws/install/xarm_api/share/ament_index/resource_index/package_run_dependencies/xarm_api
[0.345s] -- Up-to-date: /root/ros2_frws/install/xarm_api/share/ament_index/resource_index/parent_prefix_path/xarm_api
[0.345s] -- Up-to-date: /root/ros2_frws/install/xarm_api/share/xarm_api/environment/ament_prefix_path.sh
[0.345s] -- Up-to-date: /root/ros2_frws/install/xarm_api/share/xarm_api/environment/ament_prefix_path.dsv
[0.345s] -- Up-to-date: /root/ros2_frws/install/xarm_api/share/xarm_api/environment/path.sh
[0.345s] -- Up-to-date: /root/ros2_frws/install/xarm_api/share/xarm_api/environment/path.dsv
[0.345s] -- Up-to-date: /root/ros2_frws/install/xarm_api/share/xarm_api/local_setup.bash
[0.345s] -- Up-to-date: /root/ros2_frws/install/xarm_api/share/xarm_api/local_setup.sh
[0.345s] -- Up-to-date: /root/ros2_frws/install/xarm_api/share/xarm_api/local_setup.zsh
[0.346s] -- Up-to-date: /root/ros2_frws/install/xarm_api/share/xarm_api/local_setup.dsv
[0.346s] -- Installing: /root/ros2_frws/install/xarm_api/share/xarm_api/package.dsv
[0.346s] -- Up-to-date: /root/ros2_frws/install/xarm_api/share/ament_index/resource_index/packages/xarm_api
[0.346s] -- Up-to-date: /root/ros2_frws/install/xarm_api/share/xarm_api/cmake/ament_cmake_export_libraries-extras.cmake
[0.346s] -- Up-to-date: /root/ros2_frws/install/xarm_api/share/xarm_api/cmake/ament_cmake_export_include_directories-extras.cmake
[0.346s] -- Up-to-date: /root/ros2_frws/install/xarm_api/share/xarm_api/cmake/xarm_apiConfig.cmake
[0.346s] -- Up-to-date: /root/ros2_frws/install/xarm_api/share/xarm_api/cmake/xarm_apiConfig-version.cmake
[0.346s] -- Up-to-date: /root/ros2_frws/install/xarm_api/share/xarm_api/package.xml
[0.348s] Invoked command in '/root/ros2_frws/build/xarm_api' returned '0': AMENT_PREFIX_PATH=/root/ros2_frws/install/xarm_sdk:/root/ros2_frws/install/xarm_msgs:/root/ros2_frws/install/xarm_description:${AMENT_PREFIX_PATH} CMAKE_PREFIX_PATH=/root/ros2_frws/install/xarm_sdk:/root/ros2_frws/install/xarm_msgs:/root/ros2_frws/install/xarm_description:/root/ros2_frws/src/xarm_ros2/install/xarm_planner:/root/ros2_frws/src/xarm_ros2/install/xarm_moveit_servo:/root/ros2_frws/src/xarm_ros2/install/xarm_moveit_config:/root/ros2_frws/src/xarm_ros2/install/xarm_gazebo:/root/ros2_frws/src/xarm_ros2/install/xarm_controller:/root/ros2_frws/src/xarm_ros2/install/xarm_api:/root/ros2_frws/src/xarm_ros2/install/xarm_sdk:/root/ros2_frws/src/xarm_ros2/install/xarm_msgs:/root/ros2_frws/src/xarm_ros2/install/xarm_description:/root/ros2_frws/src/xarm_ros2/install/realsense_gazebo_plugin:/opt/ros/humble LD_LIBRARY_PATH=/root/ros2_frws/install/xarm_sdk/lib:/root/ros2_frws/install/xarm_msgs/lib:${LD_LIBRARY_PATH} PYTHONPATH=/root/ros2_frws/install/xarm_msgs/local/lib/python3.10/dist-packages:${PYTHONPATH} /usr/bin/cmake --install /root/ros2_frws/build/xarm_api
