[0.813s] Invoking command in '/root/ros2_frws/src/challenge_2': AMENT_PREFIX_PATH=/root/ros2_frws/install/my_msg_interfaces:${AMENT_PREFIX_PATH} CMAKE_PREFIX_PATH=/root/ros2_frws/install/my_msg_interfaces LD_LIBRARY_PATH=/root/ros2_frws/install/my_msg_interfaces/lib:${LD_LIBRARY_PATH} PYTHONPATH=/root/ros2_frws/build/challenge_2/prefix_override:/root/ros2_frws/install/challenge_2/lib/python3.10/site-packages:/root/ros2_frws/install/my_msg_interfaces/local/lib/python3.10/dist-packages:${PYTHONPATH} /usr/bin/python3 setup.py egg_info --egg-base ../../build/challenge_2 build --build-base /root/ros2_frws/build/challenge_2/build install --record /root/ros2_frws/build/challenge_2/install.log --single-version-externally-managed
[0.984s] running egg_info
[0.996s] writing ../../build/challenge_2/challenge_2.egg-info/PKG-INFO
[0.997s] writing dependency_links to ../../build/challenge_2/challenge_2.egg-info/dependency_links.txt
[0.997s] writing entry points to ../../build/challenge_2/challenge_2.egg-info/entry_points.txt
[0.997s] writing requirements to ../../build/challenge_2/challenge_2.egg-info/requires.txt
[0.997s] writing top-level names to ../../build/challenge_2/challenge_2.egg-info/top_level.txt
[1.024s] reading manifest file '../../build/challenge_2/challenge_2.egg-info/SOURCES.txt'
[1.024s] adding license file 'LICENSE'
[1.025s] writing manifest file '../../build/challenge_2/challenge_2.egg-info/SOURCES.txt'
[1.025s] running build
[1.025s] running build_py
[1.025s] running install
[1.026s] /root/.local/lib/python3.10/site-packages/setuptools/_distutils/cmd.py:66: SetuptoolsDeprecationWarning: setup.py install is deprecated.
[1.026s] !!
[1.026s] 
[1.026s]         ********************************************************************************
[1.026s]         Please avoid running ``setup.py`` directly.
[1.026s]         Instead, use pypa/build, pypa/installer or other
[1.026s]         standards-based tools.
[1.026s] 
[1.026s]         See https://blog.ganssle.io/articles/2021/10/setup-py-deprecated.html for details.
[1.027s]         ********************************************************************************
[1.027s] 
[1.027s] !!
[1.027s]   self.initialize_options()
[1.032s] running install_lib
[1.043s] running install_data
[1.054s] running install_egg_info
[1.065s] removing '/root/ros2_frws/install/challenge_2/lib/python3.10/site-packages/challenge_2-0.0.0-py3.10.egg-info' (and everything under it)
[1.065s] Copying ../../build/challenge_2/challenge_2.egg-info to /root/ros2_frws/install/challenge_2/lib/python3.10/site-packages/challenge_2-0.0.0-py3.10.egg-info
[1.067s] running install_scripts
[1.175s] Installing signal_generator script to /root/ros2_frws/install/challenge_2/lib/challenge_2
[1.175s] writing list of installed files to '/root/ros2_frws/build/challenge_2/install.log'
[1.241s] Invoked command in '/root/ros2_frws/src/challenge_2' returned '0': AMENT_PREFIX_PATH=/root/ros2_frws/install/my_msg_interfaces:${AMENT_PREFIX_PATH} CMAKE_PREFIX_PATH=/root/ros2_frws/install/my_msg_interfaces LD_LIBRARY_PATH=/root/ros2_frws/install/my_msg_interfaces/lib:${LD_LIBRARY_PATH} PYTHONPATH=/root/ros2_frws/build/challenge_2/prefix_override:/root/ros2_frws/install/challenge_2/lib/python3.10/site-packages:/root/ros2_frws/install/my_msg_interfaces/local/lib/python3.10/dist-packages:${PYTHONPATH} /usr/bin/python3 setup.py egg_info --egg-base ../../build/challenge_2 build --build-base /root/ros2_frws/build/challenge_2/build install --record /root/ros2_frws/build/challenge_2/install.log --single-version-externally-managed
