[1.481s] Invoking command in '/root/ros2_frws/src/course_works': PYTHONPATH=/root/ros2_frws/build/course_works/prefix_override:/root/ros2_frws/install/course_works/lib/python3.10/site-packages:${PYTHONPATH} /usr/bin/python3 setup.py egg_info --egg-base ../../build/course_works build --build-base /root/ros2_frws/build/course_works/build install --record /root/ros2_frws/build/course_works/install.log --single-version-externally-managed
[1.672s] running egg_info
[1.688s] writing ../../build/course_works/course_works.egg-info/PKG-INFO
[1.688s] writing dependency_links to ../../build/course_works/course_works.egg-info/dependency_links.txt
[1.689s] writing entry points to ../../build/course_works/course_works.egg-info/entry_points.txt
[1.690s] writing requirements to ../../build/course_works/course_works.egg-info/requires.txt
[1.690s] writing top-level names to ../../build/course_works/course_works.egg-info/top_level.txt
[1.718s] reading manifest file '../../build/course_works/course_works.egg-info/SOURCES.txt'
[1.718s] adding license file 'LICENSE'
[1.720s] writing manifest file '../../build/course_works/course_works.egg-info/SOURCES.txt'
[1.720s] running build
[1.720s] running build_py
[1.720s] running install
[1.720s] /root/.local/lib/python3.10/site-packages/setuptools/_distutils/cmd.py:66: SetuptoolsDeprecationWarning: setup.py install is deprecated.
[1.721s] !!
[1.721s] 
[1.721s]         ********************************************************************************
[1.721s]         Please avoid running ``setup.py`` directly.
[1.722s]         Instead, use pypa/build, pypa/installer or other
[1.722s]         standards-based tools.
[1.722s] 
[1.722s]         See https://blog.ganssle.io/articles/2021/10/setup-py-deprecated.html for details.
[1.722s]         ********************************************************************************
[1.722s] 
[1.722s] !!
[1.722s]   self.initialize_options()
[1.725s] running install_lib
[1.738s] running install_data
[1.749s] running install_egg_info
[1.764s] removing '/root/ros2_frws/install/course_works/lib/python3.10/site-packages/course_works-0.0.0-py3.10.egg-info' (and everything under it)
[1.764s] Copying ../../build/course_works/course_works.egg-info to /root/ros2_frws/install/course_works/lib/python3.10/site-packages/course_works-0.0.0-py3.10.egg-info
[1.765s] running install_scripts
[1.900s] Installing process_node script to /root/ros2_frws/install/course_works/lib/course_works
[1.900s] Installing signal_generator script to /root/ros2_frws/install/course_works/lib/course_works
[1.901s] writing list of installed files to '/root/ros2_frws/build/course_works/install.log'
[1.992s] Invoked command in '/root/ros2_frws/src/course_works' returned '0': PYTHONPATH=/root/ros2_frws/build/course_works/prefix_override:/root/ros2_frws/install/course_works/lib/python3.10/site-packages:${PYTHONPATH} /usr/bin/python3 setup.py egg_info --egg-base ../../build/course_works build --build-base /root/ros2_frws/build/course_works/build install --record /root/ros2_frws/build/course_works/install.log --single-version-externally-managed
