[1.739s] Invoking command in '/root/ros2_frws/src/course_works': PYTHONPATH=/root/ros2_frws/build/course_works/prefix_override:/root/ros2_frws/install/course_works/lib/python3.10/site-packages:${PYTHONPATH} /usr/bin/python3 setup.py egg_info --egg-base ../../build/course_works build --build-base /root/ros2_frws/build/course_works/build install --record /root/ros2_frws/build/course_works/install.log --single-version-externally-managed
[1.988s] running egg_info
[2.008s] writing ../../build/course_works/course_works.egg-info/PKG-INFO
[2.008s] writing dependency_links to ../../build/course_works/course_works.egg-info/dependency_links.txt
[2.008s] writing entry points to ../../build/course_works/course_works.egg-info/entry_points.txt
[2.009s] writing requirements to ../../build/course_works/course_works.egg-info/requires.txt
[2.009s] writing top-level names to ../../build/course_works/course_works.egg-info/top_level.txt
[2.018s] reading manifest file '../../build/course_works/course_works.egg-info/SOURCES.txt'
[2.018s] adding license file 'LICENSE'
[2.018s] writing manifest file '../../build/course_works/course_works.egg-info/SOURCES.txt'
[2.018s] running build
[2.018s] running build_py
[2.018s] running install
[2.019s] /root/.local/lib/python3.10/site-packages/setuptools/_distutils/cmd.py:66: SetuptoolsDeprecationWarning: setup.py install is deprecated.
[2.019s] !!
[2.019s] 
[2.019s]         ********************************************************************************
[2.019s]         Please avoid running ``setup.py`` directly.
[2.019s]         Instead, use pypa/build, pypa/installer or other
[2.019s]         standards-based tools.
[2.019s] 
[2.020s]         See https://blog.ganssle.io/articles/2021/10/setup-py-deprecated.html for details.
[2.020s]         ********************************************************************************
[2.020s] 
[2.020s] !!
[2.020s]   self.initialize_options()
[2.020s] running install_lib
[2.033s] running install_data
[2.060s] running install_egg_info
[2.066s] removing '/root/ros2_frws/install/course_works/lib/python3.10/site-packages/course_works-0.0.0-py3.10.egg-info' (and everything under it)
[2.067s] Copying ../../build/course_works/course_works.egg-info to /root/ros2_frws/install/course_works/lib/python3.10/site-packages/course_works-0.0.0-py3.10.egg-info
[2.067s] running install_scripts
[2.211s] Installing process_node script to /root/ros2_frws/install/course_works/lib/course_works
[2.212s] Installing signal_generator script to /root/ros2_frws/install/course_works/lib/course_works
[2.212s] writing list of installed files to '/root/ros2_frws/build/course_works/install.log'
[2.263s] Invoked command in '/root/ros2_frws/src/course_works' returned '0': PYTHONPATH=/root/ros2_frws/build/course_works/prefix_override:/root/ros2_frws/install/course_works/lib/python3.10/site-packages:${PYTHONPATH} /usr/bin/python3 setup.py egg_info --egg-base ../../build/course_works build --build-base /root/ros2_frws/build/course_works/build install --record /root/ros2_frws/build/course_works/install.log --single-version-externally-managed
