[0.149s] Invoking command in '/root/ros2_frws/build/xarm_planner': CMAKE_PREFIX_PATH=/root/ros2_frws/install/xarm_moveit_config:/root/ros2_frws/install/xarm_gazebo:/root/ros2_frws/install/xarm_controller:/root/ros2_frws/install/xarm_api:/root/ros2_frws/install/xarm_sdk:/root/ros2_frws/install/xarm_msgs:/root/ros2_frws/install/xarm_description:/root/ros2_frws/install/xarm_planner:/root/ros2_frws/install/xarm_moveit_servo:/root/ros2_frws/install/realsense_gazebo_plugin:/root/ros2_frws/install/my_msg_interfaces:/root/ros2_frws/install/challenge_2:/root/ros2_frws/install/course_works:/root/ros2_frws/install/basic_comms_param:/root/ros2_frws/install/basic_comms:/opt/ros/humble LD_LIBRARY_PATH=/root/ros2_frws/install/xarm_gazebo/lib:/root/ros2_frws/install/xarm_controller/lib:/root/ros2_frws/install/xarm_api/lib:/root/ros2_frws/install/xarm_sdk/lib:/root/ros2_frws/install/xarm_msgs/lib:/root/ros2_frws/install/xarm_planner/lib:/root/ros2_frws/install/xarm_moveit_servo/lib:/root/ros2_frws/install/realsense_gazebo_plugin/lib:/root/ros2_frws/install/my_msg_interfaces/lib:/usr/lib/x86_64-linux-gnu/gazebo-11/plugins:/opt/ros/humble/opt/rviz_ogre_vendor/lib:/opt/ros/humble/lib/x86_64-linux-gnu:/opt/ros/humble/lib /usr/bin/cmake --build /root/ros2_frws/build/xarm_planner -- -j16 -l16
[0.233s] [ 18%] Built target test_xarm_planner_client_joint
[0.234s] [ 18%] Built target test_xarm_planner_client_pose
[0.234s] [ 27%] Built target test_lite_gripper_realmove
[0.235s] [ 36%] Built target test_xarm_gripper_planner_client_joint
[0.239s] [ 45%] Built target xarm_planner
[0.293s] [ 54%] Built target xarm_gripper_planner_node
[0.293s] [ 63%] Built target test_xarm_planner_api_joint
[0.294s] [ 72%] Built target xarm_planner_node
[0.295s] [ 81%] Built target test_xarm_gripper_planner_api_joint
[0.295s] [ 95%] [32mBuilding CXX object CMakeFiles/test_xarm_planner_api_pose.dir/test/test_xarm_planner_api_pose.cpp.o[0m
[0.295s] [ 95%] Built target test_dual_xarm_planner_api_joint
[12.114s] [100%] [32m[1mLinking CXX executable test_xarm_planner_api_pose[0m
[12.525s] [100%] Built target test_xarm_planner_api_pose
[12.544s] Invoked command in '/root/ros2_frws/build/xarm_planner' returned '0': CMAKE_PREFIX_PATH=/root/ros2_frws/install/xarm_moveit_config:/root/ros2_frws/install/xarm_gazebo:/root/ros2_frws/install/xarm_controller:/root/ros2_frws/install/xarm_api:/root/ros2_frws/install/xarm_sdk:/root/ros2_frws/install/xarm_msgs:/root/ros2_frws/install/xarm_description:/root/ros2_frws/install/xarm_planner:/root/ros2_frws/install/xarm_moveit_servo:/root/ros2_frws/install/realsense_gazebo_plugin:/root/ros2_frws/install/my_msg_interfaces:/root/ros2_frws/install/challenge_2:/root/ros2_frws/install/course_works:/root/ros2_frws/install/basic_comms_param:/root/ros2_frws/install/basic_comms:/opt/ros/humble LD_LIBRARY_PATH=/root/ros2_frws/install/xarm_gazebo/lib:/root/ros2_frws/install/xarm_controller/lib:/root/ros2_frws/install/xarm_api/lib:/root/ros2_frws/install/xarm_sdk/lib:/root/ros2_frws/install/xarm_msgs/lib:/root/ros2_frws/install/xarm_planner/lib:/root/ros2_frws/install/xarm_moveit_servo/lib:/root/ros2_frws/install/realsense_gazebo_plugin/lib:/root/ros2_frws/install/my_msg_interfaces/lib:/usr/lib/x86_64-linux-gnu/gazebo-11/plugins:/opt/ros/humble/opt/rviz_ogre_vendor/lib:/opt/ros/humble/lib/x86_64-linux-gnu:/opt/ros/humble/lib /usr/bin/cmake --build /root/ros2_frws/build/xarm_planner -- -j16 -l16
[12.632s] Invoking command in '/root/ros2_frws/build/xarm_planner': CMAKE_PREFIX_PATH=/root/ros2_frws/install/xarm_moveit_config:/root/ros2_frws/install/xarm_gazebo:/root/ros2_frws/install/xarm_controller:/root/ros2_frws/install/xarm_api:/root/ros2_frws/install/xarm_sdk:/root/ros2_frws/install/xarm_msgs:/root/ros2_frws/install/xarm_description:/root/ros2_frws/install/xarm_planner:/root/ros2_frws/install/xarm_moveit_servo:/root/ros2_frws/install/realsense_gazebo_plugin:/root/ros2_frws/install/my_msg_interfaces:/root/ros2_frws/install/challenge_2:/root/ros2_frws/install/course_works:/root/ros2_frws/install/basic_comms_param:/root/ros2_frws/install/basic_comms:/opt/ros/humble LD_LIBRARY_PATH=/root/ros2_frws/install/xarm_gazebo/lib:/root/ros2_frws/install/xarm_controller/lib:/root/ros2_frws/install/xarm_api/lib:/root/ros2_frws/install/xarm_sdk/lib:/root/ros2_frws/install/xarm_msgs/lib:/root/ros2_frws/install/xarm_planner/lib:/root/ros2_frws/install/xarm_moveit_servo/lib:/root/ros2_frws/install/realsense_gazebo_plugin/lib:/root/ros2_frws/install/my_msg_interfaces/lib:/usr/lib/x86_64-linux-gnu/gazebo-11/plugins:/opt/ros/humble/opt/rviz_ogre_vendor/lib:/opt/ros/humble/lib/x86_64-linux-gnu:/opt/ros/humble/lib /usr/bin/cmake --install /root/ros2_frws/build/xarm_planner
[12.645s] -- Install configuration: ""
[12.645s] -- Up-to-date: /root/ros2_frws/install/xarm_planner/include
[12.646s] -- Up-to-date: /root/ros2_frws/install/xarm_planner/include/xarm_planner
[12.646s] -- Up-to-date: /root/ros2_frws/install/xarm_planner/include/xarm_planner/xarm_planner.h
[12.646s] -- Up-to-date: /root/ros2_frws/install/xarm_planner/lib/libxarm_planner.so
[12.647s] -- Up-to-date: /root/ros2_frws/install/xarm_planner/lib/xarm_planner/xarm_planner_node
[12.647s] -- Up-to-date: /root/ros2_frws/install/xarm_planner/lib/xarm_planner/xarm_gripper_planner_node
[12.647s] -- Up-to-date: /root/ros2_frws/install/xarm_planner/lib/xarm_planner/test_xarm_planner_api_joint
[12.648s] -- Up-to-date: /root/ros2_frws/install/xarm_planner/lib/xarm_planner/test_dual_xarm_planner_api_joint
[12.648s] -- Installing: /root/ros2_frws/install/xarm_planner/lib/xarm_planner/test_xarm_planner_api_pose
[12.650s] -- Set runtime path of "/root/ros2_frws/install/xarm_planner/lib/xarm_planner/test_xarm_planner_api_pose" to ""
[12.650s] -- Up-to-date: /root/ros2_frws/install/xarm_planner/lib/xarm_planner/test_xarm_gripper_planner_api_joint
[12.651s] -- Up-to-date: /root/ros2_frws/install/xarm_planner/lib/xarm_planner/test_xarm_planner_client_joint
[12.651s] -- Up-to-date: /root/ros2_frws/install/xarm_planner/lib/xarm_planner/test_xarm_planner_client_pose
[12.652s] -- Up-to-date: /root/ros2_frws/install/xarm_planner/lib/xarm_planner/test_xarm_gripper_planner_client_joint
[12.653s] -- Up-to-date: /root/ros2_frws/install/xarm_planner/lib/xarm_planner/test_lite_gripper_realmove
[12.653s] -- Up-to-date: /root/ros2_frws/install/xarm_planner/share/xarm_planner//launch
[12.654s] -- Up-to-date: /root/ros2_frws/install/xarm_planner/share/xarm_planner//launch/test_xarm_gripper_planner_api_joint.launch.py
[12.654s] -- Up-to-date: /root/ros2_frws/install/xarm_planner/share/xarm_planner//launch/xarm7_planner_gazebo.launch.py
[12.655s] -- Up-to-date: /root/ros2_frws/install/xarm_planner/share/xarm_planner//launch/lite6_planner_fake.launch.py
[12.655s] -- Up-to-date: /root/ros2_frws/install/xarm_planner/share/xarm_planner//launch/xarm7_mirror_planner_gazebo.launch.py
[12.655s] -- Up-to-date: /root/ros2_frws/install/xarm_planner/share/xarm_planner//launch/xarm5_planner_fake.launch.py
[12.655s] -- Up-to-date: /root/ros2_frws/install/xarm_planner/share/xarm_planner//launch/test_move_group.launch.py
[12.656s] -- Up-to-date: /root/ros2_frws/install/xarm_planner/share/xarm_planner//launch/test_dual_xarm_planner_api_joint.launch.py
[12.656s] -- Up-to-date: /root/ros2_frws/install/xarm_planner/share/xarm_planner//launch/uf850_planner_realmove.launch.py
[12.656s] -- Up-to-date: /root/ros2_frws/install/xarm_planner/share/xarm_planner//launch/test_xarm_planner_client_joint.launch.py
[12.656s] -- Up-to-date: /root/ros2_frws/install/xarm_planner/share/xarm_planner//launch/lite6_planner_gazebo.launch.py
[12.657s] -- Up-to-date: /root/ros2_frws/install/xarm_planner/share/xarm_planner//launch/test_xarm_planner_api_pose.launch.py
[12.657s] -- Up-to-date: /root/ros2_frws/install/xarm_planner/share/xarm_planner//launch/_dual_robot_planner.launch.py
[12.657s] -- Up-to-date: /root/ros2_frws/install/xarm_planner/share/xarm_planner//launch/xarm6_planner_gazebo.launch.py
[12.657s] -- Up-to-date: /root/ros2_frws/install/xarm_planner/share/xarm_planner//launch/xarm7_planner_fake.launch.py
[12.657s] -- Up-to-date: /root/ros2_frws/install/xarm_planner/share/xarm_planner//launch/test_xarm_planner_api_joint.launch.py
[12.657s] -- Up-to-date: /root/ros2_frws/install/xarm_planner/share/xarm_planner//launch/xarm6_planner_fake.launch.py
[12.657s] -- Up-to-date: /root/ros2_frws/install/xarm_planner/share/xarm_planner//launch/xarm6_planner_realmove.launch.py
[12.657s] -- Up-to-date: /root/ros2_frws/install/xarm_planner/share/xarm_planner//launch/xarm7_mirror_planner_realmove.launch.py
[12.657s] -- Up-to-date: /root/ros2_frws/install/xarm_planner/share/xarm_planner//launch/uf850_planner_gazebo.launch.py
[12.658s] -- Up-to-date: /root/ros2_frws/install/xarm_planner/share/xarm_planner//launch/test_lite_gripper_realmove.launch.py
[12.658s] -- Up-to-date: /root/ros2_frws/install/xarm_planner/share/xarm_planner//launch/uf850_planner_fake.launch.py
[12.658s] -- Up-to-date: /root/ros2_frws/install/xarm_planner/share/xarm_planner//launch/test_xarm_planner_client_pose.launch.py
[12.658s] -- Up-to-date: /root/ros2_frws/install/xarm_planner/share/xarm_planner//launch/xarm5_planner_realmove.launch.py
[12.658s] -- Up-to-date: /root/ros2_frws/install/xarm_planner/share/xarm_planner//launch/xarm5_planner_gazebo.launch.py
[12.658s] -- Up-to-date: /root/ros2_frws/install/xarm_planner/share/xarm_planner//launch/xarm7_mirror_planner_fake.launch.py
[12.658s] -- Up-to-date: /root/ros2_frws/install/xarm_planner/share/xarm_planner//launch/_robot_planner.launch.py
[12.658s] -- Up-to-date: /root/ros2_frws/install/xarm_planner/share/xarm_planner//launch/xarm7_planner_realmove.launch.py
[12.658s] -- Up-to-date: /root/ros2_frws/install/xarm_planner/share/xarm_planner//launch/lite6_planner_realmove.launch.py
[12.658s] -- Up-to-date: /root/ros2_frws/install/xarm_planner/share/xarm_planner//launch/test_xarm_gripper_planner_client_joint.launch.py
[12.659s] -- Up-to-date: /root/ros2_frws/install/xarm_planner/share/ament_index/resource_index/package_run_dependencies/xarm_planner
[12.659s] -- Up-to-date: /root/ros2_frws/install/xarm_planner/share/ament_index/resource_index/parent_prefix_path/xarm_planner
[12.659s] -- Up-to-date: /root/ros2_frws/install/xarm_planner/share/xarm_planner/environment/ament_prefix_path.sh
[12.659s] -- Up-to-date: /root/ros2_frws/install/xarm_planner/share/xarm_planner/environment/ament_prefix_path.dsv
[12.659s] -- Up-to-date: /root/ros2_frws/install/xarm_planner/share/xarm_planner/environment/path.sh
[12.660s] -- Up-to-date: /root/ros2_frws/install/xarm_planner/share/xarm_planner/environment/path.dsv
[12.660s] -- Up-to-date: /root/ros2_frws/install/xarm_planner/share/xarm_planner/local_setup.bash
[12.660s] -- Up-to-date: /root/ros2_frws/install/xarm_planner/share/xarm_planner/local_setup.sh
[12.660s] -- Up-to-date: /root/ros2_frws/install/xarm_planner/share/xarm_planner/local_setup.zsh
[12.660s] -- Up-to-date: /root/ros2_frws/install/xarm_planner/share/xarm_planner/local_setup.dsv
[12.660s] -- Installing: /root/ros2_frws/install/xarm_planner/share/xarm_planner/package.dsv
[12.660s] -- Up-to-date: /root/ros2_frws/install/xarm_planner/share/ament_index/resource_index/packages/xarm_planner
[12.660s] -- Up-to-date: /root/ros2_frws/install/xarm_planner/share/xarm_planner/cmake/xarm_plannerConfig.cmake
[12.660s] -- Up-to-date: /root/ros2_frws/install/xarm_planner/share/xarm_planner/cmake/xarm_plannerConfig-version.cmake
[12.660s] -- Up-to-date: /root/ros2_frws/install/xarm_planner/share/xarm_planner/package.xml
[12.663s] Invoked command in '/root/ros2_frws/build/xarm_planner' returned '0': CMAKE_PREFIX_PATH=/root/ros2_frws/install/xarm_moveit_config:/root/ros2_frws/install/xarm_gazebo:/root/ros2_frws/install/xarm_controller:/root/ros2_frws/install/xarm_api:/root/ros2_frws/install/xarm_sdk:/root/ros2_frws/install/xarm_msgs:/root/ros2_frws/install/xarm_description:/root/ros2_frws/install/xarm_planner:/root/ros2_frws/install/xarm_moveit_servo:/root/ros2_frws/install/realsense_gazebo_plugin:/root/ros2_frws/install/my_msg_interfaces:/root/ros2_frws/install/challenge_2:/root/ros2_frws/install/course_works:/root/ros2_frws/install/basic_comms_param:/root/ros2_frws/install/basic_comms:/opt/ros/humble LD_LIBRARY_PATH=/root/ros2_frws/install/xarm_gazebo/lib:/root/ros2_frws/install/xarm_controller/lib:/root/ros2_frws/install/xarm_api/lib:/root/ros2_frws/install/xarm_sdk/lib:/root/ros2_frws/install/xarm_msgs/lib:/root/ros2_frws/install/xarm_planner/lib:/root/ros2_frws/install/xarm_moveit_servo/lib:/root/ros2_frws/install/realsense_gazebo_plugin/lib:/root/ros2_frws/install/my_msg_interfaces/lib:/usr/lib/x86_64-linux-gnu/gazebo-11/plugins:/opt/ros/humble/opt/rviz_ogre_vendor/lib:/opt/ros/humble/lib/x86_64-linux-gnu:/opt/ros/humble/lib /usr/bin/cmake --install /root/ros2_frws/build/xarm_planner
