[1.846s] Invoking command in '/root/ros2_frws/src/course_works': PYTHONPATH=/root/ros2_frws/build/course_works/prefix_override:/root/ros2_frws/install/course_works/lib/python3.10/site-packages:${PYTHONPATH} /usr/bin/python3 setup.py egg_info --egg-base ../../build/course_works build --build-base /root/ros2_frws/build/course_works/build install --record /root/ros2_frws/build/course_works/install.log --single-version-externally-managed
[2.087s] running egg_info
[2.101s] writing ../../build/course_works/course_works.egg-info/PKG-INFO
[2.102s] writing dependency_links to ../../build/course_works/course_works.egg-info/dependency_links.txt
[2.102s] writing entry points to ../../build/course_works/course_works.egg-info/entry_points.txt
[2.102s] writing requirements to ../../build/course_works/course_works.egg-info/requires.txt
[2.102s] writing top-level names to ../../build/course_works/course_works.egg-info/top_level.txt
[2.138s] reading manifest file '../../build/course_works/course_works.egg-info/SOURCES.txt'
[2.138s] adding license file 'LICENSE'
[2.139s] writing manifest file '../../build/course_works/course_works.egg-info/SOURCES.txt'
[2.139s] running build
[2.141s] running build_py
[2.142s] running install
[2.142s] /root/.local/lib/python3.10/site-packages/setuptools/_distutils/cmd.py:66: SetuptoolsDeprecationWarning: setup.py install is deprecated.
[2.142s] !!
[2.143s] 
[2.143s]         ********************************************************************************
[2.143s]         Please avoid running ``setup.py`` directly.
[2.143s]         Instead, use pypa/build, pypa/installer or other
[2.144s]         standards-based tools.
[2.144s] 
[2.144s]         See https://blog.ganssle.io/articles/2021/10/setup-py-deprecated.html for details.
[2.145s]         ********************************************************************************
[2.145s] 
[2.145s] !!
[2.145s]   self.initialize_options()
[2.149s] running install_lib
[2.167s] running install_data
[2.182s] running install_egg_info
[2.201s] removing '/root/ros2_frws/install/course_works/lib/python3.10/site-packages/course_works-0.0.0-py3.10.egg-info' (and everything under it)
[2.202s] Copying ../../build/course_works/course_works.egg-info to /root/ros2_frws/install/course_works/lib/python3.10/site-packages/course_works-0.0.0-py3.10.egg-info
[2.202s] running install_scripts
[2.391s] Installing process_node script to /root/ros2_frws/install/course_works/lib/course_works
[2.391s] Installing signal_generator script to /root/ros2_frws/install/course_works/lib/course_works
[2.392s] writing list of installed files to '/root/ros2_frws/build/course_works/install.log'
[2.511s] Invoked command in '/root/ros2_frws/src/course_works' returned '0': PYTHONPATH=/root/ros2_frws/build/course_works/prefix_override:/root/ros2_frws/install/course_works/lib/python3.10/site-packages:${PYTHONPATH} /usr/bin/python3 setup.py egg_info --egg-base ../../build/course_works build --build-base /root/ros2_frws/build/course_works/build install --record /root/ros2_frws/build/course_works/install.log --single-version-externally-managed
