[1.467s] Invoking command in '/root/ros2_frws/src/basic_comms_params': PYTHONPATH=/root/ros2_frws/build/basic_comms_params/prefix_override:/root/ros2_frws/install/basic_comms_params/lib/python3.10/site-packages:${PYTHONPATH} /usr/bin/python3 setup.py egg_info --egg-base ../../build/basic_comms_params build --build-base /root/ros2_frws/build/basic_comms_params/build install --record /root/ros2_frws/build/basic_comms_params/install.log --single-version-externally-managed
[1.643s] running egg_info
[1.653s] writing ../../build/basic_comms_params/basic_comms_params.egg-info/PKG-INFO
[1.654s] writing dependency_links to ../../build/basic_comms_params/basic_comms_params.egg-info/dependency_links.txt
[1.655s] writing entry points to ../../build/basic_comms_params/basic_comms_params.egg-info/entry_points.txt
[1.655s] writing requirements to ../../build/basic_comms_params/basic_comms_params.egg-info/requires.txt
[1.655s] writing top-level names to ../../build/basic_comms_params/basic_comms_params.egg-info/top_level.txt
[1.677s] reading manifest file '../../build/basic_comms_params/basic_comms_params.egg-info/SOURCES.txt'
[1.678s] writing manifest file '../../build/basic_comms_params/basic_comms_params.egg-info/SOURCES.txt'
[1.679s] running build
[1.679s] running build_py
[1.679s] running install
[1.679s] /root/.local/lib/python3.10/site-packages/setuptools/_distutils/cmd.py:66: SetuptoolsDeprecationWarning: setup.py install is deprecated.
[1.679s] !!
[1.680s] 
[1.680s]         ********************************************************************************
[1.680s]         Please avoid running ``setup.py`` directly.
[1.680s]         Instead, use pypa/build, pypa/installer or other
[1.680s]         standards-based tools.
[1.680s] 
[1.680s]         See https://blog.ganssle.io/articles/2021/10/setup-py-deprecated.html for details.
[1.680s]         ********************************************************************************
[1.680s] 
[1.680s] !!
[1.680s]   self.initialize_options()
[1.685s] running install_lib
[1.697s] running install_data
[1.707s] running install_egg_info
[1.720s] removing '/root/ros2_frws/install/basic_comms_params/lib/python3.10/site-packages/basic_comms_params-0.0.0-py3.10.egg-info' (and everything under it)
[1.721s] Copying ../../build/basic_comms_params/basic_comms_params.egg-info to /root/ros2_frws/install/basic_comms_params/lib/python3.10/site-packages/basic_comms_params-0.0.0-py3.10.egg-info
[1.723s] running install_scripts
[1.834s] Installing talker_params script to /root/ros2_frws/install/basic_comms_params/lib/basic_comms_params
[1.835s] writing list of installed files to '/root/ros2_frws/build/basic_comms_params/install.log'
[1.898s] Invoked command in '/root/ros2_frws/src/basic_comms_params' returned '0': PYTHONPATH=/root/ros2_frws/build/basic_comms_params/prefix_override:/root/ros2_frws/install/basic_comms_params/lib/python3.10/site-packages:${PYTHONPATH} /usr/bin/python3 setup.py egg_info --egg-base ../../build/basic_comms_params build --build-base /root/ros2_frws/build/basic_comms_params/build install --record /root/ros2_frws/build/basic_comms_params/install.log --single-version-externally-managed
