[0.829s] Invoking command in '/root/ros2_frws/build/moveit_msgs': CMAKE_PREFIX_PATH=/opt/ros/humble /usr/bin/cmake /root/ros2_frws/src/moveit_msgs -DCMAKE_INSTALL_PREFIX=/root/ros2_frws/install/moveit_msgs
[2.429s] -- The C compiler identification is GNU 11.4.0
[2.430s] -- The CXX compiler identification is GNU 11.4.0
[2.431s] -- Detecting C compiler ABI info
[2.432s] -- Detecting C compiler ABI info - done
[2.432s] -- Check for working C compiler: /usr/bin/cc - skipped
[2.432s] -- Detecting C compile features
[2.432s] -- Detecting C compile features - done
[2.433s] -- Detecting CXX compiler ABI info
[2.433s] -- Detecting CXX compiler ABI info - done
[2.433s] -- Check for working CXX compiler: /usr/bin/c++ - skipped
[2.433s] -- Detecting CXX compile features
[2.433s] -- Detecting CXX compile features - done
[2.433s] -- Found ament_cmake: 1.3.8 (/opt/ros/humble/share/ament_cmake/cmake)
[2.433s] -- Found Python3: /usr/bin/python3 (found version "3.10.12") found components: Interpreter 
[2.433s] -- Found rosidl_default_generators: 1.2.0 (/opt/ros/humble/share/rosidl_default_generators/cmake)
[2.434s] -- Using all available rosidl_typesupport_c: rosidl_typesupport_fastrtps_c;rosidl_typesupport_introspection_c
[2.434s] -- Found rosidl_adapter: 3.1.5 (/opt/ros/humble/share/rosidl_adapter/cmake)
[2.434s] -- Using all available rosidl_typesupport_cpp: rosidl_typesupport_fastrtps_cpp;rosidl_typesupport_introspection_cpp
[2.435s] -- Found action_msgs: 1.2.1 (/opt/ros/humble/share/action_msgs/cmake)
[2.435s] -- Found std_msgs: 4.2.3 (/opt/ros/humble/share/std_msgs/cmake)
[2.435s] -- Found geometry_msgs: 4.2.3 (/opt/ros/humble/share/geometry_msgs/cmake)
[2.435s] -- Found sensor_msgs: 4.2.3 (/opt/ros/humble/share/sensor_msgs/cmake)
[2.436s] -- Found shape_msgs: 4.2.3 (/opt/ros/humble/share/shape_msgs/cmake)
[2.436s] -- Found object_recognition_msgs: 2.0.0 (/opt/ros/humble/share/object_recognition_msgs/cmake)
[2.467s] -- Found octomap_msgs: 2.0.0 (/opt/ros/humble/share/octomap_msgs/cmake)
[2.540s] -- Found trajectory_msgs: 4.2.3 (/opt/ros/humble/share/trajectory_msgs/cmake)
[3.756s] -- Found ament_cmake_ros: 0.10.0 (/opt/ros/humble/share/ament_cmake_ros/cmake)
[4.098s] -- Using all available rosidl_typesupport_c: rosidl_typesupport_fastrtps_c;rosidl_typesupport_introspection_c
[4.509s] -- Using all available rosidl_typesupport_cpp: rosidl_typesupport_fastrtps_cpp;rosidl_typesupport_introspection_cpp
[4.534s] -- Found PythonInterp: /usr/bin/python3 (found suitable version "3.10.12", minimum required is "3.6") 
[4.537s] -- Found python_cmake_module: 0.10.0 (/opt/ros/humble/share/python_cmake_module/cmake)
[4.559s] -- Found PythonLibs: /usr/lib/x86_64-linux-gnu/libpython3.10.so (found suitable version "3.10.12", minimum required is "3.5") 
[4.559s] -- Using PYTHON_EXECUTABLE: /usr/bin/python3
[4.559s] -- Using PYTHON_INCLUDE_DIRS: /usr/include/python3.10
[4.559s] -- Using PYTHON_LIBRARIES: /usr/lib/x86_64-linux-gnu/libpython3.10.so
[4.581s] -- Found PythonExtra: .so  
[4.675s] -- Found ament_lint_auto: 0.12.10 (/opt/ros/humble/share/ament_lint_auto/cmake)
[4.703s] -- Configuring done
[4.914s] -- Generating done
[4.916s] -- Build files have been written to: /root/ros2_frws/build/moveit_msgs
