[0.379s] Invoking command in '/root/ros2_frws/build/xarm_sdk': CMAKE_PREFIX_PATH=/opt/ros/humble /usr/bin/cmake /root/ros2_frws/src/xarm_ros2/xarm_sdk -DCMAKE_INSTALL_PREFIX=/root/ros2_frws/install/xarm_sdk
[1.258s] -- The C compiler identification is GNU 11.4.0
[1.258s] -- The CXX compiler identification is GNU 11.4.0
[1.258s] -- Detecting C compiler ABI info
[1.259s] -- Detecting C compiler ABI info - done
[1.259s] -- Check for working C compiler: /usr/bin/cc - skipped
[1.259s] -- Detecting C compile features
[1.259s] -- Detecting C compile features - done
[1.259s] -- Detecting CXX compiler ABI info
[1.260s] -- Detecting CXX compiler ABI info - done
[1.260s] -- Check for working CXX compiler: /usr/bin/c++ - skipped
[1.260s] -- Detecting CXX compile features
[1.261s] -- Detecting CXX compile features - done
[1.261s] -- Found ament_cmake: 1.3.8 (/opt/ros/humble/share/ament_cmake/cmake)
[1.261s] -- Found Python3: /usr/bin/python3 (found version "3.10.12") found components: Interpreter 
[1.317s] -- Found ament_lint_auto: 0.12.10 (/opt/ros/humble/share/ament_lint_auto/cmake)
[1.426s] -- Added test 'copyright' to check source files copyright and LICENSE
[1.443s] -- Added test 'cppcheck' to perform static code analysis on C / C++ code
[1.443s] -- Configured cppcheck include dirs: /root/ros2_frws/src/xarm_ros2/xarm_sdk/cxx/include
[1.444s] -- Configured cppcheck exclude dirs and/or files: 
[1.458s] -- Added test 'cpplint' to check C / C++ code against the Google style
[1.459s] -- Configured cpplint exclude dirs and/or files: 
[1.465s] -- Added test 'lint_cmake' to check CMake code style
[1.483s] -- Added test 'uncrustify' to check C / C++ code style
[1.484s] -- Configured uncrustify additional arguments: 
[1.487s] -- Added test 'xmllint' to check XML markup files
[1.490s] -- Configuring done
[1.505s] -- Generating done
[1.506s] -- Build files have been written to: /root/ros2_frws/build/xarm_sdk
[1.511s] Invoked command in '/root/ros2_frws/build/xarm_sdk' returned '0': CMAKE_PREFIX_PATH=/opt/ros/humble /usr/bin/cmake /root/ros2_frws/src/xarm_ros2/xarm_sdk -DCMAKE_INSTALL_PREFIX=/root/ros2_frws/install/xarm_sdk
[1.513s] Invoking command in '/root/ros2_frws/build/xarm_sdk': CMAKE_PREFIX_PATH=/opt/ros/humble /usr/bin/cmake --build /root/ros2_frws/build/xarm_sdk -- -j16 -l16
[1.559s] [  9%] [32mBuilding CXX object CMakeFiles/xarm_cxx_sdk.dir/cxx/src/serial/impl/unix.cc.o[0m
[1.559s] [  9%] [32mBuilding CXX object CMakeFiles/xarm_cxx_sdk.dir/cxx/src/serial/impl/list_ports/list_ports_osx.cc.o[0m
[1.559s] [  9%] [32mBuilding CXX object CMakeFiles/xarm_cxx_sdk.dir/cxx/src/serial/impl/list_ports/list_ports_linux.cc.o[0m
[1.559s] [ 12%] [32mBuilding CXX object CMakeFiles/xarm_cxx_sdk.dir/cxx/src/serial/impl/win.cc.o[0m
[1.560s] [ 18%] [32mBuilding CXX object CMakeFiles/xarm_cxx_sdk.dir/cxx/src/serial/impl/list_ports/list_ports_win.cc.o[0m
[1.560s] [ 18%] [32mBuilding CXX object CMakeFiles/xarm_cxx_sdk.dir/cxx/src/serial/serial.cc.o[0m
[1.561s] [ 21%] [32mBuilding CXX object CMakeFiles/xarm_cxx_sdk.dir/cxx/src/xarm/core/common/crc16.cc.o[0m
[1.564s] [ 28%] [32mBuilding CXX object CMakeFiles/xarm_cxx_sdk.dir/cxx/src/xarm/core/debug/debug_print.cc.o[0m
[1.564s] [ 28%] [32mBuilding CXX object CMakeFiles/xarm_cxx_sdk.dir/cxx/src/xarm/core/common/queue_memcpy.cc.o[0m
[1.568s] [ 31%] [32mBuilding CXX object CMakeFiles/xarm_cxx_sdk.dir/cxx/src/xarm/core/connect.cc.o[0m
[1.569s] [ 34%] [32mBuilding CXX object CMakeFiles/xarm_cxx_sdk.dir/cxx/src/xarm/core/instruction/uxbus_cmd.cc.o[0m
[1.584s] [ 37%] [32mBuilding CXX object CMakeFiles/xarm_cxx_sdk.dir/cxx/src/xarm/core/instruction/uxbus_cmd_ser.cc.o[0m
[1.586s] [ 40%] [32mBuilding CXX object CMakeFiles/xarm_cxx_sdk.dir/cxx/src/xarm/core/instruction/uxbus_cmd_tcp.cc.o[0m
[1.602s] [ 43%] [32mBuilding CXX object CMakeFiles/xarm_cxx_sdk.dir/cxx/src/xarm/core/port/ser.cc.o[0m
[1.607s] [ 46%] [32mBuilding CXX object CMakeFiles/xarm_cxx_sdk.dir/cxx/src/xarm/core/report_data.cc.o[0m
[1.619s] [ 50%] [32mBuilding CXX object CMakeFiles/xarm_cxx_sdk.dir/cxx/src/xarm/core/port/socket.cc.o[0m
[1.622s] [ 53%] [32mBuilding CXX object CMakeFiles/xarm_cxx_sdk.dir/cxx/src/xarm/wrapper/xarm_bio.cc.o[0m
[1.630s] [ 56%] [32mBuilding CXX object CMakeFiles/xarm_cxx_sdk.dir/cxx/src/xarm/wrapper/xarm_api.cc.o[0m
[1.638s] [ 59%] [32mBuilding CXX object CMakeFiles/xarm_cxx_sdk.dir/cxx/src/xarm/core/os/network.cc.o[0m
[1.643s] [ 62%] [32mBuilding CXX object CMakeFiles/xarm_cxx_sdk.dir/cxx/src/xarm/wrapper/xarm_events.cc.o[0m
[1.709s] [ 65%] [32mBuilding CXX object CMakeFiles/xarm_cxx_sdk.dir/cxx/src/xarm/wrapper/xarm_ft_sensor.cc.o[0m
[2.131s] [ 68%] [32mBuilding CXX object CMakeFiles/xarm_cxx_sdk.dir/cxx/src/xarm/wrapper/xarm_gpio.cc.o[0m
[2.238s] [ 71%] [32mBuilding CXX object CMakeFiles/xarm_cxx_sdk.dir/cxx/src/xarm/wrapper/xarm_gripper.cc.o[0m
[2.335s] [ 75%] [32mBuilding CXX object CMakeFiles/xarm_cxx_sdk.dir/cxx/src/xarm/wrapper/xarm_modbus_tcp.cc.o[0m
[2.370s] [ 78%] [32mBuilding CXX object CMakeFiles/xarm_cxx_sdk.dir/cxx/src/xarm/wrapper/xarm_motion.cc.o[0m
[2.436s] [ 81%] [32mBuilding CXX object CMakeFiles/xarm_cxx_sdk.dir/cxx/src/xarm/wrapper/xarm_params.cc.o[0m
[2.483s] [ 84%] [32mBuilding CXX object CMakeFiles/xarm_cxx_sdk.dir/cxx/src/xarm/wrapper/xarm_record.cc.o[0m
[2.527s] [ 87%] [32mBuilding CXX object CMakeFiles/xarm_cxx_sdk.dir/cxx/src/xarm/wrapper/xarm_robotiq.cc.o[0m
[2.543s] [ 90%] [32mBuilding CXX object CMakeFiles/xarm_cxx_sdk.dir/cxx/src/xarm/wrapper/xarm_report.cc.o[0m
[2.595s] [ 93%] [32mBuilding CXX object CMakeFiles/xarm_cxx_sdk.dir/cxx/src/xarm/wrapper/xarm_servo.cc.o[0m
[2.667s] [ 96%] [32mBuilding CXX object CMakeFiles/xarm_cxx_sdk.dir/cxx/src/xarm/wrapper/xarm_track.cc.o[0m
[6.324s] [100%] [32m[1mLinking CXX shared library libxarm_cxx_sdk.so[0m
[6.553s] [100%] Built target xarm_cxx_sdk
[6.607s] Invoked command in '/root/ros2_frws/build/xarm_sdk' returned '0': CMAKE_PREFIX_PATH=/opt/ros/humble /usr/bin/cmake --build /root/ros2_frws/build/xarm_sdk -- -j16 -l16
[6.884s] Invoking command in '/root/ros2_frws/build/xarm_sdk': CMAKE_PREFIX_PATH=/opt/ros/humble /usr/bin/cmake --install /root/ros2_frws/build/xarm_sdk
[6.890s] -- Install configuration: ""
[6.890s] -- Installing: /root/ros2_frws/install/xarm_sdk/share/xarm_sdk/environment/library_path.sh
[6.891s] -- Installing: /root/ros2_frws/install/xarm_sdk/share/xarm_sdk/environment/library_path.dsv
[6.891s] -- Installing: /root/ros2_frws/install/xarm_sdk/cxx/include
[6.891s] -- Installing: /root/ros2_frws/install/xarm_sdk/cxx/include/serial
[6.891s] -- Installing: /root/ros2_frws/install/xarm_sdk/cxx/include/serial/serial.h
[6.891s] -- Installing: /root/ros2_frws/install/xarm_sdk/cxx/include/serial/v8stdint.h
[6.891s] -- Installing: /root/ros2_frws/install/xarm_sdk/cxx/include/serial/impl
[6.892s] -- Installing: /root/ros2_frws/install/xarm_sdk/cxx/include/serial/impl/unix.h
[6.892s] -- Installing: /root/ros2_frws/install/xarm_sdk/cxx/include/serial/impl/win.h
[6.892s] -- Installing: /root/ros2_frws/install/xarm_sdk/cxx/include/xarm
[6.893s] -- Installing: /root/ros2_frws/install/xarm_sdk/cxx/include/xarm/core
[6.893s] -- Installing: /root/ros2_frws/install/xarm_sdk/cxx/include/xarm/core/instruction
[6.893s] -- Installing: /root/ros2_frws/install/xarm_sdk/cxx/include/xarm/core/instruction/uxbus_cmd.h
[6.893s] -- Installing: /root/ros2_frws/install/xarm_sdk/cxx/include/xarm/core/instruction/uxbus_cmd_ser.h
[6.893s] -- Installing: /root/ros2_frws/install/xarm_sdk/cxx/include/xarm/core/instruction/uxbus_cmd_tcp.h
[6.893s] -- Installing: /root/ros2_frws/install/xarm_sdk/cxx/include/xarm/core/instruction/uxbus_cmd_config.h
[6.894s] -- Installing: /root/ros2_frws/install/xarm_sdk/cxx/include/xarm/core/instruction/servo3_config.h
[6.894s] -- Installing: /root/ros2_frws/install/xarm_sdk/cxx/include/xarm/core/common
[6.894s] -- Installing: /root/ros2_frws/install/xarm_sdk/cxx/include/xarm/core/common/crc16.h
[6.894s] -- Installing: /root/ros2_frws/install/xarm_sdk/cxx/include/xarm/core/common/queue_memcpy.h
[6.894s] -- Installing: /root/ros2_frws/install/xarm_sdk/cxx/include/xarm/core/common/data_type.h
[6.894s] -- Installing: /root/ros2_frws/install/xarm_sdk/cxx/include/xarm/core/report_data.h
[6.894s] -- Installing: /root/ros2_frws/install/xarm_sdk/cxx/include/xarm/core/xarm_config.h
[6.894s] -- Installing: /root/ros2_frws/install/xarm_sdk/cxx/include/xarm/core/debug
[6.895s] -- Installing: /root/ros2_frws/install/xarm_sdk/cxx/include/xarm/core/debug/debug_print.h
[6.895s] -- Installing: /root/ros2_frws/install/xarm_sdk/cxx/include/xarm/core/os
[6.895s] -- Installing: /root/ros2_frws/install/xarm_sdk/cxx/include/xarm/core/os/bak
[6.895s] -- Installing: /root/ros2_frws/install/xarm_sdk/cxx/include/xarm/core/os/bak/thread.h
[6.896s] -- Installing: /root/ros2_frws/install/xarm_sdk/cxx/include/xarm/core/os/network.h
[6.896s] -- Installing: /root/ros2_frws/install/xarm_sdk/cxx/include/xarm/core/connect.h
[6.896s] -- Installing: /root/ros2_frws/install/xarm_sdk/cxx/include/xarm/core/port
[6.897s] -- Installing: /root/ros2_frws/install/xarm_sdk/cxx/include/xarm/core/port/ser.h
[6.897s] -- Installing: /root/ros2_frws/install/xarm_sdk/cxx/include/xarm/core/port/socket.h
[6.897s] -- Installing: /root/ros2_frws/install/xarm_sdk/cxx/include/xarm/wrapper
[6.897s] -- Installing: /root/ros2_frws/install/xarm_sdk/cxx/include/xarm/wrapper/xarm_api.h
[6.897s] -- Installing: /root/ros2_frws/install/xarm_sdk/cxx/include/xarm/wrapper/common
[6.897s] -- Installing: /root/ros2_frws/install/xarm_sdk/cxx/include/xarm/wrapper/common/utils.h
[6.898s] -- Installing: /root/ros2_frws/install/xarm_sdk/cxx/include/xarm/wrapper/common/timer.h
[6.898s] -- Installing: /root/ros2_frws/install/xarm_sdk/lib/libxarm_cxx_sdk.so
[6.902s] -- Installing: /root/ros2_frws/install/xarm_sdk/share/ament_index/resource_index/package_run_dependencies/xarm_sdk
[6.902s] -- Installing: /root/ros2_frws/install/xarm_sdk/share/ament_index/resource_index/parent_prefix_path/xarm_sdk
[6.902s] -- Installing: /root/ros2_frws/install/xarm_sdk/share/xarm_sdk/environment/ament_prefix_path.sh
[6.903s] -- Installing: /root/ros2_frws/install/xarm_sdk/share/xarm_sdk/environment/ament_prefix_path.dsv
[6.903s] -- Installing: /root/ros2_frws/install/xarm_sdk/share/xarm_sdk/environment/path.sh
[6.903s] -- Installing: /root/ros2_frws/install/xarm_sdk/share/xarm_sdk/environment/path.dsv
[6.903s] -- Installing: /root/ros2_frws/install/xarm_sdk/share/xarm_sdk/local_setup.bash
[6.903s] -- Installing: /root/ros2_frws/install/xarm_sdk/share/xarm_sdk/local_setup.sh
[6.903s] -- Installing: /root/ros2_frws/install/xarm_sdk/share/xarm_sdk/local_setup.zsh
[6.903s] -- Installing: /root/ros2_frws/install/xarm_sdk/share/xarm_sdk/local_setup.dsv
[6.904s] -- Installing: /root/ros2_frws/install/xarm_sdk/share/xarm_sdk/package.dsv
[6.904s] -- Installing: /root/ros2_frws/install/xarm_sdk/share/ament_index/resource_index/packages/xarm_sdk
[6.904s] -- Installing: /root/ros2_frws/install/xarm_sdk/share/xarm_sdk/cmake/ament_cmake_export_libraries-extras.cmake
[6.904s] -- Installing: /root/ros2_frws/install/xarm_sdk/share/xarm_sdk/cmake/ament_cmake_export_include_directories-extras.cmake
[6.905s] -- Installing: /root/ros2_frws/install/xarm_sdk/share/xarm_sdk/cmake/xarm_sdkConfig.cmake
[6.905s] -- Installing: /root/ros2_frws/install/xarm_sdk/share/xarm_sdk/cmake/xarm_sdkConfig-version.cmake
[6.905s] -- Installing: /root/ros2_frws/install/xarm_sdk/share/xarm_sdk/package.xml
[6.907s] Invoked command in '/root/ros2_frws/build/xarm_sdk' returned '0': CMAKE_PREFIX_PATH=/opt/ros/humble /usr/bin/cmake --install /root/ros2_frws/build/xarm_sdk
