[1.665s] Invoking command in '/root/ros2_frws/src/basic_comms': PYTHONPATH=/root/ros2_frws/build/basic_comms/prefix_override:/root/ros2_frws/install/basic_comms/lib/python3.10/site-packages:${PYTHONPATH} /usr/bin/python3 setup.py egg_info --egg-base ../../build/basic_comms build --build-base /root/ros2_frws/build/basic_comms/build install --record /root/ros2_frws/build/basic_comms/install.log --single-version-externally-managed
[1.881s] running egg_info
[1.894s] writing ../../build/basic_comms/basic_comms.egg-info/PKG-INFO
[1.894s] writing dependency_links to ../../build/basic_comms/basic_comms.egg-info/dependency_links.txt
[1.895s] writing entry points to ../../build/basic_comms/basic_comms.egg-info/entry_points.txt
[1.896s] writing requirements to ../../build/basic_comms/basic_comms.egg-info/requires.txt
[1.896s] writing top-level names to ../../build/basic_comms/basic_comms.egg-info/top_level.txt
[1.920s] reading manifest file '../../build/basic_comms/basic_comms.egg-info/SOURCES.txt'
[1.922s] writing manifest file '../../build/basic_comms/basic_comms.egg-info/SOURCES.txt'
[1.922s] running build
[1.922s] running build_py
[1.922s] running install
[1.922s] /root/.local/lib/python3.10/site-packages/setuptools/_distutils/cmd.py:66: SetuptoolsDeprecationWarning: setup.py install is deprecated.
[1.923s] !!
[1.923s] 
[1.923s]         ********************************************************************************
[1.923s]         Please avoid running ``setup.py`` directly.
[1.923s]         Instead, use pypa/build, pypa/installer or other
[1.923s]         standards-based tools.
[1.923s] 
[1.923s]         See https://blog.ganssle.io/articles/2021/10/setup-py-deprecated.html for details.
[1.923s]         ********************************************************************************
[1.923s] 
[1.923s] !!
[1.923s]   self.initialize_options()
[1.928s] running install_lib
[1.942s] running install_data
[1.957s] running install_egg_info
[1.970s] removing '/root/ros2_frws/install/basic_comms/lib/python3.10/site-packages/basic_comms-0.0.0-py3.10.egg-info' (and everything under it)
[1.970s] Copying ../../build/basic_comms/basic_comms.egg-info to /root/ros2_frws/install/basic_comms/lib/python3.10/site-packages/basic_comms-0.0.0-py3.10.egg-info
[1.971s] running install_scripts
[2.100s] Installing subscriber script to /root/ros2_frws/install/basic_comms/lib/basic_comms
[2.100s] Installing talker script to /root/ros2_frws/install/basic_comms/lib/basic_comms
[2.100s] writing list of installed files to '/root/ros2_frws/build/basic_comms/install.log'
[2.174s] Invoked command in '/root/ros2_frws/src/basic_comms' returned '0': PYTHONPATH=/root/ros2_frws/build/basic_comms/prefix_override:/root/ros2_frws/install/basic_comms/lib/python3.10/site-packages:${PYTHONPATH} /usr/bin/python3 setup.py egg_info --egg-base ../../build/basic_comms build --build-base /root/ros2_frws/build/basic_comms/build install --record /root/ros2_frws/build/basic_comms/install.log --single-version-externally-managed
