[0.389s] Invoking command in '/root/ros2_frws/build/xarm_sdk': CMAKE_PREFIX_PATH=/opt/ros/humble /usr/bin/cmake --build /root/ros2_frws/build/xarm_sdk -- -j16 -l16
[1.285s] [100%] Built target xarm_cxx_sdk
[1.287s] Invoked command in '/root/ros2_frws/build/xarm_sdk' returned '0': CMAKE_PREFIX_PATH=/opt/ros/humble /usr/bin/cmake --build /root/ros2_frws/build/xarm_sdk -- -j16 -l16
[1.456s] Invoking command in '/root/ros2_frws/build/xarm_sdk': CMAKE_PREFIX_PATH=/opt/ros/humble /usr/bin/cmake --install /root/ros2_frws/build/xarm_sdk
[1.464s] -- Install configuration: "Release"
[1.465s] -- Up-to-date: /root/ros2_frws/install/xarm_sdk/share/xarm_sdk/environment/library_path.sh
[1.466s] -- Up-to-date: /root/ros2_frws/install/xarm_sdk/share/xarm_sdk/environment/library_path.dsv
[1.467s] -- Up-to-date: /root/ros2_frws/install/xarm_sdk/cxx/include
[1.467s] -- Up-to-date: /root/ros2_frws/install/xarm_sdk/cxx/include/serial
[1.467s] -- Up-to-date: /root/ros2_frws/install/xarm_sdk/cxx/include/serial/serial.h
[1.468s] -- Up-to-date: /root/ros2_frws/install/xarm_sdk/cxx/include/serial/v8stdint.h
[1.468s] -- Up-to-date: /root/ros2_frws/install/xarm_sdk/cxx/include/serial/impl
[1.468s] -- Up-to-date: /root/ros2_frws/install/xarm_sdk/cxx/include/serial/impl/unix.h
[1.469s] -- Up-to-date: /root/ros2_frws/install/xarm_sdk/cxx/include/serial/impl/win.h
[1.469s] -- Up-to-date: /root/ros2_frws/install/xarm_sdk/cxx/include/xarm
[1.469s] -- Up-to-date: /root/ros2_frws/install/xarm_sdk/cxx/include/xarm/core
[1.469s] -- Up-to-date: /root/ros2_frws/install/xarm_sdk/cxx/include/xarm/core/instruction
[1.470s] -- Up-to-date: /root/ros2_frws/install/xarm_sdk/cxx/include/xarm/core/instruction/uxbus_cmd.h
[1.470s] -- Up-to-date: /root/ros2_frws/install/xarm_sdk/cxx/include/xarm/core/instruction/uxbus_cmd_ser.h
[1.470s] -- Up-to-date: /root/ros2_frws/install/xarm_sdk/cxx/include/xarm/core/instruction/uxbus_cmd_tcp.h
[1.470s] -- Up-to-date: /root/ros2_frws/install/xarm_sdk/cxx/include/xarm/core/instruction/uxbus_cmd_config.h
[1.471s] -- Up-to-date: /root/ros2_frws/install/xarm_sdk/cxx/include/xarm/core/instruction/servo3_config.h
[1.473s] -- Up-to-date: /root/ros2_frws/install/xarm_sdk/cxx/include/xarm/core/common
[1.474s] -- Up-to-date: /root/ros2_frws/install/xarm_sdk/cxx/include/xarm/core/common/crc16.h
[1.474s] -- Up-to-date: /root/ros2_frws/install/xarm_sdk/cxx/include/xarm/core/common/queue_memcpy.h
[1.475s] -- Up-to-date: /root/ros2_frws/install/xarm_sdk/cxx/include/xarm/core/common/data_type.h
[1.475s] -- Up-to-date: /root/ros2_frws/install/xarm_sdk/cxx/include/xarm/core/report_data.h
[1.475s] -- Up-to-date: /root/ros2_frws/install/xarm_sdk/cxx/include/xarm/core/xarm_config.h
[1.475s] -- Up-to-date: /root/ros2_frws/install/xarm_sdk/cxx/include/xarm/core/debug
[1.475s] -- Up-to-date: /root/ros2_frws/install/xarm_sdk/cxx/include/xarm/core/debug/debug_print.h
[1.476s] -- Up-to-date: /root/ros2_frws/install/xarm_sdk/cxx/include/xarm/core/os
[1.476s] -- Up-to-date: /root/ros2_frws/install/xarm_sdk/cxx/include/xarm/core/os/bak
[1.476s] -- Up-to-date: /root/ros2_frws/install/xarm_sdk/cxx/include/xarm/core/os/bak/thread.h
[1.476s] -- Up-to-date: /root/ros2_frws/install/xarm_sdk/cxx/include/xarm/core/os/network.h
[1.477s] -- Up-to-date: /root/ros2_frws/install/xarm_sdk/cxx/include/xarm/core/connect.h
[1.477s] -- Up-to-date: /root/ros2_frws/install/xarm_sdk/cxx/include/xarm/core/port
[1.477s] -- Up-to-date: /root/ros2_frws/install/xarm_sdk/cxx/include/xarm/core/port/ser.h
[1.477s] -- Up-to-date: /root/ros2_frws/install/xarm_sdk/cxx/include/xarm/core/port/socket.h
[1.477s] -- Up-to-date: /root/ros2_frws/install/xarm_sdk/cxx/include/xarm/wrapper
[1.478s] -- Up-to-date: /root/ros2_frws/install/xarm_sdk/cxx/include/xarm/wrapper/xarm_api.h
[1.478s] -- Up-to-date: /root/ros2_frws/install/xarm_sdk/cxx/include/xarm/wrapper/common
[1.478s] -- Up-to-date: /root/ros2_frws/install/xarm_sdk/cxx/include/xarm/wrapper/common/utils.h
[1.478s] -- Up-to-date: /root/ros2_frws/install/xarm_sdk/cxx/include/xarm/wrapper/common/timer.h
[1.478s] -- Up-to-date: /root/ros2_frws/install/xarm_sdk/lib/libxarm_cxx_sdk.so
[1.479s] -- Up-to-date: /root/ros2_frws/install/xarm_sdk/share/ament_index/resource_index/package_run_dependencies/xarm_sdk
[1.479s] -- Up-to-date: /root/ros2_frws/install/xarm_sdk/share/ament_index/resource_index/parent_prefix_path/xarm_sdk
[1.479s] -- Up-to-date: /root/ros2_frws/install/xarm_sdk/share/xarm_sdk/environment/ament_prefix_path.sh
[1.480s] -- Up-to-date: /root/ros2_frws/install/xarm_sdk/share/xarm_sdk/environment/ament_prefix_path.dsv
[1.480s] -- Up-to-date: /root/ros2_frws/install/xarm_sdk/share/xarm_sdk/environment/path.sh
[1.480s] -- Up-to-date: /root/ros2_frws/install/xarm_sdk/share/xarm_sdk/environment/path.dsv
[1.480s] -- Up-to-date: /root/ros2_frws/install/xarm_sdk/share/xarm_sdk/local_setup.bash
[1.481s] -- Up-to-date: /root/ros2_frws/install/xarm_sdk/share/xarm_sdk/local_setup.sh
[1.481s] -- Up-to-date: /root/ros2_frws/install/xarm_sdk/share/xarm_sdk/local_setup.zsh
[1.482s] -- Up-to-date: /root/ros2_frws/install/xarm_sdk/share/xarm_sdk/local_setup.dsv
[1.482s] -- Installing: /root/ros2_frws/install/xarm_sdk/share/xarm_sdk/package.dsv
[1.482s] -- Up-to-date: /root/ros2_frws/install/xarm_sdk/share/ament_index/resource_index/packages/xarm_sdk
[1.483s] -- Up-to-date: /root/ros2_frws/install/xarm_sdk/share/xarm_sdk/cmake/ament_cmake_export_libraries-extras.cmake
[1.483s] -- Up-to-date: /root/ros2_frws/install/xarm_sdk/share/xarm_sdk/cmake/ament_cmake_export_include_directories-extras.cmake
[1.483s] -- Up-to-date: /root/ros2_frws/install/xarm_sdk/share/xarm_sdk/cmake/xarm_sdkConfig.cmake
[1.483s] -- Up-to-date: /root/ros2_frws/install/xarm_sdk/share/xarm_sdk/cmake/xarm_sdkConfig-version.cmake
[1.483s] -- Up-to-date: /root/ros2_frws/install/xarm_sdk/share/xarm_sdk/package.xml
[1.484s] Invoked command in '/root/ros2_frws/build/xarm_sdk' returned '0': CMAKE_PREFIX_PATH=/opt/ros/humble /usr/bin/cmake --install /root/ros2_frws/build/xarm_sdk
