[0.420s] Invoking command in '/root/ros2_frws/build/xarm_sdk': CMAKE_PREFIX_PATH=/opt/ros/humble /usr/bin/cmake /root/ros2_frws/src/xarm_ros2/xarm_sdk -DAMENT_CMAKE_SYMLINK_INSTALL=1 -DCMAKE_INSTALL_PREFIX=/root/ros2_frws/install/xarm_sdk
[1.279s] -- Found ament_cmake: 1.3.8 (/opt/ros/humble/share/ament_cmake/cmake)
[1.279s] -- Override CMake install command with custom implementation using symlinks instead of copying resources
[1.279s] -- Found ament_lint_auto: 0.12.10 (/opt/ros/humble/share/ament_lint_auto/cmake)
[1.279s] -- Added test 'copyright' to check source files copyright and LICENSE
[1.279s] -- Added test 'cppcheck' to perform static code analysis on C / C++ code
[1.279s] -- Configured cppcheck include dirs: /root/ros2_frws/src/xarm_ros2/xarm_sdk/cxx/include
[1.279s] -- Configured cppcheck exclude dirs and/or files: 
[1.279s] -- Added test 'cpplint' to check C / C++ code against the Google style
[1.280s] -- Configured cpplint exclude dirs and/or files: 
[1.280s] -- Added test 'lint_cmake' to check CMake code style
[1.280s] -- Added test 'uncrustify' to check C / C++ code style
[1.280s] -- Configured uncrustify additional arguments: 
[1.280s] -- Added test 'xmllint' to check XML markup files
[1.280s] -- Configuring done
[1.280s] -- Generating done
[1.280s] -- Build files have been written to: /root/ros2_frws/build/xarm_sdk
[1.286s] Invoked command in '/root/ros2_frws/build/xarm_sdk' returned '0': CMAKE_PREFIX_PATH=/opt/ros/humble /usr/bin/cmake /root/ros2_frws/src/xarm_ros2/xarm_sdk -DAMENT_CMAKE_SYMLINK_INSTALL=1 -DCMAKE_INSTALL_PREFIX=/root/ros2_frws/install/xarm_sdk
[1.287s] Invoking command in '/root/ros2_frws/build/xarm_sdk': CMAKE_PREFIX_PATH=/opt/ros/humble /usr/bin/cmake --build /root/ros2_frws/build/xarm_sdk -- -j16 -l16
[1.346s] [35m[1mConsolidate compiler generated dependencies of target xarm_cxx_sdk[0m
[1.399s] [100%] Built target xarm_cxx_sdk
[1.415s] Invoked command in '/root/ros2_frws/build/xarm_sdk' returned '0': CMAKE_PREFIX_PATH=/opt/ros/humble /usr/bin/cmake --build /root/ros2_frws/build/xarm_sdk -- -j16 -l16
[1.505s] Invoking command in '/root/ros2_frws/build/xarm_sdk': CMAKE_PREFIX_PATH=/opt/ros/humble /usr/bin/cmake --install /root/ros2_frws/build/xarm_sdk
[1.513s] -- Install configuration: "Release"
[1.513s] -- Execute custom install script
[1.513s] -- Up-to-date symlink: /root/ros2_frws/install/xarm_sdk/share/xarm_sdk/environment/library_path.sh
[1.514s] -- Up-to-date symlink: /root/ros2_frws/install/xarm_sdk/share/xarm_sdk/environment/library_path.dsv
[1.515s] -- Up-to-date symlink: /root/ros2_frws/install/xarm_sdk/cxx/include/serial/impl/unix.h
[1.515s] -- Up-to-date symlink: /root/ros2_frws/install/xarm_sdk/cxx/include/serial/impl/win.h
[1.515s] -- Up-to-date symlink: /root/ros2_frws/install/xarm_sdk/cxx/include/serial/serial.h
[1.515s] -- Up-to-date symlink: /root/ros2_frws/install/xarm_sdk/cxx/include/serial/v8stdint.h
[1.515s] -- Up-to-date symlink: /root/ros2_frws/install/xarm_sdk/cxx/include/xarm/core/common/crc16.h
[1.516s] -- Up-to-date symlink: /root/ros2_frws/install/xarm_sdk/cxx/include/xarm/core/common/data_type.h
[1.516s] -- Up-to-date symlink: /root/ros2_frws/install/xarm_sdk/cxx/include/xarm/core/common/queue_memcpy.h
[1.516s] -- Up-to-date symlink: /root/ros2_frws/install/xarm_sdk/cxx/include/xarm/core/connect.h
[1.516s] -- Up-to-date symlink: /root/ros2_frws/install/xarm_sdk/cxx/include/xarm/core/debug/debug_print.h
[1.516s] -- Up-to-date symlink: /root/ros2_frws/install/xarm_sdk/cxx/include/xarm/core/instruction/servo3_config.h
[1.516s] -- Up-to-date symlink: /root/ros2_frws/install/xarm_sdk/cxx/include/xarm/core/instruction/uxbus_cmd.h
[1.516s] -- Up-to-date symlink: /root/ros2_frws/install/xarm_sdk/cxx/include/xarm/core/instruction/uxbus_cmd_config.h
[1.517s] -- Up-to-date symlink: /root/ros2_frws/install/xarm_sdk/cxx/include/xarm/core/instruction/uxbus_cmd_ser.h
[1.517s] -- Up-to-date symlink: /root/ros2_frws/install/xarm_sdk/cxx/include/xarm/core/instruction/uxbus_cmd_tcp.h
[1.518s] -- Up-to-date symlink: /root/ros2_frws/install/xarm_sdk/cxx/include/xarm/core/os/bak/thread.h
[1.518s] -- Up-to-date symlink: /root/ros2_frws/install/xarm_sdk/cxx/include/xarm/core/os/network.h
[1.519s] -- Up-to-date symlink: /root/ros2_frws/install/xarm_sdk/cxx/include/xarm/core/port/ser.h
[1.519s] -- Up-to-date symlink: /root/ros2_frws/install/xarm_sdk/cxx/include/xarm/core/port/socket.h
[1.519s] -- Up-to-date symlink: /root/ros2_frws/install/xarm_sdk/cxx/include/xarm/core/report_data.h
[1.519s] -- Up-to-date symlink: /root/ros2_frws/install/xarm_sdk/cxx/include/xarm/core/xarm_config.h
[1.519s] -- Up-to-date symlink: /root/ros2_frws/install/xarm_sdk/cxx/include/xarm/wrapper/common/timer.h
[1.519s] -- Up-to-date symlink: /root/ros2_frws/install/xarm_sdk/cxx/include/xarm/wrapper/common/utils.h
[1.520s] -- Up-to-date symlink: /root/ros2_frws/install/xarm_sdk/cxx/include/xarm/wrapper/xarm_api.h
[1.520s] -- Up-to-date symlink: /root/ros2_frws/install/xarm_sdk/lib/libxarm_cxx_sdk.so
[1.520s] -- Up-to-date symlink: /root/ros2_frws/install/xarm_sdk/share/ament_index/resource_index/package_run_dependencies/xarm_sdk
[1.521s] -- Up-to-date symlink: /root/ros2_frws/install/xarm_sdk/share/ament_index/resource_index/parent_prefix_path/xarm_sdk
[1.521s] -- Up-to-date symlink: /root/ros2_frws/install/xarm_sdk/share/xarm_sdk/environment/ament_prefix_path.sh
[1.521s] -- Up-to-date symlink: /root/ros2_frws/install/xarm_sdk/share/xarm_sdk/environment/ament_prefix_path.dsv
[1.521s] -- Up-to-date symlink: /root/ros2_frws/install/xarm_sdk/share/xarm_sdk/environment/path.sh
[1.521s] -- Up-to-date symlink: /root/ros2_frws/install/xarm_sdk/share/xarm_sdk/environment/path.dsv
[1.521s] -- Up-to-date symlink: /root/ros2_frws/install/xarm_sdk/share/xarm_sdk/local_setup.bash
[1.521s] -- Up-to-date symlink: /root/ros2_frws/install/xarm_sdk/share/xarm_sdk/local_setup.sh
[1.522s] -- Up-to-date symlink: /root/ros2_frws/install/xarm_sdk/share/xarm_sdk/local_setup.zsh
[1.522s] -- Up-to-date symlink: /root/ros2_frws/install/xarm_sdk/share/xarm_sdk/local_setup.dsv
[1.522s] -- Symlinking: /root/ros2_frws/install/xarm_sdk/share/xarm_sdk/package.dsv
[1.533s] -- Up-to-date symlink: /root/ros2_frws/install/xarm_sdk/share/ament_index/resource_index/packages/xarm_sdk
[1.533s] -- Up-to-date symlink: /root/ros2_frws/install/xarm_sdk/share/xarm_sdk/cmake/ament_cmake_export_libraries-extras.cmake
[1.533s] -- Up-to-date symlink: /root/ros2_frws/install/xarm_sdk/share/xarm_sdk/cmake/ament_cmake_export_include_directories-extras.cmake
[1.533s] -- Up-to-date symlink: /root/ros2_frws/install/xarm_sdk/share/xarm_sdk/cmake/xarm_sdkConfig.cmake
[1.533s] -- Up-to-date symlink: /root/ros2_frws/install/xarm_sdk/share/xarm_sdk/cmake/xarm_sdkConfig-version.cmake
[1.534s] -- Up-to-date symlink: /root/ros2_frws/install/xarm_sdk/share/xarm_sdk/package.xml
[1.624s] Invoked command in '/root/ros2_frws/build/xarm_sdk' returned '0': CMAKE_PREFIX_PATH=/opt/ros/humble /usr/bin/cmake --install /root/ros2_frws/build/xarm_sdk
