[2.005s] Invoking command in '/root/ros2_frws/src/course_works': PYTHONPATH=/root/ros2_frws/build/course_works/prefix_override:/root/ros2_frws/install/course_works/lib/python3.10/site-packages:${PYTHONPATH} /usr/bin/python3 setup.py egg_info --egg-base ../../build/course_works build --build-base /root/ros2_frws/build/course_works/build install --record /root/ros2_frws/build/course_works/install.log --single-version-externally-managed
[2.322s] running egg_info
[2.339s] writing ../../build/course_works/course_works.egg-info/PKG-INFO
[2.340s] writing dependency_links to ../../build/course_works/course_works.egg-info/dependency_links.txt
[2.340s] writing entry points to ../../build/course_works/course_works.egg-info/entry_points.txt
[2.340s] writing requirements to ../../build/course_works/course_works.egg-info/requires.txt
[2.340s] writing top-level names to ../../build/course_works/course_works.egg-info/top_level.txt
[2.369s] reading manifest file '../../build/course_works/course_works.egg-info/SOURCES.txt'
[2.370s] adding license file 'LICENSE'
[2.370s] writing manifest file '../../build/course_works/course_works.egg-info/SOURCES.txt'
[2.370s] running build
[2.370s] running build_py
[2.372s] /root/.local/lib/python3.10/site-packages/setuptools/_distutils/cmd.py:66: SetuptoolsDeprecationWarning: setup.py install is deprecated.
[2.372s] !!
[2.373s] 
[2.373s]         ********************************************************************************
[2.374s]         Please avoid running ``setup.py`` directly.
[2.374s]         Instead, use pypa/build, pypa/installer or other
[2.374s]         standards-based tools.
[2.374s] 
[2.375s]         See https://blog.ganssle.io/articles/2021/10/setup-py-deprecated.html for details.
[2.375s]         ********************************************************************************
[2.375s] 
[2.375s] !!
[2.375s]   self.initialize_options()
[2.375s] running install
[2.379s] running install_lib
[2.395s] running install_data
[2.409s] running install_egg_info
[2.429s] removing '/root/ros2_frws/install/course_works/lib/python3.10/site-packages/course_works-0.0.0-py3.10.egg-info' (and everything under it)
[2.430s] Copying ../../build/course_works/course_works.egg-info to /root/ros2_frws/install/course_works/lib/python3.10/site-packages/course_works-0.0.0-py3.10.egg-info
[2.431s] running install_scripts
[2.587s] Installing process_node script to /root/ros2_frws/install/course_works/lib/course_works
[2.588s] Installing signal_generator script to /root/ros2_frws/install/course_works/lib/course_works
[2.588s] writing list of installed files to '/root/ros2_frws/build/course_works/install.log'
[2.628s] Invoked command in '/root/ros2_frws/src/course_works' returned '0': PYTHONPATH=/root/ros2_frws/build/course_works/prefix_override:/root/ros2_frws/install/course_works/lib/python3.10/site-packages:${PYTHONPATH} /usr/bin/python3 setup.py egg_info --egg-base ../../build/course_works build --build-base /root/ros2_frws/build/course_works/build install --record /root/ros2_frws/build/course_works/install.log --single-version-externally-managed
