[5.172s] Invoking command in '/root/ros2_frws/src/basic_comms': PYTHONPATH=/root/ros2_frws/build/basic_comms/prefix_override:/root/ros2_frws/install/basic_comms/lib/python3.10/site-packages:${PYTHONPATH} /usr/bin/python3 setup.py egg_info --egg-base ../../build/basic_comms build --build-base /root/ros2_frws/build/basic_comms/build install --record /root/ros2_frws/build/basic_comms/install.log --single-version-externally-managed
[5.742s] running egg_info
[5.782s] writing ../../build/basic_comms/basic_comms.egg-info/PKG-INFO
[5.783s] writing dependency_links to ../../build/basic_comms/basic_comms.egg-info/dependency_links.txt
[5.784s] writing entry points to ../../build/basic_comms/basic_comms.egg-info/entry_points.txt
[5.784s] writing requirements to ../../build/basic_comms/basic_comms.egg-info/requires.txt
[5.785s] writing top-level names to ../../build/basic_comms/basic_comms.egg-info/top_level.txt
[5.865s] reading manifest file '../../build/basic_comms/basic_comms.egg-info/SOURCES.txt'
[5.869s] writing manifest file '../../build/basic_comms/basic_comms.egg-info/SOURCES.txt'
[5.869s] running build
[5.869s] running build_py
[5.871s] running install
[5.872s] /root/.local/lib/python3.10/site-packages/setuptools/_distutils/cmd.py:66: SetuptoolsDeprecationWarning: setup.py install is deprecated.
[5.872s] !!
[5.872s] 
[5.872s]         ********************************************************************************
[5.872s]         Please avoid running ``setup.py`` directly.
[5.872s]         Instead, use pypa/build, pypa/installer or other
[5.872s]         standards-based tools.
[5.872s] 
[5.873s]         See https://blog.ganssle.io/articles/2021/10/setup-py-deprecated.html for details.
[5.873s]         ********************************************************************************
[5.873s] 
[5.873s] !!
[5.873s]   self.initialize_options()
[5.884s] running install_lib
[5.914s] running install_data
[5.960s] running install_egg_info
[6.005s] removing '/root/ros2_frws/install/basic_comms/lib/python3.10/site-packages/basic_comms-0.0.0-py3.10.egg-info' (and everything under it)
[6.006s] Copying ../../build/basic_comms/basic_comms.egg-info to /root/ros2_frws/install/basic_comms/lib/python3.10/site-packages/basic_comms-0.0.0-py3.10.egg-info
[6.025s] running install_scripts
[6.524s] Installing subscriber script to /root/ros2_frws/install/basic_comms/lib/basic_comms
[6.527s] Installing talker script to /root/ros2_frws/install/basic_comms/lib/basic_comms
[6.527s] writing list of installed files to '/root/ros2_frws/build/basic_comms/install.log'
[6.938s] Invoked command in '/root/ros2_frws/src/basic_comms' returned '0': PYTHONPATH=/root/ros2_frws/build/basic_comms/prefix_override:/root/ros2_frws/install/basic_comms/lib/python3.10/site-packages:${PYTHONPATH} /usr/bin/python3 setup.py egg_info --egg-base ../../build/basic_comms build --build-base /root/ros2_frws/build/basic_comms/build install --record /root/ros2_frws/build/basic_comms/install.log --single-version-externally-managed
