[1.746s] Invoking command in '/root/ros2_frws/src/basic_comms_param': PYTHONPATH=/root/ros2_frws/build/basic_comms_param/prefix_override:/root/ros2_frws/install/basic_comms_param/lib/python3.10/site-packages:${PYTHONPATH} /usr/bin/python3 setup.py egg_info --egg-base ../../build/basic_comms_param build --build-base /root/ros2_frws/build/basic_comms_param/build install --record /root/ros2_frws/build/basic_comms_param/install.log --single-version-externally-managed
[1.961s] running egg_info
[1.976s] writing ../../build/basic_comms_param/basic_comms_param.egg-info/PKG-INFO
[1.977s] writing dependency_links to ../../build/basic_comms_param/basic_comms_param.egg-info/dependency_links.txt
[1.977s] writing entry points to ../../build/basic_comms_param/basic_comms_param.egg-info/entry_points.txt
[1.977s] writing requirements to ../../build/basic_comms_param/basic_comms_param.egg-info/requires.txt
[1.977s] writing top-level names to ../../build/basic_comms_param/basic_comms_param.egg-info/top_level.txt
[2.010s] reading manifest file '../../build/basic_comms_param/basic_comms_param.egg-info/SOURCES.txt'
[2.014s] adding license file 'LICENSE'
[2.015s] writing manifest file '../../build/basic_comms_param/basic_comms_param.egg-info/SOURCES.txt'
[2.015s] running build
[2.015s] running build_py
[2.015s] /root/.local/lib/python3.10/site-packages/setuptools/_distutils/cmd.py:66: SetuptoolsDeprecationWarning: setup.py install is deprecated.
[2.015s] !!
[2.015s] 
[2.015s]         ********************************************************************************
[2.015s]         Please avoid running ``setup.py`` directly.
[2.016s]         Instead, use pypa/build, pypa/installer or other
[2.016s]         standards-based tools.
[2.016s] 
[2.016s]         See https://blog.ganssle.io/articles/2021/10/setup-py-deprecated.html for details.
[2.016s]         ********************************************************************************
[2.017s] 
[2.017s] !!
[2.017s]   self.initialize_options()
[2.017s] running install
[2.020s] running install_lib
[2.031s] running install_data
[2.043s] running install_egg_info
[2.061s] removing '/root/ros2_frws/install/basic_comms_param/lib/python3.10/site-packages/basic_comms_param-0.0.0-py3.10.egg-info' (and everything under it)
[2.062s] Copying ../../build/basic_comms_param/basic_comms_param.egg-info to /root/ros2_frws/install/basic_comms_param/lib/python3.10/site-packages/basic_comms_param-0.0.0-py3.10.egg-info
[2.064s] running install_scripts
[2.204s] Installing talker_params script to /root/ros2_frws/install/basic_comms_param/lib/basic_comms_param
[2.204s] writing list of installed files to '/root/ros2_frws/build/basic_comms_param/install.log'
[2.292s] Invoked command in '/root/ros2_frws/src/basic_comms_param' returned '0': PYTHONPATH=/root/ros2_frws/build/basic_comms_param/prefix_override:/root/ros2_frws/install/basic_comms_param/lib/python3.10/site-packages:${PYTHONPATH} /usr/bin/python3 setup.py egg_info --egg-base ../../build/basic_comms_param build --build-base /root/ros2_frws/build/basic_comms_param/build install --record /root/ros2_frws/build/basic_comms_param/install.log --single-version-externally-managed
