-- The C compiler identification is GNU 11.4.0
-- The CXX compiler identification is GNU 11.4.0
-- Detecting C compiler ABI info
-- Detecting C compiler ABI info - done
-- Check for working C compiler: /usr/bin/cc - skipped
-- Detecting C compile features
-- Detecting C compile features - done
-- Detecting CXX compiler ABI info
-- Detecting CXX compiler ABI info - done
-- Check for working CXX compiler: /usr/bin/c++ - skipped
-- Detecting CXX compile features
-- Detecting CXX compile features - done
-- Found ament_cmake: 1.3.5 (/opt/ros/humble/share/ament_cmake/cmake)
-- Found Python3: /usr/bin/python3.10 (found version "3.10.12") found components: Interpreter 
-- Found ament_lint_auto: 0.12.8 (/opt/ros/humble/share/ament_lint_auto/cmake)
-- Added test 'copyright' to check source files copyright and LICENSE
-- Added test 'cppcheck' to perform static code analysis on C / C++ code
-- Configured cppcheck include dirs: /root/ros2_frws/src/xarm_ros2/xarm_sdk/cxx/include
-- Configured cppcheck exclude dirs and/or files: 
-- Added test 'cpplint' to check C / C++ code against the Google style
-- Configured cpplint exclude dirs and/or files: 
-- Added test 'lint_cmake' to check CMake code style
-- Added test 'uncrustify' to check C / C++ code style
-- Configured uncrustify additional arguments: 
-- Added test 'xmllint' to check XML markup files
-- Configuring done
-- Generating done
-- Build files have been written to: /root/ros2_frws/build/xarm_sdk
[  3%] [32mBuilding CXX object CMakeFiles/xarm_cxx_sdk.dir/cxx/src/serial/impl/win.cc.o[0m
[ 12%] [32mBuilding CXX object CMakeFiles/xarm_cxx_sdk.dir/cxx/src/serial/impl/unix.cc.o[0m
[ 12%] [32mBuilding CXX object CMakeFiles/xarm_cxx_sdk.dir/cxx/src/serial/impl/list_ports/list_ports_win.cc.o[0m
[ 12%] [32mBuilding CXX object CMakeFiles/xarm_cxx_sdk.dir/cxx/src/serial/impl/list_ports/list_ports_osx.cc.o[0m
[ 18%] [32mBuilding CXX object CMakeFiles/xarm_cxx_sdk.dir/cxx/src/serial/serial.cc.o[0m
[ 18%] [32mBuilding CXX object CMakeFiles/xarm_cxx_sdk.dir/cxx/src/serial/impl/list_ports/list_ports_linux.cc.o[0m
[ 21%] [32mBuilding CXX object CMakeFiles/xarm_cxx_sdk.dir/cxx/src/xarm/core/common/crc16.cc.o[0m
[ 25%] [32mBuilding CXX object CMakeFiles/xarm_cxx_sdk.dir/cxx/src/xarm/core/common/queue_memcpy.cc.o[0m
[ 28%] [32mBuilding CXX object CMakeFiles/xarm_cxx_sdk.dir/cxx/src/xarm/core/connect.cc.o[0m
[ 31%] [32mBuilding CXX object CMakeFiles/xarm_cxx_sdk.dir/cxx/src/xarm/core/debug/debug_print.cc.o[0m
[ 34%] [32mBuilding CXX object CMakeFiles/xarm_cxx_sdk.dir/cxx/src/xarm/core/instruction/uxbus_cmd.cc.o[0m
[ 37%] [32mBuilding CXX object CMakeFiles/xarm_cxx_sdk.dir/cxx/src/xarm/core/instruction/uxbus_cmd_ser.cc.o[0m
[ 40%] [32mBuilding CXX object CMakeFiles/xarm_cxx_sdk.dir/cxx/src/xarm/core/instruction/uxbus_cmd_tcp.cc.o[0m
[ 43%] [32mBuilding CXX object CMakeFiles/xarm_cxx_sdk.dir/cxx/src/xarm/core/os/network.cc.o[0m
[ 46%] [32mBuilding CXX object CMakeFiles/xarm_cxx_sdk.dir/cxx/src/xarm/core/port/socket.cc.o[0m
[ 50%] [32mBuilding CXX object CMakeFiles/xarm_cxx_sdk.dir/cxx/src/xarm/core/port/ser.cc.o[0m
[ 53%] [32mBuilding CXX object CMakeFiles/xarm_cxx_sdk.dir/cxx/src/xarm/wrapper/xarm_ft_sensor.cc.o[0m
[ 56%] [32mBuilding CXX object CMakeFiles/xarm_cxx_sdk.dir/cxx/src/xarm/wrapper/xarm_bio.cc.o[0m
[ 59%] [32mBuilding CXX object CMakeFiles/xarm_cxx_sdk.dir/cxx/src/xarm/core/report_data.cc.o[0m
[ 62%] [32mBuilding CXX object CMakeFiles/xarm_cxx_sdk.dir/cxx/src/xarm/wrapper/xarm_api.cc.o[0m
[ 65%] [32mBuilding CXX object CMakeFiles/xarm_cxx_sdk.dir/cxx/src/xarm/wrapper/xarm_events.cc.o[0m
[ 68%] [32mBuilding CXX object CMakeFiles/xarm_cxx_sdk.dir/cxx/src/xarm/wrapper/xarm_gpio.cc.o[0m
[ 71%] [32mBuilding CXX object CMakeFiles/xarm_cxx_sdk.dir/cxx/src/xarm/wrapper/xarm_gripper.cc.o[0m
[ 75%] [32mBuilding CXX object CMakeFiles/xarm_cxx_sdk.dir/cxx/src/xarm/wrapper/xarm_modbus_tcp.cc.o[0m
[ 78%] [32mBuilding CXX object CMakeFiles/xarm_cxx_sdk.dir/cxx/src/xarm/wrapper/xarm_motion.cc.o[0m
[ 81%] [32mBuilding CXX object CMakeFiles/xarm_cxx_sdk.dir/cxx/src/xarm/wrapper/xarm_params.cc.o[0m
[ 84%] [32mBuilding CXX object CMakeFiles/xarm_cxx_sdk.dir/cxx/src/xarm/wrapper/xarm_record.cc.o[0m
[ 87%] [32mBuilding CXX object CMakeFiles/xarm_cxx_sdk.dir/cxx/src/xarm/wrapper/xarm_report.cc.o[0m
[ 90%] [32mBuilding CXX object CMakeFiles/xarm_cxx_sdk.dir/cxx/src/xarm/wrapper/xarm_robotiq.cc.o[0m
[ 93%] [32mBuilding CXX object CMakeFiles/xarm_cxx_sdk.dir/cxx/src/xarm/wrapper/xarm_servo.cc.o[0m
[ 96%] [32mBuilding CXX object CMakeFiles/xarm_cxx_sdk.dir/cxx/src/xarm/wrapper/xarm_track.cc.o[0m
[100%] [32m[1mLinking CXX shared library libxarm_cxx_sdk.so[0m
[100%] Built target xarm_cxx_sdk
-- Install configuration: ""
-- Installing: /root/ros2_frws/install/xarm_sdk/share/xarm_sdk/environment/library_path.sh
-- Installing: /root/ros2_frws/install/xarm_sdk/share/xarm_sdk/environment/library_path.dsv
-- Installing: /root/ros2_frws/install/xarm_sdk/cxx/include
-- Installing: /root/ros2_frws/install/xarm_sdk/cxx/include/serial
-- Installing: /root/ros2_frws/install/xarm_sdk/cxx/include/serial/serial.h
-- Installing: /root/ros2_frws/install/xarm_sdk/cxx/include/serial/v8stdint.h
-- Installing: /root/ros2_frws/install/xarm_sdk/cxx/include/serial/impl
-- Installing: /root/ros2_frws/install/xarm_sdk/cxx/include/serial/impl/unix.h
-- Installing: /root/ros2_frws/install/xarm_sdk/cxx/include/serial/impl/win.h
-- Installing: /root/ros2_frws/install/xarm_sdk/cxx/include/xarm
-- Installing: /root/ros2_frws/install/xarm_sdk/cxx/include/xarm/core
-- Installing: /root/ros2_frws/install/xarm_sdk/cxx/include/xarm/core/instruction
-- Installing: /root/ros2_frws/install/xarm_sdk/cxx/include/xarm/core/instruction/uxbus_cmd.h
-- Installing: /root/ros2_frws/install/xarm_sdk/cxx/include/xarm/core/instruction/uxbus_cmd_ser.h
-- Installing: /root/ros2_frws/install/xarm_sdk/cxx/include/xarm/core/instruction/uxbus_cmd_tcp.h
-- Installing: /root/ros2_frws/install/xarm_sdk/cxx/include/xarm/core/instruction/uxbus_cmd_config.h
-- Installing: /root/ros2_frws/install/xarm_sdk/cxx/include/xarm/core/instruction/servo3_config.h
-- Installing: /root/ros2_frws/install/xarm_sdk/cxx/include/xarm/core/common
-- Installing: /root/ros2_frws/install/xarm_sdk/cxx/include/xarm/core/common/crc16.h
-- Installing: /root/ros2_frws/install/xarm_sdk/cxx/include/xarm/core/common/queue_memcpy.h
-- Installing: /root/ros2_frws/install/xarm_sdk/cxx/include/xarm/core/common/data_type.h
-- Installing: /root/ros2_frws/install/xarm_sdk/cxx/include/xarm/core/report_data.h
-- Installing: /root/ros2_frws/install/xarm_sdk/cxx/include/xarm/core/xarm_config.h
-- Installing: /root/ros2_frws/install/xarm_sdk/cxx/include/xarm/core/debug
-- Installing: /root/ros2_frws/install/xarm_sdk/cxx/include/xarm/core/debug/debug_print.h
-- Installing: /root/ros2_frws/install/xarm_sdk/cxx/include/xarm/core/os
-- Installing: /root/ros2_frws/install/xarm_sdk/cxx/include/xarm/core/os/bak
-- Installing: /root/ros2_frws/install/xarm_sdk/cxx/include/xarm/core/os/bak/thread.h
-- Installing: /root/ros2_frws/install/xarm_sdk/cxx/include/xarm/core/os/network.h
-- Installing: /root/ros2_frws/install/xarm_sdk/cxx/include/xarm/core/connect.h
-- Installing: /root/ros2_frws/install/xarm_sdk/cxx/include/xarm/core/port
-- Installing: /root/ros2_frws/install/xarm_sdk/cxx/include/xarm/core/port/ser.h
-- Installing: /root/ros2_frws/install/xarm_sdk/cxx/include/xarm/core/port/socket.h
-- Installing: /root/ros2_frws/install/xarm_sdk/cxx/include/xarm/wrapper
-- Installing: /root/ros2_frws/install/xarm_sdk/cxx/include/xarm/wrapper/xarm_api.h
-- Installing: /root/ros2_frws/install/xarm_sdk/cxx/include/xarm/wrapper/common
-- Installing: /root/ros2_frws/install/xarm_sdk/cxx/include/xarm/wrapper/common/utils.h
-- Installing: /root/ros2_frws/install/xarm_sdk/cxx/include/xarm/wrapper/common/timer.h
-- Installing: /root/ros2_frws/install/xarm_sdk/lib/libxarm_cxx_sdk.so
-- Installing: /root/ros2_frws/install/xarm_sdk/share/ament_index/resource_index/package_run_dependencies/xarm_sdk
-- Installing: /root/ros2_frws/install/xarm_sdk/share/ament_index/resource_index/parent_prefix_path/xarm_sdk
-- Installing: /root/ros2_frws/install/xarm_sdk/share/xarm_sdk/environment/ament_prefix_path.sh
-- Installing: /root/ros2_frws/install/xarm_sdk/share/xarm_sdk/environment/ament_prefix_path.dsv
-- Installing: /root/ros2_frws/install/xarm_sdk/share/xarm_sdk/environment/path.sh
-- Installing: /root/ros2_frws/install/xarm_sdk/share/xarm_sdk/environment/path.dsv
-- Installing: /root/ros2_frws/install/xarm_sdk/share/xarm_sdk/local_setup.bash
-- Installing: /root/ros2_frws/install/xarm_sdk/share/xarm_sdk/local_setup.sh
-- Installing: /root/ros2_frws/install/xarm_sdk/share/xarm_sdk/local_setup.zsh
-- Installing: /root/ros2_frws/install/xarm_sdk/share/xarm_sdk/local_setup.dsv
-- Installing: /root/ros2_frws/install/xarm_sdk/share/xarm_sdk/package.dsv
-- Installing: /root/ros2_frws/install/xarm_sdk/share/ament_index/resource_index/packages/xarm_sdk
-- Installing: /root/ros2_frws/install/xarm_sdk/share/xarm_sdk/cmake/ament_cmake_export_libraries-extras.cmake
-- Installing: /root/ros2_frws/install/xarm_sdk/share/xarm_sdk/cmake/ament_cmake_export_include_directories-extras.cmake
-- Installing: /root/ros2_frws/install/xarm_sdk/share/xarm_sdk/cmake/xarm_sdkConfig.cmake
-- Installing: /root/ros2_frws/install/xarm_sdk/share/xarm_sdk/cmake/xarm_sdkConfig-version.cmake
-- Installing: /root/ros2_frws/install/xarm_sdk/share/xarm_sdk/package.xml
