[0.275s] Invoking command in '/root/ros2_frws/build/xarm_sdk': CMAKE_PREFIX_PATH=/opt/ros/humble /usr/bin/cmake /root/ros2_frws/src/xarm_ros2/xarm_sdk -DCMAKE_INSTALL_PREFIX=/root/ros2_frws/install/xarm_sdk
[1.173s] -- The C compiler identification is GNU 11.4.0
[1.173s] -- The CXX compiler identification is GNU 11.4.0
[1.173s] -- Detecting C compiler ABI info
[1.174s] -- Detecting C compiler ABI info - done
[1.174s] -- Check for working C compiler: /usr/bin/cc - skipped
[1.174s] -- Detecting C compile features
[1.174s] -- Detecting C compile features - done
[1.174s] -- Detecting CXX compiler ABI info
[1.174s] -- Detecting CXX compiler ABI info - done
[1.174s] -- Check for working CXX compiler: /usr/bin/c++ - skipped
[1.174s] -- Detecting CXX compile features
[1.174s] -- Detecting CXX compile features - done
[1.174s] -- Found ament_cmake: 1.3.5 (/opt/ros/humble/share/ament_cmake/cmake)
[1.174s] -- Found Python3: /usr/bin/python3.10 (found version "3.10.12") found components: Interpreter 
[1.175s] -- Found ament_lint_auto: 0.12.8 (/opt/ros/humble/share/ament_lint_auto/cmake)
[1.175s] -- Added test 'copyright' to check source files copyright and LICENSE
[1.175s] -- Added test 'cppcheck' to perform static code analysis on C / C++ code
[1.175s] -- Configured cppcheck include dirs: /root/ros2_frws/src/xarm_ros2/xarm_sdk/cxx/include
[1.175s] -- Configured cppcheck exclude dirs and/or files: 
[1.179s] -- Added test 'cpplint' to check C / C++ code against the Google style
[1.179s] -- Configured cpplint exclude dirs and/or files: 
[1.179s] -- Added test 'lint_cmake' to check CMake code style
[1.188s] -- Added test 'uncrustify' to check C / C++ code style
[1.188s] -- Configured uncrustify additional arguments: 
[1.189s] -- Added test 'xmllint' to check XML markup files
[1.195s] -- Configuring done
[1.212s] -- Generating done
[1.213s] -- Build files have been written to: /root/ros2_frws/build/xarm_sdk
[1.218s] Invoked command in '/root/ros2_frws/build/xarm_sdk' returned '0': CMAKE_PREFIX_PATH=/opt/ros/humble /usr/bin/cmake /root/ros2_frws/src/xarm_ros2/xarm_sdk -DCMAKE_INSTALL_PREFIX=/root/ros2_frws/install/xarm_sdk
[1.220s] Invoking command in '/root/ros2_frws/build/xarm_sdk': CMAKE_PREFIX_PATH=/opt/ros/humble /usr/bin/cmake --build /root/ros2_frws/build/xarm_sdk -- -j16 -l16
[1.264s] [  3%] [32mBuilding CXX object CMakeFiles/xarm_cxx_sdk.dir/cxx/src/serial/impl/win.cc.o[0m
[1.264s] [ 12%] [32mBuilding CXX object CMakeFiles/xarm_cxx_sdk.dir/cxx/src/serial/impl/unix.cc.o[0m
[1.264s] [ 12%] [32mBuilding CXX object CMakeFiles/xarm_cxx_sdk.dir/cxx/src/serial/impl/list_ports/list_ports_win.cc.o[0m
[1.264s] [ 12%] [32mBuilding CXX object CMakeFiles/xarm_cxx_sdk.dir/cxx/src/serial/impl/list_ports/list_ports_osx.cc.o[0m
[1.264s] [ 18%] [32mBuilding CXX object CMakeFiles/xarm_cxx_sdk.dir/cxx/src/serial/serial.cc.o[0m
[1.264s] [ 18%] [32mBuilding CXX object CMakeFiles/xarm_cxx_sdk.dir/cxx/src/serial/impl/list_ports/list_ports_linux.cc.o[0m
[1.270s] [ 21%] [32mBuilding CXX object CMakeFiles/xarm_cxx_sdk.dir/cxx/src/xarm/core/common/crc16.cc.o[0m
[1.271s] [ 25%] [32mBuilding CXX object CMakeFiles/xarm_cxx_sdk.dir/cxx/src/xarm/core/common/queue_memcpy.cc.o[0m
[1.271s] [ 28%] [32mBuilding CXX object CMakeFiles/xarm_cxx_sdk.dir/cxx/src/xarm/core/connect.cc.o[0m
[1.276s] [ 31%] [32mBuilding CXX object CMakeFiles/xarm_cxx_sdk.dir/cxx/src/xarm/core/debug/debug_print.cc.o[0m
[1.280s] [ 34%] [32mBuilding CXX object CMakeFiles/xarm_cxx_sdk.dir/cxx/src/xarm/core/instruction/uxbus_cmd.cc.o[0m
[1.280s] [ 37%] [32mBuilding CXX object CMakeFiles/xarm_cxx_sdk.dir/cxx/src/xarm/core/instruction/uxbus_cmd_ser.cc.o[0m
[1.281s] [ 40%] [32mBuilding CXX object CMakeFiles/xarm_cxx_sdk.dir/cxx/src/xarm/core/instruction/uxbus_cmd_tcp.cc.o[0m
[1.288s] [ 43%] [32mBuilding CXX object CMakeFiles/xarm_cxx_sdk.dir/cxx/src/xarm/core/os/network.cc.o[0m
[1.299s] [ 46%] [32mBuilding CXX object CMakeFiles/xarm_cxx_sdk.dir/cxx/src/xarm/core/port/socket.cc.o[0m
[1.315s] [ 50%] [32mBuilding CXX object CMakeFiles/xarm_cxx_sdk.dir/cxx/src/xarm/core/port/ser.cc.o[0m
[1.348s] [ 53%] [32mBuilding CXX object CMakeFiles/xarm_cxx_sdk.dir/cxx/src/xarm/wrapper/xarm_ft_sensor.cc.o[0m
[1.353s] [ 56%] [32mBuilding CXX object CMakeFiles/xarm_cxx_sdk.dir/cxx/src/xarm/wrapper/xarm_bio.cc.o[0m
[1.362s] [ 59%] [32mBuilding CXX object CMakeFiles/xarm_cxx_sdk.dir/cxx/src/xarm/core/report_data.cc.o[0m
[1.364s] [ 62%] [32mBuilding CXX object CMakeFiles/xarm_cxx_sdk.dir/cxx/src/xarm/wrapper/xarm_api.cc.o[0m
[1.389s] [ 65%] [32mBuilding CXX object CMakeFiles/xarm_cxx_sdk.dir/cxx/src/xarm/wrapper/xarm_events.cc.o[0m
[1.663s] [ 68%] [32mBuilding CXX object CMakeFiles/xarm_cxx_sdk.dir/cxx/src/xarm/wrapper/xarm_gpio.cc.o[0m
[1.755s] [ 71%] [32mBuilding CXX object CMakeFiles/xarm_cxx_sdk.dir/cxx/src/xarm/wrapper/xarm_gripper.cc.o[0m
[1.813s] [ 75%] [32mBuilding CXX object CMakeFiles/xarm_cxx_sdk.dir/cxx/src/xarm/wrapper/xarm_modbus_tcp.cc.o[0m
[1.882s] [ 78%] [32mBuilding CXX object CMakeFiles/xarm_cxx_sdk.dir/cxx/src/xarm/wrapper/xarm_motion.cc.o[0m
[1.903s] [ 81%] [32mBuilding CXX object CMakeFiles/xarm_cxx_sdk.dir/cxx/src/xarm/wrapper/xarm_params.cc.o[0m
[1.932s] [ 84%] [32mBuilding CXX object CMakeFiles/xarm_cxx_sdk.dir/cxx/src/xarm/wrapper/xarm_record.cc.o[0m
[2.033s] [ 87%] [32mBuilding CXX object CMakeFiles/xarm_cxx_sdk.dir/cxx/src/xarm/wrapper/xarm_report.cc.o[0m
[2.062s] [ 90%] [32mBuilding CXX object CMakeFiles/xarm_cxx_sdk.dir/cxx/src/xarm/wrapper/xarm_robotiq.cc.o[0m
[2.071s] [ 93%] [32mBuilding CXX object CMakeFiles/xarm_cxx_sdk.dir/cxx/src/xarm/wrapper/xarm_servo.cc.o[0m
[2.160s] [ 96%] [32mBuilding CXX object CMakeFiles/xarm_cxx_sdk.dir/cxx/src/xarm/wrapper/xarm_track.cc.o[0m
[4.686s] [100%] [32m[1mLinking CXX shared library libxarm_cxx_sdk.so[0m
[4.888s] [100%] Built target xarm_cxx_sdk
[4.899s] Invoked command in '/root/ros2_frws/build/xarm_sdk' returned '0': CMAKE_PREFIX_PATH=/opt/ros/humble /usr/bin/cmake --build /root/ros2_frws/build/xarm_sdk -- -j16 -l16
[4.969s] Invoking command in '/root/ros2_frws/build/xarm_sdk': CMAKE_PREFIX_PATH=/opt/ros/humble /usr/bin/cmake --install /root/ros2_frws/build/xarm_sdk
[4.976s] -- Install configuration: ""
[4.977s] -- Installing: /root/ros2_frws/install/xarm_sdk/share/xarm_sdk/environment/library_path.sh
[4.977s] -- Installing: /root/ros2_frws/install/xarm_sdk/share/xarm_sdk/environment/library_path.dsv
[4.977s] -- Installing: /root/ros2_frws/install/xarm_sdk/cxx/include
[4.978s] -- Installing: /root/ros2_frws/install/xarm_sdk/cxx/include/serial
[4.978s] -- Installing: /root/ros2_frws/install/xarm_sdk/cxx/include/serial/serial.h
[4.978s] -- Installing: /root/ros2_frws/install/xarm_sdk/cxx/include/serial/v8stdint.h
[4.978s] -- Installing: /root/ros2_frws/install/xarm_sdk/cxx/include/serial/impl
[4.978s] -- Installing: /root/ros2_frws/install/xarm_sdk/cxx/include/serial/impl/unix.h
[4.979s] -- Installing: /root/ros2_frws/install/xarm_sdk/cxx/include/serial/impl/win.h
[4.979s] -- Installing: /root/ros2_frws/install/xarm_sdk/cxx/include/xarm
[4.979s] -- Installing: /root/ros2_frws/install/xarm_sdk/cxx/include/xarm/core
[4.979s] -- Installing: /root/ros2_frws/install/xarm_sdk/cxx/include/xarm/core/instruction
[4.979s] -- Installing: /root/ros2_frws/install/xarm_sdk/cxx/include/xarm/core/instruction/uxbus_cmd.h
[4.980s] -- Installing: /root/ros2_frws/install/xarm_sdk/cxx/include/xarm/core/instruction/uxbus_cmd_ser.h
[4.980s] -- Installing: /root/ros2_frws/install/xarm_sdk/cxx/include/xarm/core/instruction/uxbus_cmd_tcp.h
[4.980s] -- Installing: /root/ros2_frws/install/xarm_sdk/cxx/include/xarm/core/instruction/uxbus_cmd_config.h
[4.980s] -- Installing: /root/ros2_frws/install/xarm_sdk/cxx/include/xarm/core/instruction/servo3_config.h
[4.980s] -- Installing: /root/ros2_frws/install/xarm_sdk/cxx/include/xarm/core/common
[4.980s] -- Installing: /root/ros2_frws/install/xarm_sdk/cxx/include/xarm/core/common/crc16.h
[4.980s] -- Installing: /root/ros2_frws/install/xarm_sdk/cxx/include/xarm/core/common/queue_memcpy.h
[4.981s] -- Installing: /root/ros2_frws/install/xarm_sdk/cxx/include/xarm/core/common/data_type.h
[4.981s] -- Installing: /root/ros2_frws/install/xarm_sdk/cxx/include/xarm/core/report_data.h
[4.981s] -- Installing: /root/ros2_frws/install/xarm_sdk/cxx/include/xarm/core/xarm_config.h
[4.981s] -- Installing: /root/ros2_frws/install/xarm_sdk/cxx/include/xarm/core/debug
[4.981s] -- Installing: /root/ros2_frws/install/xarm_sdk/cxx/include/xarm/core/debug/debug_print.h
[4.982s] -- Installing: /root/ros2_frws/install/xarm_sdk/cxx/include/xarm/core/os
[4.982s] -- Installing: /root/ros2_frws/install/xarm_sdk/cxx/include/xarm/core/os/bak
[4.982s] -- Installing: /root/ros2_frws/install/xarm_sdk/cxx/include/xarm/core/os/bak/thread.h
[4.982s] -- Installing: /root/ros2_frws/install/xarm_sdk/cxx/include/xarm/core/os/network.h
[4.982s] -- Installing: /root/ros2_frws/install/xarm_sdk/cxx/include/xarm/core/connect.h
[4.982s] -- Installing: /root/ros2_frws/install/xarm_sdk/cxx/include/xarm/core/port
[4.983s] -- Installing: /root/ros2_frws/install/xarm_sdk/cxx/include/xarm/core/port/ser.h
[4.983s] -- Installing: /root/ros2_frws/install/xarm_sdk/cxx/include/xarm/core/port/socket.h
[4.983s] -- Installing: /root/ros2_frws/install/xarm_sdk/cxx/include/xarm/wrapper
[4.983s] -- Installing: /root/ros2_frws/install/xarm_sdk/cxx/include/xarm/wrapper/xarm_api.h
[4.984s] -- Installing: /root/ros2_frws/install/xarm_sdk/cxx/include/xarm/wrapper/common
[4.984s] -- Installing: /root/ros2_frws/install/xarm_sdk/cxx/include/xarm/wrapper/common/utils.h
[4.984s] -- Installing: /root/ros2_frws/install/xarm_sdk/cxx/include/xarm/wrapper/common/timer.h
[4.985s] -- Installing: /root/ros2_frws/install/xarm_sdk/lib/libxarm_cxx_sdk.so
[4.988s] -- Installing: /root/ros2_frws/install/xarm_sdk/share/ament_index/resource_index/package_run_dependencies/xarm_sdk
[4.989s] -- Installing: /root/ros2_frws/install/xarm_sdk/share/ament_index/resource_index/parent_prefix_path/xarm_sdk
[4.989s] -- Installing: /root/ros2_frws/install/xarm_sdk/share/xarm_sdk/environment/ament_prefix_path.sh
[4.989s] -- Installing: /root/ros2_frws/install/xarm_sdk/share/xarm_sdk/environment/ament_prefix_path.dsv
[4.989s] -- Installing: /root/ros2_frws/install/xarm_sdk/share/xarm_sdk/environment/path.sh
[4.990s] -- Installing: /root/ros2_frws/install/xarm_sdk/share/xarm_sdk/environment/path.dsv
[4.990s] -- Installing: /root/ros2_frws/install/xarm_sdk/share/xarm_sdk/local_setup.bash
[4.990s] -- Installing: /root/ros2_frws/install/xarm_sdk/share/xarm_sdk/local_setup.sh
[4.990s] -- Installing: /root/ros2_frws/install/xarm_sdk/share/xarm_sdk/local_setup.zsh
[4.990s] -- Installing: /root/ros2_frws/install/xarm_sdk/share/xarm_sdk/local_setup.dsv
[4.990s] -- Installing: /root/ros2_frws/install/xarm_sdk/share/xarm_sdk/package.dsv
[4.991s] -- Installing: /root/ros2_frws/install/xarm_sdk/share/ament_index/resource_index/packages/xarm_sdk
[4.991s] -- Installing: /root/ros2_frws/install/xarm_sdk/share/xarm_sdk/cmake/ament_cmake_export_libraries-extras.cmake
[4.992s] -- Installing: /root/ros2_frws/install/xarm_sdk/share/xarm_sdk/cmake/ament_cmake_export_include_directories-extras.cmake
[4.992s] -- Installing: /root/ros2_frws/install/xarm_sdk/share/xarm_sdk/cmake/xarm_sdkConfig.cmake
[4.992s] -- Installing: /root/ros2_frws/install/xarm_sdk/share/xarm_sdk/cmake/xarm_sdkConfig-version.cmake
[4.993s] -- Installing: /root/ros2_frws/install/xarm_sdk/share/xarm_sdk/package.xml
[4.995s] Invoked command in '/root/ros2_frws/build/xarm_sdk' returned '0': CMAKE_PREFIX_PATH=/opt/ros/humble /usr/bin/cmake --install /root/ros2_frws/build/xarm_sdk
