[2.093s] Invoking command in '/root/ros2_frws/src/course_works': PYTHONPATH=/root/ros2_frws/build/course_works/prefix_override:/root/ros2_frws/install/course_works/lib/python3.10/site-packages:${PYTHONPATH} /usr/bin/python3 setup.py egg_info --egg-base ../../build/course_works build --build-base /root/ros2_frws/build/course_works/build install --record /root/ros2_frws/build/course_works/install.log --single-version-externally-managed
[2.351s] running egg_info
[2.373s] writing ../../build/course_works/course_works.egg-info/PKG-INFO
[2.373s] writing dependency_links to ../../build/course_works/course_works.egg-info/dependency_links.txt
[2.373s] writing entry points to ../../build/course_works/course_works.egg-info/entry_points.txt
[2.374s] writing requirements to ../../build/course_works/course_works.egg-info/requires.txt
[2.374s] writing top-level names to ../../build/course_works/course_works.egg-info/top_level.txt
[2.414s] reading manifest file '../../build/course_works/course_works.egg-info/SOURCES.txt'
[2.415s] adding license file 'LICENSE'
[2.416s] writing manifest file '../../build/course_works/course_works.egg-info/SOURCES.txt'
[2.417s] running build
[2.417s] running build_py
[2.418s] running install
[2.418s] /root/.local/lib/python3.10/site-packages/setuptools/_distutils/cmd.py:66: SetuptoolsDeprecationWarning: setup.py install is deprecated.
[2.419s] !!
[2.419s] 
[2.419s]         ********************************************************************************
[2.419s]         Please avoid running ``setup.py`` directly.
[2.420s]         Instead, use pypa/build, pypa/installer or other
[2.420s]         standards-based tools.
[2.420s] 
[2.420s]         See https://blog.ganssle.io/articles/2021/10/setup-py-deprecated.html for details.
[2.420s]         ********************************************************************************
[2.420s] 
[2.420s] !!
[2.421s]   self.initialize_options()
[2.426s] running install_lib
[2.450s] running install_data
[2.504s] running install_egg_info
[2.534s] removing '/root/ros2_frws/install/course_works/lib/python3.10/site-packages/course_works-0.0.0-py3.10.egg-info' (and everything under it)
[2.535s] Copying ../../build/course_works/course_works.egg-info to /root/ros2_frws/install/course_works/lib/python3.10/site-packages/course_works-0.0.0-py3.10.egg-info
[2.541s] running install_scripts
[2.659s] Installing process_node script to /root/ros2_frws/install/course_works/lib/course_works
[2.659s] Installing signal_generator script to /root/ros2_frws/install/course_works/lib/course_works
[2.659s] writing list of installed files to '/root/ros2_frws/build/course_works/install.log'
[2.708s] Invoked command in '/root/ros2_frws/src/course_works' returned '0': PYTHONPATH=/root/ros2_frws/build/course_works/prefix_override:/root/ros2_frws/install/course_works/lib/python3.10/site-packages:${PYTHONPATH} /usr/bin/python3 setup.py egg_info --egg-base ../../build/course_works build --build-base /root/ros2_frws/build/course_works/build install --record /root/ros2_frws/build/course_works/install.log --single-version-externally-managed
