[4.767s] Invoking command in '/root/ros2_frws/src/course_works': PYTHONPATH=/root/ros2_frws/build/course_works/prefix_override:/root/ros2_frws/install/course_works/lib/python3.10/site-packages:${PYTHONPATH} /usr/bin/python3 setup.py egg_info --egg-base ../../build/course_works build --build-base /root/ros2_frws/build/course_works/build install --record /root/ros2_frws/build/course_works/install.log --single-version-externally-managed
[5.328s] running egg_info
[5.368s] writing ../../build/course_works/course_works.egg-info/PKG-INFO
[5.369s] writing dependency_links to ../../build/course_works/course_works.egg-info/dependency_links.txt
[5.369s] writing entry points to ../../build/course_works/course_works.egg-info/entry_points.txt
[5.369s] writing requirements to ../../build/course_works/course_works.egg-info/requires.txt
[5.370s] writing top-level names to ../../build/course_works/course_works.egg-info/top_level.txt
[5.447s] reading manifest file '../../build/course_works/course_works.egg-info/SOURCES.txt'
[5.448s] adding license file 'LICENSE'
[5.452s] writing manifest file '../../build/course_works/course_works.egg-info/SOURCES.txt'
[5.453s] running build
[5.453s] running build_py
[5.455s] running install
[5.457s] /root/.local/lib/python3.10/site-packages/setuptools/_distutils/cmd.py:66: SetuptoolsDeprecationWarning: setup.py install is deprecated.
[5.457s] !!
[5.457s] 
[5.457s]         ********************************************************************************
[5.457s]         Please avoid running ``setup.py`` directly.
[5.457s]         Instead, use pypa/build, pypa/installer or other
[5.457s]         standards-based tools.
[5.457s] 
[5.458s]         See https://blog.ganssle.io/articles/2021/10/setup-py-deprecated.html for details.
[5.458s]         ********************************************************************************
[5.458s] 
[5.458s] !!
[5.458s]   self.initialize_options()
[5.478s] running install_lib
[5.515s] running install_data
[5.564s] running install_egg_info
[5.604s] removing '/root/ros2_frws/install/course_works/lib/python3.10/site-packages/course_works-0.0.0-py3.10.egg-info' (and everything under it)
[5.604s] Copying ../../build/course_works/course_works.egg-info to /root/ros2_frws/install/course_works/lib/python3.10/site-packages/course_works-0.0.0-py3.10.egg-info
[5.607s] running install_scripts
[6.113s] Installing process_node script to /root/ros2_frws/install/course_works/lib/course_works
[6.113s] Installing signal_generator script to /root/ros2_frws/install/course_works/lib/course_works
[6.113s] writing list of installed files to '/root/ros2_frws/build/course_works/install.log'
[6.395s] Invoked command in '/root/ros2_frws/src/course_works' returned '0': PYTHONPATH=/root/ros2_frws/build/course_works/prefix_override:/root/ros2_frws/install/course_works/lib/python3.10/site-packages:${PYTHONPATH} /usr/bin/python3 setup.py egg_info --egg-base ../../build/course_works build --build-base /root/ros2_frws/build/course_works/build install --record /root/ros2_frws/build/course_works/install.log --single-version-externally-managed
