[2.164s] Invoking command in '/root/ros2_frws/src/basic_comms': PYTHONPATH=/root/ros2_frws/build/basic_comms/prefix_override:/root/ros2_frws/install/basic_comms/lib/python3.10/site-packages:${PYTHONPATH} /usr/bin/python3 setup.py egg_info --egg-base ../../build/basic_comms build --build-base /root/ros2_frws/build/basic_comms/build install --record /root/ros2_frws/build/basic_comms/install.log --single-version-externally-managed
[2.436s] running egg_info
[2.453s] writing ../../build/basic_comms/basic_comms.egg-info/PKG-INFO
[2.454s] writing dependency_links to ../../build/basic_comms/basic_comms.egg-info/dependency_links.txt
[2.454s] writing entry points to ../../build/basic_comms/basic_comms.egg-info/entry_points.txt
[2.454s] writing requirements to ../../build/basic_comms/basic_comms.egg-info/requires.txt
[2.455s] writing top-level names to ../../build/basic_comms/basic_comms.egg-info/top_level.txt
[2.489s] reading manifest file '../../build/basic_comms/basic_comms.egg-info/SOURCES.txt'
[2.491s] writing manifest file '../../build/basic_comms/basic_comms.egg-info/SOURCES.txt'
[2.491s] running build
[2.491s] running build_py
[2.491s] running install
[2.491s] /root/.local/lib/python3.10/site-packages/setuptools/_distutils/cmd.py:66: SetuptoolsDeprecationWarning: setup.py install is deprecated.
[2.491s] !!
[2.491s] 
[2.492s]         ********************************************************************************
[2.492s]         Please avoid running ``setup.py`` directly.
[2.492s]         Instead, use pypa/build, pypa/installer or other
[2.492s]         standards-based tools.
[2.492s] 
[2.492s]         See https://blog.ganssle.io/articles/2021/10/setup-py-deprecated.html for details.
[2.492s]         ********************************************************************************
[2.492s] 
[2.492s] !!
[2.492s]   self.initialize_options()
[2.500s] running install_lib
[2.520s] running install_data
[2.535s] running install_egg_info
[2.553s] removing '/root/ros2_frws/install/basic_comms/lib/python3.10/site-packages/basic_comms-0.0.0-py3.10.egg-info' (and everything under it)
[2.553s] Copying ../../build/basic_comms/basic_comms.egg-info to /root/ros2_frws/install/basic_comms/lib/python3.10/site-packages/basic_comms-0.0.0-py3.10.egg-info
[2.553s] running install_scripts
[2.745s] Installing subscriber script to /root/ros2_frws/install/basic_comms/lib/basic_comms
[2.745s] Installing talker script to /root/ros2_frws/install/basic_comms/lib/basic_comms
[2.746s] writing list of installed files to '/root/ros2_frws/build/basic_comms/install.log'
[2.869s] Invoked command in '/root/ros2_frws/src/basic_comms' returned '0': PYTHONPATH=/root/ros2_frws/build/basic_comms/prefix_override:/root/ros2_frws/install/basic_comms/lib/python3.10/site-packages:${PYTHONPATH} /usr/bin/python3 setup.py egg_info --egg-base ../../build/basic_comms build --build-base /root/ros2_frws/build/basic_comms/build install --record /root/ros2_frws/build/basic_comms/install.log --single-version-externally-managed
