[1.292s] Invoking command in '/root/ros2_frws/src/challenge_2': CMAKE_PREFIX_PATH=/root/ros2_frws/install/my_msg_interfaces:/root/ros2_frws/install/xarm_planner:/root/ros2_frws/install/xarm_moveit_servo:/root/ros2_frws/install/xarm_moveit_config:/root/ros2_frws/install/xarm_gazebo:/root/ros2_frws/install/xarm_controller:/root/ros2_frws/install/xarm_api:/root/ros2_frws/install/xarm_sdk:/root/ros2_frws/install/xarm_msgs:/root/ros2_frws/install/xarm_description:/root/ros2_frws/install/realsense_gazebo_plugin LD_LIBRARY_PATH=/root/ros2_frws/install/my_msg_interfaces/lib:/root/ros2_frws/install/xarm_planner/lib:/root/ros2_frws/install/xarm_moveit_servo/lib:/root/ros2_frws/install/xarm_gazebo/lib:/root/ros2_frws/install/xarm_controller/lib:/root/ros2_frws/install/xarm_api/lib:/root/ros2_frws/install/xarm_sdk/lib:/root/ros2_frws/install/xarm_msgs/lib:/root/ros2_frws/install/realsense_gazebo_plugin/lib:/usr/lib/x86_64-linux-gnu/gazebo-11/plugins:/opt/ros/humble/opt/rviz_ogre_vendor/lib:/opt/ros/humble/lib/x86_64-linux-gnu:/opt/ros/humble/lib PYTHONPATH=/root/ros2_frws/build/challenge_2/prefix_override:/root/ros2_frws/install/challenge_2/lib/python3.10/site-packages:${PYTHONPATH} /usr/bin/python3 setup.py egg_info --egg-base ../../build/challenge_2 build --build-base /root/ros2_frws/build/challenge_2/build install --record /root/ros2_frws/build/challenge_2/install.log --single-version-externally-managed
[1.511s] running egg_info
[1.525s] writing ../../build/challenge_2/challenge_2.egg-info/PKG-INFO
[1.525s] writing dependency_links to ../../build/challenge_2/challenge_2.egg-info/dependency_links.txt
[1.526s] writing entry points to ../../build/challenge_2/challenge_2.egg-info/entry_points.txt
[1.526s] writing requirements to ../../build/challenge_2/challenge_2.egg-info/requires.txt
[1.526s] writing top-level names to ../../build/challenge_2/challenge_2.egg-info/top_level.txt
[1.554s] reading manifest file '../../build/challenge_2/challenge_2.egg-info/SOURCES.txt'
[1.554s] adding license file 'LICENSE'
[1.555s] writing manifest file '../../build/challenge_2/challenge_2.egg-info/SOURCES.txt'
[1.555s] running build
[1.555s] running build_py
[1.555s] copying challenge_2/reconstructor_node.py -> /root/ros2_frws/build/challenge_2/build/lib/challenge_2
[1.556s] running install
[1.556s] /root/.local/lib/python3.10/site-packages/setuptools/_distutils/cmd.py:66: SetuptoolsDeprecationWarning: setup.py install is deprecated.
[1.556s] !!
[1.557s] 
[1.557s]         ********************************************************************************
[1.557s]         Please avoid running ``setup.py`` directly.
[1.557s]         Instead, use pypa/build, pypa/installer or other
[1.557s]         standards-based tools.
[1.557s] 
[1.557s]         See https://blog.ganssle.io/articles/2021/10/setup-py-deprecated.html for details.
[1.557s]         ********************************************************************************
[1.557s] 
[1.557s] !!
[1.558s]   self.initialize_options()
[1.564s] running install_lib
[1.578s] copying /root/ros2_frws/build/challenge_2/build/lib/challenge_2/reconstructor_node.py -> /root/ros2_frws/install/challenge_2/lib/python3.10/site-packages/challenge_2
[1.579s] byte-compiling /root/ros2_frws/install/challenge_2/lib/python3.10/site-packages/challenge_2/reconstructor_node.py to reconstructor_node.cpython-310.pyc
[1.580s] running install_data
[1.594s] running install_egg_info
[1.609s] removing '/root/ros2_frws/install/challenge_2/lib/python3.10/site-packages/challenge_2-0.0.0-py3.10.egg-info' (and everything under it)
[1.609s] Copying ../../build/challenge_2/challenge_2.egg-info to /root/ros2_frws/install/challenge_2/lib/python3.10/site-packages/challenge_2-0.0.0-py3.10.egg-info
[1.610s] running install_scripts
[1.784s] Installing reconstructor_node script to /root/ros2_frws/install/challenge_2/lib/challenge_2
[1.785s] Installing signal_generator script to /root/ros2_frws/install/challenge_2/lib/challenge_2
[1.786s] writing list of installed files to '/root/ros2_frws/build/challenge_2/install.log'
[2.001s] Invoked command in '/root/ros2_frws/src/challenge_2' returned '0': CMAKE_PREFIX_PATH=/root/ros2_frws/install/my_msg_interfaces:/root/ros2_frws/install/xarm_planner:/root/ros2_frws/install/xarm_moveit_servo:/root/ros2_frws/install/xarm_moveit_config:/root/ros2_frws/install/xarm_gazebo:/root/ros2_frws/install/xarm_controller:/root/ros2_frws/install/xarm_api:/root/ros2_frws/install/xarm_sdk:/root/ros2_frws/install/xarm_msgs:/root/ros2_frws/install/xarm_description:/root/ros2_frws/install/realsense_gazebo_plugin LD_LIBRARY_PATH=/root/ros2_frws/install/my_msg_interfaces/lib:/root/ros2_frws/install/xarm_planner/lib:/root/ros2_frws/install/xarm_moveit_servo/lib:/root/ros2_frws/install/xarm_gazebo/lib:/root/ros2_frws/install/xarm_controller/lib:/root/ros2_frws/install/xarm_api/lib:/root/ros2_frws/install/xarm_sdk/lib:/root/ros2_frws/install/xarm_msgs/lib:/root/ros2_frws/install/realsense_gazebo_plugin/lib:/usr/lib/x86_64-linux-gnu/gazebo-11/plugins:/opt/ros/humble/opt/rviz_ogre_vendor/lib:/opt/ros/humble/lib/x86_64-linux-gnu:/opt/ros/humble/lib PYTHONPATH=/root/ros2_frws/build/challenge_2/prefix_override:/root/ros2_frws/install/challenge_2/lib/python3.10/site-packages:${PYTHONPATH} /usr/bin/python3 setup.py egg_info --egg-base ../../build/challenge_2 build --build-base /root/ros2_frws/build/challenge_2/build install --record /root/ros2_frws/build/challenge_2/install.log --single-version-externally-managed
