[3.381s] Invoking command in '/root/ros2_frws/src/basic_comms': PYTHONPATH=/root/ros2_frws/build/basic_comms/prefix_override:/root/ros2_frws/install/basic_comms/lib/python3.10/site-packages:${PYTHONPATH} /usr/bin/python3 setup.py egg_info --egg-base ../../build/basic_comms build --build-base /root/ros2_frws/build/basic_comms/build install --record /root/ros2_frws/build/basic_comms/install.log --single-version-externally-managed
[3.775s] running egg_info
[3.802s] writing ../../build/basic_comms/basic_comms.egg-info/PKG-INFO
[3.802s] writing dependency_links to ../../build/basic_comms/basic_comms.egg-info/dependency_links.txt
[3.802s] writing entry points to ../../build/basic_comms/basic_comms.egg-info/entry_points.txt
[3.804s] writing requirements to ../../build/basic_comms/basic_comms.egg-info/requires.txt
[3.805s] writing top-level names to ../../build/basic_comms/basic_comms.egg-info/top_level.txt
[3.863s] reading manifest file '../../build/basic_comms/basic_comms.egg-info/SOURCES.txt'
[3.867s] writing manifest file '../../build/basic_comms/basic_comms.egg-info/SOURCES.txt'
[3.867s] running build
[3.867s] running build_py
[3.868s] running install
[3.868s] /root/.local/lib/python3.10/site-packages/setuptools/_distutils/cmd.py:66: SetuptoolsDeprecationWarning: setup.py install is deprecated.
[3.868s] !!
[3.869s] 
[3.869s]         ********************************************************************************
[3.870s]         Please avoid running ``setup.py`` directly.
[3.870s]         Instead, use pypa/build, pypa/installer or other
[3.871s]         standards-based tools.
[3.871s] 
[3.871s]         See https://blog.ganssle.io/articles/2021/10/setup-py-deprecated.html for details.
[3.871s]         ********************************************************************************
[3.871s] 
[3.871s] !!
[3.872s]   self.initialize_options()
[3.877s] running install_lib
[3.972s] running install_data
[4.015s] running install_egg_info
[4.029s] removing '/root/ros2_frws/install/basic_comms/lib/python3.10/site-packages/basic_comms-0.0.0-py3.10.egg-info' (and everything under it)
[4.029s] Copying ../../build/basic_comms/basic_comms.egg-info to /root/ros2_frws/install/basic_comms/lib/python3.10/site-packages/basic_comms-0.0.0-py3.10.egg-info
[4.030s] running install_scripts
[4.228s] Installing subscriber script to /root/ros2_frws/install/basic_comms/lib/basic_comms
[4.229s] Installing talker script to /root/ros2_frws/install/basic_comms/lib/basic_comms
[4.230s] writing list of installed files to '/root/ros2_frws/build/basic_comms/install.log'
[4.431s] Invoked command in '/root/ros2_frws/src/basic_comms' returned '0': PYTHONPATH=/root/ros2_frws/build/basic_comms/prefix_override:/root/ros2_frws/install/basic_comms/lib/python3.10/site-packages:${PYTHONPATH} /usr/bin/python3 setup.py egg_info --egg-base ../../build/basic_comms build --build-base /root/ros2_frws/build/basic_comms/build install --record /root/ros2_frws/build/basic_comms/install.log --single-version-externally-managed
