[1.678s] Invoking command in '/root/ros2_frws/src/basic_comms_param': PYTHONPATH=/root/ros2_frws/build/basic_comms_param/prefix_override:/root/ros2_frws/install/basic_comms_param/lib/python3.10/site-packages:${PYTHONPATH} /usr/bin/python3 setup.py egg_info --egg-base ../../build/basic_comms_param build --build-base /root/ros2_frws/build/basic_comms_param/build install --record /root/ros2_frws/build/basic_comms_param/install.log --single-version-externally-managed
[1.928s] running egg_info
[1.945s] writing ../../build/basic_comms_param/basic_comms_param.egg-info/PKG-INFO
[1.946s] writing dependency_links to ../../build/basic_comms_param/basic_comms_param.egg-info/dependency_links.txt
[1.946s] writing entry points to ../../build/basic_comms_param/basic_comms_param.egg-info/entry_points.txt
[1.946s] writing requirements to ../../build/basic_comms_param/basic_comms_param.egg-info/requires.txt
[1.946s] writing top-level names to ../../build/basic_comms_param/basic_comms_param.egg-info/top_level.txt
[1.979s] reading manifest file '../../build/basic_comms_param/basic_comms_param.egg-info/SOURCES.txt'
[1.980s] adding license file 'LICENSE'
[1.980s] writing manifest file '../../build/basic_comms_param/basic_comms_param.egg-info/SOURCES.txt'
[1.980s] running build
[1.981s] running build_py
[1.981s] copying basic_comms_param/talker_params.py -> /root/ros2_frws/build/basic_comms_param/build/lib/basic_comms_param
[1.981s] running install
[1.982s] /root/.local/lib/python3.10/site-packages/setuptools/_distutils/cmd.py:66: SetuptoolsDeprecationWarning: setup.py install is deprecated.
[1.982s] !!
[1.982s] 
[1.982s]         ********************************************************************************
[1.982s]         Please avoid running ``setup.py`` directly.
[1.982s]         Instead, use pypa/build, pypa/installer or other
[1.982s]         standards-based tools.
[1.982s] 
[1.983s]         See https://blog.ganssle.io/articles/2021/10/setup-py-deprecated.html for details.
[1.983s]         ********************************************************************************
[1.983s] 
[1.983s] !!
[1.983s]   self.initialize_options()
[1.988s] running install_lib
[2.005s] copying /root/ros2_frws/build/basic_comms_param/build/lib/basic_comms_param/talker_params.py -> /root/ros2_frws/install/basic_comms_param/lib/python3.10/site-packages/basic_comms_param
[2.006s] byte-compiling /root/ros2_frws/install/basic_comms_param/lib/python3.10/site-packages/basic_comms_param/talker_params.py to talker_params.cpython-310.pyc
[2.007s] running install_data
[2.027s] running install_egg_info
[2.078s] removing '/root/ros2_frws/install/basic_comms_param/lib/python3.10/site-packages/basic_comms_param-0.0.0-py3.10.egg-info' (and everything under it)
[2.079s] Copying ../../build/basic_comms_param/basic_comms_param.egg-info to /root/ros2_frws/install/basic_comms_param/lib/python3.10/site-packages/basic_comms_param-0.0.0-py3.10.egg-info
[2.083s] running install_scripts
[2.239s] Installing talker_params script to /root/ros2_frws/install/basic_comms_param/lib/basic_comms_param
[2.239s] writing list of installed files to '/root/ros2_frws/build/basic_comms_param/install.log'
[2.277s] Invoked command in '/root/ros2_frws/src/basic_comms_param' returned '0': PYTHONPATH=/root/ros2_frws/build/basic_comms_param/prefix_override:/root/ros2_frws/install/basic_comms_param/lib/python3.10/site-packages:${PYTHONPATH} /usr/bin/python3 setup.py egg_info --egg-base ../../build/basic_comms_param build --build-base /root/ros2_frws/build/basic_comms_param/build install --record /root/ros2_frws/build/basic_comms_param/install.log --single-version-externally-managed
