[3.647s] Invoking command in '/root/ros2_frws/src/challenge_2': PYTHONPATH=/root/ros2_frws/build/challenge_2/prefix_override:/root/ros2_frws/install/challenge_2/lib/python3.10/site-packages:${PYTHONPATH} /usr/bin/python3 setup.py egg_info --egg-base ../../build/challenge_2 build --build-base /root/ros2_frws/build/challenge_2/build install --record /root/ros2_frws/build/challenge_2/install.log --single-version-externally-managed
[4.059s] running egg_info
[4.095s] writing ../../build/challenge_2/challenge_2.egg-info/PKG-INFO
[4.096s] writing dependency_links to ../../build/challenge_2/challenge_2.egg-info/dependency_links.txt
[4.097s] writing entry points to ../../build/challenge_2/challenge_2.egg-info/entry_points.txt
[4.097s] writing requirements to ../../build/challenge_2/challenge_2.egg-info/requires.txt
[4.097s] writing top-level names to ../../build/challenge_2/challenge_2.egg-info/top_level.txt
[4.159s] reading manifest file '../../build/challenge_2/challenge_2.egg-info/SOURCES.txt'
[4.160s] adding license file 'LICENSE'
[4.161s] writing manifest file '../../build/challenge_2/challenge_2.egg-info/SOURCES.txt'
[4.162s] running build
[4.162s] running build_py
[4.163s] running install
[4.163s] /root/.local/lib/python3.10/site-packages/setuptools/_distutils/cmd.py:66: SetuptoolsDeprecationWarning: setup.py install is deprecated.
[4.163s] !!
[4.163s] 
[4.163s]         ********************************************************************************
[4.163s]         Please avoid running ``setup.py`` directly.
[4.163s]         Instead, use pypa/build, pypa/installer or other
[4.164s]         standards-based tools.
[4.164s] 
[4.164s]         See https://blog.ganssle.io/articles/2021/10/setup-py-deprecated.html for details.
[4.164s]         ********************************************************************************
[4.164s] 
[4.164s] !!
[4.165s]   self.initialize_options()
[4.174s] running install_lib
[4.206s] running install_data
[4.236s] running install_egg_info
[4.323s] removing '/root/ros2_frws/install/challenge_2/lib/python3.10/site-packages/challenge_2-0.0.0-py3.10.egg-info' (and everything under it)
[4.325s] Copying ../../build/challenge_2/challenge_2.egg-info to /root/ros2_frws/install/challenge_2/lib/python3.10/site-packages/challenge_2-0.0.0-py3.10.egg-info
[4.327s] running install_scripts
[4.535s] Installing signal_generator script to /root/ros2_frws/install/challenge_2/lib/challenge_2
[4.536s] writing list of installed files to '/root/ros2_frws/build/challenge_2/install.log'
[4.848s] Invoked command in '/root/ros2_frws/src/challenge_2' returned '0': PYTHONPATH=/root/ros2_frws/build/challenge_2/prefix_override:/root/ros2_frws/install/challenge_2/lib/python3.10/site-packages:${PYTHONPATH} /usr/bin/python3 setup.py egg_info --egg-base ../../build/challenge_2 build --build-base /root/ros2_frws/build/challenge_2/build install --record /root/ros2_frws/build/challenge_2/install.log --single-version-externally-managed
