[0.133s] Invoking command in '/root/ros2_frws/build/xarm_planner': CMAKE_PREFIX_PATH=/root/ros2_frws/install/xarm_moveit_config:/root/ros2_frws/install/xarm_gazebo:/root/ros2_frws/install/xarm_controller:/root/ros2_frws/install/xarm_api:/root/ros2_frws/install/xarm_sdk:/root/ros2_frws/install/xarm_msgs:/root/ros2_frws/install/xarm_description:/root/ros2_frws/install/xarm_planner:/root/ros2_frws/install/xarm_moveit_servo:/root/ros2_frws/install/tutorial_interfaces:/root/ros2_frws/install/realsense_gazebo_plugin:/root/ros2_frws/install/my_msg_interfaces:/root/ros2_frws/install/moveit_resources_prbt_support:/root/ros2_frws/install/moveit_resources:/root/ros2_frws/install/moveit_resources_pr2_description:/root/ros2_frws/install/moveit_resources_panda_moveit_config:/root/ros2_frws/install/moveit_resources_panda_description:/root/ros2_frws/install/moveit_resources_fanuc_moveit_config:/root/ros2_frws/install/moveit_resources_fanuc_description:/root/ros2_frws/install/moveit_common:/root/ros2_frws/install/moveit_configs_utils:/root/ros2_frws/install/course_works:/root/ros2_frws/install/challenge_2:/root/ros2_frws/install/basic_comms_params:/root/ros2_frws/install/basic_comms_param:/root/ros2_frws/install/basic_comms:/opt/ros/humble LD_LIBRARY_PATH=/root/ros2_frws/install/xarm_gazebo/lib:/root/ros2_frws/install/xarm_controller/lib:/root/ros2_frws/install/xarm_api/lib:/root/ros2_frws/install/xarm_sdk/lib:/root/ros2_frws/install/xarm_msgs/lib:/root/ros2_frws/install/xarm_planner/lib:/root/ros2_frws/install/xarm_moveit_servo/lib:/root/ros2_frws/install/realsense_gazebo_plugin/lib:/root/ros2_frws/install/my_msg_interfaces/lib:/usr/lib/x86_64-linux-gnu/gazebo-11/plugins:/opt/ros/humble/opt/rviz_ogre_vendor/lib:/opt/ros/humble/lib/x86_64-linux-gnu:/opt/ros/humble/lib /usr/bin/cmake --build /root/ros2_frws/build/xarm_planner -- -j16 -l16
[0.262s] [35m[1mConsolidate compiler generated dependencies of target test_xarm_planner_client_joint[0m
[0.262s] [35m[1mConsolidate compiler generated dependencies of target test_lite_gripper_realmove[0m
[0.265s] [35m[1mConsolidate compiler generated dependencies of target test_xarm_gripper_planner_client_joint[0m
[0.268s] [35m[1mConsolidate compiler generated dependencies of target test_xarm_planner_client_pose[0m
[0.287s] [35m[1mConsolidate compiler generated dependencies of target xarm_planner[0m
[0.303s] [ 27%] Built target test_xarm_planner_client_joint
[0.304s] [ 27%] Built target test_lite_gripper_realmove
[0.304s] [ 27%] Built target test_xarm_gripper_planner_client_joint
[0.308s] [ 36%] Built target test_xarm_planner_client_pose
[0.385s] [ 45%] Built target xarm_planner
[0.425s] [35m[1mConsolidate compiler generated dependencies of target test_xarm_gripper_planner_api_joint[0m
[0.425s] [35m[1mConsolidate compiler generated dependencies of target test_xarm_planner_api_joint[0m
[0.425s] [35m[1mConsolidate compiler generated dependencies of target xarm_gripper_planner_node[0m
[0.425s] [35m[1mConsolidate compiler generated dependencies of target test_dual_xarm_planner_api_joint[0m
[0.426s] [35m[1mConsolidate compiler generated dependencies of target test_xarm_planner_api_pose[0m
[0.426s] [35m[1mConsolidate compiler generated dependencies of target xarm_planner_node[0m
[0.475s] [ 63%] Built target test_xarm_planner_api_joint
[0.475s] [ 63%] Built target test_dual_xarm_planner_api_joint
[0.476s] [ 72%] Built target test_xarm_gripper_planner_api_joint
[0.477s] [ 81%] Built target xarm_gripper_planner_node
[0.477s] [ 90%] Built target test_xarm_planner_api_pose
[0.478s] [100%] Built target xarm_planner_node
[0.530s] Invoked command in '/root/ros2_frws/build/xarm_planner' returned '0': CMAKE_PREFIX_PATH=/root/ros2_frws/install/xarm_moveit_config:/root/ros2_frws/install/xarm_gazebo:/root/ros2_frws/install/xarm_controller:/root/ros2_frws/install/xarm_api:/root/ros2_frws/install/xarm_sdk:/root/ros2_frws/install/xarm_msgs:/root/ros2_frws/install/xarm_description:/root/ros2_frws/install/xarm_planner:/root/ros2_frws/install/xarm_moveit_servo:/root/ros2_frws/install/tutorial_interfaces:/root/ros2_frws/install/realsense_gazebo_plugin:/root/ros2_frws/install/my_msg_interfaces:/root/ros2_frws/install/moveit_resources_prbt_support:/root/ros2_frws/install/moveit_resources:/root/ros2_frws/install/moveit_resources_pr2_description:/root/ros2_frws/install/moveit_resources_panda_moveit_config:/root/ros2_frws/install/moveit_resources_panda_description:/root/ros2_frws/install/moveit_resources_fanuc_moveit_config:/root/ros2_frws/install/moveit_resources_fanuc_description:/root/ros2_frws/install/moveit_common:/root/ros2_frws/install/moveit_configs_utils:/root/ros2_frws/install/course_works:/root/ros2_frws/install/challenge_2:/root/ros2_frws/install/basic_comms_params:/root/ros2_frws/install/basic_comms_param:/root/ros2_frws/install/basic_comms:/opt/ros/humble LD_LIBRARY_PATH=/root/ros2_frws/install/xarm_gazebo/lib:/root/ros2_frws/install/xarm_controller/lib:/root/ros2_frws/install/xarm_api/lib:/root/ros2_frws/install/xarm_sdk/lib:/root/ros2_frws/install/xarm_msgs/lib:/root/ros2_frws/install/xarm_planner/lib:/root/ros2_frws/install/xarm_moveit_servo/lib:/root/ros2_frws/install/realsense_gazebo_plugin/lib:/root/ros2_frws/install/my_msg_interfaces/lib:/usr/lib/x86_64-linux-gnu/gazebo-11/plugins:/opt/ros/humble/opt/rviz_ogre_vendor/lib:/opt/ros/humble/lib/x86_64-linux-gnu:/opt/ros/humble/lib /usr/bin/cmake --build /root/ros2_frws/build/xarm_planner -- -j16 -l16
[0.694s] Invoking command in '/root/ros2_frws/build/xarm_planner': CMAKE_PREFIX_PATH=/root/ros2_frws/install/xarm_moveit_config:/root/ros2_frws/install/xarm_gazebo:/root/ros2_frws/install/xarm_controller:/root/ros2_frws/install/xarm_api:/root/ros2_frws/install/xarm_sdk:/root/ros2_frws/install/xarm_msgs:/root/ros2_frws/install/xarm_description:/root/ros2_frws/install/xarm_planner:/root/ros2_frws/install/xarm_moveit_servo:/root/ros2_frws/install/tutorial_interfaces:/root/ros2_frws/install/realsense_gazebo_plugin:/root/ros2_frws/install/my_msg_interfaces:/root/ros2_frws/install/moveit_resources_prbt_support:/root/ros2_frws/install/moveit_resources:/root/ros2_frws/install/moveit_resources_pr2_description:/root/ros2_frws/install/moveit_resources_panda_moveit_config:/root/ros2_frws/install/moveit_resources_panda_description:/root/ros2_frws/install/moveit_resources_fanuc_moveit_config:/root/ros2_frws/install/moveit_resources_fanuc_description:/root/ros2_frws/install/moveit_common:/root/ros2_frws/install/moveit_configs_utils:/root/ros2_frws/install/course_works:/root/ros2_frws/install/challenge_2:/root/ros2_frws/install/basic_comms_params:/root/ros2_frws/install/basic_comms_param:/root/ros2_frws/install/basic_comms:/opt/ros/humble LD_LIBRARY_PATH=/root/ros2_frws/install/xarm_gazebo/lib:/root/ros2_frws/install/xarm_controller/lib:/root/ros2_frws/install/xarm_api/lib:/root/ros2_frws/install/xarm_sdk/lib:/root/ros2_frws/install/xarm_msgs/lib:/root/ros2_frws/install/xarm_planner/lib:/root/ros2_frws/install/xarm_moveit_servo/lib:/root/ros2_frws/install/realsense_gazebo_plugin/lib:/root/ros2_frws/install/my_msg_interfaces/lib:/usr/lib/x86_64-linux-gnu/gazebo-11/plugins:/opt/ros/humble/opt/rviz_ogre_vendor/lib:/opt/ros/humble/lib/x86_64-linux-gnu:/opt/ros/humble/lib /usr/bin/cmake --install /root/ros2_frws/build/xarm_planner
[0.704s] -- Install configuration: ""
[0.704s] -- Up-to-date: /root/ros2_frws/install/xarm_planner/include
[0.704s] -- Up-to-date: /root/ros2_frws/install/xarm_planner/include/xarm_planner
[0.704s] -- Up-to-date: /root/ros2_frws/install/xarm_planner/include/xarm_planner/xarm_planner.h
[0.706s] -- Up-to-date: /root/ros2_frws/install/xarm_planner/lib/libxarm_planner.so
[0.709s] -- Up-to-date: /root/ros2_frws/install/xarm_planner/lib/xarm_planner/xarm_planner_node
[0.711s] -- Up-to-date: /root/ros2_frws/install/xarm_planner/lib/xarm_planner/xarm_gripper_planner_node
[0.713s] -- Up-to-date: /root/ros2_frws/install/xarm_planner/lib/xarm_planner/test_xarm_planner_api_joint
[0.715s] -- Up-to-date: /root/ros2_frws/install/xarm_planner/lib/xarm_planner/test_dual_xarm_planner_api_joint
[0.717s] -- Up-to-date: /root/ros2_frws/install/xarm_planner/lib/xarm_planner/test_xarm_planner_api_pose
[0.718s] -- Up-to-date: /root/ros2_frws/install/xarm_planner/lib/xarm_planner/test_xarm_gripper_planner_api_joint
[0.721s] -- Up-to-date: /root/ros2_frws/install/xarm_planner/lib/xarm_planner/test_xarm_planner_client_joint
[0.722s] -- Up-to-date: /root/ros2_frws/install/xarm_planner/lib/xarm_planner/test_xarm_planner_client_pose
[0.725s] -- Up-to-date: /root/ros2_frws/install/xarm_planner/lib/xarm_planner/test_xarm_gripper_planner_client_joint
[0.726s] -- Up-to-date: /root/ros2_frws/install/xarm_planner/lib/xarm_planner/test_lite_gripper_realmove
[0.726s] -- Up-to-date: /root/ros2_frws/install/xarm_planner/share/xarm_planner//launch
[0.727s] -- Up-to-date: /root/ros2_frws/install/xarm_planner/share/xarm_planner//launch/test_xarm_gripper_planner_api_joint.launch.py
[0.727s] -- Up-to-date: /root/ros2_frws/install/xarm_planner/share/xarm_planner//launch/xarm7_planner_gazebo.launch.py
[0.727s] -- Up-to-date: /root/ros2_frws/install/xarm_planner/share/xarm_planner//launch/lite6_planner_fake.launch.py
[0.728s] -- Up-to-date: /root/ros2_frws/install/xarm_planner/share/xarm_planner//launch/xarm7_mirror_planner_gazebo.launch.py
[0.728s] -- Up-to-date: /root/ros2_frws/install/xarm_planner/share/xarm_planner//launch/xarm5_planner_fake.launch.py
[0.728s] -- Up-to-date: /root/ros2_frws/install/xarm_planner/share/xarm_planner//launch/test_move_group.launch.py
[0.728s] -- Up-to-date: /root/ros2_frws/install/xarm_planner/share/xarm_planner//launch/test_dual_xarm_planner_api_joint.launch.py
[0.728s] -- Up-to-date: /root/ros2_frws/install/xarm_planner/share/xarm_planner//launch/uf850_planner_realmove.launch.py
[0.729s] -- Up-to-date: /root/ros2_frws/install/xarm_planner/share/xarm_planner//launch/test_xarm_planner_client_joint.launch.py
[0.729s] -- Up-to-date: /root/ros2_frws/install/xarm_planner/share/xarm_planner//launch/lite6_planner_gazebo.launch.py
[0.729s] -- Up-to-date: /root/ros2_frws/install/xarm_planner/share/xarm_planner//launch/test_xarm_planner_api_pose.launch.py
[0.729s] -- Up-to-date: /root/ros2_frws/install/xarm_planner/share/xarm_planner//launch/_dual_robot_planner.launch.py
[0.729s] -- Up-to-date: /root/ros2_frws/install/xarm_planner/share/xarm_planner//launch/xarm6_planner_gazebo.launch.py
[0.730s] -- Up-to-date: /root/ros2_frws/install/xarm_planner/share/xarm_planner//launch/xarm7_planner_fake.launch.py
[0.730s] -- Up-to-date: /root/ros2_frws/install/xarm_planner/share/xarm_planner//launch/test_xarm_planner_api_joint.launch.py
[0.730s] -- Up-to-date: /root/ros2_frws/install/xarm_planner/share/xarm_planner//launch/xarm6_planner_fake.launch.py
[0.730s] -- Up-to-date: /root/ros2_frws/install/xarm_planner/share/xarm_planner//launch/xarm6_planner_realmove.launch.py
[0.730s] -- Up-to-date: /root/ros2_frws/install/xarm_planner/share/xarm_planner//launch/xarm7_mirror_planner_realmove.launch.py
[0.730s] -- Up-to-date: /root/ros2_frws/install/xarm_planner/share/xarm_planner//launch/uf850_planner_gazebo.launch.py
[0.731s] -- Up-to-date: /root/ros2_frws/install/xarm_planner/share/xarm_planner//launch/test_lite_gripper_realmove.launch.py
[0.731s] -- Up-to-date: /root/ros2_frws/install/xarm_planner/share/xarm_planner//launch/uf850_planner_fake.launch.py
[0.731s] -- Up-to-date: /root/ros2_frws/install/xarm_planner/share/xarm_planner//launch/test_xarm_planner_client_pose.launch.py
[0.731s] -- Up-to-date: /root/ros2_frws/install/xarm_planner/share/xarm_planner//launch/xarm5_planner_realmove.launch.py
[0.731s] -- Up-to-date: /root/ros2_frws/install/xarm_planner/share/xarm_planner//launch/xarm5_planner_gazebo.launch.py
[0.731s] -- Up-to-date: /root/ros2_frws/install/xarm_planner/share/xarm_planner//launch/xarm7_mirror_planner_fake.launch.py
[0.732s] -- Up-to-date: /root/ros2_frws/install/xarm_planner/share/xarm_planner//launch/_robot_planner.launch.py
[0.732s] -- Up-to-date: /root/ros2_frws/install/xarm_planner/share/xarm_planner//launch/xarm7_planner_realmove.launch.py
[0.732s] -- Up-to-date: /root/ros2_frws/install/xarm_planner/share/xarm_planner//launch/lite6_planner_realmove.launch.py
[0.732s] -- Up-to-date: /root/ros2_frws/install/xarm_planner/share/xarm_planner//launch/test_xarm_gripper_planner_client_joint.launch.py
[0.733s] -- Up-to-date: /root/ros2_frws/install/xarm_planner/share/ament_index/resource_index/package_run_dependencies/xarm_planner
[0.733s] -- Up-to-date: /root/ros2_frws/install/xarm_planner/share/ament_index/resource_index/parent_prefix_path/xarm_planner
[0.733s] -- Up-to-date: /root/ros2_frws/install/xarm_planner/share/xarm_planner/environment/ament_prefix_path.sh
[0.733s] -- Up-to-date: /root/ros2_frws/install/xarm_planner/share/xarm_planner/environment/ament_prefix_path.dsv
[0.733s] -- Up-to-date: /root/ros2_frws/install/xarm_planner/share/xarm_planner/environment/path.sh
[0.733s] -- Up-to-date: /root/ros2_frws/install/xarm_planner/share/xarm_planner/environment/path.dsv
[0.733s] -- Up-to-date: /root/ros2_frws/install/xarm_planner/share/xarm_planner/local_setup.bash
[0.734s] -- Up-to-date: /root/ros2_frws/install/xarm_planner/share/xarm_planner/local_setup.sh
[0.734s] -- Up-to-date: /root/ros2_frws/install/xarm_planner/share/xarm_planner/local_setup.zsh
[0.734s] -- Up-to-date: /root/ros2_frws/install/xarm_planner/share/xarm_planner/local_setup.dsv
[0.734s] -- Installing: /root/ros2_frws/install/xarm_planner/share/xarm_planner/package.dsv
[0.735s] -- Up-to-date: /root/ros2_frws/install/xarm_planner/share/ament_index/resource_index/packages/xarm_planner
[0.735s] -- Up-to-date: /root/ros2_frws/install/xarm_planner/share/xarm_planner/cmake/xarm_plannerConfig.cmake
[0.735s] -- Up-to-date: /root/ros2_frws/install/xarm_planner/share/xarm_planner/cmake/xarm_plannerConfig-version.cmake
[0.735s] -- Up-to-date: /root/ros2_frws/install/xarm_planner/share/xarm_planner/package.xml
[0.736s] Invoked command in '/root/ros2_frws/build/xarm_planner' returned '0': CMAKE_PREFIX_PATH=/root/ros2_frws/install/xarm_moveit_config:/root/ros2_frws/install/xarm_gazebo:/root/ros2_frws/install/xarm_controller:/root/ros2_frws/install/xarm_api:/root/ros2_frws/install/xarm_sdk:/root/ros2_frws/install/xarm_msgs:/root/ros2_frws/install/xarm_description:/root/ros2_frws/install/xarm_planner:/root/ros2_frws/install/xarm_moveit_servo:/root/ros2_frws/install/tutorial_interfaces:/root/ros2_frws/install/realsense_gazebo_plugin:/root/ros2_frws/install/my_msg_interfaces:/root/ros2_frws/install/moveit_resources_prbt_support:/root/ros2_frws/install/moveit_resources:/root/ros2_frws/install/moveit_resources_pr2_description:/root/ros2_frws/install/moveit_resources_panda_moveit_config:/root/ros2_frws/install/moveit_resources_panda_description:/root/ros2_frws/install/moveit_resources_fanuc_moveit_config:/root/ros2_frws/install/moveit_resources_fanuc_description:/root/ros2_frws/install/moveit_common:/root/ros2_frws/install/moveit_configs_utils:/root/ros2_frws/install/course_works:/root/ros2_frws/install/challenge_2:/root/ros2_frws/install/basic_comms_params:/root/ros2_frws/install/basic_comms_param:/root/ros2_frws/install/basic_comms:/opt/ros/humble LD_LIBRARY_PATH=/root/ros2_frws/install/xarm_gazebo/lib:/root/ros2_frws/install/xarm_controller/lib:/root/ros2_frws/install/xarm_api/lib:/root/ros2_frws/install/xarm_sdk/lib:/root/ros2_frws/install/xarm_msgs/lib:/root/ros2_frws/install/xarm_planner/lib:/root/ros2_frws/install/xarm_moveit_servo/lib:/root/ros2_frws/install/realsense_gazebo_plugin/lib:/root/ros2_frws/install/my_msg_interfaces/lib:/usr/lib/x86_64-linux-gnu/gazebo-11/plugins:/opt/ros/humble/opt/rviz_ogre_vendor/lib:/opt/ros/humble/lib/x86_64-linux-gnu:/opt/ros/humble/lib /usr/bin/cmake --install /root/ros2_frws/build/xarm_planner
