[1.582s] Invoking command in '/root/ros2_frws/src/course_works': PYTHONPATH=/root/ros2_frws/build/course_works/prefix_override:/root/ros2_frws/install/course_works/lib/python3.10/site-packages:${PYTHONPATH} /usr/bin/python3 setup.py egg_info --egg-base ../../build/course_works build --build-base /root/ros2_frws/build/course_works/build install --record /root/ros2_frws/build/course_works/install.log --single-version-externally-managed
[1.775s] running egg_info
[1.787s] writing ../../build/course_works/course_works.egg-info/PKG-INFO
[1.789s] writing dependency_links to ../../build/course_works/course_works.egg-info/dependency_links.txt
[1.789s] writing entry points to ../../build/course_works/course_works.egg-info/entry_points.txt
[1.790s] writing requirements to ../../build/course_works/course_works.egg-info/requires.txt
[1.790s] writing top-level names to ../../build/course_works/course_works.egg-info/top_level.txt
[1.816s] reading manifest file '../../build/course_works/course_works.egg-info/SOURCES.txt'
[1.816s] adding license file 'LICENSE'
[1.817s] writing manifest file '../../build/course_works/course_works.egg-info/SOURCES.txt'
[1.817s] running build
[1.817s] running build_py
[1.818s] running install
[1.818s] /root/.local/lib/python3.10/site-packages/setuptools/_distutils/cmd.py:66: SetuptoolsDeprecationWarning: setup.py install is deprecated.
[1.818s] !!
[1.818s] 
[1.818s]         ********************************************************************************
[1.819s]         Please avoid running ``setup.py`` directly.
[1.819s]         Instead, use pypa/build, pypa/installer or other
[1.819s]         standards-based tools.
[1.819s] 
[1.819s]         See https://blog.ganssle.io/articles/2021/10/setup-py-deprecated.html for details.
[1.819s]         ********************************************************************************
[1.819s] 
[1.819s] !!
[1.819s]   self.initialize_options()
[1.826s] running install_lib
[1.841s] running install_data
[1.857s] running install_egg_info
[1.872s] removing '/root/ros2_frws/install/course_works/lib/python3.10/site-packages/course_works-0.0.0-py3.10.egg-info' (and everything under it)
[1.872s] Copying ../../build/course_works/course_works.egg-info to /root/ros2_frws/install/course_works/lib/python3.10/site-packages/course_works-0.0.0-py3.10.egg-info
[1.873s] running install_scripts
[2.046s] Installing process_node script to /root/ros2_frws/install/course_works/lib/course_works
[2.046s] Installing signal_generator script to /root/ros2_frws/install/course_works/lib/course_works
[2.046s] writing list of installed files to '/root/ros2_frws/build/course_works/install.log'
[2.171s] Invoked command in '/root/ros2_frws/src/course_works' returned '0': PYTHONPATH=/root/ros2_frws/build/course_works/prefix_override:/root/ros2_frws/install/course_works/lib/python3.10/site-packages:${PYTHONPATH} /usr/bin/python3 setup.py egg_info --egg-base ../../build/course_works build --build-base /root/ros2_frws/build/course_works/build install --record /root/ros2_frws/build/course_works/install.log --single-version-externally-managed
