[1.926s] Invoking command in '/root/ros2_frws/src/basic_comms': PYTHONPATH=/root/ros2_frws/build/basic_comms/prefix_override:/root/ros2_frws/install/basic_comms/lib/python3.10/site-packages:${PYTHONPATH} /usr/bin/python3 setup.py egg_info --egg-base ../../build/basic_comms build --build-base /root/ros2_frws/build/basic_comms/build install --record /root/ros2_frws/build/basic_comms/install.log --single-version-externally-managed
[2.163s] running egg_info
[2.175s] writing ../../build/basic_comms/basic_comms.egg-info/PKG-INFO
[2.176s] writing dependency_links to ../../build/basic_comms/basic_comms.egg-info/dependency_links.txt
[2.176s] writing entry points to ../../build/basic_comms/basic_comms.egg-info/entry_points.txt
[2.178s] writing requirements to ../../build/basic_comms/basic_comms.egg-info/requires.txt
[2.178s] writing top-level names to ../../build/basic_comms/basic_comms.egg-info/top_level.txt
[2.207s] reading manifest file '../../build/basic_comms/basic_comms.egg-info/SOURCES.txt'
[2.208s] writing manifest file '../../build/basic_comms/basic_comms.egg-info/SOURCES.txt'
[2.208s] running build
[2.208s] running build_py
[2.208s] running install
[2.209s] /root/.local/lib/python3.10/site-packages/setuptools/_distutils/cmd.py:66: SetuptoolsDeprecationWarning: setup.py install is deprecated.
[2.209s] !!
[2.209s] 
[2.209s]         ********************************************************************************
[2.209s]         Please avoid running ``setup.py`` directly.
[2.209s]         Instead, use pypa/build, pypa/installer or other
[2.209s]         standards-based tools.
[2.210s] 
[2.210s]         See https://blog.ganssle.io/articles/2021/10/setup-py-deprecated.html for details.
[2.210s]         ********************************************************************************
[2.210s] 
[2.210s] !!
[2.210s]   self.initialize_options()
[2.214s] running install_lib
[2.226s] running install_data
[2.239s] running install_egg_info
[2.258s] removing '/root/ros2_frws/install/basic_comms/lib/python3.10/site-packages/basic_comms-0.0.0-py3.10.egg-info' (and everything under it)
[2.258s] Copying ../../build/basic_comms/basic_comms.egg-info to /root/ros2_frws/install/basic_comms/lib/python3.10/site-packages/basic_comms-0.0.0-py3.10.egg-info
[2.260s] running install_scripts
[2.474s] Installing subscriber script to /root/ros2_frws/install/basic_comms/lib/basic_comms
[2.474s] Installing talker script to /root/ros2_frws/install/basic_comms/lib/basic_comms
[2.477s] writing list of installed files to '/root/ros2_frws/build/basic_comms/install.log'
[2.621s] Invoked command in '/root/ros2_frws/src/basic_comms' returned '0': PYTHONPATH=/root/ros2_frws/build/basic_comms/prefix_override:/root/ros2_frws/install/basic_comms/lib/python3.10/site-packages:${PYTHONPATH} /usr/bin/python3 setup.py egg_info --egg-base ../../build/basic_comms build --build-base /root/ros2_frws/build/basic_comms/build install --record /root/ros2_frws/build/basic_comms/install.log --single-version-externally-managed
