[0.415s] Invoking command in '/root/ros2_frws/build/xarm_msgs': CMAKE_PREFIX_PATH=${CMAKE_PREFIX_PATH}:/root/ros2_frws/install/course_works:/root/ros2_frws/install/challenge_2:/root/ros2_frws/install/basic_comms_params:/root/ros2_frws/install/basic_comms_param:/root/ros2_frws/install/basic_comms:/opt/ros/humble /usr/bin/cmake --build /root/ros2_frws/build/xarm_msgs -- -j16 -l16
[1.326s] [  0%] Built target xarm_msgs__cpp
[1.327s] [ 12%] Built target xarm_msgs__rosidl_generator_c
[1.327s] [ 12%] Built target ament_cmake_python_copy_xarm_msgs
[1.327s] [ 24%] Built target xarm_msgs__rosidl_typesupport_cpp
[1.327s] [ 46%] Built target xarm_msgs__rosidl_typesupport_introspection_cpp
[1.327s] [ 58%] Built target xarm_msgs__rosidl_typesupport_c
[1.328s] [ 62%] Built target xarm_msgs__rosidl_typesupport_fastrtps_cpp
[1.328s] [ 75%] Built target xarm_msgs__rosidl_typesupport_introspection_c
[1.328s] [ 88%] Built target xarm_msgs__rosidl_typesupport_fastrtps_c
[1.328s] [ 88%] Built target xarm_msgs
[1.328s] [ 88%] Built target xarm_msgs__py
[1.328s] [100%] Built target xarm_msgs__rosidl_generator_py
[1.328s] [100%] Built target xarm_msgs__rosidl_typesupport_fastrtps_c__pyext
[1.328s] [100%] Built target xarm_msgs__rosidl_typesupport_c__pyext
[1.328s] [100%] Built target xarm_msgs__rosidl_typesupport_introspection_c__pyext
[1.328s] running egg_info
[1.328s] writing xarm_msgs.egg-info/PKG-INFO
[1.328s] writing dependency_links to xarm_msgs.egg-info/dependency_links.txt
[1.329s] writing top-level names to xarm_msgs.egg-info/top_level.txt
[1.329s] reading manifest file 'xarm_msgs.egg-info/SOURCES.txt'
[1.329s] writing manifest file 'xarm_msgs.egg-info/SOURCES.txt'
[1.329s] [100%] Built target ament_cmake_python_build_xarm_msgs_egg
[1.336s] Invoked command in '/root/ros2_frws/build/xarm_msgs' returned '0': CMAKE_PREFIX_PATH=${CMAKE_PREFIX_PATH}:/root/ros2_frws/install/course_works:/root/ros2_frws/install/challenge_2:/root/ros2_frws/install/basic_comms_params:/root/ros2_frws/install/basic_comms_param:/root/ros2_frws/install/basic_comms:/opt/ros/humble /usr/bin/cmake --build /root/ros2_frws/build/xarm_msgs -- -j16 -l16
