[0.063s] Invoking command in '/root/ros2_frws/build/tutorial_interfaces': CMAKE_PREFIX_PATH=/opt/ros/humble /usr/bin/cmake --build /root/ros2_frws/build/tutorial_interfaces -- -j16 -l16
[0.081s] -- Found ament_cmake: 1.3.8 (/opt/ros/humble/share/ament_cmake/cmake)
[0.233s] [31mCMake Error at CMakeLists.txt:10 (find_package):
[0.233s]   By not providing "FindParameters.cmake" in CMAKE_MODULE_PATH this project
[0.233s]   has asked CMake to find a package configuration file provided by
[0.233s]   "Parameters", but CMake did not find one.
[0.233s] 
[0.233s]   Could not find a package configuration file provided by "Parameters" with
[0.233s]   any of the following names:
[0.234s] 
[0.234s]     ParametersConfig.cmake
[0.234s]     parameters-config.cmake
[0.234s] 
[0.234s]   Add the installation prefix of "Parameters" to CMAKE_PREFIX_PATH or set
[0.234s]   "Parameters_DIR" to a directory containing one of the above files.  If
[0.234s]   "Parameters" provides a separate development package or SDK, be sure it has
[0.234s]   been installed.
[0.234s] 
[0.234s] [0m
[0.234s] -- Configuring incomplete, errors occurred!
[0.234s] See also "/root/ros2_frws/build/tutorial_interfaces/CMakeFiles/CMakeOutput.log".
[0.236s] gmake: *** [Makefile:226: cmake_check_build_system] Error 1
[0.238s] Invoked command in '/root/ros2_frws/build/tutorial_interfaces' returned '2': CMAKE_PREFIX_PATH=/opt/ros/humble /usr/bin/cmake --build /root/ros2_frws/build/tutorial_interfaces -- -j16 -l16
