[0.079s] Invoking command in '/root/ros2_frws/build/xarm_api': CMAKE_PREFIX_PATH=/root/ros2_frws/install/xarm_sdk:/root/ros2_frws/install/xarm_msgs:/root/ros2_frws/install/xarm_description:/root/ros2_frws/install/xarm_planner:/root/ros2_frws/install/xarm_moveit_servo:/root/ros2_frws/install/xarm_moveit_config:/root/ros2_frws/install/xarm_gazebo:/root/ros2_frws/install/xarm_controller:/root/ros2_frws/install/xarm_api:/root/ros2_frws/install/tutorial_interfaces:/root/ros2_frws/install/realsense_gazebo_plugin:/root/ros2_frws/install/my_msg_interfaces:/root/ros2_frws/install/moveit_resources_prbt_support:/root/ros2_frws/install/moveit_resources:/root/ros2_frws/install/moveit_resources_pr2_description:/root/ros2_frws/install/moveit_resources_panda_moveit_config:/root/ros2_frws/install/moveit_resources_panda_description:/root/ros2_frws/install/moveit_resources_fanuc_moveit_config:/root/ros2_frws/install/moveit_resources_fanuc_description:/root/ros2_frws/install/moveit_common:/root/ros2_frws/install/challenge_2:/root/ros2_frws/install/moveit_configs_utils:/root/ros2_frws/install/course_works:/root/ros2_frws/install/basic_comms_params:/root/ros2_frws/install/basic_comms_param:/root/ros2_frws/install/basic_comms:/opt/ros/humble LD_LIBRARY_PATH=/root/ros2_frws/install/xarm_sdk/lib:/root/ros2_frws/install/xarm_msgs/lib:/root/ros2_frws/install/xarm_planner/lib:/root/ros2_frws/install/xarm_moveit_servo/lib:/root/ros2_frws/install/xarm_gazebo/lib:/root/ros2_frws/install/xarm_controller/lib:/root/ros2_frws/install/xarm_api/lib:/root/ros2_frws/install/realsense_gazebo_plugin/lib:/root/ros2_frws/install/my_msg_interfaces/lib:/usr/lib/x86_64-linux-gnu/gazebo-11/plugins:/opt/ros/humble/opt/rviz_ogre_vendor/lib:/opt/ros/humble/lib/x86_64-linux-gnu:/opt/ros/humble/lib /usr/bin/cmake --build /root/ros2_frws/build/xarm_api -- -j16 -l16
[0.135s] [ 30%] Built target xarm_ros_client
[0.135s] [ 30%] Built target test_robot_states
[0.137s] [ 53%] Built target xarm_ros_driver
[0.160s] [ 69%] Built target test_xarm_ros_client
[0.160s] [ 84%] Built target test_xarm_velo_move
[0.161s] [100%] Built target xarm_driver_node
[0.171s] Invoked command in '/root/ros2_frws/build/xarm_api' returned '0': CMAKE_PREFIX_PATH=/root/ros2_frws/install/xarm_sdk:/root/ros2_frws/install/xarm_msgs:/root/ros2_frws/install/xarm_description:/root/ros2_frws/install/xarm_planner:/root/ros2_frws/install/xarm_moveit_servo:/root/ros2_frws/install/xarm_moveit_config:/root/ros2_frws/install/xarm_gazebo:/root/ros2_frws/install/xarm_controller:/root/ros2_frws/install/xarm_api:/root/ros2_frws/install/tutorial_interfaces:/root/ros2_frws/install/realsense_gazebo_plugin:/root/ros2_frws/install/my_msg_interfaces:/root/ros2_frws/install/moveit_resources_prbt_support:/root/ros2_frws/install/moveit_resources:/root/ros2_frws/install/moveit_resources_pr2_description:/root/ros2_frws/install/moveit_resources_panda_moveit_config:/root/ros2_frws/install/moveit_resources_panda_description:/root/ros2_frws/install/moveit_resources_fanuc_moveit_config:/root/ros2_frws/install/moveit_resources_fanuc_description:/root/ros2_frws/install/moveit_common:/root/ros2_frws/install/challenge_2:/root/ros2_frws/install/moveit_configs_utils:/root/ros2_frws/install/course_works:/root/ros2_frws/install/basic_comms_params:/root/ros2_frws/install/basic_comms_param:/root/ros2_frws/install/basic_comms:/opt/ros/humble LD_LIBRARY_PATH=/root/ros2_frws/install/xarm_sdk/lib:/root/ros2_frws/install/xarm_msgs/lib:/root/ros2_frws/install/xarm_planner/lib:/root/ros2_frws/install/xarm_moveit_servo/lib:/root/ros2_frws/install/xarm_gazebo/lib:/root/ros2_frws/install/xarm_controller/lib:/root/ros2_frws/install/xarm_api/lib:/root/ros2_frws/install/realsense_gazebo_plugin/lib:/root/ros2_frws/install/my_msg_interfaces/lib:/usr/lib/x86_64-linux-gnu/gazebo-11/plugins:/opt/ros/humble/opt/rviz_ogre_vendor/lib:/opt/ros/humble/lib/x86_64-linux-gnu:/opt/ros/humble/lib /usr/bin/cmake --build /root/ros2_frws/build/xarm_api -- -j16 -l16
[0.216s] Invoking command in '/root/ros2_frws/build/xarm_api': CMAKE_PREFIX_PATH=/root/ros2_frws/install/xarm_sdk:/root/ros2_frws/install/xarm_msgs:/root/ros2_frws/install/xarm_description:/root/ros2_frws/install/xarm_planner:/root/ros2_frws/install/xarm_moveit_servo:/root/ros2_frws/install/xarm_moveit_config:/root/ros2_frws/install/xarm_gazebo:/root/ros2_frws/install/xarm_controller:/root/ros2_frws/install/xarm_api:/root/ros2_frws/install/tutorial_interfaces:/root/ros2_frws/install/realsense_gazebo_plugin:/root/ros2_frws/install/my_msg_interfaces:/root/ros2_frws/install/moveit_resources_prbt_support:/root/ros2_frws/install/moveit_resources:/root/ros2_frws/install/moveit_resources_pr2_description:/root/ros2_frws/install/moveit_resources_panda_moveit_config:/root/ros2_frws/install/moveit_resources_panda_description:/root/ros2_frws/install/moveit_resources_fanuc_moveit_config:/root/ros2_frws/install/moveit_resources_fanuc_description:/root/ros2_frws/install/moveit_common:/root/ros2_frws/install/challenge_2:/root/ros2_frws/install/moveit_configs_utils:/root/ros2_frws/install/course_works:/root/ros2_frws/install/basic_comms_params:/root/ros2_frws/install/basic_comms_param:/root/ros2_frws/install/basic_comms:/opt/ros/humble LD_LIBRARY_PATH=/root/ros2_frws/install/xarm_sdk/lib:/root/ros2_frws/install/xarm_msgs/lib:/root/ros2_frws/install/xarm_planner/lib:/root/ros2_frws/install/xarm_moveit_servo/lib:/root/ros2_frws/install/xarm_gazebo/lib:/root/ros2_frws/install/xarm_controller/lib:/root/ros2_frws/install/xarm_api/lib:/root/ros2_frws/install/realsense_gazebo_plugin/lib:/root/ros2_frws/install/my_msg_interfaces/lib:/usr/lib/x86_64-linux-gnu/gazebo-11/plugins:/opt/ros/humble/opt/rviz_ogre_vendor/lib:/opt/ros/humble/lib/x86_64-linux-gnu:/opt/ros/humble/lib /usr/bin/cmake --install /root/ros2_frws/build/xarm_api
[0.223s] -- Install configuration: "Release"
[0.223s] -- Up-to-date: /root/ros2_frws/install/xarm_api/share/xarm_api/environment/library_path.sh
[0.223s] -- Up-to-date: /root/ros2_frws/install/xarm_api/share/xarm_api/environment/library_path.dsv
[0.223s] -- Up-to-date: /root/ros2_frws/install/xarm_api/include
[0.223s] -- Up-to-date: /root/ros2_frws/install/xarm_api/include/xarm_api
[0.223s] -- Up-to-date: /root/ros2_frws/install/xarm_api/include/xarm_api/visibility_control.h
[0.224s] -- Up-to-date: /root/ros2_frws/install/xarm_api/include/xarm_api/xarm_driver.h
[0.224s] -- Up-to-date: /root/ros2_frws/install/xarm_api/include/xarm_api/xarm_msgs.h
[0.224s] -- Up-to-date: /root/ros2_frws/install/xarm_api/include/xarm_api/xarm_ros_client.h
[0.224s] -- Up-to-date: /root/ros2_frws/install/xarm_api/lib/libxarm_ros_driver.so
[0.224s] -- Up-to-date: /root/ros2_frws/install/xarm_api/lib/libxarm_ros_client.so
[0.224s] -- Up-to-date: /root/ros2_frws/install/xarm_api/lib/xarm_api/xarm_driver_node
[0.224s] -- Up-to-date: /root/ros2_frws/install/xarm_api/lib/xarm_api/test_xarm_ros_client
[0.224s] -- Up-to-date: /root/ros2_frws/install/xarm_api/lib/xarm_api/test_xarm_velo_move
[0.225s] -- Up-to-date: /root/ros2_frws/install/xarm_api/lib/xarm_api/test_robot_states
[0.225s] -- Up-to-date: /root/ros2_frws/install/xarm_api/share/xarm_api//launch
[0.225s] -- Up-to-date: /root/ros2_frws/install/xarm_api/share/xarm_api//launch/_robot_driver.launch.py
[0.225s] -- Up-to-date: /root/ros2_frws/install/xarm_api/share/xarm_api//launch/lib
[0.226s] -- Up-to-date: /root/ros2_frws/install/xarm_api/share/xarm_api//launch/lib/robot_api_lib.py
[0.226s] -- Up-to-date: /root/ros2_frws/install/xarm_api/share/xarm_api//launch/uf850_driver.launch.py
[0.226s] -- Up-to-date: /root/ros2_frws/install/xarm_api/share/xarm_api//launch/xarm6_driver.launch.py
[0.226s] -- Up-to-date: /root/ros2_frws/install/xarm_api/share/xarm_api//launch/lite6_driver.launch.py
[0.226s] -- Up-to-date: /root/ros2_frws/install/xarm_api/share/xarm_api//launch/xarm7_driver.launch.py
[0.226s] -- Up-to-date: /root/ros2_frws/install/xarm_api/share/xarm_api//launch/xarm5_driver.launch.py
[0.226s] -- Up-to-date: /root/ros2_frws/install/xarm_api/share/xarm_api//config
[0.226s] -- Up-to-date: /root/ros2_frws/install/xarm_api/share/xarm_api//config/xarm_params.yaml
[0.226s] -- Up-to-date: /root/ros2_frws/install/xarm_api/share/ament_index/resource_index/package_run_dependencies/xarm_api
[0.227s] -- Up-to-date: /root/ros2_frws/install/xarm_api/share/ament_index/resource_index/parent_prefix_path/xarm_api
[0.227s] -- Up-to-date: /root/ros2_frws/install/xarm_api/share/xarm_api/environment/ament_prefix_path.sh
[0.227s] -- Up-to-date: /root/ros2_frws/install/xarm_api/share/xarm_api/environment/ament_prefix_path.dsv
[0.227s] -- Up-to-date: /root/ros2_frws/install/xarm_api/share/xarm_api/environment/path.sh
[0.227s] -- Up-to-date: /root/ros2_frws/install/xarm_api/share/xarm_api/environment/path.dsv
[0.227s] -- Up-to-date: /root/ros2_frws/install/xarm_api/share/xarm_api/local_setup.bash
[0.227s] -- Up-to-date: /root/ros2_frws/install/xarm_api/share/xarm_api/local_setup.sh
[0.227s] -- Up-to-date: /root/ros2_frws/install/xarm_api/share/xarm_api/local_setup.zsh
[0.227s] -- Up-to-date: /root/ros2_frws/install/xarm_api/share/xarm_api/local_setup.dsv
[0.228s] -- Installing: /root/ros2_frws/install/xarm_api/share/xarm_api/package.dsv
[0.228s] -- Up-to-date: /root/ros2_frws/install/xarm_api/share/ament_index/resource_index/packages/xarm_api
[0.228s] -- Up-to-date: /root/ros2_frws/install/xarm_api/share/xarm_api/cmake/ament_cmake_export_libraries-extras.cmake
[0.228s] -- Up-to-date: /root/ros2_frws/install/xarm_api/share/xarm_api/cmake/ament_cmake_export_include_directories-extras.cmake
[0.228s] -- Up-to-date: /root/ros2_frws/install/xarm_api/share/xarm_api/cmake/xarm_apiConfig.cmake
[0.229s] -- Up-to-date: /root/ros2_frws/install/xarm_api/share/xarm_api/cmake/xarm_apiConfig-version.cmake
[0.229s] -- Up-to-date: /root/ros2_frws/install/xarm_api/share/xarm_api/package.xml
[0.230s] Invoked command in '/root/ros2_frws/build/xarm_api' returned '0': CMAKE_PREFIX_PATH=/root/ros2_frws/install/xarm_sdk:/root/ros2_frws/install/xarm_msgs:/root/ros2_frws/install/xarm_description:/root/ros2_frws/install/xarm_planner:/root/ros2_frws/install/xarm_moveit_servo:/root/ros2_frws/install/xarm_moveit_config:/root/ros2_frws/install/xarm_gazebo:/root/ros2_frws/install/xarm_controller:/root/ros2_frws/install/xarm_api:/root/ros2_frws/install/tutorial_interfaces:/root/ros2_frws/install/realsense_gazebo_plugin:/root/ros2_frws/install/my_msg_interfaces:/root/ros2_frws/install/moveit_resources_prbt_support:/root/ros2_frws/install/moveit_resources:/root/ros2_frws/install/moveit_resources_pr2_description:/root/ros2_frws/install/moveit_resources_panda_moveit_config:/root/ros2_frws/install/moveit_resources_panda_description:/root/ros2_frws/install/moveit_resources_fanuc_moveit_config:/root/ros2_frws/install/moveit_resources_fanuc_description:/root/ros2_frws/install/moveit_common:/root/ros2_frws/install/challenge_2:/root/ros2_frws/install/moveit_configs_utils:/root/ros2_frws/install/course_works:/root/ros2_frws/install/basic_comms_params:/root/ros2_frws/install/basic_comms_param:/root/ros2_frws/install/basic_comms:/opt/ros/humble LD_LIBRARY_PATH=/root/ros2_frws/install/xarm_sdk/lib:/root/ros2_frws/install/xarm_msgs/lib:/root/ros2_frws/install/xarm_planner/lib:/root/ros2_frws/install/xarm_moveit_servo/lib:/root/ros2_frws/install/xarm_gazebo/lib:/root/ros2_frws/install/xarm_controller/lib:/root/ros2_frws/install/xarm_api/lib:/root/ros2_frws/install/realsense_gazebo_plugin/lib:/root/ros2_frws/install/my_msg_interfaces/lib:/usr/lib/x86_64-linux-gnu/gazebo-11/plugins:/opt/ros/humble/opt/rviz_ogre_vendor/lib:/opt/ros/humble/lib/x86_64-linux-gnu:/opt/ros/humble/lib /usr/bin/cmake --install /root/ros2_frws/build/xarm_api
