[1.734s] Invoking command in '/root/ros2_frws/src/challenge_2': CMAKE_PREFIX_PATH=/root/ros2_frws/install/my_msg_interfaces:/root/ros2_frws/install/xarm_planner:/root/ros2_frws/install/xarm_moveit_servo:/root/ros2_frws/install/xarm_moveit_config:/root/ros2_frws/install/xarm_gazebo:/root/ros2_frws/install/xarm_controller:/root/ros2_frws/install/xarm_api:/root/ros2_frws/install/xarm_sdk:/root/ros2_frws/install/xarm_msgs:/root/ros2_frws/install/xarm_description:/root/ros2_frws/install/realsense_gazebo_plugin LD_LIBRARY_PATH=/root/ros2_frws/install/my_msg_interfaces/lib:/root/ros2_frws/install/xarm_planner/lib:/root/ros2_frws/install/xarm_moveit_servo/lib:/root/ros2_frws/install/xarm_gazebo/lib:/root/ros2_frws/install/xarm_controller/lib:/root/ros2_frws/install/xarm_api/lib:/root/ros2_frws/install/xarm_sdk/lib:/root/ros2_frws/install/xarm_msgs/lib:/root/ros2_frws/install/realsense_gazebo_plugin/lib:/usr/lib/x86_64-linux-gnu/gazebo-11/plugins:/opt/ros/humble/opt/rviz_ogre_vendor/lib:/opt/ros/humble/lib/x86_64-linux-gnu:/opt/ros/humble/lib PYTHONPATH=/root/ros2_frws/build/challenge_2/prefix_override:/root/ros2_frws/install/challenge_2/lib/python3.10/site-packages:${PYTHONPATH} /usr/bin/python3 setup.py egg_info --egg-base ../../build/challenge_2 build --build-base /root/ros2_frws/build/challenge_2/build install --record /root/ros2_frws/build/challenge_2/install.log --single-version-externally-managed
[2.069s] running egg_info
[2.093s] writing ../../build/challenge_2/challenge_2.egg-info/PKG-INFO
[2.094s] writing dependency_links to ../../build/challenge_2/challenge_2.egg-info/dependency_links.txt
[2.094s] writing entry points to ../../build/challenge_2/challenge_2.egg-info/entry_points.txt
[2.095s] writing requirements to ../../build/challenge_2/challenge_2.egg-info/requires.txt
[2.096s] writing top-level names to ../../build/challenge_2/challenge_2.egg-info/top_level.txt
[2.169s] reading manifest file '../../build/challenge_2/challenge_2.egg-info/SOURCES.txt'
[2.170s] adding license file 'LICENSE'
[2.171s] writing manifest file '../../build/challenge_2/challenge_2.egg-info/SOURCES.txt'
[2.171s] running build
[2.171s] running build_py
[2.172s] running install
[2.172s] /root/.local/lib/python3.10/site-packages/setuptools/_distutils/cmd.py:66: SetuptoolsDeprecationWarning: setup.py install is deprecated.
[2.173s] !!
[2.173s] 
[2.173s]         ********************************************************************************
[2.173s]         Please avoid running ``setup.py`` directly.
[2.173s]         Instead, use pypa/build, pypa/installer or other
[2.174s]         standards-based tools.
[2.174s] 
[2.174s]         See https://blog.ganssle.io/articles/2021/10/setup-py-deprecated.html for details.
[2.174s]         ********************************************************************************
[2.174s] 
[2.174s] !!
[2.175s]   self.initialize_options()
[2.182s] running install_lib
[2.210s] running install_data
[2.235s] running install_egg_info
[2.259s] removing '/root/ros2_frws/install/challenge_2/lib/python3.10/site-packages/challenge_2-0.0.0-py3.10.egg-info' (and everything under it)
[2.260s] Copying ../../build/challenge_2/challenge_2.egg-info to /root/ros2_frws/install/challenge_2/lib/python3.10/site-packages/challenge_2-0.0.0-py3.10.egg-info
[2.262s] running install_scripts
[2.498s] Installing signal_generator script to /root/ros2_frws/install/challenge_2/lib/challenge_2
[2.499s] writing list of installed files to '/root/ros2_frws/build/challenge_2/install.log'
[2.550s] Invoked command in '/root/ros2_frws/src/challenge_2' returned '0': CMAKE_PREFIX_PATH=/root/ros2_frws/install/my_msg_interfaces:/root/ros2_frws/install/xarm_planner:/root/ros2_frws/install/xarm_moveit_servo:/root/ros2_frws/install/xarm_moveit_config:/root/ros2_frws/install/xarm_gazebo:/root/ros2_frws/install/xarm_controller:/root/ros2_frws/install/xarm_api:/root/ros2_frws/install/xarm_sdk:/root/ros2_frws/install/xarm_msgs:/root/ros2_frws/install/xarm_description:/root/ros2_frws/install/realsense_gazebo_plugin LD_LIBRARY_PATH=/root/ros2_frws/install/my_msg_interfaces/lib:/root/ros2_frws/install/xarm_planner/lib:/root/ros2_frws/install/xarm_moveit_servo/lib:/root/ros2_frws/install/xarm_gazebo/lib:/root/ros2_frws/install/xarm_controller/lib:/root/ros2_frws/install/xarm_api/lib:/root/ros2_frws/install/xarm_sdk/lib:/root/ros2_frws/install/xarm_msgs/lib:/root/ros2_frws/install/realsense_gazebo_plugin/lib:/usr/lib/x86_64-linux-gnu/gazebo-11/plugins:/opt/ros/humble/opt/rviz_ogre_vendor/lib:/opt/ros/humble/lib/x86_64-linux-gnu:/opt/ros/humble/lib PYTHONPATH=/root/ros2_frws/build/challenge_2/prefix_override:/root/ros2_frws/install/challenge_2/lib/python3.10/site-packages:${PYTHONPATH} /usr/bin/python3 setup.py egg_info --egg-base ../../build/challenge_2 build --build-base /root/ros2_frws/build/challenge_2/build install --record /root/ros2_frws/build/challenge_2/install.log --single-version-externally-managed
