[0.838s] Invoking command in '/root/ros2_frws/src/challenge_2': CMAKE_PREFIX_PATH=/root/ros2_frws/install/my_msg_interfaces:/root/ros2_frws/install/xarm_planner:/root/ros2_frws/install/xarm_moveit_servo:/root/ros2_frws/install/xarm_moveit_config:/root/ros2_frws/install/xarm_gazebo:/root/ros2_frws/install/xarm_controller:/root/ros2_frws/install/xarm_api:/root/ros2_frws/install/xarm_sdk:/root/ros2_frws/install/xarm_msgs:/root/ros2_frws/install/xarm_description:/root/ros2_frws/install/tutorial_interfaces:/root/ros2_frws/install/realsense_gazebo_plugin:/root/ros2_frws/install/moveit_resources_prbt_support:/root/ros2_frws/install/moveit_resources:/root/ros2_frws/install/moveit_resources_pr2_description:/root/ros2_frws/install/moveit_resources_panda_moveit_config:/root/ros2_frws/install/moveit_resources_panda_description:/root/ros2_frws/install/moveit_resources_fanuc_moveit_config:/root/ros2_frws/install/moveit_resources_fanuc_description:/root/ros2_frws/install/moveit_common LD_LIBRARY_PATH=/root/ros2_frws/install/my_msg_interfaces/lib:/root/ros2_frws/install/xarm_planner/lib:/root/ros2_frws/install/xarm_moveit_servo/lib:/root/ros2_frws/install/xarm_gazebo/lib:/root/ros2_frws/install/xarm_controller/lib:/root/ros2_frws/install/xarm_api/lib:/root/ros2_frws/install/xarm_sdk/lib:/root/ros2_frws/install/xarm_msgs/lib:/root/ros2_frws/install/realsense_gazebo_plugin/lib:/usr/lib/x86_64-linux-gnu/gazebo-11/plugins:/opt/ros/humble/opt/rviz_ogre_vendor/lib:/opt/ros/humble/lib/x86_64-linux-gnu:/opt/ros/humble/lib PYTHONPATH=/root/ros2_frws/build/challenge_2/prefix_override:/root/ros2_frws/install/challenge_2/lib/python3.10/site-packages:${PYTHONPATH} /usr/bin/python3 setup.py egg_info --egg-base ../../build/challenge_2 build --build-base /root/ros2_frws/build/challenge_2/build install --record /root/ros2_frws/build/challenge_2/install.log --single-version-externally-managed
[1.020s] running egg_info
[1.033s] writing ../../build/challenge_2/challenge_2.egg-info/PKG-INFO
[1.034s] writing dependency_links to ../../build/challenge_2/challenge_2.egg-info/dependency_links.txt
[1.034s] writing entry points to ../../build/challenge_2/challenge_2.egg-info/entry_points.txt
[1.034s] writing requirements to ../../build/challenge_2/challenge_2.egg-info/requires.txt
[1.035s] writing top-level names to ../../build/challenge_2/challenge_2.egg-info/top_level.txt
[1.057s] reading manifest file '../../build/challenge_2/challenge_2.egg-info/SOURCES.txt'
[1.058s] adding license file 'LICENSE'
[1.058s] writing manifest file '../../build/challenge_2/challenge_2.egg-info/SOURCES.txt'
[1.058s] running build
[1.059s] running build_py
[1.059s] copying challenge_2/signal_generator.py -> /root/ros2_frws/build/challenge_2/build/lib/challenge_2
[1.059s] running install
[1.060s] /root/.local/lib/python3.10/site-packages/setuptools/_distutils/cmd.py:66: SetuptoolsDeprecationWarning: setup.py install is deprecated.
[1.060s] !!
[1.060s] 
[1.060s]         ********************************************************************************
[1.060s]         Please avoid running ``setup.py`` directly.
[1.060s]         Instead, use pypa/build, pypa/installer or other
[1.060s]         standards-based tools.
[1.060s] 
[1.060s]         See https://blog.ganssle.io/articles/2021/10/setup-py-deprecated.html for details.
[1.060s]         ********************************************************************************
[1.061s] 
[1.061s] !!
[1.061s]   self.initialize_options()
[1.065s] running install_lib
[1.077s] copying /root/ros2_frws/build/challenge_2/build/lib/challenge_2/signal_generator.py -> /root/ros2_frws/install/challenge_2/lib/python3.10/site-packages/challenge_2
[1.078s] byte-compiling /root/ros2_frws/install/challenge_2/lib/python3.10/site-packages/challenge_2/signal_generator.py to signal_generator.cpython-310.pyc
[1.079s] running install_data
[1.090s] copying package.xml -> /root/ros2_frws/install/challenge_2/share/challenge_2
[1.090s] running install_egg_info
[1.105s] removing '/root/ros2_frws/install/challenge_2/lib/python3.10/site-packages/challenge_2-0.0.0-py3.10.egg-info' (and everything under it)
[1.105s] Copying ../../build/challenge_2/challenge_2.egg-info to /root/ros2_frws/install/challenge_2/lib/python3.10/site-packages/challenge_2-0.0.0-py3.10.egg-info
[1.106s] running install_scripts
[1.227s] Installing signal_generator script to /root/ros2_frws/install/challenge_2/lib/challenge_2
[1.228s] writing list of installed files to '/root/ros2_frws/build/challenge_2/install.log'
[1.323s] Invoked command in '/root/ros2_frws/src/challenge_2' returned '0': CMAKE_PREFIX_PATH=/root/ros2_frws/install/my_msg_interfaces:/root/ros2_frws/install/xarm_planner:/root/ros2_frws/install/xarm_moveit_servo:/root/ros2_frws/install/xarm_moveit_config:/root/ros2_frws/install/xarm_gazebo:/root/ros2_frws/install/xarm_controller:/root/ros2_frws/install/xarm_api:/root/ros2_frws/install/xarm_sdk:/root/ros2_frws/install/xarm_msgs:/root/ros2_frws/install/xarm_description:/root/ros2_frws/install/tutorial_interfaces:/root/ros2_frws/install/realsense_gazebo_plugin:/root/ros2_frws/install/moveit_resources_prbt_support:/root/ros2_frws/install/moveit_resources:/root/ros2_frws/install/moveit_resources_pr2_description:/root/ros2_frws/install/moveit_resources_panda_moveit_config:/root/ros2_frws/install/moveit_resources_panda_description:/root/ros2_frws/install/moveit_resources_fanuc_moveit_config:/root/ros2_frws/install/moveit_resources_fanuc_description:/root/ros2_frws/install/moveit_common LD_LIBRARY_PATH=/root/ros2_frws/install/my_msg_interfaces/lib:/root/ros2_frws/install/xarm_planner/lib:/root/ros2_frws/install/xarm_moveit_servo/lib:/root/ros2_frws/install/xarm_gazebo/lib:/root/ros2_frws/install/xarm_controller/lib:/root/ros2_frws/install/xarm_api/lib:/root/ros2_frws/install/xarm_sdk/lib:/root/ros2_frws/install/xarm_msgs/lib:/root/ros2_frws/install/realsense_gazebo_plugin/lib:/usr/lib/x86_64-linux-gnu/gazebo-11/plugins:/opt/ros/humble/opt/rviz_ogre_vendor/lib:/opt/ros/humble/lib/x86_64-linux-gnu:/opt/ros/humble/lib PYTHONPATH=/root/ros2_frws/build/challenge_2/prefix_override:/root/ros2_frws/install/challenge_2/lib/python3.10/site-packages:${PYTHONPATH} /usr/bin/python3 setup.py egg_info --egg-base ../../build/challenge_2 build --build-base /root/ros2_frws/build/challenge_2/build install --record /root/ros2_frws/build/challenge_2/install.log --single-version-externally-managed
