[3.136s] Invoking command in '/root/ros2_frws/src/basic_comms': PYTHONPATH=/root/ros2_frws/build/basic_comms/prefix_override:/root/ros2_frws/install/basic_comms/lib/python3.10/site-packages:${PYTHONPATH} /usr/bin/python3 setup.py egg_info --egg-base ../../build/basic_comms build --build-base /root/ros2_frws/build/basic_comms/build install --record /root/ros2_frws/build/basic_comms/install.log --single-version-externally-managed
[3.522s] running egg_info
[3.551s] writing ../../build/basic_comms/basic_comms.egg-info/PKG-INFO
[3.552s] writing dependency_links to ../../build/basic_comms/basic_comms.egg-info/dependency_links.txt
[3.552s] writing entry points to ../../build/basic_comms/basic_comms.egg-info/entry_points.txt
[3.553s] writing requirements to ../../build/basic_comms/basic_comms.egg-info/requires.txt
[3.553s] writing top-level names to ../../build/basic_comms/basic_comms.egg-info/top_level.txt
[3.610s] reading manifest file '../../build/basic_comms/basic_comms.egg-info/SOURCES.txt'
[3.611s] writing manifest file '../../build/basic_comms/basic_comms.egg-info/SOURCES.txt'
[3.612s] running build
[3.612s] running build_py
[3.612s] running install
[3.614s] /root/.local/lib/python3.10/site-packages/setuptools/_distutils/cmd.py:66: SetuptoolsDeprecationWarning: setup.py install is deprecated.
[3.614s] !!
[3.614s] 
[3.614s]         ********************************************************************************
[3.614s]         Please avoid running ``setup.py`` directly.
[3.614s]         Instead, use pypa/build, pypa/installer or other
[3.614s]         standards-based tools.
[3.615s] 
[3.615s]         See https://blog.ganssle.io/articles/2021/10/setup-py-deprecated.html for details.
[3.615s]         ********************************************************************************
[3.615s] 
[3.616s] !!
[3.616s]   self.initialize_options()
[3.626s] running install_lib
[3.651s] running install_data
[3.676s] running install_egg_info
[3.709s] removing '/root/ros2_frws/install/basic_comms/lib/python3.10/site-packages/basic_comms-0.0.0-py3.10.egg-info' (and everything under it)
[3.710s] Copying ../../build/basic_comms/basic_comms.egg-info to /root/ros2_frws/install/basic_comms/lib/python3.10/site-packages/basic_comms-0.0.0-py3.10.egg-info
[3.711s] running install_scripts
[3.948s] Installing subscriber script to /root/ros2_frws/install/basic_comms/lib/basic_comms
[3.949s] Installing talker script to /root/ros2_frws/install/basic_comms/lib/basic_comms
[3.949s] writing list of installed files to '/root/ros2_frws/build/basic_comms/install.log'
