[0.086s] Invoking command in '/root/ros2_frws/build/tutorial_interfaces': CMAKE_PREFIX_PATH=/opt/ros/humble /usr/bin/cmake --build /root/ros2_frws/build/tutorial_interfaces -- -j16 -l16
[0.107s] -- Found ament_cmake: 1.3.8 (/opt/ros/humble/share/ament_cmake/cmake)
[0.270s] [31mCMake Error at CMakeLists.txt:10 (find_package):
[0.270s]   By not providing "Findsignal_params.cmake" in CMAKE_MODULE_PATH this
[0.270s]   project has asked CMake to find a package configuration file provided by
[0.270s]   "signal_params", but CMake did not find one.
[0.270s] 
[0.270s]   Could not find a package configuration file provided by "signal_params"
[0.270s]   with any of the following names:
[0.270s] 
[0.270s]     signal_paramsConfig.cmake
[0.270s]     signal_params-config.cmake
[0.270s] 
[0.270s]   Add the installation prefix of "signal_params" to CMAKE_PREFIX_PATH or set
[0.270s]   "signal_params_DIR" to a directory containing one of the above files.  If
[0.270s]   "signal_params" provides a separate development package or SDK, be sure it
[0.271s]   has been installed.
[0.271s] 
[0.271s] [0m
[0.271s] -- Configuring incomplete, errors occurred!
[0.271s] See also "/root/ros2_frws/build/tutorial_interfaces/CMakeFiles/CMakeOutput.log".
[0.272s] gmake: *** [Makefile:226: cmake_check_build_system] Error 1
[0.277s] Invoked command in '/root/ros2_frws/build/tutorial_interfaces' returned '2': CMAKE_PREFIX_PATH=/opt/ros/humble /usr/bin/cmake --build /root/ros2_frws/build/tutorial_interfaces -- -j16 -l16
