running egg_info
writing ../../build/basic_comms/basic_comms.egg-info/PKG-INFO
writing dependency_links to ../../build/basic_comms/basic_comms.egg-info/dependency_links.txt
writing entry points to ../../build/basic_comms/basic_comms.egg-info/entry_points.txt
writing requirements to ../../build/basic_comms/basic_comms.egg-info/requires.txt
writing top-level names to ../../build/basic_comms/basic_comms.egg-info/top_level.txt
reading manifest file '../../build/basic_comms/basic_comms.egg-info/SOURCES.txt'
writing manifest file '../../build/basic_comms/basic_comms.egg-info/SOURCES.txt'
running build
running build_py
running install
running install_lib
/root/.local/lib/python3.10/site-packages/setuptools/_distutils/cmd.py:66: SetuptoolsDeprecationWarning: setup.py install is deprecated.
!!

        ********************************************************************************
        Please avoid running ``setup.py`` directly.
        Instead, use pypa/build, pypa/installer or other
        standards-based tools.

        See https://blog.ganssle.io/articles/2021/10/setup-py-deprecated.html for details.
        ********************************************************************************

!!
  self.initialize_options()
running install_data
running install_egg_info
removing '/root/ros2_frws/install/basic_comms/lib/python3.10/site-packages/basic_comms-0.0.0-py3.10.egg-info' (and everything under it)
Copying ../../build/basic_comms/basic_comms.egg-info to /root/ros2_frws/install/basic_comms/lib/python3.10/site-packages/basic_comms-0.0.0-py3.10.egg-info
running install_scripts
Installing subscriber script to /root/ros2_frws/install/basic_comms/lib/basic_comms
Installing talker script to /root/ros2_frws/install/basic_comms/lib/basic_comms
writing list of installed files to '/root/ros2_frws/build/basic_comms/install.log'
