[1.703s] Invoking command in '/root/ros2_frws/src/course_works': PYTHONPATH=/root/ros2_frws/build/course_works/prefix_override:/root/ros2_frws/install/course_works/lib/python3.10/site-packages:${PYTHONPATH} /usr/bin/python3 setup.py egg_info --egg-base ../../build/course_works build --build-base /root/ros2_frws/build/course_works/build install --record /root/ros2_frws/build/course_works/install.log --single-version-externally-managed
[1.944s] running egg_info
[1.958s] writing ../../build/course_works/course_works.egg-info/PKG-INFO
[1.958s] writing dependency_links to ../../build/course_works/course_works.egg-info/dependency_links.txt
[1.958s] writing entry points to ../../build/course_works/course_works.egg-info/entry_points.txt
[1.959s] writing requirements to ../../build/course_works/course_works.egg-info/requires.txt
[1.959s] writing top-level names to ../../build/course_works/course_works.egg-info/top_level.txt
[1.999s] reading manifest file '../../build/course_works/course_works.egg-info/SOURCES.txt'
[1.999s] adding license file 'LICENSE'
[2.000s] writing manifest file '../../build/course_works/course_works.egg-info/SOURCES.txt'
[2.000s] running build
[2.000s] running build_py
[2.000s] copying course_works/process_node.py -> /root/ros2_frws/build/course_works/build/lib/course_works
[2.001s] running install
[2.002s] /root/.local/lib/python3.10/site-packages/setuptools/_distutils/cmd.py:66: SetuptoolsDeprecationWarning: setup.py install is deprecated.
[2.002s] !!
[2.002s] 
[2.002s]         ********************************************************************************
[2.002s]         Please avoid running ``setup.py`` directly.
[2.002s]         Instead, use pypa/build, pypa/installer or other
[2.002s]         standards-based tools.
[2.002s] 
[2.002s]         See https://blog.ganssle.io/articles/2021/10/setup-py-deprecated.html for details.
[2.002s]         ********************************************************************************
[2.002s] 
[2.002s] !!
[2.002s]   self.initialize_options()
[2.009s] running install_lib
[2.024s] copying /root/ros2_frws/build/course_works/build/lib/course_works/process_node.py -> /root/ros2_frws/install/course_works/lib/python3.10/site-packages/course_works
[2.025s] byte-compiling /root/ros2_frws/install/course_works/lib/python3.10/site-packages/course_works/process_node.py to process_node.cpython-310.pyc
[2.025s] running install_data
[2.044s] running install_egg_info
[2.063s] removing '/root/ros2_frws/install/course_works/lib/python3.10/site-packages/course_works-0.0.0-py3.10.egg-info' (and everything under it)
[2.064s] Copying ../../build/course_works/course_works.egg-info to /root/ros2_frws/install/course_works/lib/python3.10/site-packages/course_works-0.0.0-py3.10.egg-info
[2.067s] running install_scripts
[2.214s] Installing process_node script to /root/ros2_frws/install/course_works/lib/course_works
[2.214s] Installing signal_generator script to /root/ros2_frws/install/course_works/lib/course_works
[2.215s] writing list of installed files to '/root/ros2_frws/build/course_works/install.log'
[2.333s] Invoked command in '/root/ros2_frws/src/course_works' returned '0': PYTHONPATH=/root/ros2_frws/build/course_works/prefix_override:/root/ros2_frws/install/course_works/lib/python3.10/site-packages:${PYTHONPATH} /usr/bin/python3 setup.py egg_info --egg-base ../../build/course_works build --build-base /root/ros2_frws/build/course_works/build install --record /root/ros2_frws/build/course_works/install.log --single-version-externally-managed
