[1.416s] Invoking command in '/root/ros2_frws/src/basic_comms_param': PYTHONPATH=/root/ros2_frws/build/basic_comms_param/prefix_override:/root/ros2_frws/install/basic_comms_param/lib/python3.10/site-packages:${PYTHONPATH} /usr/bin/python3 setup.py egg_info --egg-base ../../build/basic_comms_param build --build-base /root/ros2_frws/build/basic_comms_param/build install --record /root/ros2_frws/build/basic_comms_param/install.log --single-version-externally-managed
[1.582s] running egg_info
[1.591s] writing ../../build/basic_comms_param/basic_comms_param.egg-info/PKG-INFO
[1.592s] writing dependency_links to ../../build/basic_comms_param/basic_comms_param.egg-info/dependency_links.txt
[1.593s] writing entry points to ../../build/basic_comms_param/basic_comms_param.egg-info/entry_points.txt
[1.593s] writing requirements to ../../build/basic_comms_param/basic_comms_param.egg-info/requires.txt
[1.593s] writing top-level names to ../../build/basic_comms_param/basic_comms_param.egg-info/top_level.txt
[1.615s] reading manifest file '../../build/basic_comms_param/basic_comms_param.egg-info/SOURCES.txt'
[1.615s] adding license file 'LICENSE'
[1.616s] writing manifest file '../../build/basic_comms_param/basic_comms_param.egg-info/SOURCES.txt'
[1.616s] running build
[1.616s] running build_py
[1.616s] running install
[1.617s] /root/.local/lib/python3.10/site-packages/setuptools/_distutils/cmd.py:66: SetuptoolsDeprecationWarning: setup.py install is deprecated.
[1.617s] !!
[1.617s] 
[1.617s]         ********************************************************************************
[1.617s]         Please avoid running ``setup.py`` directly.
[1.617s]         Instead, use pypa/build, pypa/installer or other
[1.617s]         standards-based tools.
[1.617s] 
[1.617s]         See https://blog.ganssle.io/articles/2021/10/setup-py-deprecated.html for details.
[1.617s]         ********************************************************************************
[1.617s] 
[1.617s] !!
[1.617s]   self.initialize_options()
[1.622s] running install_lib
[1.633s] running install_data
[1.644s] creating /root/ros2_frws/install/basic_comms_param/share/basic_comms_param/launch
[1.644s] copying launch/chit_chat_param_launch.py -> /root/ros2_frws/install/basic_comms_param/share/basic_comms_param/launch
[1.644s] running install_egg_info
[1.655s] removing '/root/ros2_frws/install/basic_comms_param/lib/python3.10/site-packages/basic_comms_param-0.0.0-py3.10.egg-info' (and everything under it)
[1.657s] Copying ../../build/basic_comms_param/basic_comms_param.egg-info to /root/ros2_frws/install/basic_comms_param/lib/python3.10/site-packages/basic_comms_param-0.0.0-py3.10.egg-info
[1.660s] running install_scripts
[1.765s] Installing talker_params script to /root/ros2_frws/install/basic_comms_param/lib/basic_comms_param
[1.765s] writing list of installed files to '/root/ros2_frws/build/basic_comms_param/install.log'
[1.800s] Invoked command in '/root/ros2_frws/src/basic_comms_param' returned '0': PYTHONPATH=/root/ros2_frws/build/basic_comms_param/prefix_override:/root/ros2_frws/install/basic_comms_param/lib/python3.10/site-packages:${PYTHONPATH} /usr/bin/python3 setup.py egg_info --egg-base ../../build/basic_comms_param build --build-base /root/ros2_frws/build/basic_comms_param/build install --record /root/ros2_frws/build/basic_comms_param/install.log --single-version-externally-managed
