[0.784s] Invoking command in '/root/ros2_frws/build/xarm_description': CMAKE_PREFIX_PATH=${CMAKE_PREFIX_PATH}:/root/ros2_frws/src/install/course_works:/root/ros2_frws/src/install/challenge_2:/root/ros2_frws/src/install/basic_comms_param:/root/ros2_frws/src/install/basic_comms:/root/ros2_frws/install/course_works:/root/ros2_frws/install/challenge_2:/root/ros2_frws/install/basic_comms_params:/root/ros2_frws/install/basic_comms_param:/root/ros2_frws/install/basic_comms:/opt/ros/humble /usr/bin/cmake --build /root/ros2_frws/build/xarm_description -- -j16 -l16
[2.013s] Invoked command in '/root/ros2_frws/build/xarm_description' returned '0': CMAKE_PREFIX_PATH=${CMAKE_PREFIX_PATH}:/root/ros2_frws/src/install/course_works:/root/ros2_frws/src/install/challenge_2:/root/ros2_frws/src/install/basic_comms_param:/root/ros2_frws/src/install/basic_comms:/root/ros2_frws/install/course_works:/root/ros2_frws/install/challenge_2:/root/ros2_frws/install/basic_comms_params:/root/ros2_frws/install/basic_comms_param:/root/ros2_frws/install/basic_comms:/opt/ros/humble /usr/bin/cmake --build /root/ros2_frws/build/xarm_description -- -j16 -l16
[2.077s] Invoking command in '/root/ros2_frws/build/xarm_description': CMAKE_PREFIX_PATH=${CMAKE_PREFIX_PATH}:/root/ros2_frws/src/install/course_works:/root/ros2_frws/src/install/challenge_2:/root/ros2_frws/src/install/basic_comms_param:/root/ros2_frws/src/install/basic_comms:/root/ros2_frws/install/course_works:/root/ros2_frws/install/challenge_2:/root/ros2_frws/install/basic_comms_params:/root/ros2_frws/install/basic_comms_param:/root/ros2_frws/install/basic_comms:/opt/ros/humble /usr/bin/cmake --install /root/ros2_frws/build/xarm_description
[2.102s] -- Install configuration: ""
[2.102s] -- Up-to-date: /root/ros2_frws/install/xarm_description/share/xarm_description//rviz
[2.102s] -- Up-to-date: /root/ros2_frws/install/xarm_description/share/xarm_description//rviz/display.rviz
[2.103s] -- Up-to-date: /root/ros2_frws/install/xarm_description/share/xarm_description//urdf
[2.103s] -- Up-to-date: /root/ros2_frws/install/xarm_description/share/xarm_description//urdf/lite6
[2.103s] -- Up-to-date: /root/ros2_frws/install/xarm_description/share/xarm_description//urdf/lite6/lite6.ros2_control.xacro
[2.103s] -- Up-to-date: /root/ros2_frws/install/xarm_description/share/xarm_description//urdf/lite6/lite6.transmission.xacro
[2.103s] -- Up-to-date: /root/ros2_frws/install/xarm_description/share/xarm_description//urdf/lite6/lite6_robot_macro.xacro
[2.103s] -- Up-to-date: /root/ros2_frws/install/xarm_description/share/xarm_description//urdf/lite6/lite6.gazebo.xacro
[2.103s] -- Up-to-date: /root/ros2_frws/install/xarm_description/share/xarm_description//urdf/lite6/lite6.urdf.xacro
[2.103s] -- Up-to-date: /root/ros2_frws/install/xarm_description/share/xarm_description//urdf/_private_macro.xacro
[2.103s] -- Up-to-date: /root/ros2_frws/install/xarm_description/share/xarm_description//urdf/xarm7_mirror
[2.103s] -- Up-to-date: /root/ros2_frws/install/xarm_description/share/xarm_description//urdf/xarm7_mirror/xarm7_mirror.ros2_control.xacro
[2.103s] -- Up-to-date: /root/ros2_frws/install/xarm_description/share/xarm_description//urdf/xarm7_mirror/xarm7_mirror.urdf.xacro
[2.104s] -- Up-to-date: /root/ros2_frws/install/xarm_description/share/xarm_description//urdf/xarm7_mirror/xarm7_mirror.gazebo.xacro
[2.104s] -- Up-to-date: /root/ros2_frws/install/xarm_description/share/xarm_description//urdf/xarm7_mirror/xarm7_mirror.transmission.xacro
[2.104s] -- Up-to-date: /root/ros2_frws/install/xarm_description/share/xarm_description//urdf/xarm7_mirror/xarm7_mirror_robot_macro.xacro
[2.104s] -- Up-to-date: /root/ros2_frws/install/xarm_description/share/xarm_description//urdf/vacuum_gripper
[2.104s] -- Up-to-date: /root/ros2_frws/install/xarm_description/share/xarm_description//urdf/vacuum_gripper/xarm_vacuum_gripper.urdf.xacro
[2.104s] -- Up-to-date: /root/ros2_frws/install/xarm_description/share/xarm_description//urdf/vacuum_gripper/vacuum_gripper.urdf.xacro
[2.104s] -- Up-to-date: /root/ros2_frws/install/xarm_description/share/xarm_description//urdf/vacuum_gripper/vacuum_gripper_macro.xacro
[2.104s] -- Up-to-date: /root/ros2_frws/install/xarm_description/share/xarm_description//urdf/vacuum_gripper/lite_vacuum_gripper.urdf.xacro
[2.104s] -- Up-to-date: /root/ros2_frws/install/xarm_description/share/xarm_description//urdf/other
[2.104s] -- Up-to-date: /root/ros2_frws/install/xarm_description/share/xarm_description//urdf/other/other_geometry.urdf.xacro
[2.104s] -- Up-to-date: /root/ros2_frws/install/xarm_description/share/xarm_description//urdf/xarm_device.urdf.xacro
[2.104s] -- Up-to-date: /root/ros2_frws/install/xarm_description/share/xarm_description//urdf/camera
[2.105s] -- Up-to-date: /root/ros2_frws/install/xarm_description/share/xarm_description//urdf/camera/camera.gazebo.xacro
[2.105s] -- Up-to-date: /root/ros2_frws/install/xarm_description/share/xarm_description//urdf/camera/realsense_d435i.urdf.xacro
[2.105s] -- Up-to-date: /root/ros2_frws/install/xarm_description/share/xarm_description//urdf/camera/realsense.gazebo.xacro
[2.105s] -- Up-to-date: /root/ros2_frws/install/xarm_description/share/xarm_description//urdf/gripper
[2.105s] -- Up-to-date: /root/ros2_frws/install/xarm_description/share/xarm_description//urdf/gripper/xarm_gripper.gazebo.xacro
[2.105s] -- Up-to-date: /root/ros2_frws/install/xarm_description/share/xarm_description//urdf/gripper/xarm_gripper_macro.xacro
[2.105s] -- Up-to-date: /root/ros2_frws/install/xarm_description/share/xarm_description//urdf/gripper/xarm_gripper.urdf.xacro
[2.105s] -- Up-to-date: /root/ros2_frws/install/xarm_description/share/xarm_description//urdf/gripper/lite_gripper.urdf.xacro
[2.105s] -- Up-to-date: /root/ros2_frws/install/xarm_description/share/xarm_description//urdf/gripper/bio_gripper.urdf.xacro
[2.105s] -- Up-to-date: /root/ros2_frws/install/xarm_description/share/xarm_description//urdf/gripper/bio_gripper.gazebo.xacro
[2.105s] -- Up-to-date: /root/ros2_frws/install/xarm_description/share/xarm_description//urdf/gripper/gripper_macro.xacro
[2.123s] -- Up-to-date: /root/ros2_frws/install/xarm_description/share/xarm_description//urdf/gripper/xarm_gripper.ros2_control.xacro
[2.128s] -- Up-to-date: /root/ros2_frws/install/xarm_description/share/xarm_description//urdf/gripper/xarm_gripper.transmission.xacro
[2.128s] -- Up-to-date: /root/ros2_frws/install/xarm_description/share/xarm_description//urdf/gripper/gripper.urdf.xacro
[2.128s] -- Up-to-date: /root/ros2_frws/install/xarm_description/share/xarm_description//urdf/gripper/bio_gripper_macro.xacro
[2.128s] -- Up-to-date: /root/ros2_frws/install/xarm_description/share/xarm_description//urdf/gripper/bio_gripper.ros2_control.xacro
[2.128s] -- Up-to-date: /root/ros2_frws/install/xarm_description/share/xarm_description//urdf/gripper/bio_gripper.transmission.xacro
[2.128s] -- Up-to-date: /root/ros2_frws/install/xarm_description/share/xarm_description//urdf/common
[2.128s] -- Up-to-date: /root/ros2_frws/install/xarm_description/share/xarm_description//urdf/common/common.material.xacro
[2.129s] -- Up-to-date: /root/ros2_frws/install/xarm_description/share/xarm_description//urdf/common/common.gazebo.xacro
[2.129s] -- Up-to-date: /root/ros2_frws/install/xarm_description/share/xarm_description//urdf/common/common.link.xacro
[2.129s] -- Up-to-date: /root/ros2_frws/install/xarm_description/share/xarm_description//urdf/xarm_device_macro.xacro
[2.129s] -- Up-to-date: /root/ros2_frws/install/xarm_description/share/xarm_description//urdf/xarm7
[2.129s] -- Up-to-date: /root/ros2_frws/install/xarm_description/share/xarm_description//urdf/xarm7/xarm7_robot_macro.xacro
[2.129s] -- Up-to-date: /root/ros2_frws/install/xarm_description/share/xarm_description//urdf/xarm7/xarm7.gazebo.xacro
[2.129s] -- Up-to-date: /root/ros2_frws/install/xarm_description/share/xarm_description//urdf/xarm7/xarm7.transmission.xacro
[2.129s] -- Up-to-date: /root/ros2_frws/install/xarm_description/share/xarm_description//urdf/xarm7/xarm7.urdf.xacro
[2.129s] -- Up-to-date: /root/ros2_frws/install/xarm_description/share/xarm_description//urdf/xarm7/xarm7.ros2_control.xacro
[2.131s] -- Up-to-date: /root/ros2_frws/install/xarm_description/share/xarm_description//urdf/xarm5
[2.133s] -- Up-to-date: /root/ros2_frws/install/xarm_description/share/xarm_description//urdf/xarm5/xarm5.ros2_control.xacro
[2.133s] -- Up-to-date: /root/ros2_frws/install/xarm_description/share/xarm_description//urdf/xarm5/xarm5_robot_macro.xacro
[2.133s] -- Up-to-date: /root/ros2_frws/install/xarm_description/share/xarm_description//urdf/xarm5/xarm5.gazebo.xacro
[2.133s] -- Up-to-date: /root/ros2_frws/install/xarm_description/share/xarm_description//urdf/xarm5/xarm5.transmission.xacro
[2.133s] -- Up-to-date: /root/ros2_frws/install/xarm_description/share/xarm_description//urdf/xarm5/xarm5.urdf.xacro
[2.134s] -- Up-to-date: /root/ros2_frws/install/xarm_description/share/xarm_description//urdf/dual_xarm_device.urdf.xacro
[2.134s] -- Up-to-date: /root/ros2_frws/install/xarm_description/share/xarm_description//urdf/uf850
[2.134s] -- Up-to-date: /root/ros2_frws/install/xarm_description/share/xarm_description//urdf/uf850/uf850_robot_macro.xacro
[2.134s] -- Up-to-date: /root/ros2_frws/install/xarm_description/share/xarm_description//urdf/uf850/uf850.ros2_control.xacro
[2.136s] -- Up-to-date: /root/ros2_frws/install/xarm_description/share/xarm_description//urdf/uf850/uf850.transmission.xacro
[2.137s] -- Up-to-date: /root/ros2_frws/install/xarm_description/share/xarm_description//urdf/uf850/uf850.gazebo.xacro
[2.137s] -- Up-to-date: /root/ros2_frws/install/xarm_description/share/xarm_description//urdf/uf850/uf850.urdf.xacro
[2.137s] -- Up-to-date: /root/ros2_frws/install/xarm_description/share/xarm_description//urdf/xarm6
[2.137s] -- Up-to-date: /root/ros2_frws/install/xarm_description/share/xarm_description//urdf/xarm6/xarm6.ros2_control.xacro
[2.137s] -- Up-to-date: /root/ros2_frws/install/xarm_description/share/xarm_description//urdf/xarm6/xarm6.urdf.xacro
[2.137s] -- Up-to-date: /root/ros2_frws/install/xarm_description/share/xarm_description//urdf/xarm6/xarm6.transmission.xacro
[2.137s] -- Up-to-date: /root/ros2_frws/install/xarm_description/share/xarm_description//urdf/xarm6/xarm6.gazebo.xacro
[2.137s] -- Up-to-date: /root/ros2_frws/install/xarm_description/share/xarm_description//urdf/xarm6/xarm6_robot_macro.xacro
[2.138s] -- Up-to-date: /root/ros2_frws/install/xarm_description/share/xarm_description//config
[2.138s] -- Up-to-date: /root/ros2_frws/install/xarm_description/share/xarm_description//config/link_inertial
[2.138s] -- Up-to-date: /root/ros2_frws/install/xarm_description/share/xarm_description//config/link_inertial/xarm6_type9_HT_BR2.yaml
[2.138s] -- Up-to-date: /root/ros2_frws/install/xarm_description/share/xarm_description//config/link_inertial/xarm7_type13_HT_BR2.yaml
[2.138s] -- Up-to-date: /root/ros2_frws/install/xarm_description/share/xarm_description//config/link_inertial/xarm6_type12_HT_LDBR2.yaml
[2.138s] -- Up-to-date: /root/ros2_frws/install/xarm_description/share/xarm_description//config/link_inertial/xarm6_type8_HT2_BR2.yaml
[2.138s] -- Up-to-date: /root/ros2_frws/install/xarm_description/share/xarm_description//config/link_inertial/xarm6_type6_HT_BR2.yaml
[2.138s] -- Up-to-date: /root/ros2_frws/install/xarm_description/share/xarm_description//config/link_inertial/xarm5_type5_HT_BR2.yaml
[2.138s] -- Up-to-date: /root/ros2_frws/install/xarm_description/share/xarm_description//config/link_inertial/xarm7_type7_HT_BR2.yaml
[2.138s] -- Up-to-date: /root/ros2_frws/install/xarm_description/share/xarm_description//config/link_inertial/xarm6_type6_HT2_LD.yaml
[2.138s] -- Up-to-date: /root/ros2_frws/install/xarm_description/share/xarm_description//config/link_inertial/xarm5_type5_HT_LD.yaml
[2.138s] -- Up-to-date: /root/ros2_frws/install/xarm_description/share/xarm_description//config/link_inertial/gen_link_inertial_params.py
[2.138s] -- Up-to-date: /root/ros2_frws/install/xarm_description/share/xarm_description//config/link_inertial/xarm7_type3_YT_SP.yaml
[2.138s] -- Up-to-date: /root/ros2_frws/install/xarm_description/share/xarm_description//config/link_inertial/xarm6_type11_HT_LD.yaml
[2.138s] -- Up-to-date: /root/ros2_frws/install/xarm_description/share/xarm_description//config/link_inertial/xarm7_type7_HT_LD.yaml
[2.140s] -- Up-to-date: /root/ros2_frws/install/xarm_description/share/xarm_description//config/link_inertial/xarm5_type5_HT_BR.yaml
[2.142s] -- Up-to-date: /root/ros2_frws/install/xarm_description/share/xarm_description//config/link_inertial/xarm7_type7_HT_BR.yaml
[2.142s] -- Up-to-date: /root/ros2_frws/install/xarm_description/share/xarm_description//config/link_inertial/xarm6_type6_HT_BR.yaml
[2.143s] -- Up-to-date: /root/ros2_frws/install/xarm_description/share/xarm_description//config/link_inertial/xarm6_type6_HT_LD.yaml
[2.143s] -- Up-to-date: /root/ros2_frws/install/xarm_description/share/xarm_description//config/kinematics
[2.143s] -- Up-to-date: /root/ros2_frws/install/xarm_description/share/xarm_description//config/kinematics/gen_kinematics_params.py
[2.143s] -- Up-to-date: /root/ros2_frws/install/xarm_description/share/xarm_description//config/kinematics/default
[2.144s] -- Up-to-date: /root/ros2_frws/install/xarm_description/share/xarm_description//config/kinematics/default/uf850_default_kinematics.yaml
[2.144s] -- Up-to-date: /root/ros2_frws/install/xarm_description/share/xarm_description//config/kinematics/default/xarm7_default_kinematics.yaml
[2.144s] -- Up-to-date: /root/ros2_frws/install/xarm_description/share/xarm_description//config/kinematics/default/xarm6_default_kinematics.yaml
[2.145s] -- Up-to-date: /root/ros2_frws/install/xarm_description/share/xarm_description//config/kinematics/default/xarm7_mirror_default_kinematics.yaml
[2.145s] -- Up-to-date: /root/ros2_frws/install/xarm_description/share/xarm_description//config/kinematics/default/xarm5_default_kinematics.yaml
[2.146s] -- Up-to-date: /root/ros2_frws/install/xarm_description/share/xarm_description//config/kinematics/default/lite6_default_kinematics.yaml
[2.146s] -- Up-to-date: /root/ros2_frws/install/xarm_description/share/xarm_description//meshes
[2.146s] -- Up-to-date: /root/ros2_frws/install/xarm_description/share/xarm_description//meshes/lite6
[2.147s] -- Up-to-date: /root/ros2_frws/install/xarm_description/share/xarm_description//meshes/lite6/visual
[2.147s] -- Up-to-date: /root/ros2_frws/install/xarm_description/share/xarm_description//meshes/lite6/visual/link4.stl
[2.147s] -- Up-to-date: /root/ros2_frws/install/xarm_description/share/xarm_description//meshes/lite6/visual/link6.stl
[2.147s] -- Up-to-date: /root/ros2_frws/install/xarm_description/share/xarm_description//meshes/lite6/visual/link2.stl
[2.147s] -- Up-to-date: /root/ros2_frws/install/xarm_description/share/xarm_description//meshes/lite6/visual/link5.stl
[2.148s] -- Up-to-date: /root/ros2_frws/install/xarm_description/share/xarm_description//meshes/lite6/visual/link_base.stl
[2.148s] -- Up-to-date: /root/ros2_frws/install/xarm_description/share/xarm_description//meshes/lite6/visual/link1.stl
[2.148s] -- Up-to-date: /root/ros2_frws/install/xarm_description/share/xarm_description//meshes/lite6/visual/link3.stl
[2.148s] -- Up-to-date: /root/ros2_frws/install/xarm_description/share/xarm_description//meshes/lite6/collision
[2.149s] -- Up-to-date: /root/ros2_frws/install/xarm_description/share/xarm_description//meshes/lite6/collision/link4.stl
[2.149s] -- Up-to-date: /root/ros2_frws/install/xarm_description/share/xarm_description//meshes/lite6/collision/link6.stl
[2.149s] -- Up-to-date: /root/ros2_frws/install/xarm_description/share/xarm_description//meshes/lite6/collision/link2.stl
[2.149s] -- Up-to-date: /root/ros2_frws/install/xarm_description/share/xarm_description//meshes/lite6/collision/link5.stl
[2.149s] -- Up-to-date: /root/ros2_frws/install/xarm_description/share/xarm_description//meshes/lite6/collision/link_base.stl
[2.150s] -- Up-to-date: /root/ros2_frws/install/xarm_description/share/xarm_description//meshes/lite6/collision/link1.stl
[2.150s] -- Up-to-date: /root/ros2_frws/install/xarm_description/share/xarm_description//meshes/lite6/collision/link3.stl
[2.150s] -- Up-to-date: /root/ros2_frws/install/xarm_description/share/xarm_description//meshes/xarm7_mirror
[2.150s] -- Up-to-date: /root/ros2_frws/install/xarm_description/share/xarm_description//meshes/xarm7_mirror/visual
[2.150s] -- Up-to-date: /root/ros2_frws/install/xarm_description/share/xarm_description//meshes/xarm7_mirror/visual/link4.stl
[2.150s] -- Up-to-date: /root/ros2_frws/install/xarm_description/share/xarm_description//meshes/xarm7_mirror/visual/link6.stl
[2.151s] -- Up-to-date: /root/ros2_frws/install/xarm_description/share/xarm_description//meshes/xarm7_mirror/visual/link2.stl
[2.151s] -- Up-to-date: /root/ros2_frws/install/xarm_description/share/xarm_description//meshes/xarm7_mirror/visual/link5.stl
[2.151s] -- Up-to-date: /root/ros2_frws/install/xarm_description/share/xarm_description//meshes/xarm7_mirror/visual/link_base.stl
[2.151s] -- Up-to-date: /root/ros2_frws/install/xarm_description/share/xarm_description//meshes/xarm7_mirror/visual/link1.stl
[2.154s] -- Up-to-date: /root/ros2_frws/install/xarm_description/share/xarm_description//meshes/xarm7_mirror/visual/link3.stl
[2.157s] -- Up-to-date: /root/ros2_frws/install/xarm_description/share/xarm_description//meshes/xarm7_mirror/visual/link7.stl
[2.160s] -- Up-to-date: /root/ros2_frws/install/xarm_description/share/xarm_description//meshes/xarm7_mirror/collision
[2.160s] -- Up-to-date: /root/ros2_frws/install/xarm_description/share/xarm_description//meshes/xarm7_mirror/collision/link4.stl
[2.161s] -- Up-to-date: /root/ros2_frws/install/xarm_description/share/xarm_description//meshes/xarm7_mirror/collision/link6.stl
[2.161s] -- Up-to-date: /root/ros2_frws/install/xarm_description/share/xarm_description//meshes/xarm7_mirror/collision/link2.stl
[2.161s] -- Up-to-date: /root/ros2_frws/install/xarm_description/share/xarm_description//meshes/xarm7_mirror/collision/link5.stl
[2.161s] -- Up-to-date: /root/ros2_frws/install/xarm_description/share/xarm_description//meshes/xarm7_mirror/collision/link_base.stl
[2.161s] -- Up-to-date: /root/ros2_frws/install/xarm_description/share/xarm_description//meshes/xarm7_mirror/collision/link1.stl
[2.161s] -- Up-to-date: /root/ros2_frws/install/xarm_description/share/xarm_description//meshes/xarm7_mirror/collision/link3.stl
[2.161s] -- Up-to-date: /root/ros2_frws/install/xarm_description/share/xarm_description//meshes/xarm7_mirror/collision/link7.stl
[2.161s] -- Up-to-date: /root/ros2_frws/install/xarm_description/share/xarm_description//meshes/vacuum_gripper
[2.161s] -- Up-to-date: /root/ros2_frws/install/xarm_description/share/xarm_description//meshes/vacuum_gripper/lite
[2.161s] -- Up-to-date: /root/ros2_frws/install/xarm_description/share/xarm_description//meshes/vacuum_gripper/lite/visual
[2.161s] -- Up-to-date: /root/ros2_frws/install/xarm_description/share/xarm_description//meshes/vacuum_gripper/lite/visual/vacuum_gripper_lite.stl
[2.161s] -- Up-to-date: /root/ros2_frws/install/xarm_description/share/xarm_description//meshes/vacuum_gripper/lite/collision
[2.161s] -- Up-to-date: /root/ros2_frws/install/xarm_description/share/xarm_description//meshes/vacuum_gripper/lite/collision/vacuum_gripper_lite.stl
[2.162s] -- Up-to-date: /root/ros2_frws/install/xarm_description/share/xarm_description//meshes/vacuum_gripper/xarm
[2.162s] -- Up-to-date: /root/ros2_frws/install/xarm_description/share/xarm_description//meshes/vacuum_gripper/xarm/visual
[2.162s] -- Up-to-date: /root/ros2_frws/install/xarm_description/share/xarm_description//meshes/vacuum_gripper/xarm/visual/vacuum_gripper.stl
[2.162s] -- Up-to-date: /root/ros2_frws/install/xarm_description/share/xarm_description//meshes/vacuum_gripper/xarm/collision
[2.162s] -- Up-to-date: /root/ros2_frws/install/xarm_description/share/xarm_description//meshes/vacuum_gripper/xarm/collision/vacuum_gripper.stl
[2.162s] -- Up-to-date: /root/ros2_frws/install/xarm_description/share/xarm_description//meshes/camera
[2.162s] -- Up-to-date: /root/ros2_frws/install/xarm_description/share/xarm_description//meshes/camera/realsense
[2.162s] -- Up-to-date: /root/ros2_frws/install/xarm_description/share/xarm_description//meshes/camera/realsense/visual
[2.162s] -- Up-to-date: /root/ros2_frws/install/xarm_description/share/xarm_description//meshes/camera/realsense/visual/d435_with_cam_stand.stl
[2.162s] -- Up-to-date: /root/ros2_frws/install/xarm_description/share/xarm_description//meshes/camera/realsense/collision
[2.162s] -- Up-to-date: /root/ros2_frws/install/xarm_description/share/xarm_description//meshes/camera/realsense/collision/d435_with_cam_stand.stl
[2.163s] -- Up-to-date: /root/ros2_frws/install/xarm_description/share/xarm_description//meshes/gripper
[2.163s] -- Up-to-date: /root/ros2_frws/install/xarm_description/share/xarm_description//meshes/gripper/lite
[2.163s] -- Up-to-date: /root/ros2_frws/install/xarm_description/share/xarm_description//meshes/gripper/lite/visual
[2.163s] -- Up-to-date: /root/ros2_frws/install/xarm_description/share/xarm_description//meshes/gripper/lite/visual/gripper_lite.stl
[2.163s] -- Up-to-date: /root/ros2_frws/install/xarm_description/share/xarm_description//meshes/gripper/lite/collision
[2.163s] -- Up-to-date: /root/ros2_frws/install/xarm_description/share/xarm_description//meshes/gripper/lite/collision/gripper_lite.stl
[2.163s] -- Up-to-date: /root/ros2_frws/install/xarm_description/share/xarm_description//meshes/gripper/bio
[2.163s] -- Up-to-date: /root/ros2_frws/install/xarm_description/share/xarm_description//meshes/gripper/bio/right_finger.stl
[2.163s] -- Up-to-date: /root/ros2_frws/install/xarm_description/share/xarm_description//meshes/gripper/bio/left_finger.stl
[2.164s] -- Up-to-date: /root/ros2_frws/install/xarm_description/share/xarm_description//meshes/gripper/bio/link_base.stl
[2.164s] -- Up-to-date: /root/ros2_frws/install/xarm_description/share/xarm_description//meshes/gripper/xarm
[2.164s] -- Up-to-date: /root/ros2_frws/install/xarm_description/share/xarm_description//meshes/gripper/xarm/left_inner_knuckle.stl
[2.164s] -- Up-to-date: /root/ros2_frws/install/xarm_description/share/xarm_description//meshes/gripper/xarm/right_finger.stl
[2.164s] -- Up-to-date: /root/ros2_frws/install/xarm_description/share/xarm_description//meshes/gripper/xarm/left_outer_knuckle.stl
[2.164s] -- Up-to-date: /root/ros2_frws/install/xarm_description/share/xarm_description//meshes/gripper/xarm/left_finger.stl
[2.164s] -- Up-to-date: /root/ros2_frws/install/xarm_description/share/xarm_description//meshes/gripper/xarm/right_outer_knuckle.stl
[2.164s] -- Up-to-date: /root/ros2_frws/install/xarm_description/share/xarm_description//meshes/gripper/xarm/base_link.stl
[2.164s] -- Up-to-date: /root/ros2_frws/install/xarm_description/share/xarm_description//meshes/gripper/xarm/right_inner_knuckle.stl
[2.164s] -- Up-to-date: /root/ros2_frws/install/xarm_description/share/xarm_description//meshes/xarm7
[2.164s] -- Up-to-date: /root/ros2_frws/install/xarm_description/share/xarm_description//meshes/xarm7/visual
[2.164s] -- Up-to-date: /root/ros2_frws/install/xarm_description/share/xarm_description//meshes/xarm7/visual/link4.stl
[2.164s] -- Up-to-date: /root/ros2_frws/install/xarm_description/share/xarm_description//meshes/xarm7/visual/link6.stl
[2.164s] -- Up-to-date: /root/ros2_frws/install/xarm_description/share/xarm_description//meshes/xarm7/visual/link2.stl
[2.165s] -- Up-to-date: /root/ros2_frws/install/xarm_description/share/xarm_description//meshes/xarm7/visual/link5.stl
[2.165s] -- Up-to-date: /root/ros2_frws/install/xarm_description/share/xarm_description//meshes/xarm7/visual/link_base.stl
[2.165s] -- Up-to-date: /root/ros2_frws/install/xarm_description/share/xarm_description//meshes/xarm7/visual/link1.stl
[2.165s] -- Up-to-date: /root/ros2_frws/install/xarm_description/share/xarm_description//meshes/xarm7/visual/link3.stl
[2.165s] -- Up-to-date: /root/ros2_frws/install/xarm_description/share/xarm_description//meshes/xarm7/visual/link7.stl
[2.165s] -- Up-to-date: /root/ros2_frws/install/xarm_description/share/xarm_description//meshes/xarm5
[2.165s] -- Up-to-date: /root/ros2_frws/install/xarm_description/share/xarm_description//meshes/xarm5/visual
[2.165s] -- Up-to-date: /root/ros2_frws/install/xarm_description/share/xarm_description//meshes/xarm5/visual/link4.stl
[2.165s] -- Up-to-date: /root/ros2_frws/install/xarm_description/share/xarm_description//meshes/xarm5/visual/link2.stl
[2.165s] -- Up-to-date: /root/ros2_frws/install/xarm_description/share/xarm_description//meshes/xarm5/visual/link5.stl
[2.165s] -- Up-to-date: /root/ros2_frws/install/xarm_description/share/xarm_description//meshes/xarm5/visual/link_base.stl
[2.165s] -- Up-to-date: /root/ros2_frws/install/xarm_description/share/xarm_description//meshes/xarm5/visual/link1.stl
[2.165s] -- Up-to-date: /root/ros2_frws/install/xarm_description/share/xarm_description//meshes/xarm5/visual/link3.stl
[2.165s] -- Up-to-date: /root/ros2_frws/install/xarm_description/share/xarm_description//meshes/uf850
[2.166s] -- Up-to-date: /root/ros2_frws/install/xarm_description/share/xarm_description//meshes/uf850/visual
[2.167s] -- Up-to-date: /root/ros2_frws/install/xarm_description/share/xarm_description//meshes/uf850/visual/link4.stl
[2.167s] -- Up-to-date: /root/ros2_frws/install/xarm_description/share/xarm_description//meshes/uf850/visual/link6.stl
[2.167s] -- Up-to-date: /root/ros2_frws/install/xarm_description/share/xarm_description//meshes/uf850/visual/link2.stl
[2.167s] -- Up-to-date: /root/ros2_frws/install/xarm_description/share/xarm_description//meshes/uf850/visual/link5.stl
[2.168s] -- Up-to-date: /root/ros2_frws/install/xarm_description/share/xarm_description//meshes/uf850/visual/link_base.stl
[2.168s] -- Up-to-date: /root/ros2_frws/install/xarm_description/share/xarm_description//meshes/uf850/visual/link1.stl
[2.168s] -- Up-to-date: /root/ros2_frws/install/xarm_description/share/xarm_description//meshes/uf850/visual/link3.stl
[2.168s] -- Up-to-date: /root/ros2_frws/install/xarm_description/share/xarm_description//meshes/uf850/collision
[2.168s] -- Up-to-date: /root/ros2_frws/install/xarm_description/share/xarm_description//meshes/uf850/collision/link4.stl
[2.168s] -- Up-to-date: /root/ros2_frws/install/xarm_description/share/xarm_description//meshes/uf850/collision/link6.stl
[2.169s] -- Up-to-date: /root/ros2_frws/install/xarm_description/share/xarm_description//meshes/uf850/collision/link2.stl
[2.169s] -- Up-to-date: /root/ros2_frws/install/xarm_description/share/xarm_description//meshes/uf850/collision/link5.stl
[2.176s] -- Up-to-date: /root/ros2_frws/install/xarm_description/share/xarm_description//meshes/uf850/collision/link_base.stl
[2.176s] -- Up-to-date: /root/ros2_frws/install/xarm_description/share/xarm_description//meshes/uf850/collision/link1.stl
[2.176s] -- Up-to-date: /root/ros2_frws/install/xarm_description/share/xarm_description//meshes/uf850/collision/link3.stl
[2.176s] -- Up-to-date: /root/ros2_frws/install/xarm_description/share/xarm_description//meshes/xarm6
[2.176s] -- Up-to-date: /root/ros2_frws/install/xarm_description/share/xarm_description//meshes/xarm6/visual
[2.176s] -- Up-to-date: /root/ros2_frws/install/xarm_description/share/xarm_description//meshes/xarm6/visual/link4.stl
[2.176s] -- Up-to-date: /root/ros2_frws/install/xarm_description/share/xarm_description//meshes/xarm6/visual/link6.stl
[2.176s] -- Up-to-date: /root/ros2_frws/install/xarm_description/share/xarm_description//meshes/xarm6/visual/link2.stl
[2.176s] -- Up-to-date: /root/ros2_frws/install/xarm_description/share/xarm_description//meshes/xarm6/visual/link5.stl
[2.176s] -- Up-to-date: /root/ros2_frws/install/xarm_description/share/xarm_description//meshes/xarm6/visual/link_base.stl
[2.176s] -- Up-to-date: /root/ros2_frws/install/xarm_description/share/xarm_description//meshes/xarm6/visual/link1.stl
[2.176s] -- Up-to-date: /root/ros2_frws/install/xarm_description/share/xarm_description//meshes/xarm6/visual/link3.stl
[2.177s] -- Up-to-date: /root/ros2_frws/install/xarm_description/share/xarm_description//meshes/end_tool
[2.177s] -- Up-to-date: /root/ros2_frws/install/xarm_description/share/xarm_description//meshes/end_tool/visual
[2.177s] -- Up-to-date: /root/ros2_frws/install/xarm_description/share/xarm_description//meshes/end_tool/visual/end_tool_1300.stl
[2.177s] -- Up-to-date: /root/ros2_frws/install/xarm_description/share/xarm_description//meshes/end_tool/collision
[2.177s] -- Up-to-date: /root/ros2_frws/install/xarm_description/share/xarm_description//meshes/end_tool/collision/end_tool.stl
[2.177s] -- Up-to-date: /root/ros2_frws/install/xarm_description/share/xarm_description//meshes/end_tool/collision/end_tool_1300.stl
[2.177s] -- Up-to-date: /root/ros2_frws/install/xarm_description/share/xarm_description//launch
[2.177s] -- Up-to-date: /root/ros2_frws/install/xarm_description/share/xarm_description//launch/_rviz_display.launch.py
[2.177s] -- Up-to-date: /root/ros2_frws/install/xarm_description/share/xarm_description//launch/_robot_joint_state.launch.py
[2.177s] -- Up-to-date: /root/ros2_frws/install/xarm_description/share/xarm_description//launch/xarm7_mirror_rviz_display.launch.py
[2.177s] -- Up-to-date: /root/ros2_frws/install/xarm_description/share/xarm_description//launch/uf850_rviz_display.launch.py
[2.177s] -- Up-to-date: /root/ros2_frws/install/xarm_description/share/xarm_description//launch/lib
[2.177s] -- Up-to-date: /root/ros2_frws/install/xarm_description/share/xarm_description//launch/lib/robot_description_lib.py
[2.178s] -- Up-to-date: /root/ros2_frws/install/xarm_description/share/xarm_description//launch/lite6_rviz_display.launch.py
[2.178s] -- Up-to-date: /root/ros2_frws/install/xarm_description/share/xarm_description//launch/xarm5_rviz_display.launch.py
[2.178s] -- Up-to-date: /root/ros2_frws/install/xarm_description/share/xarm_description//launch/_robot_rviz_display.launch.py
[2.178s] -- Up-to-date: /root/ros2_frws/install/xarm_description/share/xarm_description//launch/xarm6_rviz_display.launch.py
[2.178s] -- Up-to-date: /root/ros2_frws/install/xarm_description/share/xarm_description//launch/xarm7_rviz_display.launch.py
[2.178s] -- Up-to-date: /root/ros2_frws/install/xarm_description/share/xarm_description//launch/_robot_description.launch.py
[2.178s] -- Up-to-date: /root/ros2_frws/install/xarm_description/share/ament_index/resource_index/package_run_dependencies/xarm_description
[2.178s] -- Up-to-date: /root/ros2_frws/install/xarm_description/share/ament_index/resource_index/parent_prefix_path/xarm_description
[2.178s] -- Up-to-date: /root/ros2_frws/install/xarm_description/share/xarm_description/environment/ament_prefix_path.sh
[2.179s] -- Up-to-date: /root/ros2_frws/install/xarm_description/share/xarm_description/environment/ament_prefix_path.dsv
[2.179s] -- Up-to-date: /root/ros2_frws/install/xarm_description/share/xarm_description/environment/path.sh
[2.179s] -- Up-to-date: /root/ros2_frws/install/xarm_description/share/xarm_description/environment/path.dsv
[2.179s] -- Up-to-date: /root/ros2_frws/install/xarm_description/share/xarm_description/local_setup.bash
[2.180s] -- Up-to-date: /root/ros2_frws/install/xarm_description/share/xarm_description/local_setup.sh
[2.180s] -- Up-to-date: /root/ros2_frws/install/xarm_description/share/xarm_description/local_setup.zsh
[2.180s] -- Up-to-date: /root/ros2_frws/install/xarm_description/share/xarm_description/local_setup.dsv
[2.180s] -- Installing: /root/ros2_frws/install/xarm_description/share/xarm_description/package.dsv
[2.180s] -- Up-to-date: /root/ros2_frws/install/xarm_description/share/ament_index/resource_index/packages/xarm_description
[2.180s] -- Up-to-date: /root/ros2_frws/install/xarm_description/share/xarm_description/cmake/xarm_descriptionConfig.cmake
[2.180s] -- Up-to-date: /root/ros2_frws/install/xarm_description/share/xarm_description/cmake/xarm_descriptionConfig-version.cmake
[2.180s] -- Up-to-date: /root/ros2_frws/install/xarm_description/share/xarm_description/package.xml
[2.181s] Invoked command in '/root/ros2_frws/build/xarm_description' returned '0': CMAKE_PREFIX_PATH=${CMAKE_PREFIX_PATH}:/root/ros2_frws/src/install/course_works:/root/ros2_frws/src/install/challenge_2:/root/ros2_frws/src/install/basic_comms_param:/root/ros2_frws/src/install/basic_comms:/root/ros2_frws/install/course_works:/root/ros2_frws/install/challenge_2:/root/ros2_frws/install/basic_comms_params:/root/ros2_frws/install/basic_comms_param:/root/ros2_frws/install/basic_comms:/opt/ros/humble /usr/bin/cmake --install /root/ros2_frws/build/xarm_description
