[0.885s] Invoking command in '/root/ros2_frws/build/moveit_common': CMAKE_PREFIX_PATH=/opt/ros/humble /usr/bin/cmake /root/ros2_frws/src/moveit2/moveit_common -DCMAKE_BUILD_TYPE=Release -DCMAKE_INSTALL_PREFIX=/root/ros2_frws/install/moveit_common
[2.300s] -- Found ament_cmake: 1.3.8 (/opt/ros/humble/share/ament_cmake/cmake)
[2.300s] -- Found ament_lint_auto: 0.12.10 (/opt/ros/humble/share/ament_lint_auto/cmake)
[2.301s] -- Added test 'copyright' to check source files copyright and LICENSE
[2.302s] -- Added test 'lint_cmake' to check CMake code style
[2.302s] -- Added test 'xmllint' to check XML markup files
[2.302s] -- Configuring done
[2.302s] -- Generating done
[2.302s] -- Build files have been written to: /root/ros2_frws/build/moveit_common
[2.325s] Invoked command in '/root/ros2_frws/build/moveit_common' returned '0': CMAKE_PREFIX_PATH=/opt/ros/humble /usr/bin/cmake /root/ros2_frws/src/moveit2/moveit_common -DCMAKE_BUILD_TYPE=Release -DCMAKE_INSTALL_PREFIX=/root/ros2_frws/install/moveit_common
[2.326s] Invoking command in '/root/ros2_frws/build/moveit_common': CMAKE_PREFIX_PATH=/opt/ros/humble /usr/bin/cmake --build /root/ros2_frws/build/moveit_common -- -j16 -l16
[2.396s] Invoked command in '/root/ros2_frws/build/moveit_common' returned '0': CMAKE_PREFIX_PATH=/opt/ros/humble /usr/bin/cmake --build /root/ros2_frws/build/moveit_common -- -j16 -l16
[2.448s] Invoking command in '/root/ros2_frws/build/moveit_common': CMAKE_PREFIX_PATH=/opt/ros/humble /usr/bin/cmake --install /root/ros2_frws/build/moveit_common
[2.452s] -- Install configuration: "Release"
[2.452s] -- Up-to-date: /root/ros2_frws/install/moveit_common/share/ament_index/resource_index/package_run_dependencies/moveit_common
[2.452s] -- Up-to-date: /root/ros2_frws/install/moveit_common/share/ament_index/resource_index/parent_prefix_path/moveit_common
[2.453s] -- Up-to-date: /root/ros2_frws/install/moveit_common/share/moveit_common/environment/ament_prefix_path.sh
[2.453s] -- Installing: /root/ros2_frws/install/moveit_common/share/moveit_common/environment/ament_prefix_path.dsv
[2.455s] -- Up-to-date: /root/ros2_frws/install/moveit_common/share/moveit_common/environment/path.sh
[2.455s] -- Installing: /root/ros2_frws/install/moveit_common/share/moveit_common/environment/path.dsv
[2.457s] -- Up-to-date: /root/ros2_frws/install/moveit_common/share/moveit_common/local_setup.bash
[2.458s] -- Up-to-date: /root/ros2_frws/install/moveit_common/share/moveit_common/local_setup.sh
[2.458s] -- Up-to-date: /root/ros2_frws/install/moveit_common/share/moveit_common/local_setup.zsh
[2.458s] -- Installing: /root/ros2_frws/install/moveit_common/share/moveit_common/local_setup.dsv
[2.458s] -- Installing: /root/ros2_frws/install/moveit_common/share/moveit_common/package.dsv
[2.459s] -- Up-to-date: /root/ros2_frws/install/moveit_common/share/ament_index/resource_index/packages/moveit_common
[2.459s] -- Up-to-date: /root/ros2_frws/install/moveit_common/share/moveit_common/cmake/moveit_common-extras.cmake
[2.459s] -- Up-to-date: /root/ros2_frws/install/moveit_common/share/moveit_common/cmake/moveit_commonConfig.cmake
[2.459s] -- Up-to-date: /root/ros2_frws/install/moveit_common/share/moveit_common/cmake/moveit_commonConfig-version.cmake
[2.461s] -- Up-to-date: /root/ros2_frws/install/moveit_common/share/moveit_common/package.xml
[2.461s] -- Up-to-date: /root/ros2_frws/install/moveit_common/share/moveit_common/cmake
[2.461s] -- Up-to-date: /root/ros2_frws/install/moveit_common/share/moveit_common/cmake/moveit_package.cmake
[2.477s] Invoked command in '/root/ros2_frws/build/moveit_common' returned '0': CMAKE_PREFIX_PATH=/opt/ros/humble /usr/bin/cmake --install /root/ros2_frws/build/moveit_common
