[2.203s] Invoking command in '/root/ros2_frws/src/basic_comms': PYTHONPATH=/root/ros2_frws/build/basic_comms/prefix_override:/root/ros2_frws/install/basic_comms/lib/python3.10/site-packages:${PYTHONPATH} /usr/bin/python3 setup.py egg_info --egg-base ../../build/basic_comms build --build-base /root/ros2_frws/build/basic_comms/build install --record /root/ros2_frws/build/basic_comms/install.log --single-version-externally-managed
[2.471s] running egg_info
[2.491s] writing ../../build/basic_comms/basic_comms.egg-info/PKG-INFO
[2.491s] writing dependency_links to ../../build/basic_comms/basic_comms.egg-info/dependency_links.txt
[2.492s] writing entry points to ../../build/basic_comms/basic_comms.egg-info/entry_points.txt
[2.494s] writing requirements to ../../build/basic_comms/basic_comms.egg-info/requires.txt
[2.494s] writing top-level names to ../../build/basic_comms/basic_comms.egg-info/top_level.txt
[2.525s] reading manifest file '../../build/basic_comms/basic_comms.egg-info/SOURCES.txt'
[2.526s] writing manifest file '../../build/basic_comms/basic_comms.egg-info/SOURCES.txt'
[2.527s] running build
[2.527s] running build_py
[2.527s] running install
[2.528s] /root/.local/lib/python3.10/site-packages/setuptools/_distutils/cmd.py:66: SetuptoolsDeprecationWarning: setup.py install is deprecated.
[2.528s] !!
[2.528s] 
[2.528s]         ********************************************************************************
[2.528s]         Please avoid running ``setup.py`` directly.
[2.528s]         Instead, use pypa/build, pypa/installer or other
[2.528s]         standards-based tools.
[2.529s] 
[2.529s]         See https://blog.ganssle.io/articles/2021/10/setup-py-deprecated.html for details.
[2.529s]         ********************************************************************************
[2.529s] 
[2.529s] !!
[2.529s]   self.initialize_options()
[2.534s] running install_lib
[2.548s] running install_data
[2.583s] running install_egg_info
[2.641s] removing '/root/ros2_frws/install/basic_comms/lib/python3.10/site-packages/basic_comms-0.0.0-py3.10.egg-info' (and everything under it)
[2.642s] Copying ../../build/basic_comms/basic_comms.egg-info to /root/ros2_frws/install/basic_comms/lib/python3.10/site-packages/basic_comms-0.0.0-py3.10.egg-info
[2.643s] running install_scripts
[2.752s] Installing subscriber script to /root/ros2_frws/install/basic_comms/lib/basic_comms
[2.754s] Installing talker script to /root/ros2_frws/install/basic_comms/lib/basic_comms
[2.754s] writing list of installed files to '/root/ros2_frws/build/basic_comms/install.log'
[2.858s] Invoked command in '/root/ros2_frws/src/basic_comms' returned '0': PYTHONPATH=/root/ros2_frws/build/basic_comms/prefix_override:/root/ros2_frws/install/basic_comms/lib/python3.10/site-packages:${PYTHONPATH} /usr/bin/python3 setup.py egg_info --egg-base ../../build/basic_comms build --build-base /root/ros2_frws/build/basic_comms/build install --record /root/ros2_frws/build/basic_comms/install.log --single-version-externally-managed
