[2.263s] Invoking command in '/root/ros2_frws/src/basic_comms': PYTHONPATH=/root/ros2_frws/build/basic_comms/prefix_override:/root/ros2_frws/install/basic_comms/lib/python3.10/site-packages:${PYTHONPATH} /usr/bin/python3 setup.py egg_info --egg-base ../../build/basic_comms build --build-base /root/ros2_frws/build/basic_comms/build install --record /root/ros2_frws/build/basic_comms/install.log --single-version-externally-managed
[2.507s] running egg_info
[2.508s] writing ../../build/basic_comms/basic_comms.egg-info/PKG-INFO
[2.508s] writing dependency_links to ../../build/basic_comms/basic_comms.egg-info/dependency_links.txt
[2.508s] writing entry points to ../../build/basic_comms/basic_comms.egg-info/entry_points.txt
[2.508s] writing requirements to ../../build/basic_comms/basic_comms.egg-info/requires.txt
[2.508s] writing top-level names to ../../build/basic_comms/basic_comms.egg-info/top_level.txt
[2.532s] reading manifest file '../../build/basic_comms/basic_comms.egg-info/SOURCES.txt'
[2.535s] writing manifest file '../../build/basic_comms/basic_comms.egg-info/SOURCES.txt'
[2.536s] running build
[2.536s] running build_py
[2.537s] running install
[2.538s] /root/.local/lib/python3.10/site-packages/setuptools/_distutils/cmd.py:66: SetuptoolsDeprecationWarning: setup.py install is deprecated.
[2.538s] !!
[2.538s] 
[2.538s]         ********************************************************************************
[2.538s]         Please avoid running ``setup.py`` directly.
[2.539s]         Instead, use pypa/build, pypa/installer or other
[2.539s]         standards-based tools.
[2.539s] 
[2.539s]         See https://blog.ganssle.io/articles/2021/10/setup-py-deprecated.html for details.
[2.539s]         ********************************************************************************
[2.539s] 
[2.539s] !!
[2.539s]   self.initialize_options()
[2.550s] running install_lib
[2.570s] running install_data
[2.576s] running install_egg_info
[2.590s] removing '/root/ros2_frws/install/basic_comms/lib/python3.10/site-packages/basic_comms-0.0.0-py3.10.egg-info' (and everything under it)
[2.591s] Copying ../../build/basic_comms/basic_comms.egg-info to /root/ros2_frws/install/basic_comms/lib/python3.10/site-packages/basic_comms-0.0.0-py3.10.egg-info
[2.592s] running install_scripts
[2.729s] Installing subscriber script to /root/ros2_frws/install/basic_comms/lib/basic_comms
[2.730s] Installing talker script to /root/ros2_frws/install/basic_comms/lib/basic_comms
[2.731s] writing list of installed files to '/root/ros2_frws/build/basic_comms/install.log'
[2.878s] Invoked command in '/root/ros2_frws/src/basic_comms' returned '0': PYTHONPATH=/root/ros2_frws/build/basic_comms/prefix_override:/root/ros2_frws/install/basic_comms/lib/python3.10/site-packages:${PYTHONPATH} /usr/bin/python3 setup.py egg_info --egg-base ../../build/basic_comms build --build-base /root/ros2_frws/build/basic_comms/build install --record /root/ros2_frws/build/basic_comms/install.log --single-version-externally-managed
