[0.966s] Invoking command in '/root/ros2_frws/build/moveit_resources_fanuc_description': CMAKE_PREFIX_PATH=/opt/ros/humble /usr/bin/cmake /root/ros2_frws/src/moveit_resources/fanuc_description -DCMAKE_INSTALL_PREFIX=/root/ros2_frws/install/moveit_resources_fanuc_description
[2.267s] -- The C compiler identification is GNU 11.4.0
[2.267s] -- The CXX compiler identification is GNU 11.4.0
[2.268s] -- Detecting C compiler ABI info
[2.268s] -- Detecting C compiler ABI info - done
[2.269s] -- Check for working C compiler: /usr/bin/cc - skipped
[2.271s] -- Detecting C compile features
[2.272s] -- Detecting C compile features - done
[2.272s] -- Detecting CXX compiler ABI info
[2.272s] -- Detecting CXX compiler ABI info - done
[2.274s] -- Check for working CXX compiler: /usr/bin/c++ - skipped
[2.274s] -- Detecting CXX compile features
[2.274s] -- Detecting CXX compile features - done
[2.274s] -- Found ament_cmake: 1.3.8 (/opt/ros/humble/share/ament_cmake/cmake)
[2.274s] -- Found Python3: /usr/bin/python3 (found version "3.10.12") found components: Interpreter 
[2.274s] -- Configuring done
[2.275s] -- Generating done
[2.276s] -- Build files have been written to: /root/ros2_frws/build/moveit_resources_fanuc_description
[2.305s] Invoked command in '/root/ros2_frws/build/moveit_resources_fanuc_description' returned '0': CMAKE_PREFIX_PATH=/opt/ros/humble /usr/bin/cmake /root/ros2_frws/src/moveit_resources/fanuc_description -DCMAKE_INSTALL_PREFIX=/root/ros2_frws/install/moveit_resources_fanuc_description
[2.305s] Invoking command in '/root/ros2_frws/build/moveit_resources_fanuc_description': CMAKE_PREFIX_PATH=/opt/ros/humble /usr/bin/cmake --build /root/ros2_frws/build/moveit_resources_fanuc_description -- -j16 -l16
[2.371s] Invoked command in '/root/ros2_frws/build/moveit_resources_fanuc_description' returned '0': CMAKE_PREFIX_PATH=/opt/ros/humble /usr/bin/cmake --build /root/ros2_frws/build/moveit_resources_fanuc_description -- -j16 -l16
[2.522s] Invoking command in '/root/ros2_frws/build/moveit_resources_fanuc_description': CMAKE_PREFIX_PATH=/opt/ros/humble /usr/bin/cmake --install /root/ros2_frws/build/moveit_resources_fanuc_description
[2.548s] -- Install configuration: ""
[2.549s] -- Installing: /root/ros2_frws/install/moveit_resources_fanuc_description/share/ament_index/resource_index/package_run_dependencies/moveit_resources_fanuc_description
[2.551s] -- Installing: /root/ros2_frws/install/moveit_resources_fanuc_description/share/ament_index/resource_index/parent_prefix_path/moveit_resources_fanuc_description
[2.552s] -- Installing: /root/ros2_frws/install/moveit_resources_fanuc_description/share/moveit_resources_fanuc_description/environment/ament_prefix_path.sh
[2.552s] -- Installing: /root/ros2_frws/install/moveit_resources_fanuc_description/share/moveit_resources_fanuc_description/environment/ament_prefix_path.dsv
[2.553s] -- Installing: /root/ros2_frws/install/moveit_resources_fanuc_description/share/moveit_resources_fanuc_description/environment/path.sh
[2.553s] -- Installing: /root/ros2_frws/install/moveit_resources_fanuc_description/share/moveit_resources_fanuc_description/environment/path.dsv
[2.553s] -- Installing: /root/ros2_frws/install/moveit_resources_fanuc_description/share/moveit_resources_fanuc_description/local_setup.bash
[2.553s] -- Installing: /root/ros2_frws/install/moveit_resources_fanuc_description/share/moveit_resources_fanuc_description/local_setup.sh
[2.554s] -- Installing: /root/ros2_frws/install/moveit_resources_fanuc_description/share/moveit_resources_fanuc_description/local_setup.zsh
[2.554s] -- Installing: /root/ros2_frws/install/moveit_resources_fanuc_description/share/moveit_resources_fanuc_description/local_setup.dsv
[2.554s] -- Installing: /root/ros2_frws/install/moveit_resources_fanuc_description/share/moveit_resources_fanuc_description/package.dsv
[2.555s] -- Installing: /root/ros2_frws/install/moveit_resources_fanuc_description/share/ament_index/resource_index/packages/moveit_resources_fanuc_description
[2.555s] -- Installing: /root/ros2_frws/install/moveit_resources_fanuc_description/share/moveit_resources_fanuc_description/cmake/moveit_resources_fanuc_descriptionConfig.cmake
[2.555s] -- Installing: /root/ros2_frws/install/moveit_resources_fanuc_description/share/moveit_resources_fanuc_description/cmake/moveit_resources_fanuc_descriptionConfig-version.cmake
[2.556s] -- Installing: /root/ros2_frws/install/moveit_resources_fanuc_description/share/moveit_resources_fanuc_description/package.xml
[2.556s] -- Installing: /root/ros2_frws/install/moveit_resources_fanuc_description/share/moveit_resources_fanuc_description/meshes
[2.556s] -- Installing: /root/ros2_frws/install/moveit_resources_fanuc_description/share/moveit_resources_fanuc_description/meshes/visual
[2.556s] -- Installing: /root/ros2_frws/install/moveit_resources_fanuc_description/share/moveit_resources_fanuc_description/meshes/visual/link_6.stl
[2.556s] -- Installing: /root/ros2_frws/install/moveit_resources_fanuc_description/share/moveit_resources_fanuc_description/meshes/visual/link_5.stl
[2.556s] -- Installing: /root/ros2_frws/install/moveit_resources_fanuc_description/share/moveit_resources_fanuc_description/meshes/visual/link_1.stl
[2.556s] -- Installing: /root/ros2_frws/install/moveit_resources_fanuc_description/share/moveit_resources_fanuc_description/meshes/visual/link_2.stl
[2.557s] -- Installing: /root/ros2_frws/install/moveit_resources_fanuc_description/share/moveit_resources_fanuc_description/meshes/visual/base_link.stl
[2.557s] -- Installing: /root/ros2_frws/install/moveit_resources_fanuc_description/share/moveit_resources_fanuc_description/meshes/visual/link_4.stl
[2.557s] -- Installing: /root/ros2_frws/install/moveit_resources_fanuc_description/share/moveit_resources_fanuc_description/meshes/visual/link_3.stl
[2.557s] -- Installing: /root/ros2_frws/install/moveit_resources_fanuc_description/share/moveit_resources_fanuc_description/meshes/collision
[2.558s] -- Installing: /root/ros2_frws/install/moveit_resources_fanuc_description/share/moveit_resources_fanuc_description/meshes/collision/link_6.stl
[2.559s] -- Installing: /root/ros2_frws/install/moveit_resources_fanuc_description/share/moveit_resources_fanuc_description/meshes/collision/link_5.stl
[2.559s] -- Installing: /root/ros2_frws/install/moveit_resources_fanuc_description/share/moveit_resources_fanuc_description/meshes/collision/link_1.stl
[2.568s] -- Installing: /root/ros2_frws/install/moveit_resources_fanuc_description/share/moveit_resources_fanuc_description/meshes/collision/link_2.stl
[2.568s] -- Installing: /root/ros2_frws/install/moveit_resources_fanuc_description/share/moveit_resources_fanuc_description/meshes/collision/base_link.stl
[2.569s] -- Installing: /root/ros2_frws/install/moveit_resources_fanuc_description/share/moveit_resources_fanuc_description/meshes/collision/link_4.stl
[2.569s] -- Installing: /root/ros2_frws/install/moveit_resources_fanuc_description/share/moveit_resources_fanuc_description/meshes/collision/link_3.stl
[2.570s] -- Installing: /root/ros2_frws/install/moveit_resources_fanuc_description/share/moveit_resources_fanuc_description/urdf
[2.570s] -- Installing: /root/ros2_frws/install/moveit_resources_fanuc_description/share/moveit_resources_fanuc_description/urdf/fanuc.urdf
