[1.662s] Invoking command in '/root/ros2_frws/src/basic_comms_param': PYTHONPATH=/root/ros2_frws/build/basic_comms_param/prefix_override:/root/ros2_frws/install/basic_comms_param/lib/python3.10/site-packages:${PYTHONPATH} /usr/bin/python3 setup.py egg_info --egg-base ../../build/basic_comms_param build --build-base /root/ros2_frws/build/basic_comms_param/build install --record /root/ros2_frws/build/basic_comms_param/install.log --single-version-externally-managed
[1.851s] running egg_info
[1.867s] writing ../../build/basic_comms_param/basic_comms_param.egg-info/PKG-INFO
[1.868s] writing dependency_links to ../../build/basic_comms_param/basic_comms_param.egg-info/dependency_links.txt
[1.868s] writing entry points to ../../build/basic_comms_param/basic_comms_param.egg-info/entry_points.txt
[1.869s] writing requirements to ../../build/basic_comms_param/basic_comms_param.egg-info/requires.txt
[1.869s] writing top-level names to ../../build/basic_comms_param/basic_comms_param.egg-info/top_level.txt
[1.902s] reading manifest file '../../build/basic_comms_param/basic_comms_param.egg-info/SOURCES.txt'
[1.903s] adding license file 'LICENSE'
[1.903s] writing manifest file '../../build/basic_comms_param/basic_comms_param.egg-info/SOURCES.txt'
[1.904s] running build
[1.904s] running build_py
[1.904s] running install
[1.905s] /root/.local/lib/python3.10/site-packages/setuptools/_distutils/cmd.py:66: SetuptoolsDeprecationWarning: setup.py install is deprecated.
[1.905s] !!
[1.905s] 
[1.905s]         ********************************************************************************
[1.905s]         Please avoid running ``setup.py`` directly.
[1.905s]         Instead, use pypa/build, pypa/installer or other
[1.905s]         standards-based tools.
[1.905s] 
[1.905s]         See https://blog.ganssle.io/articles/2021/10/setup-py-deprecated.html for details.
[1.905s]         ********************************************************************************
[1.905s] 
[1.905s] !!
[1.905s]   self.initialize_options()
[1.912s] running install_lib
[1.931s] running install_data
[1.949s] running install_egg_info
[1.967s] removing '/root/ros2_frws/install/basic_comms_param/lib/python3.10/site-packages/basic_comms_param-0.0.0-py3.10.egg-info' (and everything under it)
[1.967s] Copying ../../build/basic_comms_param/basic_comms_param.egg-info to /root/ros2_frws/install/basic_comms_param/lib/python3.10/site-packages/basic_comms_param-0.0.0-py3.10.egg-info
[1.970s] running install_scripts
[2.132s] Installing talker_params script to /root/ros2_frws/install/basic_comms_param/lib/basic_comms_param
[2.132s] writing list of installed files to '/root/ros2_frws/build/basic_comms_param/install.log'
[2.190s] Invoked command in '/root/ros2_frws/src/basic_comms_param' returned '0': PYTHONPATH=/root/ros2_frws/build/basic_comms_param/prefix_override:/root/ros2_frws/install/basic_comms_param/lib/python3.10/site-packages:${PYTHONPATH} /usr/bin/python3 setup.py egg_info --egg-base ../../build/basic_comms_param build --build-base /root/ros2_frws/build/basic_comms_param/build install --record /root/ros2_frws/build/basic_comms_param/install.log --single-version-externally-managed
