[3.246s] Invoking command in '/root/ros2_frws/src/course_works': PYTHONPATH=/root/ros2_frws/build/course_works/prefix_override:/root/ros2_frws/install/course_works/lib/python3.10/site-packages:${PYTHONPATH} /usr/bin/python3 setup.py egg_info --egg-base ../../build/course_works build --build-base /root/ros2_frws/build/course_works/build install --record /root/ros2_frws/build/course_works/install.log --single-version-externally-managed
[3.976s] running egg_info
[4.007s] writing ../../build/course_works/course_works.egg-info/PKG-INFO
[4.007s] writing dependency_links to ../../build/course_works/course_works.egg-info/dependency_links.txt
[4.007s] writing entry points to ../../build/course_works/course_works.egg-info/entry_points.txt
[4.007s] writing requirements to ../../build/course_works/course_works.egg-info/requires.txt
[4.007s] writing top-level names to ../../build/course_works/course_works.egg-info/top_level.txt
[4.083s] reading manifest file '../../build/course_works/course_works.egg-info/SOURCES.txt'
[4.095s] adding license file 'LICENSE'
[4.096s] writing manifest file '../../build/course_works/course_works.egg-info/SOURCES.txt'
[4.097s] running build
[4.099s] running build_py
[4.102s] /root/.local/lib/python3.10/site-packages/setuptools/_distutils/cmd.py:66: SetuptoolsDeprecationWarning: setup.py install is deprecated.
[4.102s] !!
[4.102s] 
[4.102s]         ********************************************************************************
[4.102s]         Please avoid running ``setup.py`` directly.
[4.102s]         Instead, use pypa/build, pypa/installer or other
[4.102s]         standards-based tools.
[4.102s] 
[4.102s]         See https://blog.ganssle.io/articles/2021/10/setup-py-deprecated.html for details.
[4.102s]         ********************************************************************************
[4.103s] 
[4.103s] !!
[4.103s]   self.initialize_options()
[4.103s] running install
[4.109s] running install_lib
[4.142s] running install_data
[4.168s] running install_egg_info
[4.197s] removing '/root/ros2_frws/install/course_works/lib/python3.10/site-packages/course_works-0.0.0-py3.10.egg-info' (and everything under it)
[4.249s] Copying ../../build/course_works/course_works.egg-info to /root/ros2_frws/install/course_works/lib/python3.10/site-packages/course_works-0.0.0-py3.10.egg-info
[4.249s] running install_scripts
[5.122s] Installing process_node script to /root/ros2_frws/install/course_works/lib/course_works
[5.127s] Installing signal_generator script to /root/ros2_frws/install/course_works/lib/course_works
[5.131s] writing list of installed files to '/root/ros2_frws/build/course_works/install.log'
[5.289s] Invoked command in '/root/ros2_frws/src/course_works' returned '0': PYTHONPATH=/root/ros2_frws/build/course_works/prefix_override:/root/ros2_frws/install/course_works/lib/python3.10/site-packages:${PYTHONPATH} /usr/bin/python3 setup.py egg_info --egg-base ../../build/course_works build --build-base /root/ros2_frws/build/course_works/build install --record /root/ros2_frws/build/course_works/install.log --single-version-externally-managed
