[1.343s] DEBUG:colcon:Command line arguments: ['/usr/bin/colcon', 'build']
[1.343s] DEBUG:colcon:Parsed command line arguments: Namespace(log_base=None, log_level=None, verb_name='build', build_base='build', install_base='install', merge_install=False, symlink_install=False, test_result_base=None, continue_on_error=False, executor='parallel', parallel_workers=16, event_handlers=None, ignore_user_meta=False, metas=['./colcon.meta'], base_paths=['.'], packages_ignore=None, packages_ignore_regex=None, paths=None, packages_up_to=None, packages_up_to_regex=None, packages_above=None, packages_above_and_dependencies=None, packages_above_depth=None, packages_select_by_dep=None, packages_skip_by_dep=None, packages_skip_up_to=None, packages_select_build_failed=False, packages_skip_build_finished=False, packages_select_test_failures=False, packages_skip_test_passed=False, packages_select=None, packages_skip=None, packages_select_regex=None, packages_skip_regex=None, packages_start=None, packages_end=None, cmake_args=None, cmake_target=None, cmake_target_skip_unavailable=False, cmake_clean_cache=False, cmake_clean_first=False, cmake_force_configure=False, ament_cmake_args=None, catkin_cmake_args=None, catkin_skip_building_tests=False, mixin_files=None, mixin=None, verb_parser=<colcon_mixin.mixin.mixin_argument.MixinArgumentDecorator object at 0x7fe6a72379a0>, verb_extension=<colcon_core.verb.build.BuildVerb object at 0x7fe6a7418760>, main=<bound method BuildVerb.main of <colcon_core.verb.build.BuildVerb object at 0x7fe6a7418760>>, mixin_verb=('build',))
[1.397s] Level 1:colcon.colcon_core.package_discovery:discover_packages(colcon_meta) check parameters
[1.397s] INFO:colcon.colcon_metadata.package_discovery.colcon_meta:Using configuration from '/root/.colcon/metadata/default/Gazebo.meta'
[1.398s] INFO:colcon.colcon_metadata.package_discovery.colcon_meta:Using configuration from '/root/.colcon/metadata/default/fastrtps.meta'
[1.398s] Level 1:colcon.colcon_core.package_discovery:discover_packages(recursive) check parameters
[1.398s] Level 1:colcon.colcon_core.package_discovery:discover_packages(ignore) check parameters
[1.398s] Level 1:colcon.colcon_core.package_discovery:discover_packages(path) check parameters
[1.398s] Level 1:colcon.colcon_core.package_discovery:discover_packages(colcon_meta) discover
[1.398s] Level 1:colcon.colcon_core.package_discovery:discover_packages(recursive) discover
[1.398s] INFO:colcon.colcon_core.package_discovery:Crawling recursively for packages in '/root/ros2_frws'
[1.398s] Level 1:colcon.colcon_core.package_identification:_identify(.) by extensions ['ignore', 'ignore_ament_install']
[1.398s] Level 1:colcon.colcon_core.package_identification:_identify(.) by extension 'ignore'
[1.398s] Level 1:colcon.colcon_core.package_identification:_identify(.) by extension 'ignore_ament_install'
[1.399s] Level 1:colcon.colcon_core.package_identification:_identify(.) by extensions ['colcon_pkg']
[1.399s] Level 1:colcon.colcon_core.package_identification:_identify(.) by extension 'colcon_pkg'
[1.399s] Level 1:colcon.colcon_core.package_identification:_identify(.) by extensions ['colcon_meta']
[1.399s] Level 1:colcon.colcon_core.package_identification:_identify(.) by extension 'colcon_meta'
[1.399s] Level 1:colcon.colcon_core.package_identification:_identify(.) by extensions ['ros']
[1.399s] Level 1:colcon.colcon_core.package_identification:_identify(.) by extension 'ros'
[1.414s] Level 1:colcon.colcon_core.package_identification:_identify(.) by extensions ['cmake', 'python']
[1.414s] Level 1:colcon.colcon_core.package_identification:_identify(.) by extension 'cmake'
[1.414s] Level 1:colcon.colcon_core.package_identification:_identify(.) by extension 'python'
[1.414s] Level 1:colcon.colcon_core.package_identification:_identify(.) by extensions ['python_setup_py']
[1.414s] Level 1:colcon.colcon_core.package_identification:_identify(.) by extension 'python_setup_py'
[1.414s] Level 1:colcon.colcon_core.package_identification:_identify(build) by extensions ['ignore', 'ignore_ament_install']
[1.414s] Level 1:colcon.colcon_core.package_identification:_identify(build) by extension 'ignore'
[1.414s] Level 1:colcon.colcon_core.package_identification:_identify(build) ignored
[1.414s] Level 1:colcon.colcon_core.package_identification:_identify(install) by extensions ['ignore', 'ignore_ament_install']
[1.414s] Level 1:colcon.colcon_core.package_identification:_identify(install) by extension 'ignore'
[1.414s] Level 1:colcon.colcon_core.package_identification:_identify(install) ignored
[1.415s] Level 1:colcon.colcon_core.package_identification:_identify(log) by extensions ['ignore', 'ignore_ament_install']
[1.415s] Level 1:colcon.colcon_core.package_identification:_identify(log) by extension 'ignore'
[1.415s] Level 1:colcon.colcon_core.package_identification:_identify(log) ignored
[1.415s] Level 1:colcon.colcon_core.package_identification:_identify(src) by extensions ['ignore', 'ignore_ament_install']
[1.415s] Level 1:colcon.colcon_core.package_identification:_identify(src) by extension 'ignore'
[1.415s] Level 1:colcon.colcon_core.package_identification:_identify(src) by extension 'ignore_ament_install'
[1.415s] Level 1:colcon.colcon_core.package_identification:_identify(src) by extensions ['colcon_pkg']
[1.415s] Level 1:colcon.colcon_core.package_identification:_identify(src) by extension 'colcon_pkg'
[1.415s] Level 1:colcon.colcon_core.package_identification:_identify(src) by extensions ['colcon_meta']
[1.415s] Level 1:colcon.colcon_core.package_identification:_identify(src) by extension 'colcon_meta'
[1.415s] Level 1:colcon.colcon_core.package_identification:_identify(src) by extensions ['ros']
[1.415s] Level 1:colcon.colcon_core.package_identification:_identify(src) by extension 'ros'
[1.415s] Level 1:colcon.colcon_core.package_identification:_identify(src) by extensions ['cmake', 'python']
[1.415s] Level 1:colcon.colcon_core.package_identification:_identify(src) by extension 'cmake'
[1.415s] Level 1:colcon.colcon_core.package_identification:_identify(src) by extension 'python'
[1.415s] Level 1:colcon.colcon_core.package_identification:_identify(src) by extensions ['python_setup_py']
[1.415s] Level 1:colcon.colcon_core.package_identification:_identify(src) by extension 'python_setup_py'
[1.415s] Level 1:colcon.colcon_core.package_identification:_identify(src/basic_comms) by extensions ['ignore', 'ignore_ament_install']
[1.415s] Level 1:colcon.colcon_core.package_identification:_identify(src/basic_comms) by extension 'ignore'
[1.415s] Level 1:colcon.colcon_core.package_identification:_identify(src/basic_comms) by extension 'ignore_ament_install'
[1.415s] Level 1:colcon.colcon_core.package_identification:_identify(src/basic_comms) by extensions ['colcon_pkg']
[1.415s] Level 1:colcon.colcon_core.package_identification:_identify(src/basic_comms) by extension 'colcon_pkg'
[1.416s] Level 1:colcon.colcon_core.package_identification:_identify(src/basic_comms) by extensions ['colcon_meta']
[1.416s] Level 1:colcon.colcon_core.package_identification:_identify(src/basic_comms) by extension 'colcon_meta'
[1.416s] Level 1:colcon.colcon_core.package_identification:_identify(src/basic_comms) by extensions ['ros']
[1.416s] Level 1:colcon.colcon_core.package_identification:_identify(src/basic_comms) by extension 'ros'
[1.418s] DEBUG:colcon.colcon_core.package_identification:Package 'src/basic_comms' with type 'ros.ament_python' and name 'basic_comms'
[1.418s] Level 1:colcon.colcon_core.package_identification:_identify(src/basic_comms_param) by extensions ['ignore', 'ignore_ament_install']
[1.418s] Level 1:colcon.colcon_core.package_identification:_identify(src/basic_comms_param) by extension 'ignore'
[1.418s] Level 1:colcon.colcon_core.package_identification:_identify(src/basic_comms_param) by extension 'ignore_ament_install'
[1.418s] Level 1:colcon.colcon_core.package_identification:_identify(src/basic_comms_param) by extensions ['colcon_pkg']
[1.418s] Level 1:colcon.colcon_core.package_identification:_identify(src/basic_comms_param) by extension 'colcon_pkg'
[1.418s] Level 1:colcon.colcon_core.package_identification:_identify(src/basic_comms_param) by extensions ['colcon_meta']
[1.418s] Level 1:colcon.colcon_core.package_identification:_identify(src/basic_comms_param) by extension 'colcon_meta'
[1.418s] Level 1:colcon.colcon_core.package_identification:_identify(src/basic_comms_param) by extensions ['ros']
[1.418s] Level 1:colcon.colcon_core.package_identification:_identify(src/basic_comms_param) by extension 'ros'
[1.419s] DEBUG:colcon.colcon_core.package_identification:Package 'src/basic_comms_param' with type 'ros.ament_python' and name 'basic_comms_param'
[1.419s] Level 1:colcon.colcon_core.package_identification:_identify(src/basic_comms_params) by extensions ['ignore', 'ignore_ament_install']
[1.420s] Level 1:colcon.colcon_core.package_identification:_identify(src/basic_comms_params) by extension 'ignore'
[1.420s] Level 1:colcon.colcon_core.package_identification:_identify(src/basic_comms_params) by extension 'ignore_ament_install'
[1.420s] Level 1:colcon.colcon_core.package_identification:_identify(src/basic_comms_params) by extensions ['colcon_pkg']
[1.420s] Level 1:colcon.colcon_core.package_identification:_identify(src/basic_comms_params) by extension 'colcon_pkg'
[1.420s] Level 1:colcon.colcon_core.package_identification:_identify(src/basic_comms_params) by extensions ['colcon_meta']
[1.420s] Level 1:colcon.colcon_core.package_identification:_identify(src/basic_comms_params) by extension 'colcon_meta'
[1.420s] Level 1:colcon.colcon_core.package_identification:_identify(src/basic_comms_params) by extensions ['ros']
[1.420s] Level 1:colcon.colcon_core.package_identification:_identify(src/basic_comms_params) by extension 'ros'
[1.421s] DEBUG:colcon.colcon_core.package_identification:Package 'src/basic_comms_params' with type 'ros.ament_python' and name 'basic_comms_params'
[1.421s] Level 1:colcon.colcon_core.package_identification:_identify(src/build) by extensions ['ignore', 'ignore_ament_install']
[1.421s] Level 1:colcon.colcon_core.package_identification:_identify(src/build) by extension 'ignore'
[1.421s] Level 1:colcon.colcon_core.package_identification:_identify(src/build) ignored
[1.421s] Level 1:colcon.colcon_core.package_identification:_identify(src/course_works) by extensions ['ignore', 'ignore_ament_install']
[1.422s] Level 1:colcon.colcon_core.package_identification:_identify(src/course_works) by extension 'ignore'
[1.422s] Level 1:colcon.colcon_core.package_identification:_identify(src/course_works) by extension 'ignore_ament_install'
[1.422s] Level 1:colcon.colcon_core.package_identification:_identify(src/course_works) by extensions ['colcon_pkg']
[1.422s] Level 1:colcon.colcon_core.package_identification:_identify(src/course_works) by extension 'colcon_pkg'
[1.422s] Level 1:colcon.colcon_core.package_identification:_identify(src/course_works) by extensions ['colcon_meta']
[1.422s] Level 1:colcon.colcon_core.package_identification:_identify(src/course_works) by extension 'colcon_meta'
[1.422s] Level 1:colcon.colcon_core.package_identification:_identify(src/course_works) by extensions ['ros']
[1.422s] Level 1:colcon.colcon_core.package_identification:_identify(src/course_works) by extension 'ros'
[1.423s] DEBUG:colcon.colcon_core.package_identification:Package 'src/course_works' with type 'ros.ament_python' and name 'course_works'
[1.423s] Level 1:colcon.colcon_core.package_identification:_identify(src/install) by extensions ['ignore', 'ignore_ament_install']
[1.423s] Level 1:colcon.colcon_core.package_identification:_identify(src/install) by extension 'ignore'
[1.423s] Level 1:colcon.colcon_core.package_identification:_identify(src/install) ignored
[1.423s] Level 1:colcon.colcon_core.package_identification:_identify(src/log) by extensions ['ignore', 'ignore_ament_install']
[1.423s] Level 1:colcon.colcon_core.package_identification:_identify(src/log) by extension 'ignore'
[1.424s] Level 1:colcon.colcon_core.package_identification:_identify(src/log) ignored
[1.424s] Level 1:colcon.colcon_core.package_discovery:discover_packages(recursive) using defaults
[1.424s] Level 1:colcon.colcon_core.package_discovery:discover_packages(ignore) discover
[1.424s] Level 1:colcon.colcon_core.package_discovery:discover_packages(ignore) using defaults
[1.424s] Level 1:colcon.colcon_core.package_discovery:discover_packages(path) discover
[1.424s] Level 1:colcon.colcon_core.package_discovery:discover_packages(path) using defaults
[1.531s] Level 5:colcon.colcon_core.verb:set package 'basic_comms' build argument 'cmake_args' from command line to 'None'
[1.532s] Level 5:colcon.colcon_core.verb:set package 'basic_comms' build argument 'cmake_target' from command line to 'None'
[1.532s] Level 5:colcon.colcon_core.verb:set package 'basic_comms' build argument 'cmake_target_skip_unavailable' from command line to 'False'
[1.532s] Level 5:colcon.colcon_core.verb:set package 'basic_comms' build argument 'cmake_clean_cache' from command line to 'False'
[1.532s] Level 5:colcon.colcon_core.verb:set package 'basic_comms' build argument 'cmake_clean_first' from command line to 'False'
[1.532s] Level 5:colcon.colcon_core.verb:set package 'basic_comms' build argument 'cmake_force_configure' from command line to 'False'
[1.532s] Level 5:colcon.colcon_core.verb:set package 'basic_comms' build argument 'ament_cmake_args' from command line to 'None'
[1.532s] Level 5:colcon.colcon_core.verb:set package 'basic_comms' build argument 'catkin_cmake_args' from command line to 'None'
[1.532s] Level 5:colcon.colcon_core.verb:set package 'basic_comms' build argument 'catkin_skip_building_tests' from command line to 'False'
[1.532s] DEBUG:colcon.colcon_core.verb:Building package 'basic_comms' with the following arguments: {'ament_cmake_args': None, 'build_base': '/root/ros2_frws/build/basic_comms', 'catkin_cmake_args': None, 'catkin_skip_building_tests': False, 'cmake_args': None, 'cmake_clean_cache': False, 'cmake_clean_first': False, 'cmake_force_configure': False, 'cmake_target': None, 'cmake_target_skip_unavailable': False, 'install_base': '/root/ros2_frws/install/basic_comms', 'merge_install': False, 'path': '/root/ros2_frws/src/basic_comms', 'symlink_install': False, 'test_result_base': None}
[1.549s] Level 5:colcon.colcon_core.verb:set package 'basic_comms_param' build argument 'cmake_args' from command line to 'None'
[1.549s] Level 5:colcon.colcon_core.verb:set package 'basic_comms_param' build argument 'cmake_target' from command line to 'None'
[1.549s] Level 5:colcon.colcon_core.verb:set package 'basic_comms_param' build argument 'cmake_target_skip_unavailable' from command line to 'False'
[1.549s] Level 5:colcon.colcon_core.verb:set package 'basic_comms_param' build argument 'cmake_clean_cache' from command line to 'False'
[1.549s] Level 5:colcon.colcon_core.verb:set package 'basic_comms_param' build argument 'cmake_clean_first' from command line to 'False'
[1.549s] Level 5:colcon.colcon_core.verb:set package 'basic_comms_param' build argument 'cmake_force_configure' from command line to 'False'
[1.549s] Level 5:colcon.colcon_core.verb:set package 'basic_comms_param' build argument 'ament_cmake_args' from command line to 'None'
[1.549s] Level 5:colcon.colcon_core.verb:set package 'basic_comms_param' build argument 'catkin_cmake_args' from command line to 'None'
[1.549s] Level 5:colcon.colcon_core.verb:set package 'basic_comms_param' build argument 'catkin_skip_building_tests' from command line to 'False'
[1.549s] DEBUG:colcon.colcon_core.verb:Building package 'basic_comms_param' with the following arguments: {'ament_cmake_args': None, 'build_base': '/root/ros2_frws/build/basic_comms_param', 'catkin_cmake_args': None, 'catkin_skip_building_tests': False, 'cmake_args': None, 'cmake_clean_cache': False, 'cmake_clean_first': False, 'cmake_force_configure': False, 'cmake_target': None, 'cmake_target_skip_unavailable': False, 'install_base': '/root/ros2_frws/install/basic_comms_param', 'merge_install': False, 'path': '/root/ros2_frws/src/basic_comms_param', 'symlink_install': False, 'test_result_base': None}
[1.568s] Level 5:colcon.colcon_core.verb:set package 'basic_comms_params' build argument 'cmake_args' from command line to 'None'
[1.568s] Level 5:colcon.colcon_core.verb:set package 'basic_comms_params' build argument 'cmake_target' from command line to 'None'
[1.568s] Level 5:colcon.colcon_core.verb:set package 'basic_comms_params' build argument 'cmake_target_skip_unavailable' from command line to 'False'
[1.568s] Level 5:colcon.colcon_core.verb:set package 'basic_comms_params' build argument 'cmake_clean_cache' from command line to 'False'
[1.568s] Level 5:colcon.colcon_core.verb:set package 'basic_comms_params' build argument 'cmake_clean_first' from command line to 'False'
[1.568s] Level 5:colcon.colcon_core.verb:set package 'basic_comms_params' build argument 'cmake_force_configure' from command line to 'False'
[1.568s] Level 5:colcon.colcon_core.verb:set package 'basic_comms_params' build argument 'ament_cmake_args' from command line to 'None'
[1.568s] Level 5:colcon.colcon_core.verb:set package 'basic_comms_params' build argument 'catkin_cmake_args' from command line to 'None'
[1.568s] Level 5:colcon.colcon_core.verb:set package 'basic_comms_params' build argument 'catkin_skip_building_tests' from command line to 'False'
[1.568s] DEBUG:colcon.colcon_core.verb:Building package 'basic_comms_params' with the following arguments: {'ament_cmake_args': None, 'build_base': '/root/ros2_frws/build/basic_comms_params', 'catkin_cmake_args': None, 'catkin_skip_building_tests': False, 'cmake_args': None, 'cmake_clean_cache': False, 'cmake_clean_first': False, 'cmake_force_configure': False, 'cmake_target': None, 'cmake_target_skip_unavailable': False, 'install_base': '/root/ros2_frws/install/basic_comms_params', 'merge_install': False, 'path': '/root/ros2_frws/src/basic_comms_params', 'symlink_install': False, 'test_result_base': None}
[1.584s] Level 5:colcon.colcon_core.verb:set package 'course_works' build argument 'cmake_args' from command line to 'None'
[1.584s] Level 5:colcon.colcon_core.verb:set package 'course_works' build argument 'cmake_target' from command line to 'None'
[1.584s] Level 5:colcon.colcon_core.verb:set package 'course_works' build argument 'cmake_target_skip_unavailable' from command line to 'False'
[1.584s] Level 5:colcon.colcon_core.verb:set package 'course_works' build argument 'cmake_clean_cache' from command line to 'False'
[1.584s] Level 5:colcon.colcon_core.verb:set package 'course_works' build argument 'cmake_clean_first' from command line to 'False'
[1.584s] Level 5:colcon.colcon_core.verb:set package 'course_works' build argument 'cmake_force_configure' from command line to 'False'
[1.584s] Level 5:colcon.colcon_core.verb:set package 'course_works' build argument 'ament_cmake_args' from command line to 'None'
[1.584s] Level 5:colcon.colcon_core.verb:set package 'course_works' build argument 'catkin_cmake_args' from command line to 'None'
[1.584s] Level 5:colcon.colcon_core.verb:set package 'course_works' build argument 'catkin_skip_building_tests' from command line to 'False'
[1.584s] DEBUG:colcon.colcon_core.verb:Building package 'course_works' with the following arguments: {'ament_cmake_args': None, 'build_base': '/root/ros2_frws/build/course_works', 'catkin_cmake_args': None, 'catkin_skip_building_tests': False, 'cmake_args': None, 'cmake_clean_cache': False, 'cmake_clean_first': False, 'cmake_force_configure': False, 'cmake_target': None, 'cmake_target_skip_unavailable': False, 'install_base': '/root/ros2_frws/install/course_works', 'merge_install': False, 'path': '/root/ros2_frws/src/course_works', 'symlink_install': False, 'test_result_base': None}
[1.596s] INFO:colcon.colcon_core.executor:Executing jobs using 'parallel' executor
[1.611s] DEBUG:colcon.colcon_parallel_executor.executor.parallel:run_until_complete
[1.612s] INFO:colcon.colcon_ros.task.ament_python.build:Building ROS package in '/root/ros2_frws/src/basic_comms' with build type 'ament_python'
[1.612s] Level 1:colcon.colcon_core.shell:create_environment_hook('basic_comms', 'ament_prefix_path')
[1.630s] INFO:colcon.colcon_core.plugin_system:Skipping extension 'colcon_core.shell.bat': Not used on non-Windows systems
[1.631s] INFO:colcon.colcon_core.shell:Creating environment hook '/root/ros2_frws/install/basic_comms/share/basic_comms/hook/ament_prefix_path.ps1'
[1.631s] INFO:colcon.colcon_core.shell:Creating environment descriptor '/root/ros2_frws/install/basic_comms/share/basic_comms/hook/ament_prefix_path.dsv'
[1.632s] INFO:colcon.colcon_core.shell:Creating environment hook '/root/ros2_frws/install/basic_comms/share/basic_comms/hook/ament_prefix_path.sh'
[1.648s] INFO:colcon.colcon_core.shell:Skip shell extension 'powershell' for command environment: Not usable outside of PowerShell
[1.649s] DEBUG:colcon.colcon_core.shell:Skip shell extension 'dsv' for command environment
[1.706s] INFO:colcon.colcon_ros.task.ament_python.build:Building ROS package in '/root/ros2_frws/src/basic_comms_param' with build type 'ament_python'
[1.707s] Level 1:colcon.colcon_core.shell:create_environment_hook('basic_comms_param', 'ament_prefix_path')
[1.724s] INFO:colcon.colcon_core.shell:Creating environment hook '/root/ros2_frws/install/basic_comms_param/share/basic_comms_param/hook/ament_prefix_path.ps1'
[1.724s] INFO:colcon.colcon_core.shell:Creating environment descriptor '/root/ros2_frws/install/basic_comms_param/share/basic_comms_param/hook/ament_prefix_path.dsv'
[1.725s] INFO:colcon.colcon_core.shell:Creating environment hook '/root/ros2_frws/install/basic_comms_param/share/basic_comms_param/hook/ament_prefix_path.sh'
[1.740s] INFO:colcon.colcon_core.shell:Skip shell extension 'powershell' for command environment: Not usable outside of PowerShell
[1.740s] DEBUG:colcon.colcon_core.shell:Skip shell extension 'dsv' for command environment
[1.786s] INFO:colcon.colcon_ros.task.ament_python.build:Building ROS package in '/root/ros2_frws/src/basic_comms_params' with build type 'ament_python'
[1.786s] Level 1:colcon.colcon_core.shell:create_environment_hook('basic_comms_params', 'ament_prefix_path')
[1.805s] INFO:colcon.colcon_core.shell:Creating environment hook '/root/ros2_frws/install/basic_comms_params/share/basic_comms_params/hook/ament_prefix_path.ps1'
[1.805s] INFO:colcon.colcon_core.shell:Creating environment descriptor '/root/ros2_frws/install/basic_comms_params/share/basic_comms_params/hook/ament_prefix_path.dsv'
[1.805s] INFO:colcon.colcon_core.shell:Creating environment hook '/root/ros2_frws/install/basic_comms_params/share/basic_comms_params/hook/ament_prefix_path.sh'
[1.820s] INFO:colcon.colcon_core.shell:Skip shell extension 'powershell' for command environment: Not usable outside of PowerShell
[1.820s] DEBUG:colcon.colcon_core.shell:Skip shell extension 'dsv' for command environment
[1.867s] INFO:colcon.colcon_ros.task.ament_python.build:Building ROS package in '/root/ros2_frws/src/course_works' with build type 'ament_python'
[1.867s] Level 1:colcon.colcon_core.shell:create_environment_hook('course_works', 'ament_prefix_path')
[1.881s] INFO:colcon.colcon_core.shell:Creating environment hook '/root/ros2_frws/install/course_works/share/course_works/hook/ament_prefix_path.ps1'
[1.881s] INFO:colcon.colcon_core.shell:Creating environment descriptor '/root/ros2_frws/install/course_works/share/course_works/hook/ament_prefix_path.dsv'
[1.882s] INFO:colcon.colcon_core.shell:Creating environment hook '/root/ros2_frws/install/course_works/share/course_works/hook/ament_prefix_path.sh'
[1.895s] INFO:colcon.colcon_core.shell:Skip shell extension 'powershell' for command environment: Not usable outside of PowerShell
[1.896s] DEBUG:colcon.colcon_core.shell:Skip shell extension 'dsv' for command environment
[2.142s] INFO:colcon.colcon_core.task.python.build:Building Python package in '/root/ros2_frws/src/basic_comms'
[2.156s] INFO:colcon.colcon_core.shell:Skip shell extension 'powershell' for command environment: Not usable outside of PowerShell
[2.156s] DEBUG:colcon.colcon_core.shell:Skip shell extension 'dsv' for command environment
[2.395s] INFO:colcon.colcon_core.task.python.build:Building Python package in '/root/ros2_frws/src/basic_comms_param'
[2.408s] INFO:colcon.colcon_core.shell:Skip shell extension 'powershell' for command environment: Not usable outside of PowerShell
[2.408s] DEBUG:colcon.colcon_core.shell:Skip shell extension 'dsv' for command environment
[2.630s] INFO:colcon.colcon_core.task.python.build:Building Python package in '/root/ros2_frws/src/basic_comms_params'
[2.643s] INFO:colcon.colcon_core.shell:Skip shell extension 'powershell' for command environment: Not usable outside of PowerShell
[2.643s] DEBUG:colcon.colcon_core.shell:Skip shell extension 'dsv' for command environment
[2.881s] INFO:colcon.colcon_core.task.python.build:Building Python package in '/root/ros2_frws/src/course_works'
[2.899s] INFO:colcon.colcon_core.shell:Skip shell extension 'powershell' for command environment: Not usable outside of PowerShell
[2.899s] DEBUG:colcon.colcon_core.shell:Skip shell extension 'dsv' for command environment
[3.557s] DEBUG:colcon.colcon_core.event_handler.log_command:Invoking command in '/root/ros2_frws/src/basic_comms_param': PYTHONPATH=/root/ros2_frws/build/basic_comms_param/prefix_override:/root/ros2_frws/install/basic_comms_param/lib/python3.10/site-packages:${PYTHONPATH} /usr/bin/python3 setup.py egg_info --egg-base ../../build/basic_comms_param build --build-base /root/ros2_frws/build/basic_comms_param/build install --record /root/ros2_frws/build/basic_comms_param/install.log --single-version-externally-managed
[3.559s] DEBUG:colcon.colcon_core.event_handler.log_command:Invoking command in '/root/ros2_frws/src/basic_comms': PYTHONPATH=/root/ros2_frws/build/basic_comms/prefix_override:/root/ros2_frws/install/basic_comms/lib/python3.10/site-packages:${PYTHONPATH} /usr/bin/python3 setup.py egg_info --egg-base ../../build/basic_comms build --build-base /root/ros2_frws/build/basic_comms/build install --record /root/ros2_frws/build/basic_comms/install.log --single-version-externally-managed
[3.561s] DEBUG:colcon.colcon_core.event_handler.log_command:Invoking command in '/root/ros2_frws/src/basic_comms_params': PYTHONPATH=/root/ros2_frws/build/basic_comms_params/prefix_override:/root/ros2_frws/install/basic_comms_params/lib/python3.10/site-packages:${PYTHONPATH} /usr/bin/python3 setup.py egg_info --egg-base ../../build/basic_comms_params build --build-base /root/ros2_frws/build/basic_comms_params/build install --record /root/ros2_frws/build/basic_comms_params/install.log --single-version-externally-managed
[3.562s] DEBUG:colcon.colcon_core.event_handler.log_command:Invoking command in '/root/ros2_frws/src/course_works': PYTHONPATH=/root/ros2_frws/build/course_works/prefix_override:/root/ros2_frws/install/course_works/lib/python3.10/site-packages:${PYTHONPATH} /usr/bin/python3 setup.py egg_info --egg-base ../../build/course_works build --build-base /root/ros2_frws/build/course_works/build install --record /root/ros2_frws/build/course_works/install.log --single-version-externally-managed
[4.050s] DEBUG:colcon.colcon_core.event_handler.log_command:Invoked command in '/root/ros2_frws/src/basic_comms_param' returned '0': PYTHONPATH=/root/ros2_frws/build/basic_comms_param/prefix_override:/root/ros2_frws/install/basic_comms_param/lib/python3.10/site-packages:${PYTHONPATH} /usr/bin/python3 setup.py egg_info --egg-base ../../build/basic_comms_param build --build-base /root/ros2_frws/build/basic_comms_param/build install --record /root/ros2_frws/build/basic_comms_param/install.log --single-version-externally-managed
[4.072s] Level 1:colcon.colcon_core.environment:checking '/root/ros2_frws/install/basic_comms_param' for CMake module files
[4.072s] Level 1:colcon.colcon_core.environment:checking '/root/ros2_frws/install/basic_comms_param' for CMake config files
[4.073s] Level 1:colcon.colcon_core.environment:checking '/root/ros2_frws/install/basic_comms_param/lib'
[4.073s] Level 1:colcon.colcon_core.environment:checking '/root/ros2_frws/install/basic_comms_param/bin'
[4.073s] Level 1:colcon.colcon_core.environment:checking '/root/ros2_frws/install/basic_comms_param/lib/pkgconfig/basic_comms_param.pc'
[4.074s] Level 1:colcon.colcon_core.environment:checking '/root/ros2_frws/install/basic_comms_param/lib/python3.10/site-packages'
[4.074s] Level 1:colcon.colcon_core.shell:create_environment_hook('basic_comms_param', 'pythonpath')
[4.088s] INFO:colcon.colcon_core.shell:Creating environment hook '/root/ros2_frws/install/basic_comms_param/share/basic_comms_param/hook/pythonpath.ps1'
[4.089s] INFO:colcon.colcon_core.shell:Creating environment descriptor '/root/ros2_frws/install/basic_comms_param/share/basic_comms_param/hook/pythonpath.dsv'
[4.089s] INFO:colcon.colcon_core.shell:Creating environment hook '/root/ros2_frws/install/basic_comms_param/share/basic_comms_param/hook/pythonpath.sh'
[4.090s] Level 1:colcon.colcon_core.environment:checking '/root/ros2_frws/install/basic_comms_param/bin'
[4.090s] Level 1:colcon.colcon_core.environment:create_environment_scripts_only(basic_comms_param)
[4.103s] INFO:colcon.colcon_core.shell:Creating package script '/root/ros2_frws/install/basic_comms_param/share/basic_comms_param/package.ps1'
[4.104s] INFO:colcon.colcon_core.shell:Creating package descriptor '/root/ros2_frws/install/basic_comms_param/share/basic_comms_param/package.dsv'
[4.104s] INFO:colcon.colcon_core.shell:Creating package script '/root/ros2_frws/install/basic_comms_param/share/basic_comms_param/package.sh'
[4.105s] INFO:colcon.colcon_core.shell:Creating package script '/root/ros2_frws/install/basic_comms_param/share/basic_comms_param/package.bash'
[4.106s] INFO:colcon.colcon_core.shell:Creating package script '/root/ros2_frws/install/basic_comms_param/share/basic_comms_param/package.zsh'
[4.107s] Level 1:colcon.colcon_core.environment:create_file_with_runtime_dependencies(/root/ros2_frws/install/basic_comms_param/share/colcon-core/packages/basic_comms_param)
[4.109s] DEBUG:colcon.colcon_core.event_handler.log_command:Invoked command in '/root/ros2_frws/src/basic_comms_params' returned '0': PYTHONPATH=/root/ros2_frws/build/basic_comms_params/prefix_override:/root/ros2_frws/install/basic_comms_params/lib/python3.10/site-packages:${PYTHONPATH} /usr/bin/python3 setup.py egg_info --egg-base ../../build/basic_comms_params build --build-base /root/ros2_frws/build/basic_comms_params/build install --record /root/ros2_frws/build/basic_comms_params/install.log --single-version-externally-managed
[4.122s] Level 1:colcon.colcon_core.environment:checking '/root/ros2_frws/install/basic_comms_params' for CMake module files
[4.123s] Level 1:colcon.colcon_core.environment:checking '/root/ros2_frws/install/basic_comms_params' for CMake config files
[4.123s] Level 1:colcon.colcon_core.environment:checking '/root/ros2_frws/install/basic_comms_params/lib'
[4.124s] Level 1:colcon.colcon_core.environment:checking '/root/ros2_frws/install/basic_comms_params/bin'
[4.124s] Level 1:colcon.colcon_core.environment:checking '/root/ros2_frws/install/basic_comms_params/lib/pkgconfig/basic_comms_params.pc'
[4.124s] Level 1:colcon.colcon_core.environment:checking '/root/ros2_frws/install/basic_comms_params/lib/python3.10/site-packages'
[4.124s] Level 1:colcon.colcon_core.shell:create_environment_hook('basic_comms_params', 'pythonpath')
[4.137s] INFO:colcon.colcon_core.shell:Creating environment hook '/root/ros2_frws/install/basic_comms_params/share/basic_comms_params/hook/pythonpath.ps1'
[4.137s] INFO:colcon.colcon_core.shell:Creating environment descriptor '/root/ros2_frws/install/basic_comms_params/share/basic_comms_params/hook/pythonpath.dsv'
[4.138s] INFO:colcon.colcon_core.shell:Creating environment hook '/root/ros2_frws/install/basic_comms_params/share/basic_comms_params/hook/pythonpath.sh'
[4.138s] Level 1:colcon.colcon_core.environment:checking '/root/ros2_frws/install/basic_comms_params/bin'
[4.138s] Level 1:colcon.colcon_core.environment:create_environment_scripts_only(basic_comms_params)
[4.153s] INFO:colcon.colcon_core.shell:Creating package script '/root/ros2_frws/install/basic_comms_params/share/basic_comms_params/package.ps1'
[4.154s] INFO:colcon.colcon_core.shell:Creating package descriptor '/root/ros2_frws/install/basic_comms_params/share/basic_comms_params/package.dsv'
[4.154s] INFO:colcon.colcon_core.shell:Creating package script '/root/ros2_frws/install/basic_comms_params/share/basic_comms_params/package.sh'
[4.154s] INFO:colcon.colcon_core.shell:Creating package script '/root/ros2_frws/install/basic_comms_params/share/basic_comms_params/package.bash'
[4.155s] INFO:colcon.colcon_core.shell:Creating package script '/root/ros2_frws/install/basic_comms_params/share/basic_comms_params/package.zsh'
[4.155s] Level 1:colcon.colcon_core.environment:create_file_with_runtime_dependencies(/root/ros2_frws/install/basic_comms_params/share/colcon-core/packages/basic_comms_params)
[4.157s] DEBUG:colcon.colcon_core.event_handler.log_command:Invoked command in '/root/ros2_frws/src/basic_comms' returned '0': PYTHONPATH=/root/ros2_frws/build/basic_comms/prefix_override:/root/ros2_frws/install/basic_comms/lib/python3.10/site-packages:${PYTHONPATH} /usr/bin/python3 setup.py egg_info --egg-base ../../build/basic_comms build --build-base /root/ros2_frws/build/basic_comms/build install --record /root/ros2_frws/build/basic_comms/install.log --single-version-externally-managed
[4.171s] Level 1:colcon.colcon_core.environment:checking '/root/ros2_frws/install/basic_comms' for CMake module files
[4.171s] Level 1:colcon.colcon_core.environment:checking '/root/ros2_frws/install/basic_comms' for CMake config files
[4.172s] Level 1:colcon.colcon_core.environment:checking '/root/ros2_frws/install/basic_comms/lib'
[4.172s] Level 1:colcon.colcon_core.environment:checking '/root/ros2_frws/install/basic_comms/bin'
[4.172s] Level 1:colcon.colcon_core.environment:checking '/root/ros2_frws/install/basic_comms/lib/pkgconfig/basic_comms.pc'
[4.172s] Level 1:colcon.colcon_core.environment:checking '/root/ros2_frws/install/basic_comms/lib/python3.10/site-packages'
[4.172s] Level 1:colcon.colcon_core.shell:create_environment_hook('basic_comms', 'pythonpath')
[4.186s] INFO:colcon.colcon_core.shell:Creating environment hook '/root/ros2_frws/install/basic_comms/share/basic_comms/hook/pythonpath.ps1'
[4.187s] INFO:colcon.colcon_core.shell:Creating environment descriptor '/root/ros2_frws/install/basic_comms/share/basic_comms/hook/pythonpath.dsv'
[4.187s] INFO:colcon.colcon_core.shell:Creating environment hook '/root/ros2_frws/install/basic_comms/share/basic_comms/hook/pythonpath.sh'
[4.188s] Level 1:colcon.colcon_core.environment:checking '/root/ros2_frws/install/basic_comms/bin'
[4.188s] Level 1:colcon.colcon_core.environment:create_environment_scripts_only(basic_comms)
[4.202s] INFO:colcon.colcon_core.shell:Creating package script '/root/ros2_frws/install/basic_comms/share/basic_comms/package.ps1'
[4.203s] INFO:colcon.colcon_core.shell:Creating package descriptor '/root/ros2_frws/install/basic_comms/share/basic_comms/package.dsv'
[4.203s] INFO:colcon.colcon_core.shell:Creating package script '/root/ros2_frws/install/basic_comms/share/basic_comms/package.sh'
[4.204s] INFO:colcon.colcon_core.shell:Creating package script '/root/ros2_frws/install/basic_comms/share/basic_comms/package.bash'
[4.204s] INFO:colcon.colcon_core.shell:Creating package script '/root/ros2_frws/install/basic_comms/share/basic_comms/package.zsh'
[4.204s] Level 1:colcon.colcon_core.environment:create_file_with_runtime_dependencies(/root/ros2_frws/install/basic_comms/share/colcon-core/packages/basic_comms)
[4.206s] DEBUG:colcon.colcon_core.event_handler.log_command:Invoked command in '/root/ros2_frws/src/course_works' returned '0': PYTHONPATH=/root/ros2_frws/build/course_works/prefix_override:/root/ros2_frws/install/course_works/lib/python3.10/site-packages:${PYTHONPATH} /usr/bin/python3 setup.py egg_info --egg-base ../../build/course_works build --build-base /root/ros2_frws/build/course_works/build install --record /root/ros2_frws/build/course_works/install.log --single-version-externally-managed
[4.221s] Level 1:colcon.colcon_core.environment:checking '/root/ros2_frws/install/course_works' for CMake module files
[4.222s] Level 1:colcon.colcon_core.environment:checking '/root/ros2_frws/install/course_works' for CMake config files
[4.222s] Level 1:colcon.colcon_core.environment:checking '/root/ros2_frws/install/course_works/lib'
[4.222s] Level 1:colcon.colcon_core.environment:checking '/root/ros2_frws/install/course_works/bin'
[4.222s] Level 1:colcon.colcon_core.environment:checking '/root/ros2_frws/install/course_works/lib/pkgconfig/course_works.pc'
[4.223s] Level 1:colcon.colcon_core.environment:checking '/root/ros2_frws/install/course_works/lib/python3.10/site-packages'
[4.223s] Level 1:colcon.colcon_core.shell:create_environment_hook('course_works', 'pythonpath')
[4.238s] INFO:colcon.colcon_core.shell:Creating environment hook '/root/ros2_frws/install/course_works/share/course_works/hook/pythonpath.ps1'
[4.239s] INFO:colcon.colcon_core.shell:Creating environment descriptor '/root/ros2_frws/install/course_works/share/course_works/hook/pythonpath.dsv'
[4.239s] INFO:colcon.colcon_core.shell:Creating environment hook '/root/ros2_frws/install/course_works/share/course_works/hook/pythonpath.sh'
[4.240s] Level 1:colcon.colcon_core.environment:checking '/root/ros2_frws/install/course_works/bin'
[4.240s] Level 1:colcon.colcon_core.environment:create_environment_scripts_only(course_works)
[4.253s] INFO:colcon.colcon_core.shell:Creating package script '/root/ros2_frws/install/course_works/share/course_works/package.ps1'
[4.253s] INFO:colcon.colcon_core.shell:Creating package descriptor '/root/ros2_frws/install/course_works/share/course_works/package.dsv'
[4.254s] INFO:colcon.colcon_core.shell:Creating package script '/root/ros2_frws/install/course_works/share/course_works/package.sh'
[4.254s] INFO:colcon.colcon_core.shell:Creating package script '/root/ros2_frws/install/course_works/share/course_works/package.bash'
[4.254s] INFO:colcon.colcon_core.shell:Creating package script '/root/ros2_frws/install/course_works/share/course_works/package.zsh'
[4.255s] Level 1:colcon.colcon_core.environment:create_file_with_runtime_dependencies(/root/ros2_frws/install/course_works/share/colcon-core/packages/course_works)
[4.255s] DEBUG:colcon.colcon_parallel_executor.executor.parallel:closing loop
[4.256s] DEBUG:colcon.colcon_parallel_executor.executor.parallel:loop closed
[4.256s] DEBUG:colcon.colcon_parallel_executor.executor.parallel:run_until_complete finished with '0'
[4.256s] DEBUG:colcon.colcon_core.event_reactor:joining thread
[4.274s] INFO:colcon.colcon_core.plugin_system:Skipping extension 'colcon_notification.desktop_notification.notify_send': Could not find 'notify-send'
[4.275s] INFO:colcon.colcon_core.plugin_system:Skipping extension 'colcon_notification.desktop_notification.terminal_notifier': Not used on non-Darwin systems
[4.275s] INFO:colcon.colcon_core.plugin_system:Skipping extension 'colcon_notification.desktop_notification.win32': Not used on non-Windows systems
[4.275s] INFO:colcon.colcon_notification.desktop_notification:Sending desktop notification using 'notify2'
[4.277s] DEBUG:colcon.colcon_notification.desktop_notification.notify2:Failed to initialize notify2: org.freedesktop.DBus.Error.Spawn.ExecFailed: /usr/bin/dbus-launch terminated abnormally without any error message
[4.278s] DEBUG:colcon.colcon_core.event_reactor:joined thread
[4.293s] INFO:colcon.colcon_core.shell:Creating prefix script '/root/ros2_frws/install/local_setup.ps1'
[4.294s] INFO:colcon.colcon_core.shell:Creating prefix util module '/root/ros2_frws/install/_local_setup_util_ps1.py'
[4.295s] INFO:colcon.colcon_core.shell:Creating prefix chain script '/root/ros2_frws/install/setup.ps1'
[4.309s] INFO:colcon.colcon_core.shell:Creating prefix script '/root/ros2_frws/install/local_setup.sh'
[4.310s] INFO:colcon.colcon_core.shell:Creating prefix util module '/root/ros2_frws/install/_local_setup_util_sh.py'
[4.310s] INFO:colcon.colcon_core.shell:Creating prefix chain script '/root/ros2_frws/install/setup.sh'
[4.324s] INFO:colcon.colcon_core.shell:Creating prefix script '/root/ros2_frws/install/local_setup.bash'
[4.324s] INFO:colcon.colcon_core.shell:Creating prefix chain script '/root/ros2_frws/install/setup.bash'
[4.340s] INFO:colcon.colcon_core.shell:Creating prefix script '/root/ros2_frws/install/local_setup.zsh'
[4.340s] INFO:colcon.colcon_core.shell:Creating prefix chain script '/root/ros2_frws/install/setup.zsh'
