[0.834s] Invoking command in '/root/ros2_frws/build/xarm_msgs': CMAKE_PREFIX_PATH=${CMAKE_PREFIX_PATH}:/root/ros2_frws/install/moveit_configs_utils:/root/ros2_frws/install/course_works:/root/ros2_frws/install/challenge_2:/root/ros2_frws/install/basic_comms_params:/root/ros2_frws/install/basic_comms_param:/root/ros2_frws/install/basic_comms:/opt/ros/humble /usr/bin/cmake --build /root/ros2_frws/build/xarm_msgs -- -j16 -l16
[2.192s] [  0%] Built target xarm_msgs__cpp
[2.192s] [ 12%] Built target xarm_msgs__rosidl_generator_c
[2.193s] [ 24%] Built target xarm_msgs__rosidl_typesupport_cpp
[2.195s] [ 37%] Built target xarm_msgs__rosidl_typesupport_introspection_cpp
[2.196s] [ 37%] Built target ament_cmake_python_copy_xarm_msgs
[2.196s] [ 62%] Built target xarm_msgs__rosidl_typesupport_fastrtps_cpp
[2.197s] [ 69%] Built target xarm_msgs__rosidl_typesupport_c
[2.197s] [ 75%] Built target xarm_msgs__rosidl_typesupport_introspection_c
[2.197s] [ 88%] Built target xarm_msgs__rosidl_typesupport_fastrtps_c
[2.199s] [ 88%] Built target xarm_msgs
[2.199s] [ 88%] Built target xarm_msgs__py
[2.199s] [100%] Built target xarm_msgs__rosidl_generator_py
[2.199s] [100%] Built target xarm_msgs__rosidl_typesupport_introspection_c__pyext
[2.200s] [100%] Built target xarm_msgs__rosidl_typesupport_c__pyext
[2.200s] [100%] Built target xarm_msgs__rosidl_typesupport_fastrtps_c__pyext
[2.200s] running egg_info
[2.200s] writing xarm_msgs.egg-info/PKG-INFO
[2.200s] writing dependency_links to xarm_msgs.egg-info/dependency_links.txt
[2.200s] writing top-level names to xarm_msgs.egg-info/top_level.txt
[2.201s] reading manifest file 'xarm_msgs.egg-info/SOURCES.txt'
[2.201s] writing manifest file 'xarm_msgs.egg-info/SOURCES.txt'
[2.201s] [100%] Built target ament_cmake_python_build_xarm_msgs_egg
[2.215s] Invoked command in '/root/ros2_frws/build/xarm_msgs' returned '0': CMAKE_PREFIX_PATH=${CMAKE_PREFIX_PATH}:/root/ros2_frws/install/moveit_configs_utils:/root/ros2_frws/install/course_works:/root/ros2_frws/install/challenge_2:/root/ros2_frws/install/basic_comms_params:/root/ros2_frws/install/basic_comms_param:/root/ros2_frws/install/basic_comms:/opt/ros/humble /usr/bin/cmake --build /root/ros2_frws/build/xarm_msgs -- -j16 -l16
