[2.096s] Invoking command in '/root/ros2_frws/src/basic_comms_param': PYTHONPATH=/root/ros2_frws/build/basic_comms_param/prefix_override:/root/ros2_frws/install/basic_comms_param/lib/python3.10/site-packages:${PYTHONPATH} /usr/bin/python3 setup.py egg_info --egg-base ../../build/basic_comms_param build --build-base /root/ros2_frws/build/basic_comms_param/build install --record /root/ros2_frws/build/basic_comms_param/install.log --single-version-externally-managed
[2.347s] running egg_info
[2.364s] writing ../../build/basic_comms_param/basic_comms_param.egg-info/PKG-INFO
[2.365s] writing dependency_links to ../../build/basic_comms_param/basic_comms_param.egg-info/dependency_links.txt
[2.365s] writing entry points to ../../build/basic_comms_param/basic_comms_param.egg-info/entry_points.txt
[2.366s] writing requirements to ../../build/basic_comms_param/basic_comms_param.egg-info/requires.txt
[2.366s] writing top-level names to ../../build/basic_comms_param/basic_comms_param.egg-info/top_level.txt
[2.406s] reading manifest file '../../build/basic_comms_param/basic_comms_param.egg-info/SOURCES.txt'
[2.407s] adding license file 'LICENSE'
[2.408s] writing manifest file '../../build/basic_comms_param/basic_comms_param.egg-info/SOURCES.txt'
[2.408s] running build
[2.408s] running build_py
[2.410s] /root/.local/lib/python3.10/site-packages/setuptools/_distutils/cmd.py:66: SetuptoolsDeprecationWarning: setup.py install is deprecated.
[2.410s] !!
[2.410s] 
[2.411s]         ********************************************************************************
[2.411s]         Please avoid running ``setup.py`` directly.
[2.411s]         Instead, use pypa/build, pypa/installer or other
[2.411s]         standards-based tools.
[2.411s] 
[2.411s]         See https://blog.ganssle.io/articles/2021/10/setup-py-deprecated.html for details.
[2.411s]         ********************************************************************************
[2.411s] 
[2.411s] !!
[2.411s]   self.initialize_options()
[2.411s] running install
[2.417s] running install_lib
[2.439s] running install_data
[2.456s] running install_egg_info
[2.476s] removing '/root/ros2_frws/install/basic_comms_param/lib/python3.10/site-packages/basic_comms_param-0.0.0-py3.10.egg-info' (and everything under it)
[2.477s] Copying ../../build/basic_comms_param/basic_comms_param.egg-info to /root/ros2_frws/install/basic_comms_param/lib/python3.10/site-packages/basic_comms_param-0.0.0-py3.10.egg-info
[2.479s] running install_scripts
[2.691s] Installing talker_params script to /root/ros2_frws/install/basic_comms_param/lib/basic_comms_param
[2.691s] writing list of installed files to '/root/ros2_frws/build/basic_comms_param/install.log'
[2.857s] Invoked command in '/root/ros2_frws/src/basic_comms_param' returned '0': PYTHONPATH=/root/ros2_frws/build/basic_comms_param/prefix_override:/root/ros2_frws/install/basic_comms_param/lib/python3.10/site-packages:${PYTHONPATH} /usr/bin/python3 setup.py egg_info --egg-base ../../build/basic_comms_param build --build-base /root/ros2_frws/build/basic_comms_param/build install --record /root/ros2_frws/build/basic_comms_param/install.log --single-version-externally-managed
