[0.090s] Invoking command in '/root/ros2_frws/build/xarm_controller': AMENT_PREFIX_PATH=/root/ros2_frws/install/xarm_api:/root/ros2_frws/install/xarm_sdk:/root/ros2_frws/install/xarm_msgs:/root/ros2_frws/install/xarm_description:${AMENT_PREFIX_PATH} CMAKE_PREFIX_PATH=/root/ros2_frws/install/xarm_api:/root/ros2_frws/install/xarm_sdk:/root/ros2_frws/install/xarm_msgs:/root/ros2_frws/install/xarm_description:/opt/ros/humble LD_LIBRARY_PATH=/root/ros2_frws/install/xarm_api/lib:/root/ros2_frws/install/xarm_sdk/lib:/root/ros2_frws/install/xarm_msgs/lib:${LD_LIBRARY_PATH} PYTHONPATH=/root/ros2_frws/install/xarm_msgs/local/lib/python3.10/dist-packages:${PYTHONPATH} /usr/bin/cmake /root/ros2_frws/src/xarm_ros2/xarm_controller -DCMAKE_INSTALL_PREFIX=/root/ros2_frws/install/xarm_controller
[0.209s] -- The C compiler identification is GNU 11.4.0
[0.266s] -- The CXX compiler identification is GNU 11.4.0
[0.277s] -- Detecting C compiler ABI info
[0.345s] -- Detecting C compiler ABI info - done
[0.353s] -- Check for working C compiler: /usr/bin/cc - skipped
[0.353s] -- Detecting C compile features
[0.354s] -- Detecting C compile features - done
[0.360s] -- Detecting CXX compiler ABI info
[0.429s] -- Detecting CXX compiler ABI info - done
[0.435s] -- Check for working CXX compiler: /usr/bin/c++ - skipped
[0.435s] -- Detecting CXX compile features
[0.436s] -- Detecting CXX compile features - done
[0.473s] -- Found ament_cmake: 1.3.8 (/opt/ros/humble/share/ament_cmake/cmake)
[0.912s] -- Found Python3: /usr/bin/python3 (found version "3.10.12") found components: Interpreter 
[1.081s] -- Found ament_lint_auto: 0.12.10 (/opt/ros/humble/share/ament_lint_auto/cmake)
[1.235s] -- Found hardware_interface: 2.39.1 (/opt/ros/humble/share/hardware_interface/cmake)
[1.368s] -- Found rosidl_generator_c: 3.1.5 (/opt/ros/humble/share/rosidl_generator_c/cmake)
[1.387s] -- Found rosidl_adapter: 3.1.5 (/opt/ros/humble/share/rosidl_adapter/cmake)
[1.410s] -- Found rosidl_generator_cpp: 3.1.5 (/opt/ros/humble/share/rosidl_generator_cpp/cmake)
[1.447s] -- Using all available rosidl_typesupport_c: rosidl_typesupport_fastrtps_c;rosidl_typesupport_introspection_c
[1.492s] -- Using all available rosidl_typesupport_cpp: rosidl_typesupport_fastrtps_cpp;rosidl_typesupport_introspection_cpp
[2.327s] -- Found rmw_implementation_cmake: 6.1.1 (/opt/ros/humble/share/rmw_implementation_cmake/cmake)
[2.335s] -- Found rmw_fastrtps_cpp: 6.2.6 (/opt/ros/humble/share/rmw_fastrtps_cpp/cmake)
[2.411s] -- Found TinyXML2 via Config file: TinyXML2_DIR-NOTFOUND
[2.471s] -- Found OpenSSL: /usr/lib/x86_64-linux-gnu/libcrypto.so (found version "3.0.2")  
[2.474s] -- Found TinyXML2 via Config file: TinyXML2_DIR-NOTFOUND
[2.493s] -- Found FastRTPS: /opt/ros/humble/include  
[2.501s] -- Found TinyXML2 via Config file: TinyXML2_DIR-NOTFOUND
[2.510s] -- Found TinyXML2 via Config file: TinyXML2_DIR-NOTFOUND
[2.519s] -- Using RMW implementation 'rmw_fastrtps_cpp' as default
[2.548s] -- Looking for pthread.h
[2.628s] -- Looking for pthread.h - found
[2.628s] -- Performing Test CMAKE_HAVE_LIBC_PTHREAD
[2.701s] -- Performing Test CMAKE_HAVE_LIBC_PTHREAD - Success
[2.702s] -- Found Threads: TRUE  
[2.870s] -- Found rclcpp_action: 16.0.8 (/opt/ros/humble/share/rclcpp_action/cmake)
[2.905s] -- Found controller_manager_msgs: 2.39.1 (/opt/ros/humble/share/controller_manager_msgs/cmake)
[2.951s] -- Found xarm_msgs: 0.0.0 (/root/ros2_frws/install/xarm_msgs/share/xarm_msgs/cmake)
[3.002s] -- Found xarm_api: 0.0.0 (/root/ros2_frws/install/xarm_api/share/xarm_api/cmake)
[3.003s] -- Found xarm_sdk: 0.0.0 (/root/ros2_frws/install/xarm_sdk/share/xarm_sdk/cmake)
[3.064s] -- Added test 'copyright' to check source files copyright and LICENSE
[3.069s] -- Added test 'cppcheck' to perform static code analysis on C / C++ code
[3.069s] -- Configured cppcheck include dirs: /root/ros2_frws/src/xarm_ros2/xarm_controller/include
[3.069s] -- Configured cppcheck exclude dirs and/or files: 
[3.072s] -- Added test 'cpplint' to check C / C++ code against the Google style
[3.072s] -- Configured cpplint exclude dirs and/or files: 
[3.074s] -- Added test 'flake8' to check Python code syntax and style conventions
[3.076s] -- Added test 'lint_cmake' to check CMake code style
[3.078s] -- Added test 'pep257' to check Python code against some of the docstring style conventions in PEP 257
[3.082s] -- Added test 'uncrustify' to check C / C++ code style
[3.082s] -- Configured uncrustify additional arguments: 
[3.084s] -- Added test 'xmllint' to check XML markup files
[3.092s] -- Configuring done
[3.146s] -- Generating done
[3.149s] -- Build files have been written to: /root/ros2_frws/build/xarm_controller
[3.167s] Invoked command in '/root/ros2_frws/build/xarm_controller' returned '0': AMENT_PREFIX_PATH=/root/ros2_frws/install/xarm_api:/root/ros2_frws/install/xarm_sdk:/root/ros2_frws/install/xarm_msgs:/root/ros2_frws/install/xarm_description:${AMENT_PREFIX_PATH} CMAKE_PREFIX_PATH=/root/ros2_frws/install/xarm_api:/root/ros2_frws/install/xarm_sdk:/root/ros2_frws/install/xarm_msgs:/root/ros2_frws/install/xarm_description:/opt/ros/humble LD_LIBRARY_PATH=/root/ros2_frws/install/xarm_api/lib:/root/ros2_frws/install/xarm_sdk/lib:/root/ros2_frws/install/xarm_msgs/lib:${LD_LIBRARY_PATH} PYTHONPATH=/root/ros2_frws/install/xarm_msgs/local/lib/python3.10/dist-packages:${PYTHONPATH} /usr/bin/cmake /root/ros2_frws/src/xarm_ros2/xarm_controller -DCMAKE_INSTALL_PREFIX=/root/ros2_frws/install/xarm_controller
[3.170s] Invoking command in '/root/ros2_frws/build/xarm_controller': AMENT_PREFIX_PATH=/root/ros2_frws/install/xarm_api:/root/ros2_frws/install/xarm_sdk:/root/ros2_frws/install/xarm_msgs:/root/ros2_frws/install/xarm_description:${AMENT_PREFIX_PATH} CMAKE_PREFIX_PATH=/root/ros2_frws/install/xarm_api:/root/ros2_frws/install/xarm_sdk:/root/ros2_frws/install/xarm_msgs:/root/ros2_frws/install/xarm_description:/opt/ros/humble LD_LIBRARY_PATH=/root/ros2_frws/install/xarm_api/lib:/root/ros2_frws/install/xarm_sdk/lib:/root/ros2_frws/install/xarm_msgs/lib:${LD_LIBRARY_PATH} PYTHONPATH=/root/ros2_frws/install/xarm_msgs/local/lib/python3.10/dist-packages:${PYTHONPATH} /usr/bin/cmake --build /root/ros2_frws/build/xarm_controller -- -j16 -l16
[3.214s] [ 66%] [32mBuilding CXX object CMakeFiles/uf_robot_hardware.dir/src/hardware/uf_robot_system_hardware.cpp.o[0m
[3.215s] [ 66%] [32mBuilding CXX object CMakeFiles/uf_robot_hardware.dir/src/hardware/uf_robot_fake_system_hardware.cpp.o[0m
[11.311s] [100%] [32m[1mLinking CXX shared library libuf_robot_hardware.so[0m
[12.334s] [100%] Built target uf_robot_hardware
[12.342s] Invoked command in '/root/ros2_frws/build/xarm_controller' returned '0': AMENT_PREFIX_PATH=/root/ros2_frws/install/xarm_api:/root/ros2_frws/install/xarm_sdk:/root/ros2_frws/install/xarm_msgs:/root/ros2_frws/install/xarm_description:${AMENT_PREFIX_PATH} CMAKE_PREFIX_PATH=/root/ros2_frws/install/xarm_api:/root/ros2_frws/install/xarm_sdk:/root/ros2_frws/install/xarm_msgs:/root/ros2_frws/install/xarm_description:/opt/ros/humble LD_LIBRARY_PATH=/root/ros2_frws/install/xarm_api/lib:/root/ros2_frws/install/xarm_sdk/lib:/root/ros2_frws/install/xarm_msgs/lib:${LD_LIBRARY_PATH} PYTHONPATH=/root/ros2_frws/install/xarm_msgs/local/lib/python3.10/dist-packages:${PYTHONPATH} /usr/bin/cmake --build /root/ros2_frws/build/xarm_controller -- -j16 -l16
[12.365s] Invoking command in '/root/ros2_frws/build/xarm_controller': AMENT_PREFIX_PATH=/root/ros2_frws/install/xarm_api:/root/ros2_frws/install/xarm_sdk:/root/ros2_frws/install/xarm_msgs:/root/ros2_frws/install/xarm_description:${AMENT_PREFIX_PATH} CMAKE_PREFIX_PATH=/root/ros2_frws/install/xarm_api:/root/ros2_frws/install/xarm_sdk:/root/ros2_frws/install/xarm_msgs:/root/ros2_frws/install/xarm_description:/opt/ros/humble LD_LIBRARY_PATH=/root/ros2_frws/install/xarm_api/lib:/root/ros2_frws/install/xarm_sdk/lib:/root/ros2_frws/install/xarm_msgs/lib:${LD_LIBRARY_PATH} PYTHONPATH=/root/ros2_frws/install/xarm_msgs/local/lib/python3.10/dist-packages:${PYTHONPATH} /usr/bin/cmake --install /root/ros2_frws/build/xarm_controller
[12.372s] -- Install configuration: ""
[12.373s] -- Installing: /root/ros2_frws/install/xarm_controller/share/xarm_controller/uf_hardware_interface_plugins.xml
[12.375s] -- Installing: /root/ros2_frws/install/xarm_controller/include
[12.375s] -- Installing: /root/ros2_frws/install/xarm_controller/include/xarm_controller
[12.375s] -- Installing: /root/ros2_frws/install/xarm_controller/include/xarm_controller/hardware
[12.375s] -- Installing: /root/ros2_frws/install/xarm_controller/include/xarm_controller/hardware/uf_robot_system_hardware.h
[12.375s] -- Installing: /root/ros2_frws/install/xarm_controller/include/xarm_controller/hardware/uf_robot_fake_system_hardware.h
[12.376s] -- Installing: /root/ros2_frws/install/xarm_controller/lib/libuf_robot_hardware.so
[12.381s] -- Set runtime path of "/root/ros2_frws/install/xarm_controller/lib/libuf_robot_hardware.so" to ""
[12.382s] -- Installing: /root/ros2_frws/install/xarm_controller/share/xarm_controller//launch
[12.382s] -- Installing: /root/ros2_frws/install/xarm_controller/share/xarm_controller//launch/_ros2_control.launch.py
[12.382s] -- Installing: /root/ros2_frws/install/xarm_controller/share/xarm_controller//launch/uf850_control_rviz_display.launch.py
[12.382s] -- Installing: /root/ros2_frws/install/xarm_controller/share/xarm_controller//launch/_robot_ros2_control.launch.py
[12.382s] -- Installing: /root/ros2_frws/install/xarm_controller/share/xarm_controller//launch/lib
[12.382s] -- Installing: /root/ros2_frws/install/xarm_controller/share/xarm_controller//launch/lib/robot_controller_lib.py
[12.382s] -- Installing: /root/ros2_frws/install/xarm_controller/share/xarm_controller//launch/xarm7_mirror_control_rviz_display.launch.py
[12.383s] -- Installing: /root/ros2_frws/install/xarm_controller/share/xarm_controller//launch/_dual_ros2_control.launch.py
[12.383s] -- Installing: /root/ros2_frws/install/xarm_controller/share/xarm_controller//launch/xarm7_control_rviz_display.launch.py
[12.384s] -- Installing: /root/ros2_frws/install/xarm_controller/share/xarm_controller//launch/xarm6_control_rviz_display.launch.py
[12.384s] -- Installing: /root/ros2_frws/install/xarm_controller/share/xarm_controller//launch/lite6_control_rviz_display.launch.py
[12.384s] -- Installing: /root/ros2_frws/install/xarm_controller/share/xarm_controller//launch/xarm5_control_rviz_display.launch.py
[12.384s] -- Installing: /root/ros2_frws/install/xarm_controller/share/xarm_controller//config
[12.384s] -- Installing: /root/ros2_frws/install/xarm_controller/share/xarm_controller//config/uf850_gripper_controllers.yaml
[12.384s] -- Installing: /root/ros2_frws/install/xarm_controller/share/xarm_controller//config/xarm7_controllers.yaml
[12.385s] -- Installing: /root/ros2_frws/install/xarm_controller/share/xarm_controller//config/xarm6_controllers.yaml
[12.385s] -- Installing: /root/ros2_frws/install/xarm_controller/share/xarm_controller//config/xarm7_mirror_gripper_controllers.yaml
[12.387s] -- Installing: /root/ros2_frws/install/xarm_controller/share/xarm_controller//config/bio_gripper_controllers.yaml
[12.388s] -- Installing: /root/ros2_frws/install/xarm_controller/share/xarm_controller//config/uf850_controllers.yaml
[12.388s] -- Installing: /root/ros2_frws/install/xarm_controller/share/xarm_controller//config/lite6_controllers.yaml
[12.389s] -- Installing: /root/ros2_frws/install/xarm_controller/share/xarm_controller//config/xarm7_mirror_controllers.yaml
[12.389s] -- Installing: /root/ros2_frws/install/xarm_controller/share/xarm_controller//config/xarm5_controllers.yaml
[12.389s] -- Installing: /root/ros2_frws/install/xarm_controller/share/xarm_controller//config/xarm_gripper_controllers.yaml
[12.390s] -- Installing: /root/ros2_frws/install/xarm_controller/share/xarm_controller/environment/library_path.sh
[12.390s] -- Installing: /root/ros2_frws/install/xarm_controller/share/xarm_controller/environment/library_path.dsv
[12.392s] -- Installing: /root/ros2_frws/install/xarm_controller/share/ament_index/resource_index/package_run_dependencies/xarm_controller
[12.392s] -- Installing: /root/ros2_frws/install/xarm_controller/share/ament_index/resource_index/parent_prefix_path/xarm_controller
[12.392s] -- Installing: /root/ros2_frws/install/xarm_controller/share/xarm_controller/environment/ament_prefix_path.sh
[12.393s] -- Installing: /root/ros2_frws/install/xarm_controller/share/xarm_controller/environment/ament_prefix_path.dsv
[12.393s] -- Installing: /root/ros2_frws/install/xarm_controller/share/xarm_controller/environment/path.sh
[12.393s] -- Installing: /root/ros2_frws/install/xarm_controller/share/xarm_controller/environment/path.dsv
[12.393s] -- Installing: /root/ros2_frws/install/xarm_controller/share/xarm_controller/local_setup.bash
[12.393s] -- Installing: /root/ros2_frws/install/xarm_controller/share/xarm_controller/local_setup.sh
[12.393s] -- Installing: /root/ros2_frws/install/xarm_controller/share/xarm_controller/local_setup.zsh
[12.393s] -- Installing: /root/ros2_frws/install/xarm_controller/share/xarm_controller/local_setup.dsv
[12.394s] -- Installing: /root/ros2_frws/install/xarm_controller/share/xarm_controller/package.dsv
[12.394s] -- Installing: /root/ros2_frws/install/xarm_controller/share/ament_index/resource_index/packages/xarm_controller
[12.394s] -- Installing: /root/ros2_frws/install/xarm_controller/share/ament_index/resource_index/hardware_interface__pluginlib__plugin/xarm_controller
[12.394s] -- Installing: /root/ros2_frws/install/xarm_controller/share/xarm_controller/cmake/ament_cmake_export_include_directories-extras.cmake
[12.395s] -- Installing: /root/ros2_frws/install/xarm_controller/share/xarm_controller/cmake/ament_cmake_export_libraries-extras.cmake
[12.395s] -- Installing: /root/ros2_frws/install/xarm_controller/share/xarm_controller/cmake/ament_cmake_export_dependencies-extras.cmake
[12.395s] -- Installing: /root/ros2_frws/install/xarm_controller/share/xarm_controller/cmake/xarm_controllerConfig.cmake
[12.395s] -- Installing: /root/ros2_frws/install/xarm_controller/share/xarm_controller/cmake/xarm_controllerConfig-version.cmake
[12.395s] -- Installing: /root/ros2_frws/install/xarm_controller/share/xarm_controller/package.xml
[12.397s] Invoked command in '/root/ros2_frws/build/xarm_controller' returned '0': AMENT_PREFIX_PATH=/root/ros2_frws/install/xarm_api:/root/ros2_frws/install/xarm_sdk:/root/ros2_frws/install/xarm_msgs:/root/ros2_frws/install/xarm_description:${AMENT_PREFIX_PATH} CMAKE_PREFIX_PATH=/root/ros2_frws/install/xarm_api:/root/ros2_frws/install/xarm_sdk:/root/ros2_frws/install/xarm_msgs:/root/ros2_frws/install/xarm_description:/opt/ros/humble LD_LIBRARY_PATH=/root/ros2_frws/install/xarm_api/lib:/root/ros2_frws/install/xarm_sdk/lib:/root/ros2_frws/install/xarm_msgs/lib:${LD_LIBRARY_PATH} PYTHONPATH=/root/ros2_frws/install/xarm_msgs/local/lib/python3.10/dist-packages:${PYTHONPATH} /usr/bin/cmake --install /root/ros2_frws/build/xarm_controller
