[2.002s] Invoking command in '/root/ros2_frws/src/basic_comms_param': PYTHONPATH=/root/ros2_frws/build/basic_comms_param/prefix_override:/root/ros2_frws/install/basic_comms_param/lib/python3.10/site-packages:${PYTHONPATH} /usr/bin/python3 setup.py egg_info --egg-base ../../build/basic_comms_param build --build-base /root/ros2_frws/build/basic_comms_param/build install --record /root/ros2_frws/build/basic_comms_param/install.log --single-version-externally-managed
[2.229s] running egg_info
[2.240s] writing ../../build/basic_comms_param/basic_comms_param.egg-info/PKG-INFO
[2.241s] writing dependency_links to ../../build/basic_comms_param/basic_comms_param.egg-info/dependency_links.txt
[2.241s] writing entry points to ../../build/basic_comms_param/basic_comms_param.egg-info/entry_points.txt
[2.242s] writing requirements to ../../build/basic_comms_param/basic_comms_param.egg-info/requires.txt
[2.243s] writing top-level names to ../../build/basic_comms_param/basic_comms_param.egg-info/top_level.txt
[2.266s] reading manifest file '../../build/basic_comms_param/basic_comms_param.egg-info/SOURCES.txt'
[2.267s] adding license file 'LICENSE'
[2.267s] writing manifest file '../../build/basic_comms_param/basic_comms_param.egg-info/SOURCES.txt'
[2.267s] running build
[2.267s] running build_py
[2.267s] running install
[2.268s] /root/.local/lib/python3.10/site-packages/setuptools/_distutils/cmd.py:66: SetuptoolsDeprecationWarning: setup.py install is deprecated.
[2.268s] !!
[2.268s] 
[2.268s]         ********************************************************************************
[2.268s]         Please avoid running ``setup.py`` directly.
[2.268s]         Instead, use pypa/build, pypa/installer or other
[2.268s]         standards-based tools.
[2.268s] 
[2.269s]         See https://blog.ganssle.io/articles/2021/10/setup-py-deprecated.html for details.
[2.269s]         ********************************************************************************
[2.269s] 
[2.269s] !!
[2.269s]   self.initialize_options()
[2.274s] running install_lib
[2.318s] running install_data
[2.354s] running install_egg_info
[2.370s] removing '/root/ros2_frws/install/basic_comms_param/lib/python3.10/site-packages/basic_comms_param-0.0.0-py3.10.egg-info' (and everything under it)
[2.370s] Copying ../../build/basic_comms_param/basic_comms_param.egg-info to /root/ros2_frws/install/basic_comms_param/lib/python3.10/site-packages/basic_comms_param-0.0.0-py3.10.egg-info
[2.370s] running install_scripts
[2.482s] Installing talker_params script to /root/ros2_frws/install/basic_comms_param/lib/basic_comms_param
[2.483s] writing list of installed files to '/root/ros2_frws/build/basic_comms_param/install.log'
[2.582s] Invoked command in '/root/ros2_frws/src/basic_comms_param' returned '0': PYTHONPATH=/root/ros2_frws/build/basic_comms_param/prefix_override:/root/ros2_frws/install/basic_comms_param/lib/python3.10/site-packages:${PYTHONPATH} /usr/bin/python3 setup.py egg_info --egg-base ../../build/basic_comms_param build --build-base /root/ros2_frws/build/basic_comms_param/build install --record /root/ros2_frws/build/basic_comms_param/install.log --single-version-externally-managed
