[1.297s] Invoking command in '/root/ros2_frws/src/course_works': PYTHONPATH=/root/ros2_frws/build/course_works/prefix_override:/root/ros2_frws/install/course_works/lib/python3.10/site-packages:${PYTHONPATH} /usr/bin/python3 setup.py egg_info --egg-base ../../build/course_works build --build-base /root/ros2_frws/build/course_works/build install --record /root/ros2_frws/build/course_works/install.log --single-version-externally-managed
[1.519s] running egg_info
[1.530s] writing ../../build/course_works/course_works.egg-info/PKG-INFO
[1.548s] writing dependency_links to ../../build/course_works/course_works.egg-info/dependency_links.txt
[1.549s] writing entry points to ../../build/course_works/course_works.egg-info/entry_points.txt
[1.549s] writing requirements to ../../build/course_works/course_works.egg-info/requires.txt
[1.549s] writing top-level names to ../../build/course_works/course_works.egg-info/top_level.txt
[1.576s] reading manifest file '../../build/course_works/course_works.egg-info/SOURCES.txt'
[1.577s] adding license file 'LICENSE'
[1.578s] writing manifest file '../../build/course_works/course_works.egg-info/SOURCES.txt'
[1.578s] running build
[1.578s] running build_py
[1.580s] copying course_works/process_node.py -> /root/ros2_frws/build/course_works/build/lib/course_works
[1.580s] running install
[1.580s] /root/.local/lib/python3.10/site-packages/setuptools/_distutils/cmd.py:66: SetuptoolsDeprecationWarning: setup.py install is deprecated.
[1.581s] !!
[1.581s] 
[1.581s]         ********************************************************************************
[1.581s]         Please avoid running ``setup.py`` directly.
[1.581s]         Instead, use pypa/build, pypa/installer or other
[1.581s]         standards-based tools.
[1.581s] 
[1.581s]         See https://blog.ganssle.io/articles/2021/10/setup-py-deprecated.html for details.
[1.581s]         ********************************************************************************
[1.581s] 
[1.581s] !!
[1.581s]   self.initialize_options()
[1.586s] running install_lib
[1.600s] copying /root/ros2_frws/build/course_works/build/lib/course_works/process_node.py -> /root/ros2_frws/install/course_works/lib/python3.10/site-packages/course_works
[1.602s] byte-compiling /root/ros2_frws/install/course_works/lib/python3.10/site-packages/course_works/process_node.py to process_node.cpython-310.pyc
[1.602s] running install_data
[1.616s] running install_egg_info
[1.631s] removing '/root/ros2_frws/install/course_works/lib/python3.10/site-packages/course_works-0.0.0-py3.10.egg-info' (and everything under it)
[1.633s] Copying ../../build/course_works/course_works.egg-info to /root/ros2_frws/install/course_works/lib/python3.10/site-packages/course_works-0.0.0-py3.10.egg-info
[1.636s] running install_scripts
[1.762s] Installing process_node script to /root/ros2_frws/install/course_works/lib/course_works
[1.776s] Installing signal_generator script to /root/ros2_frws/install/course_works/lib/course_works
[1.777s] writing list of installed files to '/root/ros2_frws/build/course_works/install.log'
[1.879s] Invoked command in '/root/ros2_frws/src/course_works' returned '0': PYTHONPATH=/root/ros2_frws/build/course_works/prefix_override:/root/ros2_frws/install/course_works/lib/python3.10/site-packages:${PYTHONPATH} /usr/bin/python3 setup.py egg_info --egg-base ../../build/course_works build --build-base /root/ros2_frws/build/course_works/build install --record /root/ros2_frws/build/course_works/install.log --single-version-externally-managed
