[0.947s] Invoking command in '/root/ros2_frws/build/moveit_resources_fanuc_description': CMAKE_PREFIX_PATH=/opt/ros/humble /usr/bin/cmake /root/ros2_frws/src/moveit_resources/fanuc_description -DCMAKE_BUILD_TYPE=Release -DCMAKE_INSTALL_PREFIX=/root/ros2_frws/install/moveit_resources_fanuc_description
[2.085s] -- Found ament_cmake: 1.3.8 (/opt/ros/humble/share/ament_cmake/cmake)
[2.085s] -- Configuring done
[2.085s] -- Generating done
[2.085s] -- Build files have been written to: /root/ros2_frws/build/moveit_resources_fanuc_description
[2.145s] Invoked command in '/root/ros2_frws/build/moveit_resources_fanuc_description' returned '0': CMAKE_PREFIX_PATH=/opt/ros/humble /usr/bin/cmake /root/ros2_frws/src/moveit_resources/fanuc_description -DCMAKE_BUILD_TYPE=Release -DCMAKE_INSTALL_PREFIX=/root/ros2_frws/install/moveit_resources_fanuc_description
[2.147s] Invoking command in '/root/ros2_frws/build/moveit_resources_fanuc_description': CMAKE_PREFIX_PATH=/opt/ros/humble /usr/bin/cmake --build /root/ros2_frws/build/moveit_resources_fanuc_description -- -j16 -l16
[2.561s] Invoked command in '/root/ros2_frws/build/moveit_resources_fanuc_description' returned '0': CMAKE_PREFIX_PATH=/opt/ros/humble /usr/bin/cmake --build /root/ros2_frws/build/moveit_resources_fanuc_description -- -j16 -l16
[3.729s] Invoking command in '/root/ros2_frws/build/moveit_resources_fanuc_description': CMAKE_PREFIX_PATH=/opt/ros/humble /usr/bin/cmake --install /root/ros2_frws/build/moveit_resources_fanuc_description
[4.381s] -- Install configuration: "Release"
[4.381s] -- Up-to-date: /root/ros2_frws/install/moveit_resources_fanuc_description/share/ament_index/resource_index/package_run_dependencies/moveit_resources_fanuc_description
[4.381s] -- Up-to-date: /root/ros2_frws/install/moveit_resources_fanuc_description/share/ament_index/resource_index/parent_prefix_path/moveit_resources_fanuc_description
[4.382s] -- Up-to-date: /root/ros2_frws/install/moveit_resources_fanuc_description/share/moveit_resources_fanuc_description/environment/ament_prefix_path.sh
[4.382s] -- Installing: /root/ros2_frws/install/moveit_resources_fanuc_description/share/moveit_resources_fanuc_description/environment/ament_prefix_path.dsv
[4.382s] -- Up-to-date: /root/ros2_frws/install/moveit_resources_fanuc_description/share/moveit_resources_fanuc_description/environment/path.sh
[4.382s] -- Installing: /root/ros2_frws/install/moveit_resources_fanuc_description/share/moveit_resources_fanuc_description/environment/path.dsv
[4.382s] -- Up-to-date: /root/ros2_frws/install/moveit_resources_fanuc_description/share/moveit_resources_fanuc_description/local_setup.bash
[4.382s] -- Up-to-date: /root/ros2_frws/install/moveit_resources_fanuc_description/share/moveit_resources_fanuc_description/local_setup.sh
[4.382s] -- Up-to-date: /root/ros2_frws/install/moveit_resources_fanuc_description/share/moveit_resources_fanuc_description/local_setup.zsh
[4.382s] -- Installing: /root/ros2_frws/install/moveit_resources_fanuc_description/share/moveit_resources_fanuc_description/local_setup.dsv
[4.382s] -- Installing: /root/ros2_frws/install/moveit_resources_fanuc_description/share/moveit_resources_fanuc_description/package.dsv
[4.382s] -- Up-to-date: /root/ros2_frws/install/moveit_resources_fanuc_description/share/ament_index/resource_index/packages/moveit_resources_fanuc_description
[4.382s] -- Up-to-date: /root/ros2_frws/install/moveit_resources_fanuc_description/share/moveit_resources_fanuc_description/cmake/moveit_resources_fanuc_descriptionConfig.cmake
[4.382s] -- Up-to-date: /root/ros2_frws/install/moveit_resources_fanuc_description/share/moveit_resources_fanuc_description/cmake/moveit_resources_fanuc_descriptionConfig-version.cmake
[4.382s] -- Up-to-date: /root/ros2_frws/install/moveit_resources_fanuc_description/share/moveit_resources_fanuc_description/package.xml
[4.383s] -- Up-to-date: /root/ros2_frws/install/moveit_resources_fanuc_description/share/moveit_resources_fanuc_description/meshes
[4.383s] -- Up-to-date: /root/ros2_frws/install/moveit_resources_fanuc_description/share/moveit_resources_fanuc_description/meshes/visual
[4.383s] -- Up-to-date: /root/ros2_frws/install/moveit_resources_fanuc_description/share/moveit_resources_fanuc_description/meshes/visual/link_6.stl
[4.383s] -- Up-to-date: /root/ros2_frws/install/moveit_resources_fanuc_description/share/moveit_resources_fanuc_description/meshes/visual/link_5.stl
[4.383s] -- Up-to-date: /root/ros2_frws/install/moveit_resources_fanuc_description/share/moveit_resources_fanuc_description/meshes/visual/link_1.stl
[4.383s] -- Up-to-date: /root/ros2_frws/install/moveit_resources_fanuc_description/share/moveit_resources_fanuc_description/meshes/visual/link_2.stl
[4.383s] -- Up-to-date: /root/ros2_frws/install/moveit_resources_fanuc_description/share/moveit_resources_fanuc_description/meshes/visual/base_link.stl
[4.383s] -- Up-to-date: /root/ros2_frws/install/moveit_resources_fanuc_description/share/moveit_resources_fanuc_description/meshes/visual/link_4.stl
[4.383s] -- Up-to-date: /root/ros2_frws/install/moveit_resources_fanuc_description/share/moveit_resources_fanuc_description/meshes/visual/link_3.stl
[4.383s] -- Up-to-date: /root/ros2_frws/install/moveit_resources_fanuc_description/share/moveit_resources_fanuc_description/meshes/collision
[4.383s] -- Up-to-date: /root/ros2_frws/install/moveit_resources_fanuc_description/share/moveit_resources_fanuc_description/meshes/collision/link_6.stl
[4.383s] -- Up-to-date: /root/ros2_frws/install/moveit_resources_fanuc_description/share/moveit_resources_fanuc_description/meshes/collision/link_5.stl
[4.383s] -- Up-to-date: /root/ros2_frws/install/moveit_resources_fanuc_description/share/moveit_resources_fanuc_description/meshes/collision/link_1.stl
[4.384s] -- Up-to-date: /root/ros2_frws/install/moveit_resources_fanuc_description/share/moveit_resources_fanuc_description/meshes/collision/link_2.stl
[4.384s] -- Up-to-date: /root/ros2_frws/install/moveit_resources_fanuc_description/share/moveit_resources_fanuc_description/meshes/collision/base_link.stl
[4.384s] -- Up-to-date: /root/ros2_frws/install/moveit_resources_fanuc_description/share/moveit_resources_fanuc_description/meshes/collision/link_4.stl
[4.384s] -- Up-to-date: /root/ros2_frws/install/moveit_resources_fanuc_description/share/moveit_resources_fanuc_description/meshes/collision/link_3.stl
[4.384s] -- Up-to-date: /root/ros2_frws/install/moveit_resources_fanuc_description/share/moveit_resources_fanuc_description/urdf
[4.384s] -- Up-to-date: /root/ros2_frws/install/moveit_resources_fanuc_description/share/moveit_resources_fanuc_description/urdf/fanuc.urdf
[4.519s] Invoked command in '/root/ros2_frws/build/moveit_resources_fanuc_description' returned '0': CMAKE_PREFIX_PATH=/opt/ros/humble /usr/bin/cmake --install /root/ros2_frws/build/moveit_resources_fanuc_description
