[1.816s] Invoking command in '/root/ros2_frws/src/course_works': PYTHONPATH=/root/ros2_frws/build/course_works/prefix_override:/root/ros2_frws/install/course_works/lib/python3.10/site-packages:${PYTHONPATH} /usr/bin/python3 setup.py egg_info --egg-base ../../build/course_works build --build-base /root/ros2_frws/build/course_works/build install --record /root/ros2_frws/build/course_works/install.log --single-version-externally-managed
[2.064s] running egg_info
[2.094s] writing ../../build/course_works/course_works.egg-info/PKG-INFO
[2.094s] writing dependency_links to ../../build/course_works/course_works.egg-info/dependency_links.txt
[2.095s] writing entry points to ../../build/course_works/course_works.egg-info/entry_points.txt
[2.095s] writing requirements to ../../build/course_works/course_works.egg-info/requires.txt
[2.095s] writing top-level names to ../../build/course_works/course_works.egg-info/top_level.txt
[2.136s] reading manifest file '../../build/course_works/course_works.egg-info/SOURCES.txt'
[2.137s] adding license file 'LICENSE'
[2.138s] writing manifest file '../../build/course_works/course_works.egg-info/SOURCES.txt'
[2.138s] running build
[2.138s] running build_py
[2.138s] copying course_works/signal_generator.py -> /root/ros2_frws/build/course_works/build/lib/course_works
[2.139s] copying course_works/process_node.py -> /root/ros2_frws/build/course_works/build/lib/course_works
[2.140s] running install
[2.140s] /root/.local/lib/python3.10/site-packages/setuptools/_distutils/cmd.py:66: SetuptoolsDeprecationWarning: setup.py install is deprecated.
[2.140s] !!
[2.140s] 
[2.140s]         ********************************************************************************
[2.140s]         Please avoid running ``setup.py`` directly.
[2.140s]         Instead, use pypa/build, pypa/installer or other
[2.140s]         standards-based tools.
[2.140s] 
[2.141s]         See https://blog.ganssle.io/articles/2021/10/setup-py-deprecated.html for details.
[2.141s]         ********************************************************************************
[2.141s] 
[2.141s] !!
[2.141s]   self.initialize_options()
[2.147s] running install_lib
[2.160s] copying /root/ros2_frws/build/course_works/build/lib/course_works/signal_generator.py -> /root/ros2_frws/install/course_works/lib/python3.10/site-packages/course_works
[2.162s] copying /root/ros2_frws/build/course_works/build/lib/course_works/process_node.py -> /root/ros2_frws/install/course_works/lib/python3.10/site-packages/course_works
[2.163s] byte-compiling /root/ros2_frws/install/course_works/lib/python3.10/site-packages/course_works/signal_generator.py to signal_generator.cpython-310.pyc
[2.163s] byte-compiling /root/ros2_frws/install/course_works/lib/python3.10/site-packages/course_works/process_node.py to process_node.cpython-310.pyc
[2.164s] running install_data
[2.182s] running install_egg_info
[2.201s] removing '/root/ros2_frws/install/course_works/lib/python3.10/site-packages/course_works-0.0.0-py3.10.egg-info' (and everything under it)
[2.201s] Copying ../../build/course_works/course_works.egg-info to /root/ros2_frws/install/course_works/lib/python3.10/site-packages/course_works-0.0.0-py3.10.egg-info
[2.206s] running install_scripts
[2.343s] Installing process_node script to /root/ros2_frws/install/course_works/lib/course_works
[2.343s] Installing signal_generator script to /root/ros2_frws/install/course_works/lib/course_works
[2.344s] writing list of installed files to '/root/ros2_frws/build/course_works/install.log'
[2.517s] Invoked command in '/root/ros2_frws/src/course_works' returned '0': PYTHONPATH=/root/ros2_frws/build/course_works/prefix_override:/root/ros2_frws/install/course_works/lib/python3.10/site-packages:${PYTHONPATH} /usr/bin/python3 setup.py egg_info --egg-base ../../build/course_works build --build-base /root/ros2_frws/build/course_works/build install --record /root/ros2_frws/build/course_works/install.log --single-version-externally-managed
