[35m[1mConsolidate compiler generated dependencies of target test_xarm_gripper_planner_client_joint[0m
[35m[1mConsolidate compiler generated dependencies of target test_xarm_planner_client_joint[0m
[35m[1mConsolidate compiler generated dependencies of target test_xarm_planner_client_pose[0m
[35m[1mConsolidate compiler generated dependencies of target xarm_planner[0m
[35m[1mConsolidate compiler generated dependencies of target test_lite_gripper_realmove[0m
[ 27%] Built target test_xarm_gripper_planner_client_joint
[ 27%] Built target test_xarm_planner_client_joint
[ 27%] Built target test_xarm_planner_client_pose
[ 36%] Built target test_lite_gripper_realmove
[ 45%] Built target xarm_planner
[35m[1mConsolidate compiler generated dependencies of target test_xarm_planner_api_joint[0m
[35m[1mConsolidate compiler generated dependencies of target test_dual_xarm_planner_api_joint[0m
[35m[1mConsolidate compiler generated dependencies of target test_xarm_gripper_planner_api_joint[0m
[35m[1mConsolidate compiler generated dependencies of target xarm_planner_node[0m
[35m[1mConsolidate compiler generated dependencies of target test_xarm_planner_api_pose[0m
[35m[1mConsolidate compiler generated dependencies of target xarm_gripper_planner_node[0m
[ 63%] Built target test_xarm_planner_api_joint
[ 63%] Built target test_dual_xarm_planner_api_joint
[ 77%] Built target xarm_planner_node
[ 81%] Built target test_xarm_gripper_planner_api_joint
[ 86%] [32mBuilding CXX object CMakeFiles/test_xarm_planner_api_pose.dir/test/test_xarm_planner_api_pose.cpp.o[0m
[ 95%] Built target xarm_gripper_planner_node
[100%] [32m[1mLinking CXX executable test_xarm_planner_api_pose[0m
