[1.476s] Invoking command in '/root/ros2_frws/build/realsense_gazebo_plugin': CMAKE_PREFIX_PATH=/opt/ros/humble /usr/bin/cmake /root/ros2_frws/src/xarm_ros2/thirdparty/realsense_gazebo_plugin -DCMAKE_BUILD_TYPE=Release -DCMAKE_INSTALL_PREFIX=/root/ros2_frws/install/realsense_gazebo_plugin
[1.503s] -- Found ament_cmake: 1.3.8 (/opt/ros/humble/share/ament_cmake/cmake)
[2.316s] -- Found Python3: /usr/bin/python3 (found version "3.10.12") found components: Interpreter 
[2.709s] -- Found rclcpp: 16.0.8 (/opt/ros/humble/share/rclcpp/cmake)
[2.841s] -- Found rosidl_generator_c: 3.1.5 (/opt/ros/humble/share/rosidl_generator_c/cmake)
[2.842s] -- Found rosidl_adapter: 3.1.5 (/opt/ros/humble/share/rosidl_adapter/cmake)
[2.852s] -- Found rosidl_generator_cpp: 3.1.5 (/opt/ros/humble/share/rosidl_generator_cpp/cmake)
[2.909s] -- Using all available rosidl_typesupport_c: rosidl_typesupport_fastrtps_c;rosidl_typesupport_introspection_c
[2.932s] -- Using all available rosidl_typesupport_cpp: rosidl_typesupport_fastrtps_cpp;rosidl_typesupport_introspection_cpp
[3.065s] -- Found rmw_implementation_cmake: 6.1.1 (/opt/ros/humble/share/rmw_implementation_cmake/cmake)
[3.078s] -- Found rmw_cyclonedds_cpp: 1.3.4 (/opt/ros/humble/share/rmw_cyclonedds_cpp/cmake)
[3.179s] -- Using RMW implementation 'rmw_cyclonedds_cpp' as default
[3.733s] -- Found gazebo_ros: 3.7.0 (/opt/ros/humble/share/gazebo_ros/cmake)
[4.041s] -- Found DART: /usr/include (Required is at least version "6.6") found components: dart 
[4.346s] -- Found Protobuf: /usr/lib/x86_64-linux-gnu/libprotobuf.so (found version "3.12.4") 
[4.346s] -- Looking for ignition-math6 -- found version 6.15.1
[4.346s] -- Searching for dependencies of ignition-math6
[4.430s] -- Looking for OGRE...
[4.430s] -- Found Ogre Ghadamon (1.9.0)
[4.430s] -- Found OGRE: optimized;/usr/lib/x86_64-linux-gnu/libOgreMain.so;debug;/usr/lib/x86_64-linux-gnu/libOgreMain.so
[4.462s] -- Looking for OGRE_Paging...
[4.462s] -- Found OGRE_Paging: optimized;/usr/lib/x86_64-linux-gnu/libOgrePaging.so;debug;/usr/lib/x86_64-linux-gnu/libOgrePaging.so
[4.462s] -- Looking for OGRE_Terrain...
[4.462s] -- Found OGRE_Terrain: optimized;/usr/lib/x86_64-linux-gnu/libOgreTerrain.so;debug;/usr/lib/x86_64-linux-gnu/libOgreTerrain.so
[4.462s] -- Looking for OGRE_Property...
[4.462s] -- Found OGRE_Property: optimized;/usr/lib/x86_64-linux-gnu/libOgreProperty.so;debug;/usr/lib/x86_64-linux-gnu/libOgreProperty.so
[4.462s] -- Looking for OGRE_RTShaderSystem...
[4.462s] -- Found OGRE_RTShaderSystem: optimized;/usr/lib/x86_64-linux-gnu/libOgreRTShaderSystem.so;debug;/usr/lib/x86_64-linux-gnu/libOgreRTShaderSystem.so
[4.462s] -- Looking for OGRE_Volume...
[4.463s] -- Found OGRE_Volume: optimized;/usr/lib/x86_64-linux-gnu/libOgreVolume.so;debug;/usr/lib/x86_64-linux-gnu/libOgreVolume.so
[4.463s] -- Looking for OGRE_Overlay...
[4.463s] -- Found OGRE_Overlay: optimized;/usr/lib/x86_64-linux-gnu/libOgreOverlay.so;debug;/usr/lib/x86_64-linux-gnu/libOgreOverlay.so
[5.169s] -- Looking for ignition-math6 -- found version 6.15.1
[5.819s] -- Looking for ignition-transport8 -- found version 8.2.1
[5.825s] -- Searching for dependencies of ignition-transport8
[6.084s] -- Found Protobuf: /usr/lib/x86_64-linux-gnu/libprotobuf.so (found suitable version "3.12.4", minimum required is "3") 
[6.215s] -- Config-file not installed for ZeroMQ -- checking for pkg-config
[6.351s] -- Checking for module 'libzmq >= 4'
[6.554s] --   Found libzmq , version 4.3.4
[6.941s] -- Checking for module 'uuid'
[7.055s] --   Found uuid, version 2.37.2
[7.354s] -- Looking for ignition-msgs5 -- found version 5.8.1
[7.356s] -- Searching for dependencies of ignition-msgs5
[7.449s] -- Looking for ignition-math6 -- found version 6.15.1
[7.477s] -- Checking for module 'tinyxml2'
[7.561s] --   Found tinyxml2, version 9.0.0
[7.678s] -- Looking for ignition-msgs5 -- found version 5.8.1
[7.680s] -- Looking for ignition-common3 -- found version 3.14.0
[7.683s] -- Searching for dependencies of ignition-common3
[7.688s] -- Looking for dlfcn.h - found
[7.688s] -- Looking for libdl - found
[7.727s] -- Searching for <ignition-common3> component [graphics]
[7.730s] -- Looking for ignition-common3-graphics -- found version 3.14.0
[7.731s] -- Searching for dependencies of ignition-common3-graphics
[7.731s] -- Looking for ignition-math6 -- found version 6.15.1
[7.749s] -- Looking for ignition-fuel_tools4 -- found version 4.4.0
[7.750s] -- Searching for dependencies of ignition-fuel_tools4
[7.981s] -- Checking for module 'jsoncpp'
[8.115s] --   Found jsoncpp, version 1.9.5
[8.366s] -- Checking for module 'libzip'
[8.426s] --   Found libzip, version 1.7.3
[8.481s] -- Looking for ignition-common3 -- found version 3.14.0
[8.481s] -- Looking for ignition-math6 -- found version 6.15.1
[8.481s] -- Looking for ignition-msgs5 -- found version 5.8.1
[8.487s] -- Gazebo version: 11.10
[8.497s] -- Found image_transport: 3.1.8 (/opt/ros/humble/share/image_transport/cmake)
[8.963s] -- Found camera_info_manager: 3.1.8 (/opt/ros/humble/share/camera_info_manager/cmake)
[9.177s] -- Found ament_lint_auto: 0.12.10 (/opt/ros/humble/share/ament_lint_auto/cmake)
[9.337s] -- Configuring done
[9.513s] -- Generating done
[9.532s] -- Build files have been written to: /root/ros2_frws/build/realsense_gazebo_plugin
[9.573s] Invoked command in '/root/ros2_frws/build/realsense_gazebo_plugin' returned '0': CMAKE_PREFIX_PATH=/opt/ros/humble /usr/bin/cmake /root/ros2_frws/src/xarm_ros2/thirdparty/realsense_gazebo_plugin -DCMAKE_BUILD_TYPE=Release -DCMAKE_INSTALL_PREFIX=/root/ros2_frws/install/realsense_gazebo_plugin
[9.576s] Invoking command in '/root/ros2_frws/build/realsense_gazebo_plugin': CMAKE_PREFIX_PATH=/opt/ros/humble /usr/bin/cmake --build /root/ros2_frws/build/realsense_gazebo_plugin -- -j16 -l16
[9.660s] [35m[1mConsolidate compiler generated dependencies of target realsense_gazebo_plugin[0m
[9.793s] [ 33%] [32mBuilding CXX object CMakeFiles/realsense_gazebo_plugin.dir/src/RealSensePlugin.cpp.o[0m
[9.803s] [ 66%] [32mBuilding CXX object CMakeFiles/realsense_gazebo_plugin.dir/src/gazebo_ros_realsense.cpp.o[0m
[153.445s] gmake[2]: *** [CMakeFiles/realsense_gazebo_plugin.dir/build.make:76: CMakeFiles/realsense_gazebo_plugin.dir/src/RealSensePlugin.cpp.o] Interrupt
[153.449s] gmake[1]: *** [CMakeFiles/Makefile2:137: CMakeFiles/realsense_gazebo_plugin.dir/all] Interrupt
[153.449s] gmake: *** [Makefile:146: all] Interrupt
