[0.829s] Invoking command in '/root/ros2_frws/build/xarm_msgs': CMAKE_PREFIX_PATH=${CMAKE_PREFIX_PATH}:/root/ros2_frws/install/challenge_2:/root/ros2_frws/install/course_works:/root/ros2_frws/install/basic_comms_param:/root/ros2_frws/install/basic_comms:/opt/ros/humble /usr/bin/cmake --build /root/ros2_frws/build/xarm_msgs -- -j16 -l16
[2.288s] [  0%] Built target xarm_msgs__cpp
[2.290s] [ 12%] Built target xarm_msgs__rosidl_generator_c
[2.292s] [ 12%] Built target ament_cmake_python_copy_xarm_msgs
[2.293s] [ 24%] Built target xarm_msgs__rosidl_typesupport_fastrtps_cpp
[2.293s] [ 36%] Built target xarm_msgs__rosidl_typesupport_cpp
[2.293s] [ 49%] Built target xarm_msgs__rosidl_typesupport_introspection_c
[2.293s] [ 62%] Built target xarm_msgs__rosidl_typesupport_introspection_cpp
[2.293s] [ 75%] Built target xarm_msgs__rosidl_typesupport_c
[2.293s] [ 88%] Built target xarm_msgs__rosidl_typesupport_fastrtps_c
[2.294s] [ 88%] Built target xarm_msgs
[2.294s] [ 88%] Built target xarm_msgs__py
[2.294s] [100%] Built target xarm_msgs__rosidl_generator_py
[2.295s] [100%] Built target xarm_msgs__rosidl_typesupport_c__pyext
[2.295s] [100%] Built target xarm_msgs__rosidl_typesupport_fastrtps_c__pyext
[2.295s] [100%] Built target xarm_msgs__rosidl_typesupport_introspection_c__pyext
[2.295s] running egg_info
[2.295s] writing xarm_msgs.egg-info/PKG-INFO
[2.295s] writing dependency_links to xarm_msgs.egg-info/dependency_links.txt
[2.295s] writing top-level names to xarm_msgs.egg-info/top_level.txt
[2.295s] reading manifest file 'xarm_msgs.egg-info/SOURCES.txt'
[2.296s] writing manifest file 'xarm_msgs.egg-info/SOURCES.txt'
[2.296s] [100%] Built target ament_cmake_python_build_xarm_msgs_egg
[2.315s] Invoked command in '/root/ros2_frws/build/xarm_msgs' returned '0': CMAKE_PREFIX_PATH=${CMAKE_PREFIX_PATH}:/root/ros2_frws/install/challenge_2:/root/ros2_frws/install/course_works:/root/ros2_frws/install/basic_comms_param:/root/ros2_frws/install/basic_comms:/opt/ros/humble /usr/bin/cmake --build /root/ros2_frws/build/xarm_msgs -- -j16 -l16
