[2.394s] Invoking command in '/root/ros2_frws/src/basic_comms_params': PYTHONPATH=/root/ros2_frws/build/basic_comms_params/prefix_override:/root/ros2_frws/install/basic_comms_params/lib/python3.10/site-packages:${PYTHONPATH} /usr/bin/python3 setup.py egg_info --egg-base ../../build/basic_comms_params build --build-base /root/ros2_frws/build/basic_comms_params/build install --record /root/ros2_frws/build/basic_comms_params/install.log --single-version-externally-managed
[2.671s] running egg_info
[2.685s] writing ../../build/basic_comms_params/basic_comms_params.egg-info/PKG-INFO
[2.686s] writing dependency_links to ../../build/basic_comms_params/basic_comms_params.egg-info/dependency_links.txt
[2.686s] writing entry points to ../../build/basic_comms_params/basic_comms_params.egg-info/entry_points.txt
[2.687s] writing requirements to ../../build/basic_comms_params/basic_comms_params.egg-info/requires.txt
[2.687s] writing top-level names to ../../build/basic_comms_params/basic_comms_params.egg-info/top_level.txt
[2.727s] reading manifest file '../../build/basic_comms_params/basic_comms_params.egg-info/SOURCES.txt'
[2.728s] writing manifest file '../../build/basic_comms_params/basic_comms_params.egg-info/SOURCES.txt'
[2.728s] running build
[2.728s] running build_py
[2.729s] running install
[2.729s] /root/.local/lib/python3.10/site-packages/setuptools/_distutils/cmd.py:66: SetuptoolsDeprecationWarning: setup.py install is deprecated.
[2.729s] !!
[2.729s] 
[2.729s]         ********************************************************************************
[2.729s]         Please avoid running ``setup.py`` directly.
[2.729s]         Instead, use pypa/build, pypa/installer or other
[2.729s]         standards-based tools.
[2.729s] 
[2.729s]         See https://blog.ganssle.io/articles/2021/10/setup-py-deprecated.html for details.
[2.730s]         ********************************************************************************
[2.730s] 
[2.730s] !!
[2.730s]   self.initialize_options()
[2.741s] running install_lib
[2.762s] running install_data
[2.780s] running install_egg_info
[2.800s] removing '/root/ros2_frws/install/basic_comms_params/lib/python3.10/site-packages/basic_comms_params-0.0.0-py3.10.egg-info' (and everything under it)
[2.801s] Copying ../../build/basic_comms_params/basic_comms_params.egg-info to /root/ros2_frws/install/basic_comms_params/lib/python3.10/site-packages/basic_comms_params-0.0.0-py3.10.egg-info
[2.802s] running install_scripts
[2.987s] Installing talker_params script to /root/ros2_frws/install/basic_comms_params/lib/basic_comms_params
[2.987s] writing list of installed files to '/root/ros2_frws/build/basic_comms_params/install.log'
[3.209s] Invoked command in '/root/ros2_frws/src/basic_comms_params' returned '0': PYTHONPATH=/root/ros2_frws/build/basic_comms_params/prefix_override:/root/ros2_frws/install/basic_comms_params/lib/python3.10/site-packages:${PYTHONPATH} /usr/bin/python3 setup.py egg_info --egg-base ../../build/basic_comms_params build --build-base /root/ros2_frws/build/basic_comms_params/build install --record /root/ros2_frws/build/basic_comms_params/install.log --single-version-externally-managed
