[1.147s] Invoking command in '/root/ros2_frws/build/realsense_gazebo_plugin': CMAKE_PREFIX_PATH=/opt/ros/humble /usr/bin/cmake --build /root/ros2_frws/build/realsense_gazebo_plugin -- -j16 -l16
[1.291s] [35m[1mConsolidate compiler generated dependencies of target realsense_gazebo_plugin[0m
[1.382s] [100%] Built target realsense_gazebo_plugin
[1.397s] Invoked command in '/root/ros2_frws/build/realsense_gazebo_plugin' returned '0': CMAKE_PREFIX_PATH=/opt/ros/humble /usr/bin/cmake --build /root/ros2_frws/build/realsense_gazebo_plugin -- -j16 -l16
[1.585s] Invoking command in '/root/ros2_frws/build/realsense_gazebo_plugin': CMAKE_PREFIX_PATH=/opt/ros/humble /usr/bin/cmake --install /root/ros2_frws/build/realsense_gazebo_plugin
[1.592s] -- Install configuration: "Release"
[1.592s] -- Up-to-date: /root/ros2_frws/install/realsense_gazebo_plugin/lib/librealsense_gazebo_plugin.so
[1.593s] -- Up-to-date: /root/ros2_frws/install/realsense_gazebo_plugin/include/
[1.593s] -- Up-to-date: /root/ros2_frws/install/realsense_gazebo_plugin/include//realsense_gazebo_plugin
[1.593s] -- Up-to-date: /root/ros2_frws/install/realsense_gazebo_plugin/include//realsense_gazebo_plugin/RealSensePlugin.h
[1.593s] -- Up-to-date: /root/ros2_frws/install/realsense_gazebo_plugin/include//realsense_gazebo_plugin/gazebo_ros_realsense.h
[1.593s] -- Up-to-date: /root/ros2_frws/install/realsense_gazebo_plugin/share/realsense_gazebo_plugin/environment/library_path.sh
[1.593s] -- Up-to-date: /root/ros2_frws/install/realsense_gazebo_plugin/share/realsense_gazebo_plugin/environment/library_path.dsv
[1.594s] -- Up-to-date: /root/ros2_frws/install/realsense_gazebo_plugin/share/ament_index/resource_index/package_run_dependencies/realsense_gazebo_plugin
[1.594s] -- Up-to-date: /root/ros2_frws/install/realsense_gazebo_plugin/share/ament_index/resource_index/parent_prefix_path/realsense_gazebo_plugin
[1.594s] -- Up-to-date: /root/ros2_frws/install/realsense_gazebo_plugin/share/realsense_gazebo_plugin/environment/ament_prefix_path.sh
[1.594s] -- Up-to-date: /root/ros2_frws/install/realsense_gazebo_plugin/share/realsense_gazebo_plugin/environment/ament_prefix_path.dsv
[1.594s] -- Up-to-date: /root/ros2_frws/install/realsense_gazebo_plugin/share/realsense_gazebo_plugin/environment/path.sh
[1.595s] -- Up-to-date: /root/ros2_frws/install/realsense_gazebo_plugin/share/realsense_gazebo_plugin/environment/path.dsv
[1.595s] -- Up-to-date: /root/ros2_frws/install/realsense_gazebo_plugin/share/realsense_gazebo_plugin/local_setup.bash
[1.595s] -- Up-to-date: /root/ros2_frws/install/realsense_gazebo_plugin/share/realsense_gazebo_plugin/local_setup.sh
[1.596s] -- Up-to-date: /root/ros2_frws/install/realsense_gazebo_plugin/share/realsense_gazebo_plugin/local_setup.zsh
[1.597s] -- Up-to-date: /root/ros2_frws/install/realsense_gazebo_plugin/share/realsense_gazebo_plugin/local_setup.dsv
[1.597s] -- Installing: /root/ros2_frws/install/realsense_gazebo_plugin/share/realsense_gazebo_plugin/package.dsv
[1.598s] -- Up-to-date: /root/ros2_frws/install/realsense_gazebo_plugin/share/ament_index/resource_index/packages/realsense_gazebo_plugin
[1.598s] -- Up-to-date: /root/ros2_frws/install/realsense_gazebo_plugin/share/realsense_gazebo_plugin/cmake/ament_cmake_export_include_directories-extras.cmake
[1.598s] -- Up-to-date: /root/ros2_frws/install/realsense_gazebo_plugin/share/realsense_gazebo_plugin/cmake/ament_cmake_export_libraries-extras.cmake
[1.599s] -- Up-to-date: /root/ros2_frws/install/realsense_gazebo_plugin/share/realsense_gazebo_plugin/cmake/realsense_gazebo_pluginConfig.cmake
[1.599s] -- Up-to-date: /root/ros2_frws/install/realsense_gazebo_plugin/share/realsense_gazebo_plugin/cmake/realsense_gazebo_pluginConfig-version.cmake
[1.599s] -- Up-to-date: /root/ros2_frws/install/realsense_gazebo_plugin/share/realsense_gazebo_plugin/package.xml
[1.599s] Invoked command in '/root/ros2_frws/build/realsense_gazebo_plugin' returned '0': CMAKE_PREFIX_PATH=/opt/ros/humble /usr/bin/cmake --install /root/ros2_frws/build/realsense_gazebo_plugin
