[35m[1mConsolidate compiler generated dependencies of target uf_robot_hardware[0m
[ 33%] [32mBuilding CXX object CMakeFiles/uf_robot_hardware.dir/src/hardware/uf_robot_system_hardware.cpp.o[0m
[ 66%] [32m[1mLinking CXX shared library libuf_robot_hardware.so[0m
[100%] Built target uf_robot_hardware
-- Install configuration: ""
-- Up-to-date: /root/ros2_frws/install/xarm_controller/share/xarm_controller/uf_hardware_interface_plugins.xml
-- Up-to-date: /root/ros2_frws/install/xarm_controller/include
-- Up-to-date: /root/ros2_frws/install/xarm_controller/include/xarm_controller
-- Up-to-date: /root/ros2_frws/install/xarm_controller/include/xarm_controller/hardware
-- Up-to-date: /root/ros2_frws/install/xarm_controller/include/xarm_controller/hardware/uf_robot_system_hardware.h
-- Up-to-date: /root/ros2_frws/install/xarm_controller/include/xarm_controller/hardware/uf_robot_fake_system_hardware.h
-- Installing: /root/ros2_frws/install/xarm_controller/lib/libuf_robot_hardware.so
-- Set runtime path of "/root/ros2_frws/install/xarm_controller/lib/libuf_robot_hardware.so" to ""
-- Up-to-date: /root/ros2_frws/install/xarm_controller/share/xarm_controller//launch
-- Up-to-date: /root/ros2_frws/install/xarm_controller/share/xarm_controller//launch/_ros2_control.launch.py
-- Up-to-date: /root/ros2_frws/install/xarm_controller/share/xarm_controller//launch/uf850_control_rviz_display.launch.py
-- Up-to-date: /root/ros2_frws/install/xarm_controller/share/xarm_controller//launch/_robot_ros2_control.launch.py
-- Up-to-date: /root/ros2_frws/install/xarm_controller/share/xarm_controller//launch/lib
-- Up-to-date: /root/ros2_frws/install/xarm_controller/share/xarm_controller//launch/lib/robot_controller_lib.py
-- Up-to-date: /root/ros2_frws/install/xarm_controller/share/xarm_controller//launch/xarm7_mirror_control_rviz_display.launch.py
-- Up-to-date: /root/ros2_frws/install/xarm_controller/share/xarm_controller//launch/_dual_ros2_control.launch.py
-- Up-to-date: /root/ros2_frws/install/xarm_controller/share/xarm_controller//launch/xarm7_control_rviz_display.launch.py
-- Up-to-date: /root/ros2_frws/install/xarm_controller/share/xarm_controller//launch/xarm6_control_rviz_display.launch.py
-- Up-to-date: /root/ros2_frws/install/xarm_controller/share/xarm_controller//launch/lite6_control_rviz_display.launch.py
-- Up-to-date: /root/ros2_frws/install/xarm_controller/share/xarm_controller//launch/xarm5_control_rviz_display.launch.py
-- Up-to-date: /root/ros2_frws/install/xarm_controller/share/xarm_controller//config
-- Up-to-date: /root/ros2_frws/install/xarm_controller/share/xarm_controller//config/uf850_gripper_controllers.yaml
-- Up-to-date: /root/ros2_frws/install/xarm_controller/share/xarm_controller//config/xarm7_controllers.yaml
-- Up-to-date: /root/ros2_frws/install/xarm_controller/share/xarm_controller//config/xarm6_controllers.yaml
-- Up-to-date: /root/ros2_frws/install/xarm_controller/share/xarm_controller//config/xarm7_mirror_gripper_controllers.yaml
-- Up-to-date: /root/ros2_frws/install/xarm_controller/share/xarm_controller//config/bio_gripper_controllers.yaml
-- Up-to-date: /root/ros2_frws/install/xarm_controller/share/xarm_controller//config/uf850_controllers.yaml
-- Up-to-date: /root/ros2_frws/install/xarm_controller/share/xarm_controller//config/lite6_controllers.yaml
-- Up-to-date: /root/ros2_frws/install/xarm_controller/share/xarm_controller//config/xarm7_mirror_controllers.yaml
-- Up-to-date: /root/ros2_frws/install/xarm_controller/share/xarm_controller//config/xarm5_controllers.yaml
-- Up-to-date: /root/ros2_frws/install/xarm_controller/share/xarm_controller//config/xarm_gripper_controllers.yaml
-- Up-to-date: /root/ros2_frws/install/xarm_controller/share/xarm_controller/environment/library_path.sh
-- Up-to-date: /root/ros2_frws/install/xarm_controller/share/xarm_controller/environment/library_path.dsv
-- Up-to-date: /root/ros2_frws/install/xarm_controller/share/ament_index/resource_index/package_run_dependencies/xarm_controller
-- Up-to-date: /root/ros2_frws/install/xarm_controller/share/ament_index/resource_index/parent_prefix_path/xarm_controller
-- Installing: /root/ros2_frws/install/xarm_controller/share/xarm_controller/environment/ament_prefix_path.sh
-- Up-to-date: /root/ros2_frws/install/xarm_controller/share/xarm_controller/environment/ament_prefix_path.dsv
-- Installing: /root/ros2_frws/install/xarm_controller/share/xarm_controller/environment/path.sh
-- Up-to-date: /root/ros2_frws/install/xarm_controller/share/xarm_controller/environment/path.dsv
-- Up-to-date: /root/ros2_frws/install/xarm_controller/share/xarm_controller/local_setup.bash
-- Up-to-date: /root/ros2_frws/install/xarm_controller/share/xarm_controller/local_setup.sh
-- Up-to-date: /root/ros2_frws/install/xarm_controller/share/xarm_controller/local_setup.zsh
-- Up-to-date: /root/ros2_frws/install/xarm_controller/share/xarm_controller/local_setup.dsv
-- Installing: /root/ros2_frws/install/xarm_controller/share/xarm_controller/package.dsv
-- Up-to-date: /root/ros2_frws/install/xarm_controller/share/ament_index/resource_index/packages/xarm_controller
-- Up-to-date: /root/ros2_frws/install/xarm_controller/share/ament_index/resource_index/hardware_interface__pluginlib__plugin/xarm_controller
-- Up-to-date: /root/ros2_frws/install/xarm_controller/share/xarm_controller/cmake/ament_cmake_export_include_directories-extras.cmake
-- Up-to-date: /root/ros2_frws/install/xarm_controller/share/xarm_controller/cmake/ament_cmake_export_libraries-extras.cmake
-- Up-to-date: /root/ros2_frws/install/xarm_controller/share/xarm_controller/cmake/ament_cmake_export_dependencies-extras.cmake
-- Up-to-date: /root/ros2_frws/install/xarm_controller/share/xarm_controller/cmake/xarm_controllerConfig.cmake
-- Up-to-date: /root/ros2_frws/install/xarm_controller/share/xarm_controller/cmake/xarm_controllerConfig-version.cmake
-- Up-to-date: /root/ros2_frws/install/xarm_controller/share/xarm_controller/package.xml
