[0.109s] Invoking command in '/root/ros2_frws/build/xarm_controller': AMENT_PREFIX_PATH=/root/ros2_frws/install/xarm_api:/root/ros2_frws/install/xarm_sdk:/root/ros2_frws/install/xarm_msgs:/root/ros2_frws/install/xarm_description:${AMENT_PREFIX_PATH} CMAKE_PREFIX_PATH=/root/ros2_frws/install/xarm_api:/root/ros2_frws/install/xarm_sdk:/root/ros2_frws/install/xarm_msgs:/root/ros2_frws/install/xarm_description:/opt/ros/humble LD_LIBRARY_PATH=/root/ros2_frws/install/xarm_api/lib:/root/ros2_frws/install/xarm_sdk/lib:/root/ros2_frws/install/xarm_msgs/lib:${LD_LIBRARY_PATH} PYTHONPATH=/root/ros2_frws/install/xarm_msgs/local/lib/python3.10/dist-packages:${PYTHONPATH} /usr/bin/cmake --build /root/ros2_frws/build/xarm_controller -- -j16 -l16
[0.280s] [35m[1mConsolidate compiler generated dependencies of target uf_robot_hardware[0m
[0.332s] [ 33%] [32mBuilding CXX object CMakeFiles/uf_robot_hardware.dir/src/hardware/uf_robot_system_hardware.cpp.o[0m
[7.635s] [ 66%] [32m[1mLinking CXX shared library libuf_robot_hardware.so[0m
[8.118s] [100%] Built target uf_robot_hardware
[8.130s] Invoked command in '/root/ros2_frws/build/xarm_controller' returned '0': AMENT_PREFIX_PATH=/root/ros2_frws/install/xarm_api:/root/ros2_frws/install/xarm_sdk:/root/ros2_frws/install/xarm_msgs:/root/ros2_frws/install/xarm_description:${AMENT_PREFIX_PATH} CMAKE_PREFIX_PATH=/root/ros2_frws/install/xarm_api:/root/ros2_frws/install/xarm_sdk:/root/ros2_frws/install/xarm_msgs:/root/ros2_frws/install/xarm_description:/opt/ros/humble LD_LIBRARY_PATH=/root/ros2_frws/install/xarm_api/lib:/root/ros2_frws/install/xarm_sdk/lib:/root/ros2_frws/install/xarm_msgs/lib:${LD_LIBRARY_PATH} PYTHONPATH=/root/ros2_frws/install/xarm_msgs/local/lib/python3.10/dist-packages:${PYTHONPATH} /usr/bin/cmake --build /root/ros2_frws/build/xarm_controller -- -j16 -l16
[8.154s] Invoking command in '/root/ros2_frws/build/xarm_controller': AMENT_PREFIX_PATH=/root/ros2_frws/install/xarm_api:/root/ros2_frws/install/xarm_sdk:/root/ros2_frws/install/xarm_msgs:/root/ros2_frws/install/xarm_description:${AMENT_PREFIX_PATH} CMAKE_PREFIX_PATH=/root/ros2_frws/install/xarm_api:/root/ros2_frws/install/xarm_sdk:/root/ros2_frws/install/xarm_msgs:/root/ros2_frws/install/xarm_description:/opt/ros/humble LD_LIBRARY_PATH=/root/ros2_frws/install/xarm_api/lib:/root/ros2_frws/install/xarm_sdk/lib:/root/ros2_frws/install/xarm_msgs/lib:${LD_LIBRARY_PATH} PYTHONPATH=/root/ros2_frws/install/xarm_msgs/local/lib/python3.10/dist-packages:${PYTHONPATH} /usr/bin/cmake --install /root/ros2_frws/build/xarm_controller
[8.162s] -- Install configuration: ""
[8.162s] -- Up-to-date: /root/ros2_frws/install/xarm_controller/share/xarm_controller/uf_hardware_interface_plugins.xml
[8.162s] -- Up-to-date: /root/ros2_frws/install/xarm_controller/include
[8.163s] -- Up-to-date: /root/ros2_frws/install/xarm_controller/include/xarm_controller
[8.163s] -- Up-to-date: /root/ros2_frws/install/xarm_controller/include/xarm_controller/hardware
[8.163s] -- Up-to-date: /root/ros2_frws/install/xarm_controller/include/xarm_controller/hardware/uf_robot_system_hardware.h
[8.164s] -- Up-to-date: /root/ros2_frws/install/xarm_controller/include/xarm_controller/hardware/uf_robot_fake_system_hardware.h
[8.165s] -- Installing: /root/ros2_frws/install/xarm_controller/lib/libuf_robot_hardware.so
[8.170s] -- Set runtime path of "/root/ros2_frws/install/xarm_controller/lib/libuf_robot_hardware.so" to ""
[8.170s] -- Up-to-date: /root/ros2_frws/install/xarm_controller/share/xarm_controller//launch
[8.171s] -- Up-to-date: /root/ros2_frws/install/xarm_controller/share/xarm_controller//launch/_ros2_control.launch.py
[8.171s] -- Up-to-date: /root/ros2_frws/install/xarm_controller/share/xarm_controller//launch/uf850_control_rviz_display.launch.py
[8.171s] -- Up-to-date: /root/ros2_frws/install/xarm_controller/share/xarm_controller//launch/_robot_ros2_control.launch.py
[8.171s] -- Up-to-date: /root/ros2_frws/install/xarm_controller/share/xarm_controller//launch/lib
[8.172s] -- Up-to-date: /root/ros2_frws/install/xarm_controller/share/xarm_controller//launch/lib/robot_controller_lib.py
[8.172s] -- Up-to-date: /root/ros2_frws/install/xarm_controller/share/xarm_controller//launch/xarm7_mirror_control_rviz_display.launch.py
[8.172s] -- Up-to-date: /root/ros2_frws/install/xarm_controller/share/xarm_controller//launch/_dual_ros2_control.launch.py
[8.173s] -- Up-to-date: /root/ros2_frws/install/xarm_controller/share/xarm_controller//launch/xarm7_control_rviz_display.launch.py
[8.173s] -- Up-to-date: /root/ros2_frws/install/xarm_controller/share/xarm_controller//launch/xarm6_control_rviz_display.launch.py
[8.173s] -- Up-to-date: /root/ros2_frws/install/xarm_controller/share/xarm_controller//launch/lite6_control_rviz_display.launch.py
[8.173s] -- Up-to-date: /root/ros2_frws/install/xarm_controller/share/xarm_controller//launch/xarm5_control_rviz_display.launch.py
[8.174s] -- Up-to-date: /root/ros2_frws/install/xarm_controller/share/xarm_controller//config
[8.174s] -- Up-to-date: /root/ros2_frws/install/xarm_controller/share/xarm_controller//config/uf850_gripper_controllers.yaml
[8.174s] -- Up-to-date: /root/ros2_frws/install/xarm_controller/share/xarm_controller//config/xarm7_controllers.yaml
[8.174s] -- Up-to-date: /root/ros2_frws/install/xarm_controller/share/xarm_controller//config/xarm6_controllers.yaml
[8.174s] -- Up-to-date: /root/ros2_frws/install/xarm_controller/share/xarm_controller//config/xarm7_mirror_gripper_controllers.yaml
[8.174s] -- Up-to-date: /root/ros2_frws/install/xarm_controller/share/xarm_controller//config/bio_gripper_controllers.yaml
[8.174s] -- Up-to-date: /root/ros2_frws/install/xarm_controller/share/xarm_controller//config/uf850_controllers.yaml
[8.174s] -- Up-to-date: /root/ros2_frws/install/xarm_controller/share/xarm_controller//config/lite6_controllers.yaml
[8.174s] -- Up-to-date: /root/ros2_frws/install/xarm_controller/share/xarm_controller//config/xarm7_mirror_controllers.yaml
[8.174s] -- Up-to-date: /root/ros2_frws/install/xarm_controller/share/xarm_controller//config/xarm5_controllers.yaml
[8.174s] -- Up-to-date: /root/ros2_frws/install/xarm_controller/share/xarm_controller//config/xarm_gripper_controllers.yaml
[8.174s] -- Up-to-date: /root/ros2_frws/install/xarm_controller/share/xarm_controller/environment/library_path.sh
[8.174s] -- Up-to-date: /root/ros2_frws/install/xarm_controller/share/xarm_controller/environment/library_path.dsv
[8.174s] -- Up-to-date: /root/ros2_frws/install/xarm_controller/share/ament_index/resource_index/package_run_dependencies/xarm_controller
[8.175s] -- Up-to-date: /root/ros2_frws/install/xarm_controller/share/ament_index/resource_index/parent_prefix_path/xarm_controller
[8.175s] -- Installing: /root/ros2_frws/install/xarm_controller/share/xarm_controller/environment/ament_prefix_path.sh
[8.175s] -- Up-to-date: /root/ros2_frws/install/xarm_controller/share/xarm_controller/environment/ament_prefix_path.dsv
[8.175s] -- Installing: /root/ros2_frws/install/xarm_controller/share/xarm_controller/environment/path.sh
[8.175s] -- Up-to-date: /root/ros2_frws/install/xarm_controller/share/xarm_controller/environment/path.dsv
[8.176s] -- Up-to-date: /root/ros2_frws/install/xarm_controller/share/xarm_controller/local_setup.bash
[8.176s] -- Up-to-date: /root/ros2_frws/install/xarm_controller/share/xarm_controller/local_setup.sh
[8.176s] -- Up-to-date: /root/ros2_frws/install/xarm_controller/share/xarm_controller/local_setup.zsh
[8.176s] -- Up-to-date: /root/ros2_frws/install/xarm_controller/share/xarm_controller/local_setup.dsv
[8.176s] -- Installing: /root/ros2_frws/install/xarm_controller/share/xarm_controller/package.dsv
[8.177s] -- Up-to-date: /root/ros2_frws/install/xarm_controller/share/ament_index/resource_index/packages/xarm_controller
[8.177s] -- Up-to-date: /root/ros2_frws/install/xarm_controller/share/ament_index/resource_index/hardware_interface__pluginlib__plugin/xarm_controller
[8.177s] -- Up-to-date: /root/ros2_frws/install/xarm_controller/share/xarm_controller/cmake/ament_cmake_export_include_directories-extras.cmake
[8.178s] -- Up-to-date: /root/ros2_frws/install/xarm_controller/share/xarm_controller/cmake/ament_cmake_export_libraries-extras.cmake
[8.178s] -- Up-to-date: /root/ros2_frws/install/xarm_controller/share/xarm_controller/cmake/ament_cmake_export_dependencies-extras.cmake
[8.178s] -- Up-to-date: /root/ros2_frws/install/xarm_controller/share/xarm_controller/cmake/xarm_controllerConfig.cmake
[8.178s] -- Up-to-date: /root/ros2_frws/install/xarm_controller/share/xarm_controller/cmake/xarm_controllerConfig-version.cmake
[8.178s] -- Up-to-date: /root/ros2_frws/install/xarm_controller/share/xarm_controller/package.xml
[8.181s] Invoked command in '/root/ros2_frws/build/xarm_controller' returned '0': AMENT_PREFIX_PATH=/root/ros2_frws/install/xarm_api:/root/ros2_frws/install/xarm_sdk:/root/ros2_frws/install/xarm_msgs:/root/ros2_frws/install/xarm_description:${AMENT_PREFIX_PATH} CMAKE_PREFIX_PATH=/root/ros2_frws/install/xarm_api:/root/ros2_frws/install/xarm_sdk:/root/ros2_frws/install/xarm_msgs:/root/ros2_frws/install/xarm_description:/opt/ros/humble LD_LIBRARY_PATH=/root/ros2_frws/install/xarm_api/lib:/root/ros2_frws/install/xarm_sdk/lib:/root/ros2_frws/install/xarm_msgs/lib:${LD_LIBRARY_PATH} PYTHONPATH=/root/ros2_frws/install/xarm_msgs/local/lib/python3.10/dist-packages:${PYTHONPATH} /usr/bin/cmake --install /root/ros2_frws/build/xarm_controller
