[0.621s] Invoking command in '/root/ros2_frws/build/my_msg_interfaces': CMAKE_PREFIX_PATH=${CMAKE_PREFIX_PATH}:/root/ros2_frws/install/moveit_configs_utils:/root/ros2_frws/install/course_works:/root/ros2_frws/install/challenge_2:/root/ros2_frws/install/basic_comms_params:/root/ros2_frws/install/basic_comms_param:/root/ros2_frws/install/basic_comms:/opt/ros/humble /usr/bin/cmake --build /root/ros2_frws/build/my_msg_interfaces -- -j16 -l16
[1.980s] -- Found ament_cmake: 1.3.8 (/opt/ros/humble/share/ament_cmake/cmake)
[1.980s] -- Found rosidl_default_generators: 1.2.0 (/opt/ros/humble/share/rosidl_default_generators/cmake)
[1.981s] -- Using all available rosidl_typesupport_c: rosidl_typesupport_fastrtps_c;rosidl_typesupport_introspection_c
[1.981s] -- Found rosidl_adapter: 3.1.5 (/opt/ros/humble/share/rosidl_adapter/cmake)
[1.984s] -- Using all available rosidl_typesupport_cpp: rosidl_typesupport_fastrtps_cpp;rosidl_typesupport_introspection_cpp
[1.985s] -- Found ament_cmake_ros: 0.10.0 (/opt/ros/humble/share/ament_cmake_ros/cmake)
[1.985s] -- Using all available rosidl_typesupport_c: rosidl_typesupport_fastrtps_c;rosidl_typesupport_introspection_c
[2.125s] -- Using all available rosidl_typesupport_cpp: rosidl_typesupport_fastrtps_cpp;rosidl_typesupport_introspection_cpp
[2.151s] -- Found python_cmake_module: 0.10.0 (/opt/ros/humble/share/python_cmake_module/cmake)
[2.191s] -- Using PYTHON_EXECUTABLE: /usr/bin/python3
[2.191s] -- Using PYTHON_INCLUDE_DIRS: /usr/include/python3.10
[2.192s] -- Using PYTHON_LIBRARIES: /usr/lib/x86_64-linux-gnu/libpython3.10.so
[2.225s] -- Configuring done
[2.274s] -- Generating done
[2.279s] -- Build files have been written to: /root/ros2_frws/build/my_msg_interfaces
[2.312s] [  3%] [34m[1mGenerating C code for ROS interfaces[0m
[2.333s] [  6%] [34m[1mGenerating C++ code for ROS interfaces[0m
[2.339s] [  6%] Built target ament_cmake_python_copy_my_msg_interfaces
[2.720s] running egg_info
[2.748s] writing my_msg_interfaces.egg-info/PKG-INFO
[2.750s] writing dependency_links to my_msg_interfaces.egg-info/dependency_links.txt
[2.750s] writing top-level names to my_msg_interfaces.egg-info/top_level.txt
[2.805s] [  6%] Built target my_msg_interfaces__cpp
[2.820s] [  9%] [34m[1mGenerating C++ type support for eProsima Fast-RTPS[0m
[2.820s] [35m[1mConsolidate compiler generated dependencies of target my_msg_interfaces__rosidl_generator_c[0m
[2.820s] [ 12%] [34m[1mGenerating C++ type support dispatch for ROS interfaces[0m
[2.821s] [ 16%] [34m[1mGenerating C++ introspection for ROS interfaces[0m
[2.834s] reading manifest file 'my_msg_interfaces.egg-info/SOURCES.txt'
[2.839s] writing manifest file 'my_msg_interfaces.egg-info/SOURCES.txt'
[2.840s] [ 19%] [32mBuilding C object CMakeFiles/my_msg_interfaces__rosidl_generator_c.dir/rosidl_generator_c/my_msg_interfaces/msg/detail/my_parameter__functions.c.o[0m
[2.883s] [ 19%] Built target ament_cmake_python_build_my_msg_interfaces_egg
[2.892s] In file included from [01m[K/root/ros2_frws/build/my_msg_interfaces/rosidl_generator_c/my_msg_interfaces/msg/detail/my_parameter__functions.h:19[m[K,
[2.893s]                  from [01m[K/root/ros2_frws/build/my_msg_interfaces/rosidl_generator_c/my_msg_interfaces/msg/detail/my_parameter__functions.c:4[m[K:
[2.894s] [01m[K/root/ros2_frws/build/my_msg_interfaces/rosidl_generator_c/my_msg_interfaces/msg/detail/my_parameter__struct.h:22:10:[m[K [01;31m[Kfatal error: [m[Kmy_msg_interfaces/msg/detail/string__struct.h: No such file or directory
[2.894s]    22 | #include [01;31m[K"my_msg_interfaces/msg/detail/string__struct.h"[m[K
[2.894s]       |          [01;31m[K^~~~~~~~~~~~~~~~~~~~~~~~~~~~~~~~~~~~~~~~~~~~~~~[m[K
[2.895s] compilation terminated.
[2.895s] gmake[2]: *** [CMakeFiles/my_msg_interfaces__rosidl_generator_c.dir/build.make:105: CMakeFiles/my_msg_interfaces__rosidl_generator_c.dir/rosidl_generator_c/my_msg_interfaces/msg/detail/my_parameter__functions.c.o] Error 1
[2.896s] gmake[1]: *** [CMakeFiles/Makefile2:213: CMakeFiles/my_msg_interfaces__rosidl_generator_c.dir/all] Error 2
[2.896s] gmake[1]: *** Waiting for unfinished jobs....
[3.212s] [35m[1mConsolidate compiler generated dependencies of target my_msg_interfaces__rosidl_typesupport_cpp[0m
[3.235s] [ 22%] [32mBuilding CXX object CMakeFiles/my_msg_interfaces__rosidl_typesupport_cpp.dir/rosidl_typesupport_cpp/my_msg_interfaces/msg/my_parameter__type_support.cpp.o[0m
[3.274s] [35m[1mConsolidate compiler generated dependencies of target my_msg_interfaces__rosidl_typesupport_introspection_cpp[0m
[3.276s] [35m[1mConsolidate compiler generated dependencies of target my_msg_interfaces__rosidl_typesupport_fastrtps_cpp[0m
[3.293s] [ 25%] [32mBuilding CXX object CMakeFiles/my_msg_interfaces__rosidl_typesupport_introspection_cpp.dir/rosidl_typesupport_introspection_cpp/my_msg_interfaces/msg/detail/my_parameter__type_support.cpp.o[0m
[3.296s] [ 29%] [32mBuilding CXX object CMakeFiles/my_msg_interfaces__rosidl_typesupport_fastrtps_cpp.dir/rosidl_typesupport_fastrtps_cpp/my_msg_interfaces/msg/detail/dds_fastrtps/my_parameter__type_support.cpp.o[0m
[3.351s] In file included from [01m[K/root/ros2_frws/build/my_msg_interfaces/rosidl_typesupport_cpp/my_msg_interfaces/msg/my_parameter__type_support.cpp:7[m[K:
[3.352s] [01m[K/root/ros2_frws/build/my_msg_interfaces/rosidl_generator_cpp/my_msg_interfaces/msg/detail/my_parameter__struct.hpp:20:10:[m[K [01;31m[Kfatal error: [m[Kmy_msg_interfaces/msg/detail/string__struct.hpp: No such file or directory
[3.352s]    20 | #include [01;31m[K"my_msg_interfaces/msg/detail/string__struct.hpp"[m[K
[3.352s]       |          [01;31m[K^~~~~~~~~~~~~~~~~~~~~~~~~~~~~~~~~~~~~~~~~~~~~~~~~[m[K
[3.352s] compilation terminated.
[3.354s] gmake[2]: *** [CMakeFiles/my_msg_interfaces__rosidl_typesupport_cpp.dir/build.make:86: CMakeFiles/my_msg_interfaces__rosidl_typesupport_cpp.dir/rosidl_typesupport_cpp/my_msg_interfaces/msg/my_parameter__type_support.cpp.o] Error 1
[3.354s] gmake[1]: *** [CMakeFiles/Makefile2:395: CMakeFiles/my_msg_interfaces__rosidl_typesupport_cpp.dir/all] Error 2
[3.377s] In file included from [01m[K/root/ros2_frws/build/my_msg_interfaces/rosidl_typesupport_fastrtps_cpp/my_msg_interfaces/msg/detail/my_parameter__rosidl_typesupport_fastrtps_cpp.hpp:11[m[K,
[3.377s]                  from [01m[K/root/ros2_frws/build/my_msg_interfaces/rosidl_typesupport_fastrtps_cpp/my_msg_interfaces/msg/detail/dds_fastrtps/my_parameter__type_support.cpp:4[m[K:
[3.377s] [01m[K/root/ros2_frws/build/my_msg_interfaces/rosidl_generator_cpp/my_msg_interfaces/msg/detail/my_parameter__struct.hpp:20:10:[m[K [01;31m[Kfatal error: [m[Kmy_msg_interfaces/msg/detail/string__struct.hpp: No such file or directory
[3.377s]    20 | #include [01;31m[K"my_msg_interfaces/msg/detail/string__struct.hpp"[m[K
[3.378s]       |          [01;31m[K^~~~~~~~~~~~~~~~~~~~~~~~~~~~~~~~~~~~~~~~~~~~~~~~~[m[K
[3.378s] compilation terminated.
[3.380s] gmake[2]: *** [CMakeFiles/my_msg_interfaces__rosidl_typesupport_fastrtps_cpp.dir/build.make:91: CMakeFiles/my_msg_interfaces__rosidl_typesupport_fastrtps_cpp.dir/rosidl_typesupport_fastrtps_cpp/my_msg_interfaces/msg/detail/dds_fastrtps/my_parameter__type_support.cpp.o] Error 1
[3.380s] gmake[1]: *** [CMakeFiles/Makefile2:343: CMakeFiles/my_msg_interfaces__rosidl_typesupport_fastrtps_cpp.dir/all] Error 2
[3.389s] In file included from [01m[K/root/ros2_frws/build/my_msg_interfaces/rosidl_typesupport_introspection_cpp/my_msg_interfaces/msg/detail/my_parameter__type_support.cpp:12[m[K:
[3.389s] [01m[K/root/ros2_frws/build/my_msg_interfaces/rosidl_generator_cpp/my_msg_interfaces/msg/detail/my_parameter__struct.hpp:20:10:[m[K [01;31m[Kfatal error: [m[Kmy_msg_interfaces/msg/detail/string__struct.hpp: No such file or directory
[3.389s]    20 | #include [01;31m[K"my_msg_interfaces/msg/detail/string__struct.hpp"[m[K
[3.389s]       |          [01;31m[K^~~~~~~~~~~~~~~~~~~~~~~~~~~~~~~~~~~~~~~~~~~~~~~~~[m[K
[3.390s] compilation terminated.
[3.391s] gmake[2]: *** [CMakeFiles/my_msg_interfaces__rosidl_typesupport_introspection_cpp.dir/build.make:91: CMakeFiles/my_msg_interfaces__rosidl_typesupport_introspection_cpp.dir/rosidl_typesupport_introspection_cpp/my_msg_interfaces/msg/detail/my_parameter__type_support.cpp.o] Error 1
[3.391s] gmake[1]: *** [CMakeFiles/Makefile2:369: CMakeFiles/my_msg_interfaces__rosidl_typesupport_introspection_cpp.dir/all] Error 2
[3.392s] gmake: *** [Makefile:146: all] Error 2
[3.396s] Invoked command in '/root/ros2_frws/build/my_msg_interfaces' returned '2': CMAKE_PREFIX_PATH=${CMAKE_PREFIX_PATH}:/root/ros2_frws/install/moveit_configs_utils:/root/ros2_frws/install/course_works:/root/ros2_frws/install/challenge_2:/root/ros2_frws/install/basic_comms_params:/root/ros2_frws/install/basic_comms_param:/root/ros2_frws/install/basic_comms:/opt/ros/humble /usr/bin/cmake --build /root/ros2_frws/build/my_msg_interfaces -- -j16 -l16
