[0.075s] Invoking command in '/root/ros2_frws/build/moveit_resources': AMENT_PREFIX_PATH=/root/ros2_frws/install/moveit_resources_panda_moveit_config:/root/ros2_frws/install/moveit_resources_fanuc_moveit_config:/root/ros2_frws/install/moveit_resources_pr2_description:/root/ros2_frws/install/moveit_resources_panda_description:/root/ros2_frws/install/moveit_resources_fanuc_description:${AMENT_PREFIX_PATH} CMAKE_PREFIX_PATH=/root/ros2_frws/install/moveit_resources_panda_moveit_config:/root/ros2_frws/install/moveit_resources_fanuc_moveit_config:/root/ros2_frws/install/moveit_resources_pr2_description:/root/ros2_frws/install/moveit_resources_panda_description:/root/ros2_frws/install/moveit_resources_fanuc_description:/opt/ros/humble /usr/bin/cmake /root/ros2_frws/src/moveit_resources/moveit_resources -DCMAKE_BUILD_TYPE=Release -DCMAKE_INSTALL_PREFIX=/root/ros2_frws/install/moveit_resources
[0.153s] -- The C compiler identification is GNU 11.4.0
[0.219s] -- The CXX compiler identification is GNU 11.4.0
[0.227s] -- Detecting C compiler ABI info
[0.316s] -- Detecting C compiler ABI info - done
[0.325s] -- Check for working C compiler: /usr/bin/cc - skipped
[0.325s] -- Detecting C compile features
[0.326s] -- Detecting C compile features - done
[0.330s] -- Detecting CXX compiler ABI info
[0.432s] -- Detecting CXX compiler ABI info - done
[0.446s] -- Check for working CXX compiler: /usr/bin/c++ - skipped
[0.446s] -- Detecting CXX compile features
[0.447s] -- Detecting CXX compile features - done
[0.456s] -- Found ament_cmake: 1.3.8 (/opt/ros/humble/share/ament_cmake/cmake)
[1.187s] -- Found Python3: /usr/bin/python3 (found version "3.10.12") found components: Interpreter 
[1.462s] -- Configuring done
[1.475s] -- Generating done
[1.478s] -- Build files have been written to: /root/ros2_frws/build/moveit_resources
[1.485s] Invoked command in '/root/ros2_frws/build/moveit_resources' returned '0': AMENT_PREFIX_PATH=/root/ros2_frws/install/moveit_resources_panda_moveit_config:/root/ros2_frws/install/moveit_resources_fanuc_moveit_config:/root/ros2_frws/install/moveit_resources_pr2_description:/root/ros2_frws/install/moveit_resources_panda_description:/root/ros2_frws/install/moveit_resources_fanuc_description:${AMENT_PREFIX_PATH} CMAKE_PREFIX_PATH=/root/ros2_frws/install/moveit_resources_panda_moveit_config:/root/ros2_frws/install/moveit_resources_fanuc_moveit_config:/root/ros2_frws/install/moveit_resources_pr2_description:/root/ros2_frws/install/moveit_resources_panda_description:/root/ros2_frws/install/moveit_resources_fanuc_description:/opt/ros/humble /usr/bin/cmake /root/ros2_frws/src/moveit_resources/moveit_resources -DCMAKE_BUILD_TYPE=Release -DCMAKE_INSTALL_PREFIX=/root/ros2_frws/install/moveit_resources
[1.488s] Invoking command in '/root/ros2_frws/build/moveit_resources': AMENT_PREFIX_PATH=/root/ros2_frws/install/moveit_resources_panda_moveit_config:/root/ros2_frws/install/moveit_resources_fanuc_moveit_config:/root/ros2_frws/install/moveit_resources_pr2_description:/root/ros2_frws/install/moveit_resources_panda_description:/root/ros2_frws/install/moveit_resources_fanuc_description:${AMENT_PREFIX_PATH} CMAKE_PREFIX_PATH=/root/ros2_frws/install/moveit_resources_panda_moveit_config:/root/ros2_frws/install/moveit_resources_fanuc_moveit_config:/root/ros2_frws/install/moveit_resources_pr2_description:/root/ros2_frws/install/moveit_resources_panda_description:/root/ros2_frws/install/moveit_resources_fanuc_description:/opt/ros/humble /usr/bin/cmake --build /root/ros2_frws/build/moveit_resources -- -j16 -l16
[1.535s] Invoked command in '/root/ros2_frws/build/moveit_resources' returned '0': AMENT_PREFIX_PATH=/root/ros2_frws/install/moveit_resources_panda_moveit_config:/root/ros2_frws/install/moveit_resources_fanuc_moveit_config:/root/ros2_frws/install/moveit_resources_pr2_description:/root/ros2_frws/install/moveit_resources_panda_description:/root/ros2_frws/install/moveit_resources_fanuc_description:${AMENT_PREFIX_PATH} CMAKE_PREFIX_PATH=/root/ros2_frws/install/moveit_resources_panda_moveit_config:/root/ros2_frws/install/moveit_resources_fanuc_moveit_config:/root/ros2_frws/install/moveit_resources_pr2_description:/root/ros2_frws/install/moveit_resources_panda_description:/root/ros2_frws/install/moveit_resources_fanuc_description:/opt/ros/humble /usr/bin/cmake --build /root/ros2_frws/build/moveit_resources -- -j16 -l16
[1.557s] Invoking command in '/root/ros2_frws/build/moveit_resources': AMENT_PREFIX_PATH=/root/ros2_frws/install/moveit_resources_panda_moveit_config:/root/ros2_frws/install/moveit_resources_fanuc_moveit_config:/root/ros2_frws/install/moveit_resources_pr2_description:/root/ros2_frws/install/moveit_resources_panda_description:/root/ros2_frws/install/moveit_resources_fanuc_description:${AMENT_PREFIX_PATH} CMAKE_PREFIX_PATH=/root/ros2_frws/install/moveit_resources_panda_moveit_config:/root/ros2_frws/install/moveit_resources_fanuc_moveit_config:/root/ros2_frws/install/moveit_resources_pr2_description:/root/ros2_frws/install/moveit_resources_panda_description:/root/ros2_frws/install/moveit_resources_fanuc_description:/opt/ros/humble /usr/bin/cmake --install /root/ros2_frws/build/moveit_resources
[1.565s] -- Install configuration: "Release"
[1.566s] -- Installing: /root/ros2_frws/install/moveit_resources/share/ament_index/resource_index/package_run_dependencies/moveit_resources
[1.567s] -- Installing: /root/ros2_frws/install/moveit_resources/share/ament_index/resource_index/parent_prefix_path/moveit_resources
[1.568s] -- Installing: /root/ros2_frws/install/moveit_resources/share/moveit_resources/environment/ament_prefix_path.sh
[1.568s] -- Installing: /root/ros2_frws/install/moveit_resources/share/moveit_resources/environment/ament_prefix_path.dsv
[1.568s] -- Installing: /root/ros2_frws/install/moveit_resources/share/moveit_resources/environment/path.sh
[1.568s] -- Installing: /root/ros2_frws/install/moveit_resources/share/moveit_resources/environment/path.dsv
[1.568s] -- Installing: /root/ros2_frws/install/moveit_resources/share/moveit_resources/local_setup.bash
[1.569s] -- Installing: /root/ros2_frws/install/moveit_resources/share/moveit_resources/local_setup.sh
[1.569s] -- Installing: /root/ros2_frws/install/moveit_resources/share/moveit_resources/local_setup.zsh
[1.569s] -- Installing: /root/ros2_frws/install/moveit_resources/share/moveit_resources/local_setup.dsv
[1.570s] -- Installing: /root/ros2_frws/install/moveit_resources/share/moveit_resources/package.dsv
[1.570s] -- Installing: /root/ros2_frws/install/moveit_resources/share/ament_index/resource_index/packages/moveit_resources
[1.571s] -- Installing: /root/ros2_frws/install/moveit_resources/share/moveit_resources/cmake/moveit_resourcesConfig.cmake
[1.572s] -- Installing: /root/ros2_frws/install/moveit_resources/share/moveit_resources/cmake/moveit_resourcesConfig-version.cmake
[1.572s] -- Installing: /root/ros2_frws/install/moveit_resources/share/moveit_resources/package.xml
[1.575s] Invoked command in '/root/ros2_frws/build/moveit_resources' returned '0': AMENT_PREFIX_PATH=/root/ros2_frws/install/moveit_resources_panda_moveit_config:/root/ros2_frws/install/moveit_resources_fanuc_moveit_config:/root/ros2_frws/install/moveit_resources_pr2_description:/root/ros2_frws/install/moveit_resources_panda_description:/root/ros2_frws/install/moveit_resources_fanuc_description:${AMENT_PREFIX_PATH} CMAKE_PREFIX_PATH=/root/ros2_frws/install/moveit_resources_panda_moveit_config:/root/ros2_frws/install/moveit_resources_fanuc_moveit_config:/root/ros2_frws/install/moveit_resources_pr2_description:/root/ros2_frws/install/moveit_resources_panda_description:/root/ros2_frws/install/moveit_resources_fanuc_description:/opt/ros/humble /usr/bin/cmake --install /root/ros2_frws/build/moveit_resources
