[2.218s] Invoking command in '/root/ros2_frws/src/course_works': PYTHONPATH=/root/ros2_frws/build/course_works/prefix_override:/root/ros2_frws/install/course_works/lib/python3.10/site-packages:${PYTHONPATH} /usr/bin/python3 setup.py egg_info --egg-base ../../build/course_works build --build-base /root/ros2_frws/build/course_works/build install --record /root/ros2_frws/build/course_works/install.log --single-version-externally-managed
[2.501s] running egg_info
[2.517s] writing ../../build/course_works/course_works.egg-info/PKG-INFO
[2.518s] writing dependency_links to ../../build/course_works/course_works.egg-info/dependency_links.txt
[2.519s] writing entry points to ../../build/course_works/course_works.egg-info/entry_points.txt
[2.519s] writing requirements to ../../build/course_works/course_works.egg-info/requires.txt
[2.519s] writing top-level names to ../../build/course_works/course_works.egg-info/top_level.txt
[2.557s] reading manifest file '../../build/course_works/course_works.egg-info/SOURCES.txt'
[2.557s] adding license file 'LICENSE'
[2.558s] writing manifest file '../../build/course_works/course_works.egg-info/SOURCES.txt'
[2.559s] running build
[2.559s] running build_py
[2.559s] running install
[2.559s] /root/.local/lib/python3.10/site-packages/setuptools/_distutils/cmd.py:66: SetuptoolsDeprecationWarning: setup.py install is deprecated.
[2.559s] !!
[2.560s] 
[2.560s]         ********************************************************************************
[2.560s]         Please avoid running ``setup.py`` directly.
[2.560s]         Instead, use pypa/build, pypa/installer or other
[2.560s]         standards-based tools.
[2.560s] 
[2.560s]         See https://blog.ganssle.io/articles/2021/10/setup-py-deprecated.html for details.
[2.560s]         ********************************************************************************
[2.560s] 
[2.560s] !!
[2.560s]   self.initialize_options()
[2.567s] running install_lib
[2.586s] running install_data
[2.605s] running install_egg_info
[2.622s] removing '/root/ros2_frws/install/course_works/lib/python3.10/site-packages/course_works-0.0.0-py3.10.egg-info' (and everything under it)
[2.624s] Copying ../../build/course_works/course_works.egg-info to /root/ros2_frws/install/course_works/lib/python3.10/site-packages/course_works-0.0.0-py3.10.egg-info
[2.628s] running install_scripts
[2.807s] Installing process_node script to /root/ros2_frws/install/course_works/lib/course_works
[2.807s] Installing signal_generator script to /root/ros2_frws/install/course_works/lib/course_works
[2.808s] writing list of installed files to '/root/ros2_frws/build/course_works/install.log'
[2.931s] Invoked command in '/root/ros2_frws/src/course_works' returned '0': PYTHONPATH=/root/ros2_frws/build/course_works/prefix_override:/root/ros2_frws/install/course_works/lib/python3.10/site-packages:${PYTHONPATH} /usr/bin/python3 setup.py egg_info --egg-base ../../build/course_works build --build-base /root/ros2_frws/build/course_works/build install --record /root/ros2_frws/build/course_works/install.log --single-version-externally-managed
