[1.031s] Invoking command in '/root/ros2_frws/src/challenge_2': AMENT_PREFIX_PATH=/root/ros2_frws/install/my_msg_interfaces:${AMENT_PREFIX_PATH} CMAKE_PREFIX_PATH=/root/ros2_frws/install/my_msg_interfaces LD_LIBRARY_PATH=/root/ros2_frws/install/my_msg_interfaces/lib:${LD_LIBRARY_PATH} PYTHONPATH=/root/ros2_frws/build/challenge_2/prefix_override:/root/ros2_frws/install/challenge_2/lib/python3.10/site-packages:/root/ros2_frws/install/my_msg_interfaces/local/lib/python3.10/dist-packages:${PYTHONPATH} /usr/bin/python3 setup.py egg_info --egg-base ../../build/challenge_2 build --build-base /root/ros2_frws/build/challenge_2/build install --record /root/ros2_frws/build/challenge_2/install.log --single-version-externally-managed
[1.223s] running egg_info
[1.235s] writing ../../build/challenge_2/challenge_2.egg-info/PKG-INFO
[1.235s] writing dependency_links to ../../build/challenge_2/challenge_2.egg-info/dependency_links.txt
[1.235s] writing entry points to ../../build/challenge_2/challenge_2.egg-info/entry_points.txt
[1.236s] writing requirements to ../../build/challenge_2/challenge_2.egg-info/requires.txt
[1.236s] writing top-level names to ../../build/challenge_2/challenge_2.egg-info/top_level.txt
[1.270s] reading manifest file '../../build/challenge_2/challenge_2.egg-info/SOURCES.txt'
[1.271s] adding license file 'LICENSE'
[1.271s] writing manifest file '../../build/challenge_2/challenge_2.egg-info/SOURCES.txt'
[1.272s] running build
[1.272s] running build_py
[1.272s] running install
[1.272s] /root/.local/lib/python3.10/site-packages/setuptools/_distutils/cmd.py:66: SetuptoolsDeprecationWarning: setup.py install is deprecated.
[1.273s] !!
[1.273s] 
[1.273s]         ********************************************************************************
[1.273s]         Please avoid running ``setup.py`` directly.
[1.273s]         Instead, use pypa/build, pypa/installer or other
[1.273s]         standards-based tools.
[1.273s] 
[1.273s]         See https://blog.ganssle.io/articles/2021/10/setup-py-deprecated.html for details.
[1.273s]         ********************************************************************************
[1.273s] 
[1.273s] !!
[1.273s]   self.initialize_options()
[1.278s] running install_lib
[1.291s] running install_data
[1.304s] running install_egg_info
[1.321s] removing '/root/ros2_frws/install/challenge_2/lib/python3.10/site-packages/challenge_2-0.0.0-py3.10.egg-info' (and everything under it)
[1.321s] Copying ../../build/challenge_2/challenge_2.egg-info to /root/ros2_frws/install/challenge_2/lib/python3.10/site-packages/challenge_2-0.0.0-py3.10.egg-info
[1.323s] running install_scripts
[1.450s] Installing signal_generator script to /root/ros2_frws/install/challenge_2/lib/challenge_2
[1.451s] writing list of installed files to '/root/ros2_frws/build/challenge_2/install.log'
[1.493s] Invoked command in '/root/ros2_frws/src/challenge_2' returned '0': AMENT_PREFIX_PATH=/root/ros2_frws/install/my_msg_interfaces:${AMENT_PREFIX_PATH} CMAKE_PREFIX_PATH=/root/ros2_frws/install/my_msg_interfaces LD_LIBRARY_PATH=/root/ros2_frws/install/my_msg_interfaces/lib:${LD_LIBRARY_PATH} PYTHONPATH=/root/ros2_frws/build/challenge_2/prefix_override:/root/ros2_frws/install/challenge_2/lib/python3.10/site-packages:/root/ros2_frws/install/my_msg_interfaces/local/lib/python3.10/dist-packages:${PYTHONPATH} /usr/bin/python3 setup.py egg_info --egg-base ../../build/challenge_2 build --build-base /root/ros2_frws/build/challenge_2/build install --record /root/ros2_frws/build/challenge_2/install.log --single-version-externally-managed
