[1.557s] Invoking command in '/root/ros2_frws/src/basic_comms_param': PYTHONPATH=/root/ros2_frws/build/basic_comms_param/prefix_override:/root/ros2_frws/install/basic_comms_param/lib/python3.10/site-packages:${PYTHONPATH} /usr/bin/python3 setup.py egg_info --egg-base ../../build/basic_comms_param build --build-base /root/ros2_frws/build/basic_comms_param/build install --record /root/ros2_frws/build/basic_comms_param/install.log --single-version-externally-managed
[1.746s] running egg_info
[1.759s] writing ../../build/basic_comms_param/basic_comms_param.egg-info/PKG-INFO
[1.760s] writing dependency_links to ../../build/basic_comms_param/basic_comms_param.egg-info/dependency_links.txt
[1.760s] writing entry points to ../../build/basic_comms_param/basic_comms_param.egg-info/entry_points.txt
[1.760s] writing requirements to ../../build/basic_comms_param/basic_comms_param.egg-info/requires.txt
[1.761s] writing top-level names to ../../build/basic_comms_param/basic_comms_param.egg-info/top_level.txt
[1.789s] reading manifest file '../../build/basic_comms_param/basic_comms_param.egg-info/SOURCES.txt'
[1.790s] adding license file 'LICENSE'
[1.791s] writing manifest file '../../build/basic_comms_param/basic_comms_param.egg-info/SOURCES.txt'
[1.791s] running build
[1.791s] running build_py
[1.791s] running install
[1.792s] /root/.local/lib/python3.10/site-packages/setuptools/_distutils/cmd.py:66: SetuptoolsDeprecationWarning: setup.py install is deprecated.
[1.792s] !!
[1.792s] 
[1.792s]         ********************************************************************************
[1.792s]         Please avoid running ``setup.py`` directly.
[1.792s]         Instead, use pypa/build, pypa/installer or other
[1.792s]         standards-based tools.
[1.792s] 
[1.792s]         See https://blog.ganssle.io/articles/2021/10/setup-py-deprecated.html for details.
[1.792s]         ********************************************************************************
[1.792s] 
[1.792s] !!
[1.792s]   self.initialize_options()
[1.799s] running install_lib
[1.811s] running install_data
[1.822s] running install_egg_info
[1.834s] removing '/root/ros2_frws/install/basic_comms_param/lib/python3.10/site-packages/basic_comms_param-0.0.0-py3.10.egg-info' (and everything under it)
[1.834s] Copying ../../build/basic_comms_param/basic_comms_param.egg-info to /root/ros2_frws/install/basic_comms_param/lib/python3.10/site-packages/basic_comms_param-0.0.0-py3.10.egg-info
[1.836s] running install_scripts
[1.989s] Installing talker_params script to /root/ros2_frws/install/basic_comms_param/lib/basic_comms_param
[1.990s] writing list of installed files to '/root/ros2_frws/build/basic_comms_param/install.log'
[2.078s] Invoked command in '/root/ros2_frws/src/basic_comms_param' returned '0': PYTHONPATH=/root/ros2_frws/build/basic_comms_param/prefix_override:/root/ros2_frws/install/basic_comms_param/lib/python3.10/site-packages:${PYTHONPATH} /usr/bin/python3 setup.py egg_info --egg-base ../../build/basic_comms_param build --build-base /root/ros2_frws/build/basic_comms_param/build install --record /root/ros2_frws/build/basic_comms_param/install.log --single-version-externally-managed
