[1.387s] Invoking command in '/root/ros2_frws/src/basic_comms': PYTHONPATH=/root/ros2_frws/build/basic_comms/prefix_override:/root/ros2_frws/install/basic_comms/lib/python3.10/site-packages:${PYTHONPATH} /usr/bin/python3 setup.py egg_info --egg-base ../../build/basic_comms build --build-base /root/ros2_frws/build/basic_comms/build install --record /root/ros2_frws/build/basic_comms/install.log --single-version-externally-managed
[1.605s] running egg_info
[1.618s] writing ../../build/basic_comms/basic_comms.egg-info/PKG-INFO
[1.634s] writing dependency_links to ../../build/basic_comms/basic_comms.egg-info/dependency_links.txt
[1.634s] writing entry points to ../../build/basic_comms/basic_comms.egg-info/entry_points.txt
[1.635s] writing requirements to ../../build/basic_comms/basic_comms.egg-info/requires.txt
[1.635s] writing top-level names to ../../build/basic_comms/basic_comms.egg-info/top_level.txt
[1.661s] reading manifest file '../../build/basic_comms/basic_comms.egg-info/SOURCES.txt'
[1.664s] writing manifest file '../../build/basic_comms/basic_comms.egg-info/SOURCES.txt'
[1.664s] running build
[1.664s] running build_py
[1.664s] running install
[1.666s] /root/.local/lib/python3.10/site-packages/setuptools/_distutils/cmd.py:66: SetuptoolsDeprecationWarning: setup.py install is deprecated.
[1.666s] !!
[1.666s] 
[1.666s]         ********************************************************************************
[1.666s]         Please avoid running ``setup.py`` directly.
[1.667s]         Instead, use pypa/build, pypa/installer or other
[1.667s]         standards-based tools.
[1.667s] 
[1.667s]         See https://blog.ganssle.io/articles/2021/10/setup-py-deprecated.html for details.
[1.667s]         ********************************************************************************
[1.667s] 
[1.667s] !!
[1.667s]   self.initialize_options()
[1.672s] running install_lib
[1.686s] running install_data
[1.700s] copying package.xml -> /root/ros2_frws/install/basic_comms/share/basic_comms
[1.700s] creating /root/ros2_frws/install/basic_comms/share/basic_comms/launch
[1.701s] copying launch/chit_chat_launch.py -> /root/ros2_frws/install/basic_comms/share/basic_comms/launch
[1.701s] running install_egg_info
[1.716s] removing '/root/ros2_frws/install/basic_comms/lib/python3.10/site-packages/basic_comms-0.0.0-py3.10.egg-info' (and everything under it)
[1.719s] Copying ../../build/basic_comms/basic_comms.egg-info to /root/ros2_frws/install/basic_comms/lib/python3.10/site-packages/basic_comms-0.0.0-py3.10.egg-info
[1.722s] running install_scripts
[1.851s] Installing subscriber script to /root/ros2_frws/install/basic_comms/lib/basic_comms
[1.851s] Installing talker script to /root/ros2_frws/install/basic_comms/lib/basic_comms
[1.852s] writing list of installed files to '/root/ros2_frws/build/basic_comms/install.log'
[1.882s] Invoked command in '/root/ros2_frws/src/basic_comms' returned '0': PYTHONPATH=/root/ros2_frws/build/basic_comms/prefix_override:/root/ros2_frws/install/basic_comms/lib/python3.10/site-packages:${PYTHONPATH} /usr/bin/python3 setup.py egg_info --egg-base ../../build/basic_comms build --build-base /root/ros2_frws/build/basic_comms/build install --record /root/ros2_frws/build/basic_comms/install.log --single-version-externally-managed
