[2.228s] Invoking command in '/root/ros2_frws/src/basic_comms': PYTHONPATH=/root/ros2_frws/build/basic_comms/prefix_override:/root/ros2_frws/install/basic_comms/lib/python3.10/site-packages:${PYTHONPATH} /usr/bin/python3 setup.py egg_info --egg-base ../../build/basic_comms build --build-base /root/ros2_frws/build/basic_comms/build install --record /root/ros2_frws/build/basic_comms/install.log --single-version-externally-managed
[2.844s] running egg_info
[2.844s] creating ../../build/basic_comms/basic_comms.egg-info
[2.869s] writing ../../build/basic_comms/basic_comms.egg-info/PKG-INFO
[2.869s] writing dependency_links to ../../build/basic_comms/basic_comms.egg-info/dependency_links.txt
[2.870s] writing entry points to ../../build/basic_comms/basic_comms.egg-info/entry_points.txt
[2.870s] writing requirements to ../../build/basic_comms/basic_comms.egg-info/requires.txt
[2.870s] writing top-level names to ../../build/basic_comms/basic_comms.egg-info/top_level.txt
[2.870s] writing manifest file '../../build/basic_comms/basic_comms.egg-info/SOURCES.txt'
[2.964s] reading manifest file '../../build/basic_comms/basic_comms.egg-info/SOURCES.txt'
[2.965s] writing manifest file '../../build/basic_comms/basic_comms.egg-info/SOURCES.txt'
[2.965s] running build
[2.966s] running build_py
[2.966s] creating /root/ros2_frws/build/basic_comms/build
[2.966s] creating /root/ros2_frws/build/basic_comms/build/lib
[2.967s] creating /root/ros2_frws/build/basic_comms/build/lib/basic_comms
[2.967s] copying basic_comms/talker.py -> /root/ros2_frws/build/basic_comms/build/lib/basic_comms
[2.967s] copying basic_comms/subscriber.py -> /root/ros2_frws/build/basic_comms/build/lib/basic_comms
[2.967s] copying basic_comms/__init__.py -> /root/ros2_frws/build/basic_comms/build/lib/basic_comms
[2.967s] running install
[2.968s] /root/.local/lib/python3.10/site-packages/setuptools/_distutils/cmd.py:66: SetuptoolsDeprecationWarning: setup.py install is deprecated.
[2.968s] !!
[2.968s] 
[2.968s]         ********************************************************************************
[2.968s]         Please avoid running ``setup.py`` directly.
[2.969s]         Instead, use pypa/build, pypa/installer or other
[2.969s]         standards-based tools.
[2.969s] 
[2.969s]         See https://blog.ganssle.io/articles/2021/10/setup-py-deprecated.html for details.
[2.969s]         ********************************************************************************
[2.969s] 
[2.970s] !!
[2.970s]   self.initialize_options()
[2.978s] running install_lib
[3.014s] creating /root/ros2_frws/install/basic_comms/lib/python3.10/site-packages/basic_comms
[3.014s] copying /root/ros2_frws/build/basic_comms/build/lib/basic_comms/talker.py -> /root/ros2_frws/install/basic_comms/lib/python3.10/site-packages/basic_comms
[3.015s] copying /root/ros2_frws/build/basic_comms/build/lib/basic_comms/subscriber.py -> /root/ros2_frws/install/basic_comms/lib/python3.10/site-packages/basic_comms
[3.015s] copying /root/ros2_frws/build/basic_comms/build/lib/basic_comms/__init__.py -> /root/ros2_frws/install/basic_comms/lib/python3.10/site-packages/basic_comms
[3.016s] byte-compiling /root/ros2_frws/install/basic_comms/lib/python3.10/site-packages/basic_comms/talker.py to talker.cpython-310.pyc
[3.018s] byte-compiling /root/ros2_frws/install/basic_comms/lib/python3.10/site-packages/basic_comms/subscriber.py to subscriber.cpython-310.pyc
[3.019s] byte-compiling /root/ros2_frws/install/basic_comms/lib/python3.10/site-packages/basic_comms/__init__.py to __init__.cpython-310.pyc
[3.019s] running install_data
[3.041s] creating /root/ros2_frws/install/basic_comms/share/ament_index
[3.042s] creating /root/ros2_frws/install/basic_comms/share/ament_index/resource_index
[3.042s] creating /root/ros2_frws/install/basic_comms/share/ament_index/resource_index/packages
[3.043s] copying resource/basic_comms -> /root/ros2_frws/install/basic_comms/share/ament_index/resource_index/packages
[3.044s] copying package.xml -> /root/ros2_frws/install/basic_comms/share/basic_comms
[3.044s] creating /root/ros2_frws/install/basic_comms/share/basic_comms/launch
[3.045s] copying launch/chit_chat_group_launch.py -> /root/ros2_frws/install/basic_comms/share/basic_comms/launch
[3.045s] copying launch/chit_chat_launch.py -> /root/ros2_frws/install/basic_comms/share/basic_comms/launch
[3.046s] running install_egg_info
[3.069s] Copying ../../build/basic_comms/basic_comms.egg-info to /root/ros2_frws/install/basic_comms/lib/python3.10/site-packages/basic_comms-0.0.0-py3.10.egg-info
[3.071s] running install_scripts
[3.295s] Installing subscriber script to /root/ros2_frws/install/basic_comms/lib/basic_comms
[3.295s] Installing talker script to /root/ros2_frws/install/basic_comms/lib/basic_comms
[3.296s] writing list of installed files to '/root/ros2_frws/build/basic_comms/install.log'
[3.444s] Invoked command in '/root/ros2_frws/src/basic_comms' returned '0': PYTHONPATH=/root/ros2_frws/build/basic_comms/prefix_override:/root/ros2_frws/install/basic_comms/lib/python3.10/site-packages:${PYTHONPATH} /usr/bin/python3 setup.py egg_info --egg-base ../../build/basic_comms build --build-base /root/ros2_frws/build/basic_comms/build install --record /root/ros2_frws/build/basic_comms/install.log --single-version-externally-managed
