[1.293s] Invoking command in '/root/ros2_frws/src/basic_comms': PYTHONPATH=/root/ros2_frws/build/basic_comms/prefix_override:/root/ros2_frws/install/basic_comms/lib/python3.10/site-packages:${PYTHONPATH} /usr/bin/python3 setup.py egg_info --egg-base ../../build/basic_comms build --build-base /root/ros2_frws/build/basic_comms/build install --record /root/ros2_frws/build/basic_comms/install.log --single-version-externally-managed
[1.505s] running egg_info
[1.520s] writing ../../build/basic_comms/basic_comms.egg-info/PKG-INFO
[1.521s] writing dependency_links to ../../build/basic_comms/basic_comms.egg-info/dependency_links.txt
[1.522s] writing entry points to ../../build/basic_comms/basic_comms.egg-info/entry_points.txt
[1.522s] writing requirements to ../../build/basic_comms/basic_comms.egg-info/requires.txt
[1.523s] writing top-level names to ../../build/basic_comms/basic_comms.egg-info/top_level.txt
[1.557s] reading manifest file '../../build/basic_comms/basic_comms.egg-info/SOURCES.txt'
[1.558s] writing manifest file '../../build/basic_comms/basic_comms.egg-info/SOURCES.txt'
[1.558s] running build
[1.558s] running build_py
[1.558s] running install
[1.559s] /root/.local/lib/python3.10/site-packages/setuptools/_distutils/cmd.py:66: SetuptoolsDeprecationWarning: setup.py install is deprecated.
[1.559s] !!
[1.559s] 
[1.560s]         ********************************************************************************
[1.560s]         Please avoid running ``setup.py`` directly.
[1.560s]         Instead, use pypa/build, pypa/installer or other
[1.560s]         standards-based tools.
[1.560s] 
[1.560s]         See https://blog.ganssle.io/articles/2021/10/setup-py-deprecated.html for details.
[1.560s]         ********************************************************************************
[1.560s] 
[1.560s] !!
[1.560s]   self.initialize_options()
[1.566s] running install_lib
[1.581s] running install_data
[1.594s] copying launch/chit_chat_launch.py -> /root/ros2_frws/install/basic_comms/share/basic_comms/launch
[1.594s] running install_egg_info
[1.613s] removing '/root/ros2_frws/install/basic_comms/lib/python3.10/site-packages/basic_comms-0.0.0-py3.10.egg-info' (and everything under it)
[1.613s] Copying ../../build/basic_comms/basic_comms.egg-info to /root/ros2_frws/install/basic_comms/lib/python3.10/site-packages/basic_comms-0.0.0-py3.10.egg-info
[1.619s] running install_scripts
[1.760s] Installing subscriber script to /root/ros2_frws/install/basic_comms/lib/basic_comms
[1.760s] Installing talker script to /root/ros2_frws/install/basic_comms/lib/basic_comms
[1.761s] writing list of installed files to '/root/ros2_frws/build/basic_comms/install.log'
[1.797s] Invoked command in '/root/ros2_frws/src/basic_comms' returned '0': PYTHONPATH=/root/ros2_frws/build/basic_comms/prefix_override:/root/ros2_frws/install/basic_comms/lib/python3.10/site-packages:${PYTHONPATH} /usr/bin/python3 setup.py egg_info --egg-base ../../build/basic_comms build --build-base /root/ros2_frws/build/basic_comms/build install --record /root/ros2_frws/build/basic_comms/install.log --single-version-externally-managed
