[1.124s] Invoking command in '/root/ros2_frws/src/course_works': PYTHONPATH=/root/ros2_frws/build/course_works/prefix_override:/root/ros2_frws/install/course_works/lib/python3.10/site-packages:${PYTHONPATH} /usr/bin/python3 setup.py egg_info --egg-base ../../build/course_works build --build-base /root/ros2_frws/build/course_works/build install --record /root/ros2_frws/build/course_works/install.log --single-version-externally-managed
[1.343s] running egg_info
[1.357s] writing ../../build/course_works/course_works.egg-info/PKG-INFO
[1.358s] writing dependency_links to ../../build/course_works/course_works.egg-info/dependency_links.txt
[1.358s] writing entry points to ../../build/course_works/course_works.egg-info/entry_points.txt
[1.358s] writing requirements to ../../build/course_works/course_works.egg-info/requires.txt
[1.358s] writing top-level names to ../../build/course_works/course_works.egg-info/top_level.txt
[1.387s] reading manifest file '../../build/course_works/course_works.egg-info/SOURCES.txt'
[1.387s] adding license file 'LICENSE'
[1.388s] writing manifest file '../../build/course_works/course_works.egg-info/SOURCES.txt'
[1.388s] running build
[1.388s] running build_py
[1.388s] copying course_works/process.py -> /root/ros2_frws/build/course_works/build/lib/course_works
[1.388s] running install
[1.389s] /root/.local/lib/python3.10/site-packages/setuptools/_distutils/cmd.py:66: SetuptoolsDeprecationWarning: setup.py install is deprecated.
[1.389s] !!
[1.389s] 
[1.389s]         ********************************************************************************
[1.389s]         Please avoid running ``setup.py`` directly.
[1.389s]         Instead, use pypa/build, pypa/installer or other
[1.389s]         standards-based tools.
[1.389s] 
[1.389s]         See https://blog.ganssle.io/articles/2021/10/setup-py-deprecated.html for details.
[1.389s]         ********************************************************************************
[1.389s] 
[1.389s] !!
[1.389s]   self.initialize_options()
[1.395s] running install_lib
[1.408s] copying /root/ros2_frws/build/course_works/build/lib/course_works/process.py -> /root/ros2_frws/install/course_works/lib/python3.10/site-packages/course_works
[1.409s] byte-compiling /root/ros2_frws/install/course_works/lib/python3.10/site-packages/course_works/process.py to process.cpython-310.pyc
[1.409s] running install_data
[1.422s] running install_egg_info
[1.435s] removing '/root/ros2_frws/install/course_works/lib/python3.10/site-packages/course_works-0.0.0-py3.10.egg-info' (and everything under it)
[1.436s] Copying ../../build/course_works/course_works.egg-info to /root/ros2_frws/install/course_works/lib/python3.10/site-packages/course_works-0.0.0-py3.10.egg-info
[1.437s] running install_scripts
[1.579s] Installing process script to /root/ros2_frws/install/course_works/lib/course_works
[1.579s] Installing signal_generator script to /root/ros2_frws/install/course_works/lib/course_works
[1.579s] writing list of installed files to '/root/ros2_frws/build/course_works/install.log'
[1.622s] Invoked command in '/root/ros2_frws/src/course_works' returned '0': PYTHONPATH=/root/ros2_frws/build/course_works/prefix_override:/root/ros2_frws/install/course_works/lib/python3.10/site-packages:${PYTHONPATH} /usr/bin/python3 setup.py egg_info --egg-base ../../build/course_works build --build-base /root/ros2_frws/build/course_works/build install --record /root/ros2_frws/build/course_works/install.log --single-version-externally-managed
