[0.076s] Invoking command in '/root/ros2_frws/build/tutorial_interfaces': CMAKE_PREFIX_PATH=/opt/ros/humble /usr/bin/cmake --build /root/ros2_frws/build/tutorial_interfaces -- -j16 -l16
[0.096s] -- Found ament_cmake: 1.3.8 (/opt/ros/humble/share/ament_cmake/cmake)
[0.258s] [31mCMake Error at CMakeLists.txt:10 (find_package):
[0.258s]   By not providing "Findsignal_parameters.cmake" in CMAKE_MODULE_PATH this
[0.258s]   project has asked CMake to find a package configuration file provided by
[0.258s]   "signal_parameters", but CMake did not find one.
[0.258s] 
[0.258s]   Could not find a package configuration file provided by "signal_parameters"
[0.258s]   with any of the following names:
[0.258s] 
[0.258s]     signal_parametersConfig.cmake
[0.258s]     signal_parameters-config.cmake
[0.259s] 
[0.259s]   Add the installation prefix of "signal_parameters" to CMAKE_PREFIX_PATH or
[0.259s]   set "signal_parameters_DIR" to a directory containing one of the above
[0.259s]   files.  If "signal_parameters" provides a separate development package or
[0.259s]   SDK, be sure it has been installed.
[0.259s] 
[0.259s] [0m
[0.259s] -- Configuring incomplete, errors occurred!
[0.259s] See also "/root/ros2_frws/build/tutorial_interfaces/CMakeFiles/CMakeOutput.log".
[0.262s] gmake: *** [Makefile:226: cmake_check_build_system] Error 1
[0.265s] Invoked command in '/root/ros2_frws/build/tutorial_interfaces' returned '2': CMAKE_PREFIX_PATH=/opt/ros/humble /usr/bin/cmake --build /root/ros2_frws/build/tutorial_interfaces -- -j16 -l16
