[2.613s] Invoking command in '/root/ros2_frws/src/course_works': PYTHONPATH=/root/ros2_frws/build/course_works/prefix_override:/root/ros2_frws/install/course_works/lib/python3.10/site-packages:${PYTHONPATH} /usr/bin/python3 setup.py egg_info --egg-base ../../build/course_works build --build-base /root/ros2_frws/build/course_works/build install --record /root/ros2_frws/build/course_works/install.log --single-version-externally-managed
[2.930s] running egg_info
[2.950s] writing ../../build/course_works/course_works.egg-info/PKG-INFO
[2.951s] writing dependency_links to ../../build/course_works/course_works.egg-info/dependency_links.txt
[2.951s] writing entry points to ../../build/course_works/course_works.egg-info/entry_points.txt
[2.951s] writing requirements to ../../build/course_works/course_works.egg-info/requires.txt
[2.951s] writing top-level names to ../../build/course_works/course_works.egg-info/top_level.txt
[3.007s] reading manifest file '../../build/course_works/course_works.egg-info/SOURCES.txt'
[3.009s] adding license file 'LICENSE'
[3.010s] writing manifest file '../../build/course_works/course_works.egg-info/SOURCES.txt'
[3.010s] running build
[3.010s] running build_py
[3.010s] running install
[3.010s] /root/.local/lib/python3.10/site-packages/setuptools/_distutils/cmd.py:66: SetuptoolsDeprecationWarning: setup.py install is deprecated.
[3.010s] !!
[3.011s] 
[3.011s]         ********************************************************************************
[3.011s]         Please avoid running ``setup.py`` directly.
[3.011s]         Instead, use pypa/build, pypa/installer or other
[3.011s]         standards-based tools.
[3.011s] 
[3.011s]         See https://blog.ganssle.io/articles/2021/10/setup-py-deprecated.html for details.
[3.011s]         ********************************************************************************
[3.011s] 
[3.011s] !!
[3.011s]   self.initialize_options()
[3.019s] running install_lib
[3.041s] running install_data
[3.063s] running install_egg_info
[3.080s] removing '/root/ros2_frws/install/course_works/lib/python3.10/site-packages/course_works-0.0.0-py3.10.egg-info' (and everything under it)
[3.081s] Copying ../../build/course_works/course_works.egg-info to /root/ros2_frws/install/course_works/lib/python3.10/site-packages/course_works-0.0.0-py3.10.egg-info
[3.084s] running install_scripts
[3.345s] Installing process_node script to /root/ros2_frws/install/course_works/lib/course_works
[3.345s] Installing signal_generator script to /root/ros2_frws/install/course_works/lib/course_works
[3.345s] writing list of installed files to '/root/ros2_frws/build/course_works/install.log'
[3.560s] Invoked command in '/root/ros2_frws/src/course_works' returned '0': PYTHONPATH=/root/ros2_frws/build/course_works/prefix_override:/root/ros2_frws/install/course_works/lib/python3.10/site-packages:${PYTHONPATH} /usr/bin/python3 setup.py egg_info --egg-base ../../build/course_works build --build-base /root/ros2_frws/build/course_works/build install --record /root/ros2_frws/build/course_works/install.log --single-version-externally-managed
