[0.086s] Invoking command in '/root/ros2_frws/build/tutorial_interfaces': CMAKE_PREFIX_PATH=/opt/ros/humble /usr/bin/cmake /root/ros2_frws/src/tutorial_interfaces -DCMAKE_INSTALL_PREFIX=/root/ros2_frws/install/tutorial_interfaces
[0.730s] -- The C compiler identification is GNU 11.4.0
[0.940s] -- The CXX compiler identification is GNU 11.4.0
[0.959s] -- Detecting C compiler ABI info
[1.150s] -- Detecting C compiler ABI info - done
[1.160s] -- Check for working C compiler: /usr/bin/cc - skipped
[1.161s] -- Detecting C compile features
[1.164s] -- Detecting C compile features - done
[1.170s] -- Detecting CXX compiler ABI info
[1.269s] -- Detecting CXX compiler ABI info - done
[1.277s] -- Check for working CXX compiler: /usr/bin/c++ - skipped
[1.277s] -- Detecting CXX compile features
[1.278s] -- Detecting CXX compile features - done
[1.453s] -- Found ament_cmake: 1.3.8 (/opt/ros/humble/share/ament_cmake/cmake)
[1.819s] -- Found Python3: /usr/bin/python3 (found version "3.10.12") found components: Interpreter 
[1.975s] -- Found ament_lint_auto: 0.12.10 (/opt/ros/humble/share/ament_lint_auto/cmake)
[2.085s] -- Added test 'lint_cmake' to check CMake code style
[2.087s] -- Added test 'xmllint' to check XML markup files
[2.091s] -- Configuring done
[2.102s] -- Generating done
[2.104s] -- Build files have been written to: /root/ros2_frws/build/tutorial_interfaces
[2.112s] Invoked command in '/root/ros2_frws/build/tutorial_interfaces' returned '0': CMAKE_PREFIX_PATH=/opt/ros/humble /usr/bin/cmake /root/ros2_frws/src/tutorial_interfaces -DCMAKE_INSTALL_PREFIX=/root/ros2_frws/install/tutorial_interfaces
[2.117s] Invoking command in '/root/ros2_frws/build/tutorial_interfaces': CMAKE_PREFIX_PATH=/opt/ros/humble /usr/bin/cmake --build /root/ros2_frws/build/tutorial_interfaces -- -j16 -l16
[2.149s] Invoked command in '/root/ros2_frws/build/tutorial_interfaces' returned '0': CMAKE_PREFIX_PATH=/opt/ros/humble /usr/bin/cmake --build /root/ros2_frws/build/tutorial_interfaces -- -j16 -l16
[2.181s] Invoking command in '/root/ros2_frws/build/tutorial_interfaces': CMAKE_PREFIX_PATH=/opt/ros/humble /usr/bin/cmake --install /root/ros2_frws/build/tutorial_interfaces
[2.189s] -- Install configuration: ""
[2.194s] -- Installing: /root/ros2_frws/install/tutorial_interfaces/share/ament_index/resource_index/package_run_dependencies/tutorial_interfaces
[2.195s] -- Installing: /root/ros2_frws/install/tutorial_interfaces/share/ament_index/resource_index/parent_prefix_path/tutorial_interfaces
[2.196s] -- Installing: /root/ros2_frws/install/tutorial_interfaces/share/tutorial_interfaces/environment/ament_prefix_path.sh
[2.196s] -- Installing: /root/ros2_frws/install/tutorial_interfaces/share/tutorial_interfaces/environment/ament_prefix_path.dsv
[2.197s] -- Installing: /root/ros2_frws/install/tutorial_interfaces/share/tutorial_interfaces/environment/path.sh
[2.198s] -- Installing: /root/ros2_frws/install/tutorial_interfaces/share/tutorial_interfaces/environment/path.dsv
[2.198s] -- Installing: /root/ros2_frws/install/tutorial_interfaces/share/tutorial_interfaces/local_setup.bash
[2.199s] -- Installing: /root/ros2_frws/install/tutorial_interfaces/share/tutorial_interfaces/local_setup.sh
[2.200s] -- Installing: /root/ros2_frws/install/tutorial_interfaces/share/tutorial_interfaces/local_setup.zsh
[2.200s] -- Installing: /root/ros2_frws/install/tutorial_interfaces/share/tutorial_interfaces/local_setup.dsv
[2.200s] -- Installing: /root/ros2_frws/install/tutorial_interfaces/share/tutorial_interfaces/package.dsv
[2.200s] -- Installing: /root/ros2_frws/install/tutorial_interfaces/share/ament_index/resource_index/packages/tutorial_interfaces
[2.201s] -- Installing: /root/ros2_frws/install/tutorial_interfaces/share/tutorial_interfaces/cmake/tutorial_interfacesConfig.cmake
[2.202s] -- Installing: /root/ros2_frws/install/tutorial_interfaces/share/tutorial_interfaces/cmake/tutorial_interfacesConfig-version.cmake
[2.202s] -- Installing: /root/ros2_frws/install/tutorial_interfaces/share/tutorial_interfaces/package.xml
[2.205s] Invoked command in '/root/ros2_frws/build/tutorial_interfaces' returned '0': CMAKE_PREFIX_PATH=/opt/ros/humble /usr/bin/cmake --install /root/ros2_frws/build/tutorial_interfaces
