[1.935s] Invoking command in '/root/ros2_frws/src/challenge_2': PYTHONPATH=/root/ros2_frws/build/challenge_2/prefix_override:/root/ros2_frws/install/challenge_2/lib/python3.10/site-packages:${PYTHONPATH} /usr/bin/python3 setup.py egg_info --egg-base ../../build/challenge_2 build --build-base /root/ros2_frws/build/challenge_2/build install --record /root/ros2_frws/build/challenge_2/install.log --single-version-externally-managed
[2.161s] running egg_info
[2.177s] writing ../../build/challenge_2/challenge_2.egg-info/PKG-INFO
[2.178s] writing dependency_links to ../../build/challenge_2/challenge_2.egg-info/dependency_links.txt
[2.179s] writing entry points to ../../build/challenge_2/challenge_2.egg-info/entry_points.txt
[2.179s] writing requirements to ../../build/challenge_2/challenge_2.egg-info/requires.txt
[2.179s] writing top-level names to ../../build/challenge_2/challenge_2.egg-info/top_level.txt
[2.217s] reading manifest file '../../build/challenge_2/challenge_2.egg-info/SOURCES.txt'
[2.218s] adding license file 'LICENSE'
[2.219s] writing manifest file '../../build/challenge_2/challenge_2.egg-info/SOURCES.txt'
[2.219s] running build
[2.219s] running build_py
[2.220s] running install
[2.220s] /root/.local/lib/python3.10/site-packages/setuptools/_distutils/cmd.py:66: SetuptoolsDeprecationWarning: setup.py install is deprecated.
[2.220s] !!
[2.220s] 
[2.220s]         ********************************************************************************
[2.220s]         Please avoid running ``setup.py`` directly.
[2.220s]         Instead, use pypa/build, pypa/installer or other
[2.220s]         standards-based tools.
[2.220s] 
[2.220s]         See https://blog.ganssle.io/articles/2021/10/setup-py-deprecated.html for details.
[2.220s]         ********************************************************************************
[2.221s] 
[2.221s] !!
[2.221s]   self.initialize_options()
[2.226s] running install_lib
[2.240s] running install_data
[2.253s] running install_egg_info
[2.273s] removing '/root/ros2_frws/install/challenge_2/lib/python3.10/site-packages/challenge_2-0.0.0-py3.10.egg-info' (and everything under it)
[2.274s] Copying ../../build/challenge_2/challenge_2.egg-info to /root/ros2_frws/install/challenge_2/lib/python3.10/site-packages/challenge_2-0.0.0-py3.10.egg-info
[2.276s] running install_scripts
[2.439s] Installing signal_generator script to /root/ros2_frws/install/challenge_2/lib/challenge_2
[2.440s] writing list of installed files to '/root/ros2_frws/build/challenge_2/install.log'
[2.656s] Invoked command in '/root/ros2_frws/src/challenge_2' returned '0': PYTHONPATH=/root/ros2_frws/build/challenge_2/prefix_override:/root/ros2_frws/install/challenge_2/lib/python3.10/site-packages:${PYTHONPATH} /usr/bin/python3 setup.py egg_info --egg-base ../../build/challenge_2 build --build-base /root/ros2_frws/build/challenge_2/build install --record /root/ros2_frws/build/challenge_2/install.log --single-version-externally-managed
