[1.310s] Invoking command in '/root/ros2_frws/src/basic_comms': PYTHONPATH=/root/ros2_frws/build/basic_comms/prefix_override:/root/ros2_frws/install/basic_comms/lib/python3.10/site-packages:${PYTHONPATH} /usr/bin/python3 setup.py egg_info --egg-base ../../build/basic_comms build --build-base /root/ros2_frws/build/basic_comms/build install --record /root/ros2_frws/build/basic_comms/install.log --single-version-externally-managed
[1.515s] running egg_info
[1.532s] writing ../../build/basic_comms/basic_comms.egg-info/PKG-INFO
[1.532s] writing dependency_links to ../../build/basic_comms/basic_comms.egg-info/dependency_links.txt
[1.533s] writing entry points to ../../build/basic_comms/basic_comms.egg-info/entry_points.txt
[1.533s] writing requirements to ../../build/basic_comms/basic_comms.egg-info/requires.txt
[1.533s] writing top-level names to ../../build/basic_comms/basic_comms.egg-info/top_level.txt
[1.562s] reading manifest file '../../build/basic_comms/basic_comms.egg-info/SOURCES.txt'
[1.563s] writing manifest file '../../build/basic_comms/basic_comms.egg-info/SOURCES.txt'
[1.564s] running build
[1.564s] running build_py
[1.564s] running install
[1.564s] /root/.local/lib/python3.10/site-packages/setuptools/_distutils/cmd.py:66: SetuptoolsDeprecationWarning: setup.py install is deprecated.
[1.564s] !!
[1.564s] 
[1.564s]         ********************************************************************************
[1.565s]         Please avoid running ``setup.py`` directly.
[1.565s]         Instead, use pypa/build, pypa/installer or other
[1.565s]         standards-based tools.
[1.565s] 
[1.565s]         See https://blog.ganssle.io/articles/2021/10/setup-py-deprecated.html for details.
[1.565s]         ********************************************************************************
[1.565s] 
[1.565s] !!
[1.565s]   self.initialize_options()
[1.572s] running install_lib
[1.586s] running install_data
[1.599s] running install_egg_info
[1.612s] removing '/root/ros2_frws/install/basic_comms/lib/python3.10/site-packages/basic_comms-0.0.0-py3.10.egg-info' (and everything under it)
[1.612s] Copying ../../build/basic_comms/basic_comms.egg-info to /root/ros2_frws/install/basic_comms/lib/python3.10/site-packages/basic_comms-0.0.0-py3.10.egg-info
[1.614s] running install_scripts
[1.757s] Installing subscriber script to /root/ros2_frws/install/basic_comms/lib/basic_comms
[1.757s] Installing talker script to /root/ros2_frws/install/basic_comms/lib/basic_comms
[1.758s] writing list of installed files to '/root/ros2_frws/build/basic_comms/install.log'
[1.817s] Invoked command in '/root/ros2_frws/src/basic_comms' returned '0': PYTHONPATH=/root/ros2_frws/build/basic_comms/prefix_override:/root/ros2_frws/install/basic_comms/lib/python3.10/site-packages:${PYTHONPATH} /usr/bin/python3 setup.py egg_info --egg-base ../../build/basic_comms build --build-base /root/ros2_frws/build/basic_comms/build install --record /root/ros2_frws/build/basic_comms/install.log --single-version-externally-managed
