[0.138s] Invoking command in '/root/ros2_frws/build/xarm_planner': CMAKE_PREFIX_PATH=/root/ros2_frws/install/xarm_moveit_config:/root/ros2_frws/install/xarm_gazebo:/root/ros2_frws/install/xarm_controller:/root/ros2_frws/install/xarm_api:/root/ros2_frws/install/xarm_sdk:/root/ros2_frws/install/xarm_msgs:/root/ros2_frws/install/xarm_description:/root/ros2_frws/install/xarm_planner:/root/ros2_frws/install/xarm_moveit_servo:/root/ros2_frws/install/realsense_gazebo_plugin:/root/ros2_frws/install/my_msg_interfaces:/root/ros2_frws/install/challenge_2:/root/ros2_frws/install/course_works:/root/ros2_frws/install/basic_comms_param:/root/ros2_frws/install/basic_comms:/opt/ros/humble LD_LIBRARY_PATH=/root/ros2_frws/install/xarm_gazebo/lib:/root/ros2_frws/install/xarm_controller/lib:/root/ros2_frws/install/xarm_api/lib:/root/ros2_frws/install/xarm_sdk/lib:/root/ros2_frws/install/xarm_msgs/lib:/root/ros2_frws/install/xarm_planner/lib:/root/ros2_frws/install/xarm_moveit_servo/lib:/root/ros2_frws/install/realsense_gazebo_plugin/lib:/root/ros2_frws/install/my_msg_interfaces/lib:/usr/lib/x86_64-linux-gnu/gazebo-11/plugins:/opt/ros/humble/opt/rviz_ogre_vendor/lib:/opt/ros/humble/lib/x86_64-linux-gnu:/opt/ros/humble/lib /usr/bin/cmake --build /root/ros2_frws/build/xarm_planner -- -j16 -l16
[0.228s] [ 22%] Built target test_xarm_planner_client_joint
[0.228s] [ 22%] Built target test_lite_gripper_realmove
[0.228s] [ 31%] Built target test_xarm_planner_client_pose
[0.228s] [ 36%] Built target test_xarm_gripper_planner_client_joint
[0.237s] [ 45%] Built target xarm_planner
[0.264s] [35m[1mConsolidate compiler generated dependencies of target test_xarm_planner_api_pose[0m
[0.294s] [ 54%] Built target test_xarm_planner_api_joint
[0.294s] [ 63%] Built target xarm_planner_node
[0.299s] [ 72%] Built target test_dual_xarm_planner_api_joint
[0.299s] [ 81%] Built target xarm_gripper_planner_node
[0.301s] [ 90%] Built target test_xarm_gripper_planner_api_joint
[0.320s] [ 95%] [32mBuilding CXX object CMakeFiles/test_xarm_planner_api_pose.dir/test/test_xarm_planner_api_pose.cpp.o[0m
[12.018s] [100%] [32m[1mLinking CXX executable test_xarm_planner_api_pose[0m
[12.484s] [100%] Built target test_xarm_planner_api_pose
[12.500s] Invoked command in '/root/ros2_frws/build/xarm_planner' returned '0': CMAKE_PREFIX_PATH=/root/ros2_frws/install/xarm_moveit_config:/root/ros2_frws/install/xarm_gazebo:/root/ros2_frws/install/xarm_controller:/root/ros2_frws/install/xarm_api:/root/ros2_frws/install/xarm_sdk:/root/ros2_frws/install/xarm_msgs:/root/ros2_frws/install/xarm_description:/root/ros2_frws/install/xarm_planner:/root/ros2_frws/install/xarm_moveit_servo:/root/ros2_frws/install/realsense_gazebo_plugin:/root/ros2_frws/install/my_msg_interfaces:/root/ros2_frws/install/challenge_2:/root/ros2_frws/install/course_works:/root/ros2_frws/install/basic_comms_param:/root/ros2_frws/install/basic_comms:/opt/ros/humble LD_LIBRARY_PATH=/root/ros2_frws/install/xarm_gazebo/lib:/root/ros2_frws/install/xarm_controller/lib:/root/ros2_frws/install/xarm_api/lib:/root/ros2_frws/install/xarm_sdk/lib:/root/ros2_frws/install/xarm_msgs/lib:/root/ros2_frws/install/xarm_planner/lib:/root/ros2_frws/install/xarm_moveit_servo/lib:/root/ros2_frws/install/realsense_gazebo_plugin/lib:/root/ros2_frws/install/my_msg_interfaces/lib:/usr/lib/x86_64-linux-gnu/gazebo-11/plugins:/opt/ros/humble/opt/rviz_ogre_vendor/lib:/opt/ros/humble/lib/x86_64-linux-gnu:/opt/ros/humble/lib /usr/bin/cmake --build /root/ros2_frws/build/xarm_planner -- -j16 -l16
[12.597s] Invoking command in '/root/ros2_frws/build/xarm_planner': CMAKE_PREFIX_PATH=/root/ros2_frws/install/xarm_moveit_config:/root/ros2_frws/install/xarm_gazebo:/root/ros2_frws/install/xarm_controller:/root/ros2_frws/install/xarm_api:/root/ros2_frws/install/xarm_sdk:/root/ros2_frws/install/xarm_msgs:/root/ros2_frws/install/xarm_description:/root/ros2_frws/install/xarm_planner:/root/ros2_frws/install/xarm_moveit_servo:/root/ros2_frws/install/realsense_gazebo_plugin:/root/ros2_frws/install/my_msg_interfaces:/root/ros2_frws/install/challenge_2:/root/ros2_frws/install/course_works:/root/ros2_frws/install/basic_comms_param:/root/ros2_frws/install/basic_comms:/opt/ros/humble LD_LIBRARY_PATH=/root/ros2_frws/install/xarm_gazebo/lib:/root/ros2_frws/install/xarm_controller/lib:/root/ros2_frws/install/xarm_api/lib:/root/ros2_frws/install/xarm_sdk/lib:/root/ros2_frws/install/xarm_msgs/lib:/root/ros2_frws/install/xarm_planner/lib:/root/ros2_frws/install/xarm_moveit_servo/lib:/root/ros2_frws/install/realsense_gazebo_plugin/lib:/root/ros2_frws/install/my_msg_interfaces/lib:/usr/lib/x86_64-linux-gnu/gazebo-11/plugins:/opt/ros/humble/opt/rviz_ogre_vendor/lib:/opt/ros/humble/lib/x86_64-linux-gnu:/opt/ros/humble/lib /usr/bin/cmake --install /root/ros2_frws/build/xarm_planner
[12.610s] -- Install configuration: ""
[12.610s] -- Up-to-date: /root/ros2_frws/install/xarm_planner/include
[12.610s] -- Up-to-date: /root/ros2_frws/install/xarm_planner/include/xarm_planner
[12.611s] -- Up-to-date: /root/ros2_frws/install/xarm_planner/include/xarm_planner/xarm_planner.h
[12.611s] -- Up-to-date: /root/ros2_frws/install/xarm_planner/lib/libxarm_planner.so
[12.611s] -- Up-to-date: /root/ros2_frws/install/xarm_planner/lib/xarm_planner/xarm_planner_node
[12.612s] -- Up-to-date: /root/ros2_frws/install/xarm_planner/lib/xarm_planner/xarm_gripper_planner_node
[12.612s] -- Up-to-date: /root/ros2_frws/install/xarm_planner/lib/xarm_planner/test_xarm_planner_api_joint
[12.613s] -- Up-to-date: /root/ros2_frws/install/xarm_planner/lib/xarm_planner/test_dual_xarm_planner_api_joint
[12.613s] -- Installing: /root/ros2_frws/install/xarm_planner/lib/xarm_planner/test_xarm_planner_api_pose
[12.615s] -- Set runtime path of "/root/ros2_frws/install/xarm_planner/lib/xarm_planner/test_xarm_planner_api_pose" to ""
[12.616s] -- Up-to-date: /root/ros2_frws/install/xarm_planner/lib/xarm_planner/test_xarm_gripper_planner_api_joint
[12.616s] -- Up-to-date: /root/ros2_frws/install/xarm_planner/lib/xarm_planner/test_xarm_planner_client_joint
[12.617s] -- Up-to-date: /root/ros2_frws/install/xarm_planner/lib/xarm_planner/test_xarm_planner_client_pose
[12.617s] -- Up-to-date: /root/ros2_frws/install/xarm_planner/lib/xarm_planner/test_xarm_gripper_planner_client_joint
[12.618s] -- Up-to-date: /root/ros2_frws/install/xarm_planner/lib/xarm_planner/test_lite_gripper_realmove
[12.618s] -- Up-to-date: /root/ros2_frws/install/xarm_planner/share/xarm_planner//launch
[12.619s] -- Up-to-date: /root/ros2_frws/install/xarm_planner/share/xarm_planner//launch/test_xarm_gripper_planner_api_joint.launch.py
[12.619s] -- Up-to-date: /root/ros2_frws/install/xarm_planner/share/xarm_planner//launch/xarm7_planner_gazebo.launch.py
[12.619s] -- Up-to-date: /root/ros2_frws/install/xarm_planner/share/xarm_planner//launch/lite6_planner_fake.launch.py
[12.619s] -- Up-to-date: /root/ros2_frws/install/xarm_planner/share/xarm_planner//launch/xarm7_mirror_planner_gazebo.launch.py
[12.620s] -- Up-to-date: /root/ros2_frws/install/xarm_planner/share/xarm_planner//launch/xarm5_planner_fake.launch.py
[12.620s] -- Up-to-date: /root/ros2_frws/install/xarm_planner/share/xarm_planner//launch/test_move_group.launch.py
[12.621s] -- Up-to-date: /root/ros2_frws/install/xarm_planner/share/xarm_planner//launch/test_dual_xarm_planner_api_joint.launch.py
[12.621s] -- Up-to-date: /root/ros2_frws/install/xarm_planner/share/xarm_planner//launch/uf850_planner_realmove.launch.py
[12.621s] -- Up-to-date: /root/ros2_frws/install/xarm_planner/share/xarm_planner//launch/test_xarm_planner_client_joint.launch.py
[12.622s] -- Up-to-date: /root/ros2_frws/install/xarm_planner/share/xarm_planner//launch/lite6_planner_gazebo.launch.py
[12.622s] -- Up-to-date: /root/ros2_frws/install/xarm_planner/share/xarm_planner//launch/test_xarm_planner_api_pose.launch.py
[12.622s] -- Up-to-date: /root/ros2_frws/install/xarm_planner/share/xarm_planner//launch/_dual_robot_planner.launch.py
[12.623s] -- Up-to-date: /root/ros2_frws/install/xarm_planner/share/xarm_planner//launch/xarm6_planner_gazebo.launch.py
[12.623s] -- Up-to-date: /root/ros2_frws/install/xarm_planner/share/xarm_planner//launch/xarm7_planner_fake.launch.py
[12.623s] -- Up-to-date: /root/ros2_frws/install/xarm_planner/share/xarm_planner//launch/test_xarm_planner_api_joint.launch.py
[12.624s] -- Up-to-date: /root/ros2_frws/install/xarm_planner/share/xarm_planner//launch/xarm6_planner_fake.launch.py
[12.624s] -- Up-to-date: /root/ros2_frws/install/xarm_planner/share/xarm_planner//launch/xarm6_planner_realmove.launch.py
[12.625s] -- Up-to-date: /root/ros2_frws/install/xarm_planner/share/xarm_planner//launch/xarm7_mirror_planner_realmove.launch.py
[12.626s] -- Up-to-date: /root/ros2_frws/install/xarm_planner/share/xarm_planner//launch/uf850_planner_gazebo.launch.py
[12.626s] -- Up-to-date: /root/ros2_frws/install/xarm_planner/share/xarm_planner//launch/test_lite_gripper_realmove.launch.py
[12.626s] -- Up-to-date: /root/ros2_frws/install/xarm_planner/share/xarm_planner//launch/uf850_planner_fake.launch.py
[12.626s] -- Up-to-date: /root/ros2_frws/install/xarm_planner/share/xarm_planner//launch/test_xarm_planner_client_pose.launch.py
[12.626s] -- Up-to-date: /root/ros2_frws/install/xarm_planner/share/xarm_planner//launch/xarm5_planner_realmove.launch.py
[12.627s] -- Up-to-date: /root/ros2_frws/install/xarm_planner/share/xarm_planner//launch/xarm5_planner_gazebo.launch.py
[12.627s] -- Up-to-date: /root/ros2_frws/install/xarm_planner/share/xarm_planner//launch/xarm7_mirror_planner_fake.launch.py
[12.627s] -- Up-to-date: /root/ros2_frws/install/xarm_planner/share/xarm_planner//launch/_robot_planner.launch.py
[12.627s] -- Up-to-date: /root/ros2_frws/install/xarm_planner/share/xarm_planner//launch/xarm7_planner_realmove.launch.py
[12.627s] -- Up-to-date: /root/ros2_frws/install/xarm_planner/share/xarm_planner//launch/lite6_planner_realmove.launch.py
[12.627s] -- Up-to-date: /root/ros2_frws/install/xarm_planner/share/xarm_planner//launch/test_xarm_gripper_planner_client_joint.launch.py
[12.628s] -- Up-to-date: /root/ros2_frws/install/xarm_planner/share/ament_index/resource_index/package_run_dependencies/xarm_planner
[12.629s] -- Up-to-date: /root/ros2_frws/install/xarm_planner/share/ament_index/resource_index/parent_prefix_path/xarm_planner
[12.630s] -- Up-to-date: /root/ros2_frws/install/xarm_planner/share/xarm_planner/environment/ament_prefix_path.sh
[12.630s] -- Up-to-date: /root/ros2_frws/install/xarm_planner/share/xarm_planner/environment/ament_prefix_path.dsv
[12.631s] -- Up-to-date: /root/ros2_frws/install/xarm_planner/share/xarm_planner/environment/path.sh
[12.631s] -- Up-to-date: /root/ros2_frws/install/xarm_planner/share/xarm_planner/environment/path.dsv
[12.632s] -- Up-to-date: /root/ros2_frws/install/xarm_planner/share/xarm_planner/local_setup.bash
[12.632s] -- Up-to-date: /root/ros2_frws/install/xarm_planner/share/xarm_planner/local_setup.sh
[12.633s] -- Up-to-date: /root/ros2_frws/install/xarm_planner/share/xarm_planner/local_setup.zsh
[12.633s] -- Up-to-date: /root/ros2_frws/install/xarm_planner/share/xarm_planner/local_setup.dsv
[12.634s] -- Installing: /root/ros2_frws/install/xarm_planner/share/xarm_planner/package.dsv
[12.634s] -- Up-to-date: /root/ros2_frws/install/xarm_planner/share/ament_index/resource_index/packages/xarm_planner
[12.634s] -- Up-to-date: /root/ros2_frws/install/xarm_planner/share/xarm_planner/cmake/xarm_plannerConfig.cmake
[12.634s] -- Up-to-date: /root/ros2_frws/install/xarm_planner/share/xarm_planner/cmake/xarm_plannerConfig-version.cmake
[12.634s] -- Up-to-date: /root/ros2_frws/install/xarm_planner/share/xarm_planner/package.xml
[12.635s] Invoked command in '/root/ros2_frws/build/xarm_planner' returned '0': CMAKE_PREFIX_PATH=/root/ros2_frws/install/xarm_moveit_config:/root/ros2_frws/install/xarm_gazebo:/root/ros2_frws/install/xarm_controller:/root/ros2_frws/install/xarm_api:/root/ros2_frws/install/xarm_sdk:/root/ros2_frws/install/xarm_msgs:/root/ros2_frws/install/xarm_description:/root/ros2_frws/install/xarm_planner:/root/ros2_frws/install/xarm_moveit_servo:/root/ros2_frws/install/realsense_gazebo_plugin:/root/ros2_frws/install/my_msg_interfaces:/root/ros2_frws/install/challenge_2:/root/ros2_frws/install/course_works:/root/ros2_frws/install/basic_comms_param:/root/ros2_frws/install/basic_comms:/opt/ros/humble LD_LIBRARY_PATH=/root/ros2_frws/install/xarm_gazebo/lib:/root/ros2_frws/install/xarm_controller/lib:/root/ros2_frws/install/xarm_api/lib:/root/ros2_frws/install/xarm_sdk/lib:/root/ros2_frws/install/xarm_msgs/lib:/root/ros2_frws/install/xarm_planner/lib:/root/ros2_frws/install/xarm_moveit_servo/lib:/root/ros2_frws/install/realsense_gazebo_plugin/lib:/root/ros2_frws/install/my_msg_interfaces/lib:/usr/lib/x86_64-linux-gnu/gazebo-11/plugins:/opt/ros/humble/opt/rviz_ogre_vendor/lib:/opt/ros/humble/lib/x86_64-linux-gnu:/opt/ros/humble/lib /usr/bin/cmake --install /root/ros2_frws/build/xarm_planner
