[0.469s] Invoking command in '/root/ros2_frws/build/my_msg_interfaces': CMAKE_PREFIX_PATH=${CMAKE_PREFIX_PATH}:/root/ros2_frws/install/challenge_2:/root/ros2_frws/install/course_works:/root/ros2_frws/install/basic_comms_param:/root/ros2_frws/install/basic_comms:/opt/ros/humble /usr/bin/cmake --build /root/ros2_frws/build/my_msg_interfaces -- -j16 -l16
[1.554s] [  3%] Built target my_msg_interfaces__cpp
[1.554s] [ 12%] Built target my_msg_interfaces__rosidl_generator_c
[1.554s] [ 12%] Built target ament_cmake_python_copy_my_msg_interfaces
[1.554s] [ 22%] Built target my_msg_interfaces__rosidl_typesupport_c
[1.554s] [ 41%] Built target my_msg_interfaces__rosidl_typesupport_fastrtps_cpp
[1.555s] [ 41%] Built target my_msg_interfaces__rosidl_typesupport_introspection_c
[1.555s] [ 51%] Built target my_msg_interfaces__rosidl_typesupport_fastrtps_c
[1.555s] [ 61%] Built target my_msg_interfaces__rosidl_typesupport_introspection_cpp
[1.555s] [ 70%] Built target my_msg_interfaces__rosidl_typesupport_cpp
[1.556s] [ 70%] Built target my_msg_interfaces
[1.556s] [ 74%] Built target my_msg_interfaces__py
[1.556s] [ 80%] Built target my_msg_interfaces__rosidl_generator_py
[1.557s] [ 90%] Built target my_msg_interfaces__rosidl_typesupport_introspection_c__pyext
[1.557s] [ 93%] Built target my_msg_interfaces__rosidl_typesupport_fastrtps_c__pyext
[1.557s] [100%] Built target my_msg_interfaces__rosidl_typesupport_c__pyext
[1.558s] running egg_info
[1.558s] writing my_msg_interfaces.egg-info/PKG-INFO
[1.558s] writing dependency_links to my_msg_interfaces.egg-info/dependency_links.txt
[1.558s] writing top-level names to my_msg_interfaces.egg-info/top_level.txt
[1.558s] reading manifest file 'my_msg_interfaces.egg-info/SOURCES.txt'
[1.558s] writing manifest file 'my_msg_interfaces.egg-info/SOURCES.txt'
[1.558s] [100%] Built target ament_cmake_python_build_my_msg_interfaces_egg
[1.559s] Invoked command in '/root/ros2_frws/build/my_msg_interfaces' returned '0': CMAKE_PREFIX_PATH=${CMAKE_PREFIX_PATH}:/root/ros2_frws/install/challenge_2:/root/ros2_frws/install/course_works:/root/ros2_frws/install/basic_comms_param:/root/ros2_frws/install/basic_comms:/opt/ros/humble /usr/bin/cmake --build /root/ros2_frws/build/my_msg_interfaces -- -j16 -l16
[1.791s] Invoking command in '/root/ros2_frws/build/my_msg_interfaces': CMAKE_PREFIX_PATH=${CMAKE_PREFIX_PATH}:/root/ros2_frws/install/challenge_2:/root/ros2_frws/install/course_works:/root/ros2_frws/install/basic_comms_param:/root/ros2_frws/install/basic_comms:/opt/ros/humble /usr/bin/cmake --install /root/ros2_frws/build/my_msg_interfaces
[1.818s] -- Install configuration: ""
[1.818s] -- Up-to-date: /root/ros2_frws/install/my_msg_interfaces/share/ament_index/resource_index/rosidl_interfaces/my_msg_interfaces
[1.818s] -- Up-to-date: /root/ros2_frws/install/my_msg_interfaces/include/my_msg_interfaces/my_msg_interfaces
[1.819s] -- Up-to-date: /root/ros2_frws/install/my_msg_interfaces/include/my_msg_interfaces/my_msg_interfaces/msg
[1.819s] -- Up-to-date: /root/ros2_frws/install/my_msg_interfaces/include/my_msg_interfaces/my_msg_interfaces/msg/rosidl_generator_c__visibility_control.h
[1.819s] -- Up-to-date: /root/ros2_frws/install/my_msg_interfaces/include/my_msg_interfaces/my_msg_interfaces/msg/detail
[1.822s] -- Up-to-date: /root/ros2_frws/install/my_msg_interfaces/include/my_msg_interfaces/my_msg_interfaces/msg/detail/my_parameter__struct.h
[1.823s] -- Up-to-date: /root/ros2_frws/install/my_msg_interfaces/include/my_msg_interfaces/my_msg_interfaces/msg/detail/my_parameter__type_support.h
[1.823s] -- Up-to-date: /root/ros2_frws/install/my_msg_interfaces/include/my_msg_interfaces/my_msg_interfaces/msg/detail/my_parameter__functions.h
[1.824s] -- Up-to-date: /root/ros2_frws/install/my_msg_interfaces/include/my_msg_interfaces/my_msg_interfaces/msg/detail/my_parameter__functions.c
[1.824s] -- Up-to-date: /root/ros2_frws/install/my_msg_interfaces/include/my_msg_interfaces/my_msg_interfaces/msg/my_parameter.h
[1.824s] -- Up-to-date: /root/ros2_frws/install/my_msg_interfaces/share/my_msg_interfaces/environment/library_path.sh
[1.825s] -- Up-to-date: /root/ros2_frws/install/my_msg_interfaces/share/my_msg_interfaces/environment/library_path.dsv
[1.825s] -- Up-to-date: /root/ros2_frws/install/my_msg_interfaces/lib/libmy_msg_interfaces__rosidl_generator_c.so
[1.826s] -- Up-to-date: /root/ros2_frws/install/my_msg_interfaces/include/my_msg_interfaces/my_msg_interfaces
[1.826s] -- Up-to-date: /root/ros2_frws/install/my_msg_interfaces/include/my_msg_interfaces/my_msg_interfaces/msg
[1.827s] -- Up-to-date: /root/ros2_frws/install/my_msg_interfaces/include/my_msg_interfaces/my_msg_interfaces/msg/rosidl_typesupport_fastrtps_c__visibility_control.h
[1.828s] -- Up-to-date: /root/ros2_frws/install/my_msg_interfaces/include/my_msg_interfaces/my_msg_interfaces/msg/detail
[1.828s] -- Up-to-date: /root/ros2_frws/install/my_msg_interfaces/include/my_msg_interfaces/my_msg_interfaces/msg/detail/my_parameter__rosidl_typesupport_fastrtps_c.h
[1.829s] -- Up-to-date: /root/ros2_frws/install/my_msg_interfaces/lib/libmy_msg_interfaces__rosidl_typesupport_fastrtps_c.so
[1.837s] -- Up-to-date: /root/ros2_frws/install/my_msg_interfaces/include/my_msg_interfaces/my_msg_interfaces
[1.837s] -- Up-to-date: /root/ros2_frws/install/my_msg_interfaces/include/my_msg_interfaces/my_msg_interfaces/msg
[1.837s] -- Up-to-date: /root/ros2_frws/install/my_msg_interfaces/include/my_msg_interfaces/my_msg_interfaces/msg/detail
[1.837s] -- Up-to-date: /root/ros2_frws/install/my_msg_interfaces/include/my_msg_interfaces/my_msg_interfaces/msg/detail/my_parameter__traits.hpp
[1.838s] -- Up-to-date: /root/ros2_frws/install/my_msg_interfaces/include/my_msg_interfaces/my_msg_interfaces/msg/detail/my_parameter__builder.hpp
[1.838s] -- Up-to-date: /root/ros2_frws/install/my_msg_interfaces/include/my_msg_interfaces/my_msg_interfaces/msg/detail/my_parameter__struct.hpp
[1.838s] -- Up-to-date: /root/ros2_frws/install/my_msg_interfaces/include/my_msg_interfaces/my_msg_interfaces/msg/my_parameter.hpp
[1.839s] -- Up-to-date: /root/ros2_frws/install/my_msg_interfaces/include/my_msg_interfaces/my_msg_interfaces
[1.839s] -- Up-to-date: /root/ros2_frws/install/my_msg_interfaces/include/my_msg_interfaces/my_msg_interfaces/msg
[1.839s] -- Up-to-date: /root/ros2_frws/install/my_msg_interfaces/include/my_msg_interfaces/my_msg_interfaces/msg/detail
[1.839s] -- Up-to-date: /root/ros2_frws/install/my_msg_interfaces/include/my_msg_interfaces/my_msg_interfaces/msg/detail/dds_fastrtps
[1.839s] -- Up-to-date: /root/ros2_frws/install/my_msg_interfaces/include/my_msg_interfaces/my_msg_interfaces/msg/detail/my_parameter__rosidl_typesupport_fastrtps_cpp.hpp
[1.839s] -- Up-to-date: /root/ros2_frws/install/my_msg_interfaces/include/my_msg_interfaces/my_msg_interfaces/msg/rosidl_typesupport_fastrtps_cpp__visibility_control.h
[1.840s] -- Up-to-date: /root/ros2_frws/install/my_msg_interfaces/lib/libmy_msg_interfaces__rosidl_typesupport_fastrtps_cpp.so
[1.840s] -- Up-to-date: /root/ros2_frws/install/my_msg_interfaces/include/my_msg_interfaces/my_msg_interfaces
[1.840s] -- Up-to-date: /root/ros2_frws/install/my_msg_interfaces/include/my_msg_interfaces/my_msg_interfaces/msg
[1.840s] -- Up-to-date: /root/ros2_frws/install/my_msg_interfaces/include/my_msg_interfaces/my_msg_interfaces/msg/rosidl_typesupport_introspection_c__visibility_control.h
[1.840s] -- Up-to-date: /root/ros2_frws/install/my_msg_interfaces/include/my_msg_interfaces/my_msg_interfaces/msg/detail
[1.841s] -- Up-to-date: /root/ros2_frws/install/my_msg_interfaces/include/my_msg_interfaces/my_msg_interfaces/msg/detail/my_parameter__rosidl_typesupport_introspection_c.h
[1.841s] -- Up-to-date: /root/ros2_frws/install/my_msg_interfaces/include/my_msg_interfaces/my_msg_interfaces/msg/detail/my_parameter__type_support.c
[1.841s] -- Up-to-date: /root/ros2_frws/install/my_msg_interfaces/lib/libmy_msg_interfaces__rosidl_typesupport_introspection_c.so
[1.842s] -- Up-to-date: /root/ros2_frws/install/my_msg_interfaces/lib/libmy_msg_interfaces__rosidl_typesupport_c.so
[1.842s] -- Up-to-date: /root/ros2_frws/install/my_msg_interfaces/include/my_msg_interfaces/my_msg_interfaces
[1.842s] -- Up-to-date: /root/ros2_frws/install/my_msg_interfaces/include/my_msg_interfaces/my_msg_interfaces/msg
[1.843s] -- Up-to-date: /root/ros2_frws/install/my_msg_interfaces/include/my_msg_interfaces/my_msg_interfaces/msg/detail
[1.843s] -- Up-to-date: /root/ros2_frws/install/my_msg_interfaces/include/my_msg_interfaces/my_msg_interfaces/msg/detail/my_parameter__type_support.cpp
[1.843s] -- Up-to-date: /root/ros2_frws/install/my_msg_interfaces/include/my_msg_interfaces/my_msg_interfaces/msg/detail/my_parameter__rosidl_typesupport_introspection_cpp.hpp
[1.844s] -- Up-to-date: /root/ros2_frws/install/my_msg_interfaces/lib/libmy_msg_interfaces__rosidl_typesupport_introspection_cpp.so
[1.844s] -- Up-to-date: /root/ros2_frws/install/my_msg_interfaces/lib/libmy_msg_interfaces__rosidl_typesupport_cpp.so
[1.845s] -- Up-to-date: /root/ros2_frws/install/my_msg_interfaces/share/my_msg_interfaces/environment/pythonpath.sh
[1.845s] -- Up-to-date: /root/ros2_frws/install/my_msg_interfaces/share/my_msg_interfaces/environment/pythonpath.dsv
[1.845s] -- Up-to-date: /root/ros2_frws/install/my_msg_interfaces/local/lib/python3.10/dist-packages/my_msg_interfaces-0.0.0-py3.10.egg-info
[1.845s] -- Installing: /root/ros2_frws/install/my_msg_interfaces/local/lib/python3.10/dist-packages/my_msg_interfaces-0.0.0-py3.10.egg-info/PKG-INFO
[1.845s] -- Installing: /root/ros2_frws/install/my_msg_interfaces/local/lib/python3.10/dist-packages/my_msg_interfaces-0.0.0-py3.10.egg-info/dependency_links.txt
[1.846s] -- Installing: /root/ros2_frws/install/my_msg_interfaces/local/lib/python3.10/dist-packages/my_msg_interfaces-0.0.0-py3.10.egg-info/SOURCES.txt
[1.846s] -- Installing: /root/ros2_frws/install/my_msg_interfaces/local/lib/python3.10/dist-packages/my_msg_interfaces-0.0.0-py3.10.egg-info/top_level.txt
[1.847s] -- Up-to-date: /root/ros2_frws/install/my_msg_interfaces/local/lib/python3.10/dist-packages/my_msg_interfaces
[1.847s] -- Up-to-date: /root/ros2_frws/install/my_msg_interfaces/local/lib/python3.10/dist-packages/my_msg_interfaces/my_msg_interfaces_s__rosidl_typesupport_introspection_c.cpython-310-x86_64-linux-gnu.so
[1.848s] -- Up-to-date: /root/ros2_frws/install/my_msg_interfaces/local/lib/python3.10/dist-packages/my_msg_interfaces/my_msg_interfaces_s__rosidl_typesupport_c.cpython-310-x86_64-linux-gnu.so
[1.848s] -- Up-to-date: /root/ros2_frws/install/my_msg_interfaces/local/lib/python3.10/dist-packages/my_msg_interfaces/_my_msg_interfaces_s.ep.rosidl_typesupport_c.c
[1.848s] -- Up-to-date: /root/ros2_frws/install/my_msg_interfaces/local/lib/python3.10/dist-packages/my_msg_interfaces/my_msg_interfaces_s__rosidl_typesupport_fastrtps_c.cpython-310-x86_64-linux-gnu.so
[1.848s] -- Up-to-date: /root/ros2_frws/install/my_msg_interfaces/local/lib/python3.10/dist-packages/my_msg_interfaces/_my_msg_interfaces_s.ep.rosidl_typesupport_fastrtps_c.c
[1.848s] -- Up-to-date: /root/ros2_frws/install/my_msg_interfaces/local/lib/python3.10/dist-packages/my_msg_interfaces/libmy_msg_interfaces__rosidl_generator_py.so
[1.848s] -- Up-to-date: /root/ros2_frws/install/my_msg_interfaces/local/lib/python3.10/dist-packages/my_msg_interfaces/_my_msg_interfaces_s.ep.rosidl_typesupport_introspection_c.c
[1.849s] -- Up-to-date: /root/ros2_frws/install/my_msg_interfaces/local/lib/python3.10/dist-packages/my_msg_interfaces/__init__.py
[1.849s] -- Up-to-date: /root/ros2_frws/install/my_msg_interfaces/local/lib/python3.10/dist-packages/my_msg_interfaces/msg
[1.849s] -- Up-to-date: /root/ros2_frws/install/my_msg_interfaces/local/lib/python3.10/dist-packages/my_msg_interfaces/msg/_my_parameter_s.c
[1.849s] -- Up-to-date: /root/ros2_frws/install/my_msg_interfaces/local/lib/python3.10/dist-packages/my_msg_interfaces/msg/__init__.py
[1.851s] -- Up-to-date: /root/ros2_frws/install/my_msg_interfaces/local/lib/python3.10/dist-packages/my_msg_interfaces/msg/_my_parameter.py
[1.869s] Listing '/root/ros2_frws/install/my_msg_interfaces/local/lib/python3.10/dist-packages/my_msg_interfaces'...
[1.869s] Listing '/root/ros2_frws/install/my_msg_interfaces/local/lib/python3.10/dist-packages/my_msg_interfaces/msg'...
[1.878s] -- Up-to-date: /root/ros2_frws/install/my_msg_interfaces/local/lib/python3.10/dist-packages/my_msg_interfaces/my_msg_interfaces_s__rosidl_typesupport_fastrtps_c.cpython-310-x86_64-linux-gnu.so
[1.879s] -- Up-to-date: /root/ros2_frws/install/my_msg_interfaces/local/lib/python3.10/dist-packages/my_msg_interfaces/my_msg_interfaces_s__rosidl_typesupport_introspection_c.cpython-310-x86_64-linux-gnu.so
[1.879s] -- Up-to-date: /root/ros2_frws/install/my_msg_interfaces/local/lib/python3.10/dist-packages/my_msg_interfaces/my_msg_interfaces_s__rosidl_typesupport_c.cpython-310-x86_64-linux-gnu.so
[1.879s] -- Up-to-date: /root/ros2_frws/install/my_msg_interfaces/lib/libmy_msg_interfaces__rosidl_generator_py.so
[1.879s] -- Up-to-date: /root/ros2_frws/install/my_msg_interfaces/share/my_msg_interfaces/msg/MyParameter.idl
[1.880s] -- Up-to-date: /root/ros2_frws/install/my_msg_interfaces/share/my_msg_interfaces/msg/MyParameter.msg
[1.880s] -- Up-to-date: /root/ros2_frws/install/my_msg_interfaces/share/ament_index/resource_index/package_run_dependencies/my_msg_interfaces
[1.881s] -- Up-to-date: /root/ros2_frws/install/my_msg_interfaces/share/ament_index/resource_index/parent_prefix_path/my_msg_interfaces
[1.882s] -- Up-to-date: /root/ros2_frws/install/my_msg_interfaces/share/my_msg_interfaces/environment/ament_prefix_path.sh
[1.882s] -- Up-to-date: /root/ros2_frws/install/my_msg_interfaces/share/my_msg_interfaces/environment/ament_prefix_path.dsv
[1.884s] -- Up-to-date: /root/ros2_frws/install/my_msg_interfaces/share/my_msg_interfaces/environment/path.sh
[1.884s] -- Up-to-date: /root/ros2_frws/install/my_msg_interfaces/share/my_msg_interfaces/environment/path.dsv
[1.884s] -- Up-to-date: /root/ros2_frws/install/my_msg_interfaces/share/my_msg_interfaces/local_setup.bash
[1.885s] -- Up-to-date: /root/ros2_frws/install/my_msg_interfaces/share/my_msg_interfaces/local_setup.sh
[1.885s] -- Up-to-date: /root/ros2_frws/install/my_msg_interfaces/share/my_msg_interfaces/local_setup.zsh
[1.886s] -- Up-to-date: /root/ros2_frws/install/my_msg_interfaces/share/my_msg_interfaces/local_setup.dsv
[1.886s] -- Installing: /root/ros2_frws/install/my_msg_interfaces/share/my_msg_interfaces/package.dsv
[1.887s] -- Up-to-date: /root/ros2_frws/install/my_msg_interfaces/share/ament_index/resource_index/packages/my_msg_interfaces
[1.887s] -- Up-to-date: /root/ros2_frws/install/my_msg_interfaces/share/my_msg_interfaces/cmake/export_my_msg_interfaces__rosidl_generator_cExport.cmake
[1.887s] -- Up-to-date: /root/ros2_frws/install/my_msg_interfaces/share/my_msg_interfaces/cmake/export_my_msg_interfaces__rosidl_generator_cExport-noconfig.cmake
[1.887s] -- Up-to-date: /root/ros2_frws/install/my_msg_interfaces/share/my_msg_interfaces/cmake/export_my_msg_interfaces__rosidl_typesupport_fastrtps_cExport.cmake
[1.888s] -- Up-to-date: /root/ros2_frws/install/my_msg_interfaces/share/my_msg_interfaces/cmake/export_my_msg_interfaces__rosidl_typesupport_fastrtps_cExport-noconfig.cmake
[1.888s] -- Up-to-date: /root/ros2_frws/install/my_msg_interfaces/share/my_msg_interfaces/cmake/export_my_msg_interfaces__rosidl_generator_cppExport.cmake
[1.888s] -- Up-to-date: /root/ros2_frws/install/my_msg_interfaces/share/my_msg_interfaces/cmake/export_my_msg_interfaces__rosidl_typesupport_fastrtps_cppExport.cmake
[1.888s] -- Up-to-date: /root/ros2_frws/install/my_msg_interfaces/share/my_msg_interfaces/cmake/export_my_msg_interfaces__rosidl_typesupport_fastrtps_cppExport-noconfig.cmake
[1.889s] -- Up-to-date: /root/ros2_frws/install/my_msg_interfaces/share/my_msg_interfaces/cmake/my_msg_interfaces__rosidl_typesupport_introspection_cExport.cmake
[1.889s] -- Up-to-date: /root/ros2_frws/install/my_msg_interfaces/share/my_msg_interfaces/cmake/my_msg_interfaces__rosidl_typesupport_introspection_cExport-noconfig.cmake
[1.889s] -- Up-to-date: /root/ros2_frws/install/my_msg_interfaces/share/my_msg_interfaces/cmake/my_msg_interfaces__rosidl_typesupport_cExport.cmake
[1.889s] -- Up-to-date: /root/ros2_frws/install/my_msg_interfaces/share/my_msg_interfaces/cmake/my_msg_interfaces__rosidl_typesupport_cExport-noconfig.cmake
[1.889s] -- Up-to-date: /root/ros2_frws/install/my_msg_interfaces/share/my_msg_interfaces/cmake/my_msg_interfaces__rosidl_typesupport_introspection_cppExport.cmake
[1.889s] -- Up-to-date: /root/ros2_frws/install/my_msg_interfaces/share/my_msg_interfaces/cmake/my_msg_interfaces__rosidl_typesupport_introspection_cppExport-noconfig.cmake
[1.890s] -- Up-to-date: /root/ros2_frws/install/my_msg_interfaces/share/my_msg_interfaces/cmake/my_msg_interfaces__rosidl_typesupport_cppExport.cmake
[1.890s] -- Up-to-date: /root/ros2_frws/install/my_msg_interfaces/share/my_msg_interfaces/cmake/my_msg_interfaces__rosidl_typesupport_cppExport-noconfig.cmake
[1.890s] -- Up-to-date: /root/ros2_frws/install/my_msg_interfaces/share/my_msg_interfaces/cmake/export_my_msg_interfaces__rosidl_generator_pyExport.cmake
[1.890s] -- Up-to-date: /root/ros2_frws/install/my_msg_interfaces/share/my_msg_interfaces/cmake/export_my_msg_interfaces__rosidl_generator_pyExport-noconfig.cmake
[1.890s] -- Up-to-date: /root/ros2_frws/install/my_msg_interfaces/share/my_msg_interfaces/cmake/rosidl_cmake-extras.cmake
[1.890s] -- Up-to-date: /root/ros2_frws/install/my_msg_interfaces/share/my_msg_interfaces/cmake/ament_cmake_export_dependencies-extras.cmake
[1.890s] -- Up-to-date: /root/ros2_frws/install/my_msg_interfaces/share/my_msg_interfaces/cmake/ament_cmake_export_include_directories-extras.cmake
[1.891s] -- Up-to-date: /root/ros2_frws/install/my_msg_interfaces/share/my_msg_interfaces/cmake/ament_cmake_export_libraries-extras.cmake
[1.891s] -- Up-to-date: /root/ros2_frws/install/my_msg_interfaces/share/my_msg_interfaces/cmake/ament_cmake_export_targets-extras.cmake
[1.891s] -- Up-to-date: /root/ros2_frws/install/my_msg_interfaces/share/my_msg_interfaces/cmake/rosidl_cmake_export_typesupport_targets-extras.cmake
[1.891s] -- Up-to-date: /root/ros2_frws/install/my_msg_interfaces/share/my_msg_interfaces/cmake/rosidl_cmake_export_typesupport_libraries-extras.cmake
[1.891s] -- Up-to-date: /root/ros2_frws/install/my_msg_interfaces/share/my_msg_interfaces/cmake/my_msg_interfacesConfig.cmake
[1.891s] -- Up-to-date: /root/ros2_frws/install/my_msg_interfaces/share/my_msg_interfaces/cmake/my_msg_interfacesConfig-version.cmake
[1.892s] -- Up-to-date: /root/ros2_frws/install/my_msg_interfaces/share/my_msg_interfaces/package.xml
[2.041s] Invoked command in '/root/ros2_frws/build/my_msg_interfaces' returned '0': CMAKE_PREFIX_PATH=${CMAKE_PREFIX_PATH}:/root/ros2_frws/install/challenge_2:/root/ros2_frws/install/course_works:/root/ros2_frws/install/basic_comms_param:/root/ros2_frws/install/basic_comms:/opt/ros/humble /usr/bin/cmake --install /root/ros2_frws/build/my_msg_interfaces
