[2.946s] Invoking command in '/root/ros2_frws/src/basic_comms_param': PYTHONPATH=/root/ros2_frws/build/basic_comms_param/prefix_override:/root/ros2_frws/install/basic_comms_param/lib/python3.10/site-packages:${PYTHONPATH} /usr/bin/python3 setup.py egg_info --egg-base ../../build/basic_comms_param build --build-base /root/ros2_frws/build/basic_comms_param/build install --record /root/ros2_frws/build/basic_comms_param/install.log --single-version-externally-managed
[3.359s] running egg_info
[3.387s] writing ../../build/basic_comms_param/basic_comms_param.egg-info/PKG-INFO
[3.388s] writing dependency_links to ../../build/basic_comms_param/basic_comms_param.egg-info/dependency_links.txt
[3.388s] writing entry points to ../../build/basic_comms_param/basic_comms_param.egg-info/entry_points.txt
[3.388s] writing requirements to ../../build/basic_comms_param/basic_comms_param.egg-info/requires.txt
[3.389s] writing top-level names to ../../build/basic_comms_param/basic_comms_param.egg-info/top_level.txt
[3.432s] reading manifest file '../../build/basic_comms_param/basic_comms_param.egg-info/SOURCES.txt'
[3.433s] adding license file 'LICENSE'
[3.434s] writing manifest file '../../build/basic_comms_param/basic_comms_param.egg-info/SOURCES.txt'
[3.434s] running build
[3.434s] running build_py
[3.435s] running install
[3.435s] /root/.local/lib/python3.10/site-packages/setuptools/_distutils/cmd.py:66: SetuptoolsDeprecationWarning: setup.py install is deprecated.
[3.436s] !!
[3.436s] 
[3.436s]         ********************************************************************************
[3.436s]         Please avoid running ``setup.py`` directly.
[3.436s]         Instead, use pypa/build, pypa/installer or other
[3.436s]         standards-based tools.
[3.436s] 
[3.437s]         See https://blog.ganssle.io/articles/2021/10/setup-py-deprecated.html for details.
[3.437s]         ********************************************************************************
[3.437s] 
[3.437s] !!
[3.437s]   self.initialize_options()
[3.445s] running install_lib
[3.472s] running install_data
[3.496s] running install_egg_info
[3.524s] removing '/root/ros2_frws/install/basic_comms_param/lib/python3.10/site-packages/basic_comms_param-0.0.0-py3.10.egg-info' (and everything under it)
[3.525s] Copying ../../build/basic_comms_param/basic_comms_param.egg-info to /root/ros2_frws/install/basic_comms_param/lib/python3.10/site-packages/basic_comms_param-0.0.0-py3.10.egg-info
[3.527s] running install_scripts
[3.805s] Installing talker_params script to /root/ros2_frws/install/basic_comms_param/lib/basic_comms_param
[3.806s] writing list of installed files to '/root/ros2_frws/build/basic_comms_param/install.log'
[3.910s] Invoked command in '/root/ros2_frws/src/basic_comms_param' returned '0': PYTHONPATH=/root/ros2_frws/build/basic_comms_param/prefix_override:/root/ros2_frws/install/basic_comms_param/lib/python3.10/site-packages:${PYTHONPATH} /usr/bin/python3 setup.py egg_info --egg-base ../../build/basic_comms_param build --build-base /root/ros2_frws/build/basic_comms_param/build install --record /root/ros2_frws/build/basic_comms_param/install.log --single-version-externally-managed
