[1.296s] Invoking command in '/root/ros2_frws/src/basic_comms': PYTHONPATH=/root/ros2_frws/build/basic_comms/prefix_override:/root/ros2_frws/install/basic_comms/lib/python3.10/site-packages:${PYTHONPATH} /usr/bin/python3 setup.py egg_info --egg-base ../../build/basic_comms build --build-base /root/ros2_frws/build/basic_comms/build install --record /root/ros2_frws/build/basic_comms/install.log --single-version-externally-managed
[1.523s] running egg_info
[1.539s] writing ../../build/basic_comms/basic_comms.egg-info/PKG-INFO
[1.539s] writing dependency_links to ../../build/basic_comms/basic_comms.egg-info/dependency_links.txt
[1.540s] writing entry points to ../../build/basic_comms/basic_comms.egg-info/entry_points.txt
[1.540s] writing requirements to ../../build/basic_comms/basic_comms.egg-info/requires.txt
[1.540s] writing top-level names to ../../build/basic_comms/basic_comms.egg-info/top_level.txt
[1.571s] reading manifest file '../../build/basic_comms/basic_comms.egg-info/SOURCES.txt'
[1.571s] writing manifest file '../../build/basic_comms/basic_comms.egg-info/SOURCES.txt'
[1.572s] running build
[1.572s] running build_py
[1.572s] running install
[1.572s] /root/.local/lib/python3.10/site-packages/setuptools/_distutils/cmd.py:66: SetuptoolsDeprecationWarning: setup.py install is deprecated.
[1.572s] !!
[1.572s] 
[1.572s]         ********************************************************************************
[1.573s]         Please avoid running ``setup.py`` directly.
[1.573s]         Instead, use pypa/build, pypa/installer or other
[1.573s]         standards-based tools.
[1.573s] 
[1.573s]         See https://blog.ganssle.io/articles/2021/10/setup-py-deprecated.html for details.
[1.573s]         ********************************************************************************
[1.573s] 
[1.573s] !!
[1.573s]   self.initialize_options()
[1.579s] running install_lib
[1.593s] running install_data
[1.607s] running install_egg_info
[1.624s] removing '/root/ros2_frws/install/basic_comms/lib/python3.10/site-packages/basic_comms-0.0.0-py3.10.egg-info' (and everything under it)
[1.624s] Copying ../../build/basic_comms/basic_comms.egg-info to /root/ros2_frws/install/basic_comms/lib/python3.10/site-packages/basic_comms-0.0.0-py3.10.egg-info
[1.625s] running install_scripts
[1.758s] Installing subscriber script to /root/ros2_frws/install/basic_comms/lib/basic_comms
[1.758s] Installing talker script to /root/ros2_frws/install/basic_comms/lib/basic_comms
[1.758s] writing list of installed files to '/root/ros2_frws/build/basic_comms/install.log'
[1.832s] Invoked command in '/root/ros2_frws/src/basic_comms' returned '0': PYTHONPATH=/root/ros2_frws/build/basic_comms/prefix_override:/root/ros2_frws/install/basic_comms/lib/python3.10/site-packages:${PYTHONPATH} /usr/bin/python3 setup.py egg_info --egg-base ../../build/basic_comms build --build-base /root/ros2_frws/build/basic_comms/build install --record /root/ros2_frws/build/basic_comms/install.log --single-version-externally-managed
