[1.213s] Invoking command in '/root/ros2_frws/src/course_works': PYTHONPATH=/root/ros2_frws/build/course_works/prefix_override:/root/ros2_frws/install/course_works/lib/python3.10/site-packages:${PYTHONPATH} /usr/bin/python3 setup.py egg_info --egg-base ../../build/course_works build --build-base /root/ros2_frws/build/course_works/build install --record /root/ros2_frws/build/course_works/install.log --single-version-externally-managed
[1.428s] running egg_info
[1.442s] writing ../../build/course_works/course_works.egg-info/PKG-INFO
[1.442s] writing dependency_links to ../../build/course_works/course_works.egg-info/dependency_links.txt
[1.443s] writing entry points to ../../build/course_works/course_works.egg-info/entry_points.txt
[1.443s] writing requirements to ../../build/course_works/course_works.egg-info/requires.txt
[1.443s] writing top-level names to ../../build/course_works/course_works.egg-info/top_level.txt
[1.473s] reading manifest file '../../build/course_works/course_works.egg-info/SOURCES.txt'
[1.473s] adding license file 'LICENSE'
[1.474s] writing manifest file '../../build/course_works/course_works.egg-info/SOURCES.txt'
[1.474s] running build
[1.474s] running build_py
[1.474s] copying course_works/process_node.py -> /root/ros2_frws/build/course_works/build/lib/course_works
[1.475s] running install
[1.475s] /root/.local/lib/python3.10/site-packages/setuptools/_distutils/cmd.py:66: SetuptoolsDeprecationWarning: setup.py install is deprecated.
[1.475s] !!
[1.475s] 
[1.475s]         ********************************************************************************
[1.475s]         Please avoid running ``setup.py`` directly.
[1.475s]         Instead, use pypa/build, pypa/installer or other
[1.475s]         standards-based tools.
[1.476s] 
[1.476s]         See https://blog.ganssle.io/articles/2021/10/setup-py-deprecated.html for details.
[1.476s]         ********************************************************************************
[1.476s] 
[1.476s] !!
[1.476s]   self.initialize_options()
[1.481s] running install_lib
[1.495s] copying /root/ros2_frws/build/course_works/build/lib/course_works/process_node.py -> /root/ros2_frws/install/course_works/lib/python3.10/site-packages/course_works
[1.495s] byte-compiling /root/ros2_frws/install/course_works/lib/python3.10/site-packages/course_works/process_node.py to process_node.cpython-310.pyc
[1.497s] running install_data
[1.510s] running install_egg_info
[1.523s] removing '/root/ros2_frws/install/course_works/lib/python3.10/site-packages/course_works-0.0.0-py3.10.egg-info' (and everything under it)
[1.523s] Copying ../../build/course_works/course_works.egg-info to /root/ros2_frws/install/course_works/lib/python3.10/site-packages/course_works-0.0.0-py3.10.egg-info
[1.525s] running install_scripts
[1.654s] Installing process_node script to /root/ros2_frws/install/course_works/lib/course_works
[1.655s] Installing signal_generator script to /root/ros2_frws/install/course_works/lib/course_works
[1.657s] writing list of installed files to '/root/ros2_frws/build/course_works/install.log'
[1.688s] Invoked command in '/root/ros2_frws/src/course_works' returned '0': PYTHONPATH=/root/ros2_frws/build/course_works/prefix_override:/root/ros2_frws/install/course_works/lib/python3.10/site-packages:${PYTHONPATH} /usr/bin/python3 setup.py egg_info --egg-base ../../build/course_works build --build-base /root/ros2_frws/build/course_works/build install --record /root/ros2_frws/build/course_works/install.log --single-version-externally-managed
