[2.992s] Invoking command in '/root/ros2_frws/src/basic_comms_param': PYTHONPATH=/root/ros2_frws/build/basic_comms_param/prefix_override:/root/ros2_frws/install/basic_comms_param/lib/python3.10/site-packages:${PYTHONPATH} /usr/bin/python3 setup.py egg_info --egg-base ../../build/basic_comms_param build --build-base /root/ros2_frws/build/basic_comms_param/build install --record /root/ros2_frws/build/basic_comms_param/install.log --single-version-externally-managed
[3.512s] running egg_info
[3.553s] writing ../../build/basic_comms_param/basic_comms_param.egg-info/PKG-INFO
[3.554s] writing dependency_links to ../../build/basic_comms_param/basic_comms_param.egg-info/dependency_links.txt
[3.555s] writing entry points to ../../build/basic_comms_param/basic_comms_param.egg-info/entry_points.txt
[3.555s] writing requirements to ../../build/basic_comms_param/basic_comms_param.egg-info/requires.txt
[3.555s] writing top-level names to ../../build/basic_comms_param/basic_comms_param.egg-info/top_level.txt
[3.637s] reading manifest file '../../build/basic_comms_param/basic_comms_param.egg-info/SOURCES.txt'
[3.638s] adding license file 'LICENSE'
[3.638s] writing manifest file '../../build/basic_comms_param/basic_comms_param.egg-info/SOURCES.txt'
[3.639s] running build
[3.639s] running build_py
[3.641s] running install
[3.641s] /root/.local/lib/python3.10/site-packages/setuptools/_distutils/cmd.py:66: SetuptoolsDeprecationWarning: setup.py install is deprecated.
[3.641s] !!
[3.641s] 
[3.642s]         ********************************************************************************
[3.642s]         Please avoid running ``setup.py`` directly.
[3.642s]         Instead, use pypa/build, pypa/installer or other
[3.642s]         standards-based tools.
[3.642s] 
[3.643s]         See https://blog.ganssle.io/articles/2021/10/setup-py-deprecated.html for details.
[3.643s]         ********************************************************************************
[3.643s] 
[3.643s] !!
[3.643s]   self.initialize_options()
[3.654s] running install_lib
[3.692s] running install_data
[3.727s] running install_egg_info
[3.763s] removing '/root/ros2_frws/install/basic_comms_param/lib/python3.10/site-packages/basic_comms_param-0.0.0-py3.10.egg-info' (and everything under it)
[3.765s] Copying ../../build/basic_comms_param/basic_comms_param.egg-info to /root/ros2_frws/install/basic_comms_param/lib/python3.10/site-packages/basic_comms_param-0.0.0-py3.10.egg-info
[3.767s] running install_scripts
[4.089s] Installing talker_params script to /root/ros2_frws/install/basic_comms_param/lib/basic_comms_param
[4.089s] writing list of installed files to '/root/ros2_frws/build/basic_comms_param/install.log'
[4.416s] Invoked command in '/root/ros2_frws/src/basic_comms_param' returned '0': PYTHONPATH=/root/ros2_frws/build/basic_comms_param/prefix_override:/root/ros2_frws/install/basic_comms_param/lib/python3.10/site-packages:${PYTHONPATH} /usr/bin/python3 setup.py egg_info --egg-base ../../build/basic_comms_param build --build-base /root/ros2_frws/build/basic_comms_param/build install --record /root/ros2_frws/build/basic_comms_param/install.log --single-version-externally-managed
