[1.130s] Invoking command in '/root/ros2_frws/src/course_works': PYTHONPATH=/root/ros2_frws/build/course_works/prefix_override:/root/ros2_frws/install/course_works/lib/python3.10/site-packages:${PYTHONPATH} /usr/bin/python3 setup.py egg_info --egg-base ../../build/course_works build --build-base /root/ros2_frws/build/course_works/build install --record /root/ros2_frws/build/course_works/install.log --single-version-externally-managed
[1.331s] running egg_info
[1.344s] writing ../../build/course_works/course_works.egg-info/PKG-INFO
[1.347s] writing dependency_links to ../../build/course_works/course_works.egg-info/dependency_links.txt
[1.347s] writing entry points to ../../build/course_works/course_works.egg-info/entry_points.txt
[1.348s] writing requirements to ../../build/course_works/course_works.egg-info/requires.txt
[1.348s] writing top-level names to ../../build/course_works/course_works.egg-info/top_level.txt
[1.375s] reading manifest file '../../build/course_works/course_works.egg-info/SOURCES.txt'
[1.375s] adding license file 'LICENSE'
[1.376s] writing manifest file '../../build/course_works/course_works.egg-info/SOURCES.txt'
[1.376s] running build
[1.376s] running build_py
[1.377s] running install
[1.377s] /root/.local/lib/python3.10/site-packages/setuptools/_distutils/cmd.py:66: SetuptoolsDeprecationWarning: setup.py install is deprecated.
[1.377s] !!
[1.377s] 
[1.377s]         ********************************************************************************
[1.377s]         Please avoid running ``setup.py`` directly.
[1.377s]         Instead, use pypa/build, pypa/installer or other
[1.377s]         standards-based tools.
[1.377s] 
[1.377s]         See https://blog.ganssle.io/articles/2021/10/setup-py-deprecated.html for details.
[1.377s]         ********************************************************************************
[1.377s] 
[1.377s] !!
[1.378s]   self.initialize_options()
[1.383s] running install_lib
[1.398s] running install_data
[1.410s] running install_egg_info
[1.423s] removing '/root/ros2_frws/install/course_works/lib/python3.10/site-packages/course_works-0.0.0-py3.10.egg-info' (and everything under it)
[1.423s] Copying ../../build/course_works/course_works.egg-info to /root/ros2_frws/install/course_works/lib/python3.10/site-packages/course_works-0.0.0-py3.10.egg-info
[1.426s] running install_scripts
[1.551s] Installing process_node script to /root/ros2_frws/install/course_works/lib/course_works
[1.551s] Installing signal_generator script to /root/ros2_frws/install/course_works/lib/course_works
[1.551s] writing list of installed files to '/root/ros2_frws/build/course_works/install.log'
[1.580s] Invoked command in '/root/ros2_frws/src/course_works' returned '0': PYTHONPATH=/root/ros2_frws/build/course_works/prefix_override:/root/ros2_frws/install/course_works/lib/python3.10/site-packages:${PYTHONPATH} /usr/bin/python3 setup.py egg_info --egg-base ../../build/course_works build --build-base /root/ros2_frws/build/course_works/build install --record /root/ros2_frws/build/course_works/install.log --single-version-externally-managed
