running egg_info
writing ../../build/course_works/course_works.egg-info/PKG-INFO
writing dependency_links to ../../build/course_works/course_works.egg-info/dependency_links.txt
writing entry points to ../../build/course_works/course_works.egg-info/entry_points.txt
writing requirements to ../../build/course_works/course_works.egg-info/requires.txt
writing top-level names to ../../build/course_works/course_works.egg-info/top_level.txt
reading manifest file '../../build/course_works/course_works.egg-info/SOURCES.txt'
adding license file 'LICENSE'
writing manifest file '../../build/course_works/course_works.egg-info/SOURCES.txt'
running build
running build_py
/root/.local/lib/python3.10/site-packages/setuptools/_distutils/cmd.py:66: SetuptoolsDeprecationWarning: setup.py install is deprecated.
!!

        ********************************************************************************
        Please avoid running ``setup.py`` directly.
        Instead, use pypa/build, pypa/installer or other
        standards-based tools.

        See https://blog.ganssle.io/articles/2021/10/setup-py-deprecated.html for details.
        ********************************************************************************

!!
  self.initialize_options()
copying course_works/process.py -> /root/ros2_frws/build/course_works/build/lib/course_works
running install
running install_lib
copying /root/ros2_frws/build/course_works/build/lib/course_works/process.py -> /root/ros2_frws/install/course_works/lib/python3.10/site-packages/course_works
byte-compiling /root/ros2_frws/install/course_works/lib/python3.10/site-packages/course_works/process.py to process.cpython-310.pyc
running install_data
running install_egg_info
removing '/root/ros2_frws/install/course_works/lib/python3.10/site-packages/course_works-0.0.0-py3.10.egg-info' (and everything under it)
Copying ../../build/course_works/course_works.egg-info to /root/ros2_frws/install/course_works/lib/python3.10/site-packages/course_works-0.0.0-py3.10.egg-info
running install_scripts
Installing processed_signal script to /root/ros2_frws/install/course_works/lib/course_works
Installing signal_generator script to /root/ros2_frws/install/course_works/lib/course_works
writing list of installed files to '/root/ros2_frws/build/course_works/install.log'
