[1.214s] Invoking command in '/root/ros2_frws/src/course_works': PYTHONPATH=/root/ros2_frws/build/course_works/prefix_override:/root/ros2_frws/install/course_works/lib/python3.10/site-packages:${PYTHONPATH} /usr/bin/python3 setup.py egg_info --egg-base ../../build/course_works build --build-base /root/ros2_frws/build/course_works/build install --record /root/ros2_frws/build/course_works/install.log --single-version-externally-managed
[1.436s] running egg_info
[1.452s] writing ../../build/course_works/course_works.egg-info/PKG-INFO
[1.454s] writing dependency_links to ../../build/course_works/course_works.egg-info/dependency_links.txt
[1.454s] writing entry points to ../../build/course_works/course_works.egg-info/entry_points.txt
[1.454s] writing requirements to ../../build/course_works/course_works.egg-info/requires.txt
[1.454s] writing top-level names to ../../build/course_works/course_works.egg-info/top_level.txt
[1.486s] reading manifest file '../../build/course_works/course_works.egg-info/SOURCES.txt'
[1.486s] adding license file 'LICENSE'
[1.487s] writing manifest file '../../build/course_works/course_works.egg-info/SOURCES.txt'
[1.488s] running build
[1.488s] running build_py
[1.490s] /root/.local/lib/python3.10/site-packages/setuptools/_distutils/cmd.py:66: SetuptoolsDeprecationWarning: setup.py install is deprecated.
[1.490s] !!
[1.490s] 
[1.490s]         ********************************************************************************
[1.490s]         Please avoid running ``setup.py`` directly.
[1.490s]         Instead, use pypa/build, pypa/installer or other
[1.490s]         standards-based tools.
[1.490s] 
[1.490s]         See https://blog.ganssle.io/articles/2021/10/setup-py-deprecated.html for details.
[1.490s]         ********************************************************************************
[1.490s] 
[1.490s] !!
[1.490s]   self.initialize_options()
[1.490s] copying course_works/process.py -> /root/ros2_frws/build/course_works/build/lib/course_works
[1.490s] running install
[1.495s] running install_lib
[1.509s] copying /root/ros2_frws/build/course_works/build/lib/course_works/process.py -> /root/ros2_frws/install/course_works/lib/python3.10/site-packages/course_works
[1.509s] byte-compiling /root/ros2_frws/install/course_works/lib/python3.10/site-packages/course_works/process.py to process.cpython-310.pyc
[1.511s] running install_data
[1.524s] running install_egg_info
[1.541s] removing '/root/ros2_frws/install/course_works/lib/python3.10/site-packages/course_works-0.0.0-py3.10.egg-info' (and everything under it)
[1.541s] Copying ../../build/course_works/course_works.egg-info to /root/ros2_frws/install/course_works/lib/python3.10/site-packages/course_works-0.0.0-py3.10.egg-info
[1.543s] running install_scripts
[1.702s] Installing processed_signal script to /root/ros2_frws/install/course_works/lib/course_works
[1.702s] Installing signal_generator script to /root/ros2_frws/install/course_works/lib/course_works
[1.703s] writing list of installed files to '/root/ros2_frws/build/course_works/install.log'
[1.737s] Invoked command in '/root/ros2_frws/src/course_works' returned '0': PYTHONPATH=/root/ros2_frws/build/course_works/prefix_override:/root/ros2_frws/install/course_works/lib/python3.10/site-packages:${PYTHONPATH} /usr/bin/python3 setup.py egg_info --egg-base ../../build/course_works build --build-base /root/ros2_frws/build/course_works/build install --record /root/ros2_frws/build/course_works/install.log --single-version-externally-managed
