[0.061s] Invoking command in '/root/ros2_frws/build/xarm_controller': CMAKE_PREFIX_PATH=/root/ros2_frws/install/xarm_api:/root/ros2_frws/install/xarm_sdk:/root/ros2_frws/install/xarm_msgs:/root/ros2_frws/install/xarm_description:/root/ros2_frws/install/xarm_planner:/root/ros2_frws/install/xarm_moveit_servo:/root/ros2_frws/install/xarm_moveit_config:/root/ros2_frws/install/xarm_gazebo:/root/ros2_frws/install/xarm_controller:/root/ros2_frws/install/tutorial_interfaces:/root/ros2_frws/install/realsense_gazebo_plugin:/root/ros2_frws/install/my_msg_interfaces:/root/ros2_frws/install/moveit_resources_prbt_support:/root/ros2_frws/install/moveit_resources:/root/ros2_frws/install/moveit_resources_pr2_description:/root/ros2_frws/install/moveit_resources_panda_moveit_config:/root/ros2_frws/install/moveit_resources_panda_description:/root/ros2_frws/install/moveit_resources_fanuc_moveit_config:/root/ros2_frws/install/moveit_resources_fanuc_description:/root/ros2_frws/install/moveit_common:/root/ros2_frws/install/challenge_2:/root/ros2_frws/install/moveit_configs_utils:/root/ros2_frws/install/course_works:/root/ros2_frws/install/basic_comms_params:/root/ros2_frws/install/basic_comms_param:/root/ros2_frws/install/basic_comms:/opt/ros/humble LD_LIBRARY_PATH=/root/ros2_frws/install/xarm_api/lib:/root/ros2_frws/install/xarm_sdk/lib:/root/ros2_frws/install/xarm_msgs/lib:/root/ros2_frws/install/xarm_planner/lib:/root/ros2_frws/install/xarm_moveit_servo/lib:/root/ros2_frws/install/xarm_gazebo/lib:/root/ros2_frws/install/xarm_controller/lib:/root/ros2_frws/install/realsense_gazebo_plugin/lib:/root/ros2_frws/install/my_msg_interfaces/lib:/usr/lib/x86_64-linux-gnu/gazebo-11/plugins:/opt/ros/humble/opt/rviz_ogre_vendor/lib:/opt/ros/humble/lib/x86_64-linux-gnu:/opt/ros/humble/lib /usr/bin/cmake --build /root/ros2_frws/build/xarm_controller -- -j16 -l16
[0.110s] [100%] Built target uf_robot_hardware
[0.121s] Invoked command in '/root/ros2_frws/build/xarm_controller' returned '0': CMAKE_PREFIX_PATH=/root/ros2_frws/install/xarm_api:/root/ros2_frws/install/xarm_sdk:/root/ros2_frws/install/xarm_msgs:/root/ros2_frws/install/xarm_description:/root/ros2_frws/install/xarm_planner:/root/ros2_frws/install/xarm_moveit_servo:/root/ros2_frws/install/xarm_moveit_config:/root/ros2_frws/install/xarm_gazebo:/root/ros2_frws/install/xarm_controller:/root/ros2_frws/install/tutorial_interfaces:/root/ros2_frws/install/realsense_gazebo_plugin:/root/ros2_frws/install/my_msg_interfaces:/root/ros2_frws/install/moveit_resources_prbt_support:/root/ros2_frws/install/moveit_resources:/root/ros2_frws/install/moveit_resources_pr2_description:/root/ros2_frws/install/moveit_resources_panda_moveit_config:/root/ros2_frws/install/moveit_resources_panda_description:/root/ros2_frws/install/moveit_resources_fanuc_moveit_config:/root/ros2_frws/install/moveit_resources_fanuc_description:/root/ros2_frws/install/moveit_common:/root/ros2_frws/install/challenge_2:/root/ros2_frws/install/moveit_configs_utils:/root/ros2_frws/install/course_works:/root/ros2_frws/install/basic_comms_params:/root/ros2_frws/install/basic_comms_param:/root/ros2_frws/install/basic_comms:/opt/ros/humble LD_LIBRARY_PATH=/root/ros2_frws/install/xarm_api/lib:/root/ros2_frws/install/xarm_sdk/lib:/root/ros2_frws/install/xarm_msgs/lib:/root/ros2_frws/install/xarm_planner/lib:/root/ros2_frws/install/xarm_moveit_servo/lib:/root/ros2_frws/install/xarm_gazebo/lib:/root/ros2_frws/install/xarm_controller/lib:/root/ros2_frws/install/realsense_gazebo_plugin/lib:/root/ros2_frws/install/my_msg_interfaces/lib:/usr/lib/x86_64-linux-gnu/gazebo-11/plugins:/opt/ros/humble/opt/rviz_ogre_vendor/lib:/opt/ros/humble/lib/x86_64-linux-gnu:/opt/ros/humble/lib /usr/bin/cmake --build /root/ros2_frws/build/xarm_controller -- -j16 -l16
[0.143s] Invoking command in '/root/ros2_frws/build/xarm_controller': CMAKE_PREFIX_PATH=/root/ros2_frws/install/xarm_api:/root/ros2_frws/install/xarm_sdk:/root/ros2_frws/install/xarm_msgs:/root/ros2_frws/install/xarm_description:/root/ros2_frws/install/xarm_planner:/root/ros2_frws/install/xarm_moveit_servo:/root/ros2_frws/install/xarm_moveit_config:/root/ros2_frws/install/xarm_gazebo:/root/ros2_frws/install/xarm_controller:/root/ros2_frws/install/tutorial_interfaces:/root/ros2_frws/install/realsense_gazebo_plugin:/root/ros2_frws/install/my_msg_interfaces:/root/ros2_frws/install/moveit_resources_prbt_support:/root/ros2_frws/install/moveit_resources:/root/ros2_frws/install/moveit_resources_pr2_description:/root/ros2_frws/install/moveit_resources_panda_moveit_config:/root/ros2_frws/install/moveit_resources_panda_description:/root/ros2_frws/install/moveit_resources_fanuc_moveit_config:/root/ros2_frws/install/moveit_resources_fanuc_description:/root/ros2_frws/install/moveit_common:/root/ros2_frws/install/challenge_2:/root/ros2_frws/install/moveit_configs_utils:/root/ros2_frws/install/course_works:/root/ros2_frws/install/basic_comms_params:/root/ros2_frws/install/basic_comms_param:/root/ros2_frws/install/basic_comms:/opt/ros/humble LD_LIBRARY_PATH=/root/ros2_frws/install/xarm_api/lib:/root/ros2_frws/install/xarm_sdk/lib:/root/ros2_frws/install/xarm_msgs/lib:/root/ros2_frws/install/xarm_planner/lib:/root/ros2_frws/install/xarm_moveit_servo/lib:/root/ros2_frws/install/xarm_gazebo/lib:/root/ros2_frws/install/xarm_controller/lib:/root/ros2_frws/install/realsense_gazebo_plugin/lib:/root/ros2_frws/install/my_msg_interfaces/lib:/usr/lib/x86_64-linux-gnu/gazebo-11/plugins:/opt/ros/humble/opt/rviz_ogre_vendor/lib:/opt/ros/humble/lib/x86_64-linux-gnu:/opt/ros/humble/lib /usr/bin/cmake --install /root/ros2_frws/build/xarm_controller
[0.149s] -- Install configuration: ""
[0.149s] -- Up-to-date: /root/ros2_frws/install/xarm_controller/share/xarm_controller/uf_hardware_interface_plugins.xml
[0.149s] -- Up-to-date: /root/ros2_frws/install/xarm_controller/include
[0.149s] -- Up-to-date: /root/ros2_frws/install/xarm_controller/include/xarm_controller
[0.150s] -- Up-to-date: /root/ros2_frws/install/xarm_controller/include/xarm_controller/hardware
[0.150s] -- Up-to-date: /root/ros2_frws/install/xarm_controller/include/xarm_controller/hardware/uf_robot_system_hardware.h
[0.150s] -- Up-to-date: /root/ros2_frws/install/xarm_controller/include/xarm_controller/hardware/uf_robot_fake_system_hardware.h
[0.150s] -- Up-to-date: /root/ros2_frws/install/xarm_controller/lib/libuf_robot_hardware.so
[0.150s] -- Up-to-date: /root/ros2_frws/install/xarm_controller/share/xarm_controller//launch
[0.150s] -- Up-to-date: /root/ros2_frws/install/xarm_controller/share/xarm_controller//launch/_ros2_control.launch.py
[0.150s] -- Up-to-date: /root/ros2_frws/install/xarm_controller/share/xarm_controller//launch/uf850_control_rviz_display.launch.py
[0.150s] -- Up-to-date: /root/ros2_frws/install/xarm_controller/share/xarm_controller//launch/_robot_ros2_control.launch.py
[0.151s] -- Up-to-date: /root/ros2_frws/install/xarm_controller/share/xarm_controller//launch/lib
[0.151s] -- Up-to-date: /root/ros2_frws/install/xarm_controller/share/xarm_controller//launch/lib/robot_controller_lib.py
[0.151s] -- Up-to-date: /root/ros2_frws/install/xarm_controller/share/xarm_controller//launch/xarm7_mirror_control_rviz_display.launch.py
[0.151s] -- Up-to-date: /root/ros2_frws/install/xarm_controller/share/xarm_controller//launch/_dual_ros2_control.launch.py
[0.151s] -- Up-to-date: /root/ros2_frws/install/xarm_controller/share/xarm_controller//launch/xarm7_control_rviz_display.launch.py
[0.151s] -- Up-to-date: /root/ros2_frws/install/xarm_controller/share/xarm_controller//launch/xarm6_control_rviz_display.launch.py
[0.151s] -- Up-to-date: /root/ros2_frws/install/xarm_controller/share/xarm_controller//launch/lite6_control_rviz_display.launch.py
[0.151s] -- Up-to-date: /root/ros2_frws/install/xarm_controller/share/xarm_controller//launch/xarm5_control_rviz_display.launch.py
[0.151s] -- Up-to-date: /root/ros2_frws/install/xarm_controller/share/xarm_controller//config
[0.151s] -- Up-to-date: /root/ros2_frws/install/xarm_controller/share/xarm_controller//config/uf850_gripper_controllers.yaml
[0.151s] -- Up-to-date: /root/ros2_frws/install/xarm_controller/share/xarm_controller//config/xarm7_controllers.yaml
[0.151s] -- Up-to-date: /root/ros2_frws/install/xarm_controller/share/xarm_controller//config/xarm6_controllers.yaml
[0.151s] -- Up-to-date: /root/ros2_frws/install/xarm_controller/share/xarm_controller//config/xarm7_mirror_gripper_controllers.yaml
[0.152s] -- Up-to-date: /root/ros2_frws/install/xarm_controller/share/xarm_controller//config/bio_gripper_controllers.yaml
[0.152s] -- Up-to-date: /root/ros2_frws/install/xarm_controller/share/xarm_controller//config/uf850_controllers.yaml
[0.152s] -- Up-to-date: /root/ros2_frws/install/xarm_controller/share/xarm_controller//config/lite6_controllers.yaml
[0.152s] -- Up-to-date: /root/ros2_frws/install/xarm_controller/share/xarm_controller//config/xarm7_mirror_controllers.yaml
[0.152s] -- Up-to-date: /root/ros2_frws/install/xarm_controller/share/xarm_controller//config/xarm5_controllers.yaml
[0.152s] -- Up-to-date: /root/ros2_frws/install/xarm_controller/share/xarm_controller//config/xarm_gripper_controllers.yaml
[0.152s] -- Up-to-date: /root/ros2_frws/install/xarm_controller/share/xarm_controller/environment/library_path.sh
[0.152s] -- Up-to-date: /root/ros2_frws/install/xarm_controller/share/xarm_controller/environment/library_path.dsv
[0.152s] -- Up-to-date: /root/ros2_frws/install/xarm_controller/share/ament_index/resource_index/package_run_dependencies/xarm_controller
[0.152s] -- Up-to-date: /root/ros2_frws/install/xarm_controller/share/ament_index/resource_index/parent_prefix_path/xarm_controller
[0.152s] -- Up-to-date: /root/ros2_frws/install/xarm_controller/share/xarm_controller/environment/ament_prefix_path.sh
[0.152s] -- Up-to-date: /root/ros2_frws/install/xarm_controller/share/xarm_controller/environment/ament_prefix_path.dsv
[0.153s] -- Up-to-date: /root/ros2_frws/install/xarm_controller/share/xarm_controller/environment/path.sh
[0.153s] -- Up-to-date: /root/ros2_frws/install/xarm_controller/share/xarm_controller/environment/path.dsv
[0.153s] -- Up-to-date: /root/ros2_frws/install/xarm_controller/share/xarm_controller/local_setup.bash
[0.153s] -- Up-to-date: /root/ros2_frws/install/xarm_controller/share/xarm_controller/local_setup.sh
[0.153s] -- Up-to-date: /root/ros2_frws/install/xarm_controller/share/xarm_controller/local_setup.zsh
[0.153s] -- Up-to-date: /root/ros2_frws/install/xarm_controller/share/xarm_controller/local_setup.dsv
[0.153s] -- Installing: /root/ros2_frws/install/xarm_controller/share/xarm_controller/package.dsv
[0.153s] -- Up-to-date: /root/ros2_frws/install/xarm_controller/share/ament_index/resource_index/packages/xarm_controller
[0.154s] -- Up-to-date: /root/ros2_frws/install/xarm_controller/share/ament_index/resource_index/hardware_interface__pluginlib__plugin/xarm_controller
[0.154s] -- Up-to-date: /root/ros2_frws/install/xarm_controller/share/xarm_controller/cmake/ament_cmake_export_include_directories-extras.cmake
[0.154s] -- Up-to-date: /root/ros2_frws/install/xarm_controller/share/xarm_controller/cmake/ament_cmake_export_libraries-extras.cmake
[0.154s] -- Up-to-date: /root/ros2_frws/install/xarm_controller/share/xarm_controller/cmake/ament_cmake_export_dependencies-extras.cmake
[0.154s] -- Up-to-date: /root/ros2_frws/install/xarm_controller/share/xarm_controller/cmake/xarm_controllerConfig.cmake
[0.154s] -- Up-to-date: /root/ros2_frws/install/xarm_controller/share/xarm_controller/cmake/xarm_controllerConfig-version.cmake
[0.154s] -- Up-to-date: /root/ros2_frws/install/xarm_controller/share/xarm_controller/package.xml
[0.155s] Invoked command in '/root/ros2_frws/build/xarm_controller' returned '0': CMAKE_PREFIX_PATH=/root/ros2_frws/install/xarm_api:/root/ros2_frws/install/xarm_sdk:/root/ros2_frws/install/xarm_msgs:/root/ros2_frws/install/xarm_description:/root/ros2_frws/install/xarm_planner:/root/ros2_frws/install/xarm_moveit_servo:/root/ros2_frws/install/xarm_moveit_config:/root/ros2_frws/install/xarm_gazebo:/root/ros2_frws/install/xarm_controller:/root/ros2_frws/install/tutorial_interfaces:/root/ros2_frws/install/realsense_gazebo_plugin:/root/ros2_frws/install/my_msg_interfaces:/root/ros2_frws/install/moveit_resources_prbt_support:/root/ros2_frws/install/moveit_resources:/root/ros2_frws/install/moveit_resources_pr2_description:/root/ros2_frws/install/moveit_resources_panda_moveit_config:/root/ros2_frws/install/moveit_resources_panda_description:/root/ros2_frws/install/moveit_resources_fanuc_moveit_config:/root/ros2_frws/install/moveit_resources_fanuc_description:/root/ros2_frws/install/moveit_common:/root/ros2_frws/install/challenge_2:/root/ros2_frws/install/moveit_configs_utils:/root/ros2_frws/install/course_works:/root/ros2_frws/install/basic_comms_params:/root/ros2_frws/install/basic_comms_param:/root/ros2_frws/install/basic_comms:/opt/ros/humble LD_LIBRARY_PATH=/root/ros2_frws/install/xarm_api/lib:/root/ros2_frws/install/xarm_sdk/lib:/root/ros2_frws/install/xarm_msgs/lib:/root/ros2_frws/install/xarm_planner/lib:/root/ros2_frws/install/xarm_moveit_servo/lib:/root/ros2_frws/install/xarm_gazebo/lib:/root/ros2_frws/install/xarm_controller/lib:/root/ros2_frws/install/realsense_gazebo_plugin/lib:/root/ros2_frws/install/my_msg_interfaces/lib:/usr/lib/x86_64-linux-gnu/gazebo-11/plugins:/opt/ros/humble/opt/rviz_ogre_vendor/lib:/opt/ros/humble/lib/x86_64-linux-gnu:/opt/ros/humble/lib /usr/bin/cmake --install /root/ros2_frws/build/xarm_controller
