[2.234s] Invoking command in '/root/ros2_frws/src/course_works': PYTHONPATH=/root/ros2_frws/build/course_works/prefix_override:/root/ros2_frws/install/course_works/lib/python3.10/site-packages:${PYTHONPATH} /usr/bin/python3 setup.py egg_info --egg-base ../../build/course_works build --build-base /root/ros2_frws/build/course_works/build install --record /root/ros2_frws/build/course_works/install.log --single-version-externally-managed
[2.526s] running egg_info
[2.549s] writing ../../build/course_works/course_works.egg-info/PKG-INFO
[2.550s] writing dependency_links to ../../build/course_works/course_works.egg-info/dependency_links.txt
[2.550s] writing entry points to ../../build/course_works/course_works.egg-info/entry_points.txt
[2.551s] writing requirements to ../../build/course_works/course_works.egg-info/requires.txt
[2.551s] writing top-level names to ../../build/course_works/course_works.egg-info/top_level.txt
[2.587s] reading manifest file '../../build/course_works/course_works.egg-info/SOURCES.txt'
[2.587s] adding license file 'LICENSE'
[2.588s] writing manifest file '../../build/course_works/course_works.egg-info/SOURCES.txt'
[2.588s] running build
[2.589s] running build_py
[2.589s] running install
[2.590s] /root/.local/lib/python3.10/site-packages/setuptools/_distutils/cmd.py:66: SetuptoolsDeprecationWarning: setup.py install is deprecated.
[2.590s] !!
[2.590s] 
[2.590s]         ********************************************************************************
[2.590s]         Please avoid running ``setup.py`` directly.
[2.591s]         Instead, use pypa/build, pypa/installer or other
[2.591s]         standards-based tools.
[2.591s] 
[2.591s]         See https://blog.ganssle.io/articles/2021/10/setup-py-deprecated.html for details.
[2.591s]         ********************************************************************************
[2.591s] 
[2.591s] !!
[2.591s]   self.initialize_options()
[2.597s] running install_lib
[2.616s] running install_data
[2.638s] running install_egg_info
[2.661s] removing '/root/ros2_frws/install/course_works/lib/python3.10/site-packages/course_works-0.0.0-py3.10.egg-info' (and everything under it)
[2.661s] Copying ../../build/course_works/course_works.egg-info to /root/ros2_frws/install/course_works/lib/python3.10/site-packages/course_works-0.0.0-py3.10.egg-info
[2.663s] running install_scripts
[2.854s] Installing process_node script to /root/ros2_frws/install/course_works/lib/course_works
[2.855s] Installing signal_generator script to /root/ros2_frws/install/course_works/lib/course_works
[2.856s] writing list of installed files to '/root/ros2_frws/build/course_works/install.log'
[3.049s] Invoked command in '/root/ros2_frws/src/course_works' returned '0': PYTHONPATH=/root/ros2_frws/build/course_works/prefix_override:/root/ros2_frws/install/course_works/lib/python3.10/site-packages:${PYTHONPATH} /usr/bin/python3 setup.py egg_info --egg-base ../../build/course_works build --build-base /root/ros2_frws/build/course_works/build install --record /root/ros2_frws/build/course_works/install.log --single-version-externally-managed
