-- Found ament_cmake: 1.3.8 (/opt/ros/humble/share/ament_cmake/cmake)
-- Found rosidl_default_generators: 1.2.0 (/opt/ros/humble/share/rosidl_default_generators/cmake)
-- Using all available rosidl_typesupport_c: rosidl_typesupport_fastrtps_c;rosidl_typesupport_introspection_c
-- Found rosidl_adapter: 3.1.5 (/opt/ros/humble/share/rosidl_adapter/cmake)
-- Using all available rosidl_typesupport_cpp: rosidl_typesupport_fastrtps_cpp;rosidl_typesupport_introspection_cpp
-- Found ament_cmake_ros: 0.10.0 (/opt/ros/humble/share/ament_cmake_ros/cmake)
-- Using all available rosidl_typesupport_c: rosidl_typesupport_fastrtps_c;rosidl_typesupport_introspection_c
-- Using all available rosidl_typesupport_cpp: rosidl_typesupport_fastrtps_cpp;rosidl_typesupport_introspection_cpp
-- Found python_cmake_module: 0.10.0 (/opt/ros/humble/share/python_cmake_module/cmake)
-- Using PYTHON_EXECUTABLE: /usr/bin/python3
-- Using PYTHON_INCLUDE_DIRS: /usr/include/python3.10
-- Using PYTHON_LIBRARIES: /usr/lib/x86_64-linux-gnu/libpython3.10.so
-- Configuring done
-- Generating done
-- Build files have been written to: /root/ros2_frws/build/my_msg_interfaces
[  3%] [34m[1mGenerating C code for ROS interfaces[0m
[  6%] [34m[1mGenerating C++ code for ROS interfaces[0m
[  6%] Built target ament_cmake_python_copy_my_msg_interfaces
running egg_info
writing my_msg_interfaces.egg-info/PKG-INFO
writing dependency_links to my_msg_interfaces.egg-info/dependency_links.txt
writing top-level names to my_msg_interfaces.egg-info/top_level.txt
[35m[1mConsolidate compiler generated dependencies of target my_msg_interfaces__rosidl_generator_c[0m
[  6%] Built target my_msg_interfaces__cpp
[  9%] [32mBuilding C object CMakeFiles/my_msg_interfaces__rosidl_generator_c.dir/rosidl_generator_c/my_msg_interfaces/msg/detail/my_parameter__functions.c.o[0m
[ 12%] [34m[1mGenerating C++ type support for eProsima Fast-RTPS[0m
[ 16%] [34m[1mGenerating C++ type support dispatch for ROS interfaces[0m
[ 19%] [34m[1mGenerating C++ introspection for ROS interfaces[0m
reading manifest file 'my_msg_interfaces.egg-info/SOURCES.txt'
writing manifest file 'my_msg_interfaces.egg-info/SOURCES.txt'
In file included from [01m[K/root/ros2_frws/build/my_msg_interfaces/rosidl_generator_c/my_msg_interfaces/msg/detail/my_parameter__functions.h:19[m[K,
                 from [01m[K/root/ros2_frws/build/my_msg_interfaces/rosidl_generator_c/my_msg_interfaces/msg/detail/my_parameter__functions.c:4[m[K:
[01m[K/root/ros2_frws/build/my_msg_interfaces/rosidl_generator_c/my_msg_interfaces/msg/detail/my_parameter__struct.h:28:10:[m[K [01;31m[Kfatal error: [m[Kmy_msg_interfaces/msg/detail/float32__struct.h: No such file or directory
   28 | #include [01;31m[K"my_msg_interfaces/msg/detail/float32__struct.h"[m[K
      |          [01;31m[K^~~~~~~~~~~~~~~~~~~~~~~~~~~~~~~~~~~~~~~~~~~~~~~~[m[K
compilation terminated.
gmake[2]: *** [CMakeFiles/my_msg_interfaces__rosidl_generator_c.dir/build.make:105: CMakeFiles/my_msg_interfaces__rosidl_generator_c.dir/rosidl_generator_c/my_msg_interfaces/msg/detail/my_parameter__functions.c.o] Error 1
gmake[1]: *** [CMakeFiles/Makefile2:213: CMakeFiles/my_msg_interfaces__rosidl_generator_c.dir/all] Error 2
gmake[1]: *** Waiting for unfinished jobs....
[ 19%] Built target ament_cmake_python_build_my_msg_interfaces_egg
[35m[1mConsolidate compiler generated dependencies of target my_msg_interfaces__rosidl_typesupport_cpp[0m
[35m[1mConsolidate compiler generated dependencies of target my_msg_interfaces__rosidl_typesupport_introspection_cpp[0m
[35m[1mConsolidate compiler generated dependencies of target my_msg_interfaces__rosidl_typesupport_fastrtps_cpp[0m
[ 22%] [32mBuilding CXX object CMakeFiles/my_msg_interfaces__rosidl_typesupport_cpp.dir/rosidl_typesupport_cpp/my_msg_interfaces/msg/my_parameter__type_support.cpp.o[0m
[ 25%] [32mBuilding CXX object CMakeFiles/my_msg_interfaces__rosidl_typesupport_introspection_cpp.dir/rosidl_typesupport_introspection_cpp/my_msg_interfaces/msg/detail/my_parameter__type_support.cpp.o[0m
[ 29%] [32mBuilding CXX object CMakeFiles/my_msg_interfaces__rosidl_typesupport_fastrtps_cpp.dir/rosidl_typesupport_fastrtps_cpp/my_msg_interfaces/msg/detail/dds_fastrtps/my_parameter__type_support.cpp.o[0m
In file included from [01m[K/root/ros2_frws/build/my_msg_interfaces/rosidl_typesupport_cpp/my_msg_interfaces/msg/my_parameter__type_support.cpp:7[m[K:
[01m[K/root/ros2_frws/build/my_msg_interfaces/rosidl_generator_cpp/my_msg_interfaces/msg/detail/my_parameter__struct.hpp:24:10:[m[K [01;31m[Kfatal error: [m[Kmy_msg_interfaces/msg/detail/float32__struct.hpp: No such file or directory
   24 | #include [01;31m[K"my_msg_interfaces/msg/detail/float32__struct.hpp"[m[K
      |          [01;31m[K^~~~~~~~~~~~~~~~~~~~~~~~~~~~~~~~~~~~~~~~~~~~~~~~~~[m[K
compilation terminated.
gmake[2]: *** [CMakeFiles/my_msg_interfaces__rosidl_typesupport_cpp.dir/build.make:86: CMakeFiles/my_msg_interfaces__rosidl_typesupport_cpp.dir/rosidl_typesupport_cpp/my_msg_interfaces/msg/my_parameter__type_support.cpp.o] Error 1
gmake[1]: *** [CMakeFiles/Makefile2:395: CMakeFiles/my_msg_interfaces__rosidl_typesupport_cpp.dir/all] Error 2
In file included from [01m[K/root/ros2_frws/build/my_msg_interfaces/rosidl_typesupport_fastrtps_cpp/my_msg_interfaces/msg/detail/my_parameter__rosidl_typesupport_fastrtps_cpp.hpp:11[m[K,
                 from [01m[K/root/ros2_frws/build/my_msg_interfaces/rosidl_typesupport_fastrtps_cpp/my_msg_interfaces/msg/detail/dds_fastrtps/my_parameter__type_support.cpp:4[m[K:
[01m[K/root/ros2_frws/build/my_msg_interfaces/rosidl_generator_cpp/my_msg_interfaces/msg/detail/my_parameter__struct.hpp:24:10:[m[K [01;31m[Kfatal error: [m[Kmy_msg_interfaces/msg/detail/float32__struct.hpp: No such file or directory
   24 | #include [01;31m[K"my_msg_interfaces/msg/detail/float32__struct.hpp"[m[K
      |          [01;31m[K^~~~~~~~~~~~~~~~~~~~~~~~~~~~~~~~~~~~~~~~~~~~~~~~~~[m[K
compilation terminated.
gmake[2]: *** [CMakeFiles/my_msg_interfaces__rosidl_typesupport_fastrtps_cpp.dir/build.make:91: CMakeFiles/my_msg_interfaces__rosidl_typesupport_fastrtps_cpp.dir/rosidl_typesupport_fastrtps_cpp/my_msg_interfaces/msg/detail/dds_fastrtps/my_parameter__type_support.cpp.o] Error 1
gmake[1]: *** [CMakeFiles/Makefile2:343: CMakeFiles/my_msg_interfaces__rosidl_typesupport_fastrtps_cpp.dir/all] Error 2
In file included from [01m[K/root/ros2_frws/build/my_msg_interfaces/rosidl_typesupport_introspection_cpp/my_msg_interfaces/msg/detail/my_parameter__type_support.cpp:12[m[K:
[01m[K/root/ros2_frws/build/my_msg_interfaces/rosidl_generator_cpp/my_msg_interfaces/msg/detail/my_parameter__struct.hpp:24:10:[m[K [01;31m[Kfatal error: [m[Kmy_msg_interfaces/msg/detail/float32__struct.hpp: No such file or directory
   24 | #include [01;31m[K"my_msg_interfaces/msg/detail/float32__struct.hpp"[m[K
      |          [01;31m[K^~~~~~~~~~~~~~~~~~~~~~~~~~~~~~~~~~~~~~~~~~~~~~~~~~[m[K
compilation terminated.
gmake[2]: *** [CMakeFiles/my_msg_interfaces__rosidl_typesupport_introspection_cpp.dir/build.make:91: CMakeFiles/my_msg_interfaces__rosidl_typesupport_introspection_cpp.dir/rosidl_typesupport_introspection_cpp/my_msg_interfaces/msg/detail/my_parameter__type_support.cpp.o] Error 1
gmake[1]: *** [CMakeFiles/Makefile2:369: CMakeFiles/my_msg_interfaces__rosidl_typesupport_introspection_cpp.dir/all] Error 2
gmake: *** [Makefile:146: all] Error 2
