[1.611s] Invoking command in '/root/ros2_frws/src/basic_comms': PYTHONPATH=/root/ros2_frws/build/basic_comms/prefix_override:/root/ros2_frws/install/basic_comms/lib/python3.10/site-packages:${PYTHONPATH} /usr/bin/python3 setup.py egg_info --egg-base ../../build/basic_comms build --build-base /root/ros2_frws/build/basic_comms/build install --record /root/ros2_frws/build/basic_comms/install.log --single-version-externally-managed
[1.816s] running egg_info
[1.828s] writing ../../build/basic_comms/basic_comms.egg-info/PKG-INFO
[1.828s] writing dependency_links to ../../build/basic_comms/basic_comms.egg-info/dependency_links.txt
[1.828s] writing entry points to ../../build/basic_comms/basic_comms.egg-info/entry_points.txt
[1.829s] writing requirements to ../../build/basic_comms/basic_comms.egg-info/requires.txt
[1.829s] writing top-level names to ../../build/basic_comms/basic_comms.egg-info/top_level.txt
[1.855s] reading manifest file '../../build/basic_comms/basic_comms.egg-info/SOURCES.txt'
[1.857s] writing manifest file '../../build/basic_comms/basic_comms.egg-info/SOURCES.txt'
[1.857s] running build
[1.857s] running build_py
[1.857s] running install
[1.857s] /root/.local/lib/python3.10/site-packages/setuptools/_distutils/cmd.py:66: SetuptoolsDeprecationWarning: setup.py install is deprecated.
[1.857s] !!
[1.857s] 
[1.857s]         ********************************************************************************
[1.857s]         Please avoid running ``setup.py`` directly.
[1.858s]         Instead, use pypa/build, pypa/installer or other
[1.858s]         standards-based tools.
[1.858s] 
[1.858s]         See https://blog.ganssle.io/articles/2021/10/setup-py-deprecated.html for details.
[1.858s]         ********************************************************************************
[1.858s] 
[1.858s] !!
[1.858s]   self.initialize_options()
[1.863s] running install_lib
[1.878s] running install_data
[1.890s] running install_egg_info
[1.903s] removing '/root/ros2_frws/install/basic_comms/lib/python3.10/site-packages/basic_comms-0.0.0-py3.10.egg-info' (and everything under it)
[1.904s] Copying ../../build/basic_comms/basic_comms.egg-info to /root/ros2_frws/install/basic_comms/lib/python3.10/site-packages/basic_comms-0.0.0-py3.10.egg-info
[1.905s] running install_scripts
[2.040s] Installing subscriber script to /root/ros2_frws/install/basic_comms/lib/basic_comms
[2.041s] Installing talker script to /root/ros2_frws/install/basic_comms/lib/basic_comms
[2.041s] writing list of installed files to '/root/ros2_frws/build/basic_comms/install.log'
[2.164s] Invoked command in '/root/ros2_frws/src/basic_comms' returned '0': PYTHONPATH=/root/ros2_frws/build/basic_comms/prefix_override:/root/ros2_frws/install/basic_comms/lib/python3.10/site-packages:${PYTHONPATH} /usr/bin/python3 setup.py egg_info --egg-base ../../build/basic_comms build --build-base /root/ros2_frws/build/basic_comms/build install --record /root/ros2_frws/build/basic_comms/install.log --single-version-externally-managed
