[1.010s] Invoking command in '/root/ros2_frws/build/realsense_gazebo_plugin': CMAKE_PREFIX_PATH=${CMAKE_PREFIX_PATH}:/root/ros2_frws/install/challenge_2:/root/ros2_frws/install/moveit_configs_utils:/root/ros2_frws/install/course_works:/root/ros2_frws/install/basic_comms_params:/root/ros2_frws/install/basic_comms_param:/root/ros2_frws/install/basic_comms:/opt/ros/humble /usr/bin/cmake /root/ros2_frws/src/xarm_ros2/thirdparty/realsense_gazebo_plugin -DCMAKE_INSTALL_PREFIX=/root/ros2_frws/install/realsense_gazebo_plugin
[1.029s] -- Found ament_cmake: 1.3.8 (/opt/ros/humble/share/ament_cmake/cmake)
[1.176s] -- Override CMake install command with custom implementation using symlinks instead of copying resources
[1.187s] -- Found rclcpp: 16.0.8 (/opt/ros/humble/share/rclcpp/cmake)
[1.221s] -- Found rosidl_generator_c: 3.1.5 (/opt/ros/humble/share/rosidl_generator_c/cmake)
[1.224s] -- Found rosidl_adapter: 3.1.5 (/opt/ros/humble/share/rosidl_adapter/cmake)
[1.232s] -- Found rosidl_generator_cpp: 3.1.5 (/opt/ros/humble/share/rosidl_generator_cpp/cmake)
[1.248s] -- Using all available rosidl_typesupport_c: rosidl_typesupport_fastrtps_c;rosidl_typesupport_introspection_c
[1.260s] -- Using all available rosidl_typesupport_cpp: rosidl_typesupport_fastrtps_cpp;rosidl_typesupport_introspection_cpp
[1.315s] -- Found rmw_implementation_cmake: 6.1.1 (/opt/ros/humble/share/rmw_implementation_cmake/cmake)
[1.319s] -- Found rmw_cyclonedds_cpp: 1.3.4 (/opt/ros/humble/share/rmw_cyclonedds_cpp/cmake)
[1.354s] -- Using RMW implementation 'rmw_cyclonedds_cpp' as default
[1.528s] -- Found gazebo_ros: 3.7.0 (/opt/ros/humble/share/gazebo_ros/cmake)
[1.561s] -- Found DART: /usr/include (Required is at least version "6.6") found components: dart 
[1.590s] -- Found Protobuf: /usr/lib/x86_64-linux-gnu/libprotobuf.so (found version "3.12.4") 
[1.591s] -- Looking for ignition-math6 -- found version 6.15.1
[1.596s] -- Searching for dependencies of ignition-math6
[1.597s] -- Looking for OGRE...
[1.603s] -- Found Ogre Ghadamon (1.9.0)
[1.604s] -- Found OGRE: optimized;/usr/lib/x86_64-linux-gnu/libOgreMain.so;debug;/usr/lib/x86_64-linux-gnu/libOgreMain.so
[1.615s] -- Looking for OGRE_Paging...
[1.616s] -- Found OGRE_Paging: optimized;/usr/lib/x86_64-linux-gnu/libOgrePaging.so;debug;/usr/lib/x86_64-linux-gnu/libOgrePaging.so
[1.616s] -- Looking for OGRE_Terrain...
[1.616s] -- Found OGRE_Terrain: optimized;/usr/lib/x86_64-linux-gnu/libOgreTerrain.so;debug;/usr/lib/x86_64-linux-gnu/libOgreTerrain.so
[1.617s] -- Looking for OGRE_Property...
[1.617s] -- Found OGRE_Property: optimized;/usr/lib/x86_64-linux-gnu/libOgreProperty.so;debug;/usr/lib/x86_64-linux-gnu/libOgreProperty.so
[1.617s] -- Looking for OGRE_RTShaderSystem...
[1.617s] -- Found OGRE_RTShaderSystem: optimized;/usr/lib/x86_64-linux-gnu/libOgreRTShaderSystem.so;debug;/usr/lib/x86_64-linux-gnu/libOgreRTShaderSystem.so
[1.617s] -- Looking for OGRE_Volume...
[1.618s] -- Found OGRE_Volume: optimized;/usr/lib/x86_64-linux-gnu/libOgreVolume.so;debug;/usr/lib/x86_64-linux-gnu/libOgreVolume.so
[1.618s] -- Looking for OGRE_Overlay...
[1.618s] -- Found OGRE_Overlay: optimized;/usr/lib/x86_64-linux-gnu/libOgreOverlay.so;debug;/usr/lib/x86_64-linux-gnu/libOgreOverlay.so
[1.789s] -- Looking for ignition-math6 -- found version 6.15.1
[1.790s] -- Looking for ignition-transport8 -- found version 8.2.1
[1.790s] -- Searching for dependencies of ignition-transport8
[1.820s] -- Found Protobuf: /usr/lib/x86_64-linux-gnu/libprotobuf.so (found suitable version "3.12.4", minimum required is "3") 
[1.838s] -- Config-file not installed for ZeroMQ -- checking for pkg-config
[1.843s] -- Checking for module 'libzmq >= 4'
[1.859s] --   Found libzmq , version 4.3.4
[1.900s] -- Checking for module 'uuid'
[1.914s] --   Found uuid, version 2.37.2
[1.948s] -- Looking for ignition-msgs5 -- found version 5.8.1
[1.948s] -- Searching for dependencies of ignition-msgs5
[1.975s] -- Looking for ignition-math6 -- found version 6.15.1
[1.980s] -- Checking for module 'tinyxml2'
[1.996s] --   Found tinyxml2, version 9.0.0
[2.027s] -- Looking for ignition-msgs5 -- found version 5.8.1
[2.027s] -- Looking for ignition-common3 -- found version 3.14.0
[2.028s] -- Searching for dependencies of ignition-common3
[2.028s] -- Looking for dlfcn.h - found
[2.028s] -- Looking for libdl - found
[2.040s] -- Searching for <ignition-common3> component [graphics]
[2.040s] -- Looking for ignition-common3-graphics -- found version 3.14.0
[2.041s] -- Searching for dependencies of ignition-common3-graphics
[2.041s] -- Looking for ignition-math6 -- found version 6.15.1
[2.042s] -- Looking for ignition-fuel_tools4 -- found version 4.4.0
[2.042s] -- Searching for dependencies of ignition-fuel_tools4
[2.087s] -- Checking for module 'jsoncpp'
[2.102s] --   Found jsoncpp, version 1.9.5
[2.140s] -- Checking for module 'libzip'
[2.154s] --   Found libzip, version 1.7.3
[2.183s] -- Looking for ignition-common3 -- found version 3.14.0
[2.184s] -- Looking for ignition-math6 -- found version 6.15.1
[2.184s] -- Looking for ignition-msgs5 -- found version 5.8.1
[2.185s] -- Gazebo version: 11.10
[2.189s] -- Found image_transport: 3.1.8 (/opt/ros/humble/share/image_transport/cmake)
[2.351s] -- Found camera_info_manager: 3.1.8 (/opt/ros/humble/share/camera_info_manager/cmake)
[2.408s] -- Found ament_lint_auto: 0.12.10 (/opt/ros/humble/share/ament_lint_auto/cmake)
[2.481s] -- Configuring done
[2.512s] -- Generating done
[2.515s] -- Build files have been written to: /root/ros2_frws/build/realsense_gazebo_plugin
